time,elapsed_seconds,message
10:41:07,5.57e-05,PEST++ performance logger started
10:41:07,0.0008506,starting to process control file
10:41:07,0.0099961,finished processing control file
10:41:07,0.0052007,starting basic model IO error checking
10:41:07,0.0010486,finished basic model IO error checking
10:41:07,0.0001861,loading parcov
10:41:07,0.0018682,beginning iteration 1
10:41:07,9.06e-05,commencing to build jacobian parameter sets
10:41:07,0.0017949,jacobian parameter sets built, commencing model runs
10:55:40,873.588,jacobian runs complete, processing runs
10:55:40,0.0004596,processing jacobian runs complete
10:55:40,2.2e-05,saving jacobian and sen files
10:55:40,0.0016604,commencing calculation of upgrade vector
10:55:40,0.0004456,forming JtQJ matrix
10:55:40,7.99e-05,commencing to scale JtQJ matrix- first SVD...
10:55:40,1.45e-05,starting REDSVD
10:55:40,7.01e-05,retrieving REDSVD components
10:55:40,1.33e-05,trimming REDSVD components to 8elements
10:55:40,9.9e-06,done REDSVD
10:55:40,2.32e-05,S info: rows = 10: cols = 10: size = 100: nonzeros = 10
10:55:40,5.9e-06,JS
10:55:40,2.91e-05,JS.transpose() * q_mat * JS + lambda * S.transpose() * S
10:55:40,6.65e-05,S info: rows = 10: cols = 10: size = 100: nonzeros = 10
10:55:40,6.7e-06,commencing SVD factorization of lambda-scaled JtQJ
10:55:40,6.5e-06,starting REDSVD
10:55:40,3.11e-05,retrieving REDSVD components
10:55:40,8.7e-06,trimming REDSVD components to 8elements
10:55:40,7e-06,done REDSVD
10:55:40,5.6e-06,SVD factorization complete
10:55:40,0.0003031,commencing linear algebra multiplication to compute upgrade
10:55:40,1e-05,S info: rows = 10: cols = 10: size = 100: nonzeros = 10Vt info: rows = 8: cols = 10: size = 80: nonzeros = 80
10:55:40,7.2e-06,U info: rows = 10: cols = 8: size = 80: nonzeros = 80
10:55:40,6.3e-06,jac info: rows = 156: cols = 10: size = 1560: nonzeros = 1438
10:55:40,8.07e-05,linear algebra multiplication to compute upgrade complete
10:55:40,2.71e-05,commencing check of parameter bounds and gradients
10:55:40,0.000812,beginning upgrade vector calculations, lambda = 0.1
10:55:40,9.56e-05,commencing calculation of upgrade vector
10:55:40,0.0003448,forming JtQJ matrix
10:55:40,7.19e-05,commencing to scale JtQJ matrix- first SVD...
10:55:40,7e-06,starting REDSVD
10:55:40,3.83e-05,retrieving REDSVD components
10:55:40,1.23e-05,trimming REDSVD components to 8elements
10:55:40,7.9e-06,done REDSVD
10:55:40,1.45e-05,S info: rows = 10: cols = 10: size = 100: nonzeros = 10
10:55:40,4.8e-06,JS
10:55:40,2.83e-05,JS.transpose() * q_mat * JS + lambda * S.transpose() * S
10:55:40,6.64e-05,S info: rows = 10: cols = 10: size = 100: nonzeros = 10
10:55:40,6.5e-06,commencing SVD factorization of lambda-scaled JtQJ
10:55:40,4.9e-06,starting REDSVD
10:55:40,3.24e-05,retrieving REDSVD components
10:55:40,8.9e-06,trimming REDSVD components to 9elements
10:55:40,9.2e-06,done REDSVD
10:55:40,5.8e-06,SVD factorization complete
10:55:40,0.0001255,commencing linear algebra multiplication to compute upgrade
10:55:40,6.6e-06,S info: rows = 10: cols = 10: size = 100: nonzeros = 10Vt info: rows = 9: cols = 10: size = 90: nonzeros = 90
10:55:40,6.2e-06,U info: rows = 10: cols = 9: size = 90: nonzeros = 90
10:55:40,6e-06,jac info: rows = 156: cols = 10: size = 1560: nonzeros = 1438
10:55:40,5.88e-05,linear algebra multiplication to compute upgrade complete
10:55:40,1.92e-05,commencing check of parameter bounds and gradients
10:55:40,8.3e-06,commencing calculation of upgrade vector
10:55:40,0.0003161,forming JtQJ matrix
10:55:40,6.07e-05,commencing to scale JtQJ matrix- first SVD...
10:55:40,6.6e-06,starting REDSVD
10:55:40,2.76e-05,retrieving REDSVD components
10:55:40,8.7e-06,trimming REDSVD components to 8elements
10:55:40,7.9e-06,done REDSVD
10:55:40,4.41e-05,S info: rows = 10: cols = 10: size = 100: nonzeros = 10
10:55:40,6.6e-06,JS
10:55:40,3.06e-05,JS.transpose() * q_mat * JS + lambda * S.transpose() * S
10:55:40,6.73e-05,S info: rows = 10: cols = 10: size = 100: nonzeros = 10
10:55:40,6.8e-06,commencing SVD factorization of lambda-scaled JtQJ
10:55:40,3.92e-05,starting REDSVD
10:55:40,4.05e-05,retrieving REDSVD components
10:55:40,1.08e-05,trimming REDSVD components to 9elements
10:55:40,8.3e-06,done REDSVD
10:55:40,5.3e-06,SVD factorization complete
10:55:40,0.0001576,commencing linear algebra multiplication to compute upgrade
10:55:40,9.1e-06,S info: rows = 10: cols = 10: size = 100: nonzeros = 10Vt info: rows = 9: cols = 10: size = 90: nonzeros = 90
10:55:40,6.9e-06,U info: rows = 10: cols = 9: size = 90: nonzeros = 90
10:55:40,6.4e-06,jac info: rows = 156: cols = 10: size = 1560: nonzeros = 1438
10:55:40,6.59e-05,linear algebra multiplication to compute upgrade complete
10:55:40,1.86e-05,commencing check of parameter bounds
10:55:40,6.7e-06,limiting out of bounds pars
10:55:40,1.49e-05,change limit/bound enforcement for lambda 0.1: , scaling factor: 1
10:55:40,5.5e-06,checking for denormal floating point values
10:55:40,5.6e-06,transforming upgrade pars to model pars
10:55:40,5.5e-06,writing upgrade vector to csv file
10:55:40,0.0003541,beginning upgrade vector calculations, lambda = 1
10:55:40,9.09e-05,commencing calculation of upgrade vector
10:55:40,0.0004702,forming JtQJ matrix
10:55:40,0.0001084,commencing to scale JtQJ matrix- first SVD...
10:55:40,1.39e-05,starting REDSVD
10:55:40,4.78e-05,retrieving REDSVD components
10:55:40,1.59e-05,trimming REDSVD components to 8elements
10:55:40,1.28e-05,done REDSVD
10:55:40,2.19e-05,S info: rows = 10: cols = 10: size = 100: nonzeros = 10
10:55:40,7.7e-06,JS
10:55:40,4.07e-05,JS.transpose() * q_mat * JS + lambda * S.transpose() * S
10:55:40,8.71e-05,S info: rows = 10: cols = 10: size = 100: nonzeros = 10
10:55:40,1.12e-05,commencing SVD factorization of lambda-scaled JtQJ
10:55:40,8.3e-06,starting REDSVD
10:55:40,4.8e-05,retrieving REDSVD components
10:55:40,1.58e-05,trimming REDSVD components to 9elements
10:55:40,1.6e-05,done REDSVD
10:55:40,1.07e-05,SVD factorization complete
10:55:40,0.0002119,commencing linear algebra multiplication to compute upgrade
10:55:40,1.14e-05,S info: rows = 10: cols = 10: size = 100: nonzeros = 10Vt info: rows = 9: cols = 10: size = 90: nonzeros = 90
10:55:40,1.01e-05,U info: rows = 10: cols = 9: size = 90: nonzeros = 90
10:55:40,9.6e-06,jac info: rows = 156: cols = 10: size = 1560: nonzeros = 1438
10:55:40,7.49e-05,linear algebra multiplication to compute upgrade complete
10:55:40,4.76e-05,commencing check of parameter bounds and gradients
10:55:40,1.72e-05,commencing calculation of upgrade vector
10:55:40,0.0004765,forming JtQJ matrix
10:55:40,0.0001091,commencing to scale JtQJ matrix- first SVD...
10:55:40,1.31e-05,starting REDSVD
10:55:40,4.47e-05,retrieving REDSVD components
10:55:40,1.84e-05,trimming REDSVD components to 8elements
10:55:40,1.41e-05,done REDSVD
10:55:40,2.23e-05,S info: rows = 10: cols = 10: size = 100: nonzeros = 10
10:55:40,9.5e-06,JS
10:55:40,4.19e-05,JS.transpose() * q_mat * JS + lambda * S.transpose() * S
10:55:40,9.25e-05,S info: rows = 10: cols = 10: size = 100: nonzeros = 10
10:55:40,1.39e-05,commencing SVD factorization of lambda-scaled JtQJ
10:55:40,9.2e-06,starting REDSVD
10:55:40,5.19e-05,retrieving REDSVD components
10:55:40,1.94e-05,trimming REDSVD components to 9elements
10:55:40,1.5e-05,done REDSVD
10:55:40,9.6e-06,SVD factorization complete
10:55:40,0.0002694,commencing linear algebra multiplication to compute upgrade
10:55:40,4.57e-05,S info: rows = 10: cols = 10: size = 100: nonzeros = 10Vt info: rows = 9: cols = 10: size = 90: nonzeros = 90
10:55:40,1.28e-05,U info: rows = 10: cols = 9: size = 90: nonzeros = 90
10:55:40,1.09e-05,jac info: rows = 156: cols = 10: size = 1560: nonzeros = 1438
10:55:40,7.28e-05,linear algebra multiplication to compute upgrade complete
10:55:40,5.92e-05,commencing check of parameter bounds
10:55:40,1.79e-05,limiting out of bounds pars
10:55:40,1.19e-05,change limit/bound enforcement for lambda 1: , scaling factor: 1
10:55:40,5.5e-06,checking for denormal floating point values
10:55:40,5.7e-06,transforming upgrade pars to model pars
10:55:40,3.65e-05,writing upgrade vector to csv file
10:55:40,0.0004726,beginning upgrade vector calculations, lambda = 10
10:55:40,0.0009656,commencing calculation of upgrade vector
10:55:40,0.0003802,forming JtQJ matrix
10:55:40,6.83e-05,commencing to scale JtQJ matrix- first SVD...
10:55:40,7.8e-06,starting REDSVD
10:55:40,5e-05,retrieving REDSVD components
10:55:40,1.08e-05,trimming REDSVD components to 8elements
10:55:40,8.3e-06,done REDSVD
10:55:40,1.91e-05,S info: rows = 10: cols = 10: size = 100: nonzeros = 10
10:55:40,4.9e-06,JS
10:55:40,3.16e-05,JS.transpose() * q_mat * JS + lambda * S.transpose() * S
10:55:40,9.59e-05,S info: rows = 10: cols = 10: size = 100: nonzeros = 10
10:55:40,1.16e-05,commencing SVD factorization of lambda-scaled JtQJ
10:55:40,8.3e-06,starting REDSVD
10:55:40,4.84e-05,retrieving REDSVD components
10:55:40,1.95e-05,trimming REDSVD components to 9elements
10:55:40,1.75e-05,done REDSVD
10:55:40,8.6e-06,SVD factorization complete
10:55:40,0.0001276,commencing linear algebra multiplication to compute upgrade
10:55:40,6.5e-06,S info: rows = 10: cols = 10: size = 100: nonzeros = 10Vt info: rows = 9: cols = 10: size = 90: nonzeros = 90
10:55:40,6.6e-06,U info: rows = 10: cols = 9: size = 90: nonzeros = 90
10:55:40,5.9e-06,jac info: rows = 156: cols = 10: size = 1560: nonzeros = 1438
10:55:40,6.15e-05,linear algebra multiplication to compute upgrade complete
10:55:40,1.97e-05,commencing check of parameter bounds and gradients
10:55:40,7.9e-06,commencing calculation of upgrade vector
10:55:40,0.0003063,forming JtQJ matrix
10:55:40,5.53e-05,commencing to scale JtQJ matrix- first SVD...
10:55:40,6.2e-06,starting REDSVD
10:55:40,2.91e-05,retrieving REDSVD components
10:55:40,8.7e-06,trimming REDSVD components to 8elements
10:55:40,7.8e-06,done REDSVD
10:55:40,1.36e-05,S info: rows = 10: cols = 10: size = 100: nonzeros = 10
10:55:40,5.1e-06,JS
10:55:40,2.85e-05,JS.transpose() * q_mat * JS + lambda * S.transpose() * S
10:55:40,6.2e-05,S info: rows = 10: cols = 10: size = 100: nonzeros = 10
10:55:40,6.7e-06,commencing SVD factorization of lambda-scaled JtQJ
10:55:40,4.9e-06,starting REDSVD
10:55:40,3.32e-05,retrieving REDSVD components
10:55:40,9.5e-06,trimming REDSVD components to 9elements
10:55:40,7.9e-06,done REDSVD
10:55:40,5.3e-06,SVD factorization complete
10:55:40,0.000161,commencing linear algebra multiplication to compute upgrade
10:55:40,1.28e-05,S info: rows = 10: cols = 10: size = 100: nonzeros = 10Vt info: rows = 9: cols = 10: size = 90: nonzeros = 90
10:55:40,7.5e-06,U info: rows = 10: cols = 9: size = 90: nonzeros = 90
10:55:40,6.4e-06,jac info: rows = 156: cols = 10: size = 1560: nonzeros = 1438
10:55:40,6.44e-05,linear algebra multiplication to compute upgrade complete
10:55:40,1.9e-05,commencing check of parameter bounds
10:55:40,7e-06,limiting out of bounds pars
10:55:40,9.6e-06,change limit/bound enforcement for lambda 10: , scaling factor: 1
10:55:40,5.2e-06,checking for denormal floating point values
10:55:40,5.5e-06,transforming upgrade pars to model pars
10:55:40,5.7e-06,writing upgrade vector to csv file
10:55:40,0.0002862,beginning upgrade vector calculations, lambda = 100
10:55:40,7.45e-05,commencing calculation of upgrade vector
10:55:40,0.0003308,forming JtQJ matrix
10:55:40,5.86e-05,commencing to scale JtQJ matrix- first SVD...
10:55:40,7.2e-06,starting REDSVD
10:55:40,3.11e-05,retrieving REDSVD components
10:55:40,9.9e-06,trimming REDSVD components to 8elements
10:55:40,7.9e-06,done REDSVD
10:55:40,1.43e-05,S info: rows = 10: cols = 10: size = 100: nonzeros = 10
10:55:40,4.9e-06,JS
10:55:40,2.85e-05,JS.transpose() * q_mat * JS + lambda * S.transpose() * S
10:55:40,6.07e-05,S info: rows = 10: cols = 10: size = 100: nonzeros = 10
10:55:40,6.3e-06,commencing SVD factorization of lambda-scaled JtQJ
10:55:40,4.7e-06,starting REDSVD
10:55:40,3.36e-05,retrieving REDSVD components
10:55:40,9.1e-06,trimming REDSVD components to 9elements
10:55:40,8.6e-06,done REDSVD
10:55:40,5.7e-06,SVD factorization complete
10:55:40,0.0001252,commencing linear algebra multiplication to compute upgrade
10:55:40,7.9e-06,S info: rows = 10: cols = 10: size = 100: nonzeros = 10Vt info: rows = 9: cols = 10: size = 90: nonzeros = 90
10:55:40,6.1e-06,U info: rows = 10: cols = 9: size = 90: nonzeros = 90
10:55:40,5.8e-06,jac info: rows = 156: cols = 10: size = 1560: nonzeros = 1438
10:55:40,6.18e-05,linear algebra multiplication to compute upgrade complete
10:55:40,1.88e-05,commencing check of parameter bounds and gradients
10:55:40,7.6e-06,commencing calculation of upgrade vector
10:55:40,0.0003089,forming JtQJ matrix
10:55:40,7.09e-05,commencing to scale JtQJ matrix- first SVD...
10:55:40,6.5e-06,starting REDSVD
10:55:40,2.77e-05,retrieving REDSVD components
10:55:40,8.4e-06,trimming REDSVD components to 8elements
10:55:40,7.9e-06,done REDSVD
10:55:40,1.37e-05,S info: rows = 10: cols = 10: size = 100: nonzeros = 10
10:55:40,5.1e-06,JS
10:55:40,2.99e-05,JS.transpose() * q_mat * JS + lambda * S.transpose() * S
10:55:40,6.02e-05,S info: rows = 10: cols = 10: size = 100: nonzeros = 10
10:55:40,6.5e-06,commencing SVD factorization of lambda-scaled JtQJ
10:55:40,5.2e-06,starting REDSVD
10:55:40,3.37e-05,retrieving REDSVD components
10:55:40,9.4e-06,trimming REDSVD components to 9elements
10:55:40,7.8e-06,done REDSVD
10:55:40,5.3e-06,SVD factorization complete
10:55:40,0.0001199,commencing linear algebra multiplication to compute upgrade
10:55:40,6.6e-06,S info: rows = 10: cols = 10: size = 100: nonzeros = 10Vt info: rows = 9: cols = 10: size = 90: nonzeros = 90
10:55:40,6.3e-06,U info: rows = 10: cols = 9: size = 90: nonzeros = 90
10:55:40,6e-06,jac info: rows = 156: cols = 10: size = 1560: nonzeros = 1438
10:55:40,4.78e-05,linear algebra multiplication to compute upgrade complete
10:55:40,2.65e-05,commencing check of parameter bounds
10:55:40,7e-06,limiting out of bounds pars
10:55:40,9.5e-06,change limit/bound enforcement for lambda 100: , scaling factor: 1
10:55:40,5.4e-06,checking for denormal floating point values
10:55:40,5.4e-06,transforming upgrade pars to model pars
10:55:40,5.4e-06,writing upgrade vector to csv file
10:55:40,0.0003241,beginning upgrade vector calculations, lambda = 1000
10:55:40,6.73e-05,commencing calculation of upgrade vector
10:55:40,0.0003095,forming JtQJ matrix
10:55:40,5.76e-05,commencing to scale JtQJ matrix- first SVD...
10:55:40,6.3e-06,starting REDSVD
10:55:40,2.89e-05,retrieving REDSVD components
10:55:40,8.6e-06,trimming REDSVD components to 8elements
10:55:40,7.3e-06,done REDSVD
10:55:40,1.34e-05,S info: rows = 10: cols = 10: size = 100: nonzeros = 10
10:55:40,4.7e-06,JS
10:55:40,3.09e-05,JS.transpose() * q_mat * JS + lambda * S.transpose() * S
10:55:40,5.58e-05,S info: rows = 10: cols = 10: size = 100: nonzeros = 10
10:55:40,6.2e-06,commencing SVD factorization of lambda-scaled JtQJ
10:55:40,4.8e-06,starting REDSVD
10:55:40,3.27e-05,retrieving REDSVD components
10:55:40,8.5e-06,trimming REDSVD components to 9elements
10:55:40,8.6e-06,done REDSVD
10:55:40,5.6e-06,SVD factorization complete
10:55:40,0.0001568,commencing linear algebra multiplication to compute upgrade
10:55:40,7.6e-06,S info: rows = 10: cols = 10: size = 100: nonzeros = 10Vt info: rows = 9: cols = 10: size = 90: nonzeros = 90
10:55:40,6.1e-06,U info: rows = 10: cols = 9: size = 90: nonzeros = 90
10:55:40,5.7e-06,jac info: rows = 156: cols = 10: size = 1560: nonzeros = 1438
10:55:40,5.81e-05,linear algebra multiplication to compute upgrade complete
10:55:40,1.79e-05,commencing check of parameter bounds and gradients
10:55:40,7.3e-06,commencing calculation of upgrade vector
10:55:40,0.0002918,forming JtQJ matrix
10:55:40,5.32e-05,commencing to scale JtQJ matrix- first SVD...
10:55:40,6.5e-06,starting REDSVD
10:55:40,2.88e-05,retrieving REDSVD components
10:55:40,8.5e-06,trimming REDSVD components to 8elements
10:55:40,7.9e-06,done REDSVD
10:55:40,1.38e-05,S info: rows = 10: cols = 10: size = 100: nonzeros = 10
10:55:40,5.2e-06,JS
10:55:40,2.85e-05,JS.transpose() * q_mat * JS + lambda * S.transpose() * S
10:55:40,8.97e-05,S info: rows = 10: cols = 10: size = 100: nonzeros = 10
10:55:40,1.07e-05,commencing SVD factorization of lambda-scaled JtQJ
10:55:40,5.4e-06,starting REDSVD
10:55:40,3.57e-05,retrieving REDSVD components
10:55:40,9.5e-06,trimming REDSVD components to 9elements
10:55:40,8e-06,done REDSVD
10:55:40,5.4e-06,SVD factorization complete
10:55:40,0.0001202,commencing linear algebra multiplication to compute upgrade
10:55:40,6.7e-06,S info: rows = 10: cols = 10: size = 100: nonzeros = 10Vt info: rows = 9: cols = 10: size = 90: nonzeros = 90
10:55:40,6.4e-06,U info: rows = 10: cols = 9: size = 90: nonzeros = 90
10:55:40,6.2e-06,jac info: rows = 156: cols = 10: size = 1560: nonzeros = 1438
10:55:40,6.05e-05,linear algebra multiplication to compute upgrade complete
10:55:40,1.64e-05,commencing check of parameter bounds
10:55:40,6.4e-06,limiting out of bounds pars
10:55:40,9.1e-06,change limit/bound enforcement for lambda 1000: , scaling factor: 1
10:55:40,4.9e-06,checking for denormal floating point values
10:55:40,5.2e-06,transforming upgrade pars to model pars
10:55:40,5.3e-06,writing upgrade vector to csv file
10:55:40,0.0007344,LinearAnalysis::glm_iter_fosm
10:55:40,0.0001107,starting FOSM uncertainty analyses for iteration 0
10:55:40,0.0016885,loading obscov
10:55:40,4.12e-05,loading parcov
10:55:40,3.37e-05,set_predictions
10:55:40,3.81e-05,parameter fosm calcs
10:55:40,9.1e-06,LinearAnalysis::calc_posterior
10:55:40,5.5e-06,LinearAnalysis::align
10:55:40,0.0001446,LinearAnalysis::prior_prediction_variance()::invert obscov
10:55:40,1.26e-05,inverting diagonal matrix in place
10:55:40,1.34e-05,LinearAnalysis::calc_posterior() form JtQJ
10:55:40,9.09e-05,LinearAnalysis::calc_posterior() invert prior parcov
10:55:40,2.11e-05,LinearAnalysis::calc_posterior() form posterior parcov
10:55:40,1e-05,LinearAnalysis::calc_posterior() invert posterior parcov
10:55:40,5.1e-06,inverting non-diagonal matrix in place
11:22:14,1593.97,completed iteration 1
11:22:14,0.0155978,beginning iteration 2
11:22:14,0.0001517,commencing to build jacobian parameter sets
11:22:14,0.0029584,jacobian parameter sets built, commencing model runs
11:35:39,804.287,jacobian runs complete, processing runs
11:35:39,0.0004117,processing jacobian runs complete
11:35:39,1.45e-05,saving jacobian and sen files
11:35:39,0.0015748,commencing calculation of upgrade vector
11:35:39,0.0003417,forming JtQJ matrix
11:35:39,8.11e-05,commencing to scale JtQJ matrix- first SVD...
11:35:39,9.2e-06,starting REDSVD
11:35:39,3.84e-05,retrieving REDSVD components
11:35:39,1e-05,trimming REDSVD components to 8elements
11:35:39,7.9e-06,done REDSVD
11:35:39,1.53e-05,S info: rows = 10: cols = 10: size = 100: nonzeros = 10
11:35:39,5e-06,JS
11:35:39,3.14e-05,JS.transpose() * q_mat * JS + lambda * S.transpose() * S
11:35:39,6.18e-05,S info: rows = 10: cols = 10: size = 100: nonzeros = 10
11:35:39,6.2e-06,commencing SVD factorization of lambda-scaled JtQJ
11:35:39,5e-06,starting REDSVD
11:35:39,3.27e-05,retrieving REDSVD components
11:35:39,9.1e-06,trimming REDSVD components to 8elements
11:35:39,6.8e-06,done REDSVD
11:35:39,5.2e-06,SVD factorization complete
11:35:39,0.0001222,commencing linear algebra multiplication to compute upgrade
11:35:39,6.9e-06,S info: rows = 10: cols = 10: size = 100: nonzeros = 10Vt info: rows = 8: cols = 10: size = 80: nonzeros = 80
11:35:39,6.3e-06,U info: rows = 10: cols = 8: size = 80: nonzeros = 80
11:35:39,5.9e-06,jac info: rows = 156: cols = 10: size = 1560: nonzeros = 1449
11:35:39,5.32e-05,linear algebra multiplication to compute upgrade complete
11:35:39,1.66e-05,commencing check of parameter bounds and gradients
11:35:39,0.0008993,beginning upgrade vector calculations, lambda = 0.1
11:35:39,0.0001061,commencing calculation of upgrade vector
11:35:39,0.0004977,forming JtQJ matrix
11:35:39,9.94e-05,commencing to scale JtQJ matrix- first SVD...
11:35:39,1.32e-05,starting REDSVD
11:35:39,4.95e-05,retrieving REDSVD components
11:35:39,2.1e-05,trimming REDSVD components to 8elements
11:35:39,1.56e-05,done REDSVD
11:35:39,2.46e-05,S info: rows = 10: cols = 10: size = 100: nonzeros = 10
11:35:39,9.7e-06,JS
11:35:39,5.56e-05,JS.transpose() * q_mat * JS + lambda * S.transpose() * S
11:35:39,7.74e-05,S info: rows = 10: cols = 10: size = 100: nonzeros = 10
11:35:39,9.3e-06,commencing SVD factorization of lambda-scaled JtQJ
11:35:39,1.01e-05,starting REDSVD
11:35:39,3.94e-05,retrieving REDSVD components
11:35:39,1.26e-05,trimming REDSVD components to 10elements
11:35:39,1.11e-05,done REDSVD
11:35:39,8.7e-06,SVD factorization complete
11:35:39,0.0001352,commencing linear algebra multiplication to compute upgrade
11:35:39,6.6e-06,S info: rows = 10: cols = 10: size = 100: nonzeros = 10Vt info: rows = 10: cols = 10: size = 100: nonzeros = 100
11:35:39,6e-06,U info: rows = 10: cols = 10: size = 100: nonzeros = 100
11:35:39,5.8e-06,jac info: rows = 156: cols = 10: size = 1560: nonzeros = 1449
11:35:39,5.25e-05,linear algebra multiplication to compute upgrade complete
11:35:39,2.7e-05,commencing check of parameter bounds and gradients
11:35:39,9.8e-06,commencing calculation of upgrade vector
11:35:39,0.0003006,forming JtQJ matrix
11:35:39,5.67e-05,commencing to scale JtQJ matrix- first SVD...
11:35:39,6.4e-06,starting REDSVD
11:35:39,2.69e-05,retrieving REDSVD components
11:35:39,8.5e-06,trimming REDSVD components to 8elements
11:35:39,7.6e-06,done REDSVD
11:35:39,1.34e-05,S info: rows = 10: cols = 10: size = 100: nonzeros = 10
11:35:39,5.2e-06,JS
11:35:39,3.62e-05,JS.transpose() * q_mat * JS + lambda * S.transpose() * S
11:35:39,6.08e-05,S info: rows = 10: cols = 10: size = 100: nonzeros = 10
11:35:39,6.8e-06,commencing SVD factorization of lambda-scaled JtQJ
11:35:39,1.59e-05,starting REDSVD
11:35:39,3.41e-05,retrieving REDSVD components
11:35:39,8.8e-06,trimming REDSVD components to 10elements
11:35:39,7.5e-06,done REDSVD
11:35:39,5.2e-06,SVD factorization complete
11:35:39,0.000133,commencing linear algebra multiplication to compute upgrade
11:35:39,7e-06,S info: rows = 10: cols = 10: size = 100: nonzeros = 10Vt info: rows = 10: cols = 10: size = 100: nonzeros = 100
11:35:39,6.3e-06,U info: rows = 10: cols = 10: size = 100: nonzeros = 100
11:35:39,6.1e-06,jac info: rows = 156: cols = 10: size = 1560: nonzeros = 1449
11:35:39,5.3e-05,linear algebra multiplication to compute upgrade complete
11:35:39,4.33e-05,commencing check of parameter bounds
11:35:39,1.38e-05,limiting out of bounds pars
11:35:39,1.68e-05,change limit/bound enforcement for lambda 0.1: , scaling factor: 1
11:35:39,8.9e-06,checking for denormal floating point values
11:35:39,1e-05,transforming upgrade pars to model pars
11:35:39,9.8e-06,writing upgrade vector to csv file
11:35:39,0.0010112,beginning upgrade vector calculations, lambda = 1
11:35:39,0.0006679,commencing calculation of upgrade vector
11:35:39,0.0003873,forming JtQJ matrix
11:35:39,7.1e-05,commencing to scale JtQJ matrix- first SVD...
11:35:39,8.3e-06,starting REDSVD
11:35:39,3.65e-05,retrieving REDSVD components
11:35:39,1.12e-05,trimming REDSVD components to 8elements
11:35:39,7.6e-06,done REDSVD
11:35:39,1.59e-05,S info: rows = 10: cols = 10: size = 100: nonzeros = 10
11:35:39,4.8e-06,JS
11:35:39,3.4e-05,JS.transpose() * q_mat * JS + lambda * S.transpose() * S
11:35:39,6.89e-05,S info: rows = 10: cols = 10: size = 100: nonzeros = 10
11:35:39,6.4e-06,commencing SVD factorization of lambda-scaled JtQJ
11:35:39,5.3e-06,starting REDSVD
11:35:39,3.27e-05,retrieving REDSVD components
11:35:39,8.5e-06,trimming REDSVD components to 10elements
11:35:39,8.2e-06,done REDSVD
11:35:39,5.6e-06,SVD factorization complete
11:35:39,0.0001364,commencing linear algebra multiplication to compute upgrade
11:35:39,6.5e-06,S info: rows = 10: cols = 10: size = 100: nonzeros = 10Vt info: rows = 10: cols = 10: size = 100: nonzeros = 100
11:35:39,6e-06,U info: rows = 10: cols = 10: size = 100: nonzeros = 100
11:35:39,6.3e-06,jac info: rows = 156: cols = 10: size = 1560: nonzeros = 1449
11:35:39,5.34e-05,linear algebra multiplication to compute upgrade complete
11:35:39,2.69e-05,commencing check of parameter bounds and gradients
11:35:39,8.8e-06,commencing calculation of upgrade vector
11:35:39,0.0003398,forming JtQJ matrix
11:35:39,7.64e-05,commencing to scale JtQJ matrix- first SVD...
11:35:39,8.4e-06,starting REDSVD
11:35:39,2.85e-05,retrieving REDSVD components
11:35:39,9.3e-06,trimming REDSVD components to 8elements
11:35:39,7.8e-06,done REDSVD
11:35:39,1.38e-05,S info: rows = 10: cols = 10: size = 100: nonzeros = 10
11:35:39,5.3e-06,JS
11:35:39,3.52e-05,JS.transpose() * q_mat * JS + lambda * S.transpose() * S
11:35:39,6.36e-05,S info: rows = 10: cols = 10: size = 100: nonzeros = 10
11:35:39,6.8e-06,commencing SVD factorization of lambda-scaled JtQJ
11:35:39,5.1e-06,starting REDSVD
11:35:39,3.27e-05,retrieving REDSVD components
11:35:39,8.9e-06,trimming REDSVD components to 10elements
11:35:39,7.5e-06,done REDSVD
11:35:39,5.2e-06,SVD factorization complete
11:35:39,0.000134,commencing linear algebra multiplication to compute upgrade
11:35:39,7e-06,S info: rows = 10: cols = 10: size = 100: nonzeros = 10Vt info: rows = 10: cols = 10: size = 100: nonzeros = 100
11:35:39,6.4e-06,U info: rows = 10: cols = 10: size = 100: nonzeros = 100
11:35:39,6.2e-06,jac info: rows = 156: cols = 10: size = 1560: nonzeros = 1449
11:35:39,5.02e-05,linear algebra multiplication to compute upgrade complete
11:35:39,2.66e-05,commencing check of parameter bounds
11:35:39,7.7e-06,limiting out of bounds pars
11:35:39,1.02e-05,change limit/bound enforcement for lambda 1: , scaling factor: 1
11:35:39,5.2e-06,checking for denormal floating point values
11:35:39,5.5e-06,transforming upgrade pars to model pars
11:35:39,5.4e-06,writing upgrade vector to csv file
11:35:39,0.0006016,beginning upgrade vector calculations, lambda = 10
11:35:39,8.81e-05,commencing calculation of upgrade vector
11:35:39,0.0003562,forming JtQJ matrix
11:35:39,7.37e-05,commencing to scale JtQJ matrix- first SVD...
11:35:39,8.1e-06,starting REDSVD
11:35:39,3.61e-05,retrieving REDSVD components
11:35:39,1.13e-05,trimming REDSVD components to 8elements
11:35:39,8.6e-06,done REDSVD
11:35:39,1.62e-05,S info: rows = 10: cols = 10: size = 100: nonzeros = 10
11:35:39,5.9e-06,JS
11:35:39,4.13e-05,JS.transpose() * q_mat * JS + lambda * S.transpose() * S
11:35:39,9.84e-05,S info: rows = 10: cols = 10: size = 100: nonzeros = 10
11:35:39,1.78e-05,commencing SVD factorization of lambda-scaled JtQJ
11:35:39,9.7e-06,starting REDSVD
11:35:39,4.02e-05,retrieving REDSVD components
11:35:39,1.32e-05,trimming REDSVD components to 10elements
11:35:39,1.04e-05,done REDSVD
11:35:39,6.2e-06,SVD factorization complete
11:35:39,0.0001298,commencing linear algebra multiplication to compute upgrade
11:35:39,6.3e-06,S info: rows = 10: cols = 10: size = 100: nonzeros = 10Vt info: rows = 10: cols = 10: size = 100: nonzeros = 100
11:35:39,6.1e-06,U info: rows = 10: cols = 10: size = 100: nonzeros = 100
11:35:39,5.8e-06,jac info: rows = 156: cols = 10: size = 1560: nonzeros = 1449
11:35:39,5.48e-05,linear algebra multiplication to compute upgrade complete
11:35:39,1.79e-05,commencing check of parameter bounds and gradients
11:35:39,7.5e-06,commencing calculation of upgrade vector
11:35:39,0.0002937,forming JtQJ matrix
11:35:39,4.69e-05,commencing to scale JtQJ matrix- first SVD...
11:35:39,6e-06,starting REDSVD
11:35:39,2.68e-05,retrieving REDSVD components
11:35:39,8.4e-06,trimming REDSVD components to 8elements
11:35:39,7.7e-06,done REDSVD
11:35:39,1.35e-05,S info: rows = 10: cols = 10: size = 100: nonzeros = 10
11:35:39,5.2e-06,JS
11:35:39,1.62e-05,JS.transpose() * q_mat * JS + lambda * S.transpose() * S
11:35:39,6.13e-05,S info: rows = 10: cols = 10: size = 100: nonzeros = 10
11:35:39,6.7e-06,commencing SVD factorization of lambda-scaled JtQJ
11:35:39,5.1e-06,starting REDSVD
11:35:39,3.32e-05,retrieving REDSVD components
11:35:39,8.9e-06,trimming REDSVD components to 10elements
11:35:39,7.4e-06,done REDSVD
11:35:39,8.8e-06,SVD factorization complete
11:35:39,0.0001774,commencing linear algebra multiplication to compute upgrade
11:35:39,8.2e-06,S info: rows = 10: cols = 10: size = 100: nonzeros = 10Vt info: rows = 10: cols = 10: size = 100: nonzeros = 100
11:35:39,6.4e-06,U info: rows = 10: cols = 10: size = 100: nonzeros = 100
11:35:39,6.2e-06,jac info: rows = 156: cols = 10: size = 1560: nonzeros = 1449
11:35:39,5.03e-05,linear algebra multiplication to compute upgrade complete
11:35:39,2.82e-05,commencing check of parameter bounds
11:35:39,7.7e-06,limiting out of bounds pars
11:35:39,9.9e-06,change limit/bound enforcement for lambda 10: , scaling factor: 1
11:35:39,5.1e-06,checking for denormal floating point values
11:35:39,5.5e-06,transforming upgrade pars to model pars
11:35:39,5.6e-06,writing upgrade vector to csv file
11:35:39,0.0005401,beginning upgrade vector calculations, lambda = 100
11:35:39,9.11e-05,commencing calculation of upgrade vector
11:35:39,0.0003856,forming JtQJ matrix
11:35:39,7.37e-05,commencing to scale JtQJ matrix- first SVD...
11:35:39,8.1e-06,starting REDSVD
11:35:39,3.38e-05,retrieving REDSVD components
11:35:39,8.6e-06,trimming REDSVD components to 8elements
11:35:39,7.1e-06,done REDSVD
11:35:39,1.31e-05,S info: rows = 10: cols = 10: size = 100: nonzeros = 10
11:35:39,5e-06,JS
11:35:39,3.45e-05,JS.transpose() * q_mat * JS + lambda * S.transpose() * S
11:35:39,8.97e-05,S info: rows = 10: cols = 10: size = 100: nonzeros = 10
11:35:39,1.77e-05,commencing SVD factorization of lambda-scaled JtQJ
11:35:39,6.2e-06,starting REDSVD
11:35:39,3.58e-05,retrieving REDSVD components
11:35:39,9.9e-06,trimming REDSVD components to 10elements
11:35:39,8.8e-06,done REDSVD
11:35:39,5.5e-06,SVD factorization complete
11:35:39,0.00013,commencing linear algebra multiplication to compute upgrade
11:35:39,6.6e-06,S info: rows = 10: cols = 10: size = 100: nonzeros = 10Vt info: rows = 10: cols = 10: size = 100: nonzeros = 100
11:35:39,6.5e-06,U info: rows = 10: cols = 10: size = 100: nonzeros = 100
11:35:39,6e-06,jac info: rows = 156: cols = 10: size = 1560: nonzeros = 1449
11:35:39,5.97e-05,linear algebra multiplication to compute upgrade complete
11:35:39,1.74e-05,commencing check of parameter bounds and gradients
11:35:39,7.7e-06,commencing calculation of upgrade vector
11:35:39,0.0002934,forming JtQJ matrix
11:35:39,5.55e-05,commencing to scale JtQJ matrix- first SVD...
11:35:39,6.3e-06,starting REDSVD
11:35:39,2.67e-05,retrieving REDSVD components
11:35:39,8.4e-06,trimming REDSVD components to 8elements
11:35:39,7.5e-06,done REDSVD
11:35:39,1.36e-05,S info: rows = 10: cols = 10: size = 100: nonzeros = 10
11:35:39,5.2e-06,JS
11:35:39,3.57e-05,JS.transpose() * q_mat * JS + lambda * S.transpose() * S
11:35:39,6.01e-05,S info: rows = 10: cols = 10: size = 100: nonzeros = 10
11:35:39,6.5e-06,commencing SVD factorization of lambda-scaled JtQJ
11:35:39,5e-06,starting REDSVD
11:35:39,3.2e-05,retrieving REDSVD components
11:35:39,8.8e-06,trimming REDSVD components to 10elements
11:35:39,7.5e-06,done REDSVD
11:35:39,5.2e-06,SVD factorization complete
11:35:39,0.0001332,commencing linear algebra multiplication to compute upgrade
11:35:39,6.9e-06,S info: rows = 10: cols = 10: size = 100: nonzeros = 10Vt info: rows = 10: cols = 10: size = 100: nonzeros = 100
11:35:39,6.3e-06,U info: rows = 10: cols = 10: size = 100: nonzeros = 100
11:35:39,6.1e-06,jac info: rows = 156: cols = 10: size = 1560: nonzeros = 1449
11:35:39,4.92e-05,linear algebra multiplication to compute upgrade complete
11:35:39,1.6e-05,commencing check of parameter bounds
11:35:39,6.6e-06,limiting out of bounds pars
11:35:39,1.38e-05,change limit/bound enforcement for lambda 100: , scaling factor: 1
11:35:39,5.1e-06,checking for denormal floating point values
11:35:39,5.4e-06,transforming upgrade pars to model pars
11:35:39,5.4e-06,writing upgrade vector to csv file
11:35:39,0.0006758,beginning upgrade vector calculations, lambda = 1000
11:35:39,0.0001026,commencing calculation of upgrade vector
11:35:39,0.0003268,forming JtQJ matrix
11:35:39,5.76e-05,commencing to scale JtQJ matrix- first SVD...
11:35:39,1.08e-05,starting REDSVD
11:35:39,3.91e-05,retrieving REDSVD components
11:35:39,1.92e-05,trimming REDSVD components to 8elements
11:35:39,9.2e-06,done REDSVD
11:35:39,1.37e-05,S info: rows = 10: cols = 10: size = 100: nonzeros = 10
11:35:39,5e-06,JS
11:35:39,3.33e-05,JS.transpose() * q_mat * JS + lambda * S.transpose() * S
11:35:39,6.12e-05,S info: rows = 10: cols = 10: size = 100: nonzeros = 10
11:35:39,6.5e-06,commencing SVD factorization of lambda-scaled JtQJ
11:35:39,4.7e-06,starting REDSVD
11:35:39,3.24e-05,retrieving REDSVD components
11:35:39,8.3e-06,trimming REDSVD components to 10elements
11:35:39,8e-06,done REDSVD
11:35:39,5.6e-06,SVD factorization complete
11:35:39,0.0001274,commencing linear algebra multiplication to compute upgrade
11:35:39,6.2e-06,S info: rows = 10: cols = 10: size = 100: nonzeros = 10Vt info: rows = 10: cols = 10: size = 100: nonzeros = 100
11:35:39,5.8e-06,U info: rows = 10: cols = 10: size = 100: nonzeros = 100
11:35:39,5.8e-06,jac info: rows = 156: cols = 10: size = 1560: nonzeros = 1449
11:35:39,4.58e-05,linear algebra multiplication to compute upgrade complete
11:35:39,2.3e-05,commencing check of parameter bounds and gradients
11:35:39,7.8e-06,commencing calculation of upgrade vector
11:35:39,0.0002829,forming JtQJ matrix
11:35:39,5.06e-05,commencing to scale JtQJ matrix- first SVD...
11:35:39,5.9e-06,starting REDSVD
11:35:39,2.57e-05,retrieving REDSVD components
11:35:39,8.3e-06,trimming REDSVD components to 8elements
11:35:39,7.3e-06,done REDSVD
11:35:39,1.27e-05,S info: rows = 10: cols = 10: size = 100: nonzeros = 10
11:35:39,5.1e-06,JS
11:35:39,3.53e-05,JS.transpose() * q_mat * JS + lambda * S.transpose() * S
11:35:39,6.26e-05,S info: rows = 10: cols = 10: size = 100: nonzeros = 10
11:35:39,7e-06,commencing SVD factorization of lambda-scaled JtQJ
11:35:39,5e-06,starting REDSVD
11:35:39,3.2e-05,retrieving REDSVD components
11:35:39,8.8e-06,trimming REDSVD components to 10elements
11:35:39,7.4e-06,done REDSVD
11:35:39,5e-06,SVD factorization complete
11:35:39,0.0001299,commencing linear algebra multiplication to compute upgrade
11:35:39,6.7e-06,S info: rows = 10: cols = 10: size = 100: nonzeros = 10Vt info: rows = 10: cols = 10: size = 100: nonzeros = 100
11:35:39,6.2e-06,U info: rows = 10: cols = 10: size = 100: nonzeros = 100
11:35:39,6.1e-06,jac info: rows = 156: cols = 10: size = 1560: nonzeros = 1449
11:35:39,4.85e-05,linear algebra multiplication to compute upgrade complete
11:35:39,1.48e-05,commencing check of parameter bounds
11:35:39,6.1e-06,limiting out of bounds pars
11:35:39,9e-06,change limit/bound enforcement for lambda 1000: , scaling factor: 1
11:35:39,4.9e-06,checking for denormal floating point values
11:35:39,5.2e-06,transforming upgrade pars to model pars
11:35:39,5.3e-06,writing upgrade vector to csv file
11:35:39,0.000857,LinearAnalysis::glm_iter_fosm
11:35:39,0.0001404,starting FOSM uncertainty analyses for iteration 1
11:35:39,0.0016406,loading obscov
11:35:39,3.86e-05,loading parcov
11:35:39,2.2e-05,set_predictions
11:35:39,3.2e-05,parameter fosm calcs
11:35:39,5.5e-06,LinearAnalysis::calc_posterior
11:35:39,4.9e-06,LinearAnalysis::align
11:35:39,0.0001191,LinearAnalysis::prior_prediction_variance()::invert obscov
11:35:39,7.4e-06,inverting diagonal matrix in place
11:35:39,1.15e-05,LinearAnalysis::calc_posterior() form JtQJ
11:35:39,8.78e-05,LinearAnalysis::calc_posterior() invert prior parcov
11:35:39,1.6e-05,LinearAnalysis::calc_posterior() form posterior parcov
11:35:39,9.9e-06,LinearAnalysis::calc_posterior() invert posterior parcov
11:35:39,5.1e-06,inverting non-diagonal matrix in place
12:06:08,1829.74,completed iteration 2
12:06:08,0.0162021,beginning iteration 3
12:06:08,0.0001407,commencing to build jacobian parameter sets
12:06:08,0.004641,jacobian parameter sets built, commencing model runs
13:05:47,3578.79,jacobian runs complete, processing runs
13:05:47,0.0025071,processing jacobian runs complete
13:05:47,1.93e-05,saving jacobian and sen files
13:05:47,0.0016184,commencing calculation of upgrade vector
13:05:47,0.0003441,forming JtQJ matrix
13:05:47,6.94e-05,commencing to scale JtQJ matrix- first SVD...
13:05:47,8.5e-06,starting REDSVD
13:05:47,3.41e-05,retrieving REDSVD components
13:05:47,2.95e-05,trimming REDSVD components to 8elements
13:05:47,1.56e-05,done REDSVD
13:05:47,1.59e-05,S info: rows = 10: cols = 10: size = 100: nonzeros = 10
13:05:47,5.2e-06,JS
13:05:47,3.08e-05,JS.transpose() * q_mat * JS + lambda * S.transpose() * S
13:05:47,7.09e-05,S info: rows = 10: cols = 10: size = 100: nonzeros = 10
13:05:47,7.4e-06,commencing SVD factorization of lambda-scaled JtQJ
13:05:47,5e-06,starting REDSVD
13:05:47,2.99e-05,retrieving REDSVD components
13:05:47,1e-05,trimming REDSVD components to 7elements
13:05:47,6.9e-06,done REDSVD
13:05:47,5.3e-06,SVD factorization complete
13:05:47,0.0001352,commencing linear algebra multiplication to compute upgrade
13:05:47,7.9e-06,S info: rows = 10: cols = 10: size = 100: nonzeros = 10Vt info: rows = 7: cols = 10: size = 70: nonzeros = 70
13:05:47,6.4e-06,U info: rows = 10: cols = 7: size = 70: nonzeros = 70
13:05:47,6e-06,jac info: rows = 156: cols = 10: size = 1560: nonzeros = 1477
13:05:47,5.18e-05,linear algebra multiplication to compute upgrade complete
13:05:47,3.1e-05,commencing check of parameter bounds and gradients
13:05:47,0.0022856,beginning upgrade vector calculations, lambda = 0.01
13:05:47,0.0001216,commencing calculation of upgrade vector
13:05:47,0.0003616,forming JtQJ matrix
13:05:47,6.16e-05,commencing to scale JtQJ matrix- first SVD...
13:05:47,8.2e-06,starting REDSVD
13:05:47,3.45e-05,retrieving REDSVD components
13:05:47,1.7e-05,trimming REDSVD components to 8elements
13:05:47,1.23e-05,done REDSVD
13:05:47,1.47e-05,S info: rows = 10: cols = 10: size = 100: nonzeros = 10
13:05:47,4.8e-06,JS
13:05:47,3.27e-05,JS.transpose() * q_mat * JS + lambda * S.transpose() * S
13:05:47,6.45e-05,S info: rows = 10: cols = 10: size = 100: nonzeros = 10
13:05:47,6.6e-06,commencing SVD factorization of lambda-scaled JtQJ
13:05:47,5e-06,starting REDSVD
13:05:47,3.19e-05,retrieving REDSVD components
13:05:47,8.8e-06,trimming REDSVD components to 7elements
13:05:47,8.2e-06,done REDSVD
13:05:47,5.7e-06,SVD factorization complete
13:05:47,0.0001246,commencing linear algebra multiplication to compute upgrade
13:05:47,7.5e-06,S info: rows = 10: cols = 10: size = 100: nonzeros = 10Vt info: rows = 7: cols = 10: size = 70: nonzeros = 70
13:05:47,6.4e-06,U info: rows = 10: cols = 7: size = 70: nonzeros = 70
13:05:47,5.9e-06,jac info: rows = 156: cols = 10: size = 1560: nonzeros = 1477
13:05:47,5.65e-05,linear algebra multiplication to compute upgrade complete
13:05:47,5.73e-05,commencing check of parameter bounds and gradients
13:05:47,1.09e-05,commencing calculation of upgrade vector
13:05:47,0.0002917,forming JtQJ matrix
13:05:47,5.77e-05,commencing to scale JtQJ matrix- first SVD...
13:05:47,6.9e-06,starting REDSVD
13:05:47,2.68e-05,retrieving REDSVD components
13:05:47,8.4e-06,trimming REDSVD components to 8elements
13:05:47,7.5e-06,done REDSVD
13:05:47,1.28e-05,S info: rows = 10: cols = 10: size = 100: nonzeros = 10
13:05:47,5.1e-06,JS
13:05:47,3.3e-05,JS.transpose() * q_mat * JS + lambda * S.transpose() * S
13:05:47,6.3e-05,S info: rows = 10: cols = 10: size = 100: nonzeros = 10
13:05:47,6.9e-06,commencing SVD factorization of lambda-scaled JtQJ
13:05:47,5.2e-06,starting REDSVD
13:05:47,3.09e-05,retrieving REDSVD components
13:05:47,8.6e-06,trimming REDSVD components to 7elements
13:05:47,6.7e-06,done REDSVD
13:05:47,5.1e-06,SVD factorization complete
13:05:47,0.0001233,commencing linear algebra multiplication to compute upgrade
13:05:47,8.4e-06,S info: rows = 10: cols = 10: size = 100: nonzeros = 10Vt info: rows = 7: cols = 10: size = 70: nonzeros = 70
13:05:47,6.3e-06,U info: rows = 10: cols = 7: size = 70: nonzeros = 70
13:05:47,5.9e-06,jac info: rows = 156: cols = 10: size = 1560: nonzeros = 1477
13:05:47,5.07e-05,linear algebra multiplication to compute upgrade complete
13:05:47,2.68e-05,commencing check of parameter bounds
13:05:47,7.8e-06,limiting out of bounds pars
13:05:47,1.1e-05,change limit/bound enforcement for lambda 0.01: , scaling factor: 1
13:05:47,5.2e-06,checking for denormal floating point values
13:05:47,5.5e-06,transforming upgrade pars to model pars
13:05:47,5.5e-06,writing upgrade vector to csv file
13:05:47,0.0008841,beginning upgrade vector calculations, lambda = 0.1
13:05:47,0.0001114,commencing calculation of upgrade vector
13:05:47,0.0005176,forming JtQJ matrix
13:05:47,0.0001208,commencing to scale JtQJ matrix- first SVD...
13:05:47,2.13e-05,starting REDSVD
13:05:47,5.06e-05,retrieving REDSVD components
13:05:47,1.42e-05,trimming REDSVD components to 8elements
13:05:47,9.5e-06,done REDSVD
13:05:47,1.48e-05,S info: rows = 10: cols = 10: size = 100: nonzeros = 10
13:05:47,4.9e-06,JS
13:05:47,3.48e-05,JS.transpose() * q_mat * JS + lambda * S.transpose() * S
13:05:47,6.49e-05,S info: rows = 10: cols = 10: size = 100: nonzeros = 10
13:05:47,6.4e-06,commencing SVD factorization of lambda-scaled JtQJ
13:05:47,4.9e-06,starting REDSVD
13:05:47,2.98e-05,retrieving REDSVD components
13:05:47,8.5e-06,trimming REDSVD components to 9elements
13:05:47,8.3e-06,done REDSVD
13:05:47,5.6e-06,SVD factorization complete
13:05:47,0.0001263,commencing linear algebra multiplication to compute upgrade
13:05:47,6.6e-06,S info: rows = 10: cols = 10: size = 100: nonzeros = 10Vt info: rows = 9: cols = 10: size = 90: nonzeros = 90
13:05:47,6.2e-06,U info: rows = 10: cols = 9: size = 90: nonzeros = 90
13:05:47,5.9e-06,jac info: rows = 156: cols = 10: size = 1560: nonzeros = 1477
13:05:47,5.43e-05,linear algebra multiplication to compute upgrade complete
13:05:47,2.58e-05,commencing check of parameter bounds and gradients
13:05:47,1.32e-05,commencing calculation of upgrade vector
13:05:47,0.0004074,forming JtQJ matrix
13:05:47,8.12e-05,commencing to scale JtQJ matrix- first SVD...
13:05:47,1.12e-05,starting REDSVD
13:05:47,4.02e-05,retrieving REDSVD components
13:05:47,1.55e-05,trimming REDSVD components to 8elements
13:05:47,1.22e-05,done REDSVD
13:05:47,5.99e-05,S info: rows = 10: cols = 10: size = 100: nonzeros = 10
13:05:47,1.94e-05,JS
13:05:47,5.26e-05,JS.transpose() * q_mat * JS + lambda * S.transpose() * S
13:05:47,9.98e-05,S info: rows = 10: cols = 10: size = 100: nonzeros = 10
13:05:47,1.22e-05,commencing SVD factorization of lambda-scaled JtQJ
13:05:47,9.2e-06,starting REDSVD
13:05:47,4.67e-05,retrieving REDSVD components
13:05:47,1.72e-05,trimming REDSVD components to 9elements
13:05:47,1.27e-05,done REDSVD
13:05:47,8.8e-06,SVD factorization complete
13:05:47,0.0002023,commencing linear algebra multiplication to compute upgrade
13:05:47,9.9e-06,S info: rows = 10: cols = 10: size = 100: nonzeros = 10Vt info: rows = 9: cols = 10: size = 90: nonzeros = 90
13:05:47,7.1e-06,U info: rows = 10: cols = 9: size = 90: nonzeros = 90
13:05:47,6.4e-06,jac info: rows = 156: cols = 10: size = 1560: nonzeros = 1477
13:05:47,5.32e-05,linear algebra multiplication to compute upgrade complete
13:05:47,1.76e-05,commencing check of parameter bounds
13:05:47,6.8e-06,limiting out of bounds pars
13:05:47,1.01e-05,change limit/bound enforcement for lambda 0.1: , scaling factor: 1
13:05:47,5.3e-06,checking for denormal floating point values
13:05:47,5.5e-06,transforming upgrade pars to model pars
13:05:47,5.8e-06,writing upgrade vector to csv file
13:05:47,0.0005918,beginning upgrade vector calculations, lambda = 1
13:05:47,0.0001165,commencing calculation of upgrade vector
13:05:47,0.0003282,forming JtQJ matrix
13:05:47,6.19e-05,commencing to scale JtQJ matrix- first SVD...
13:05:47,7.2e-06,starting REDSVD
13:05:47,3.06e-05,retrieving REDSVD components
13:05:47,9.1e-06,trimming REDSVD components to 8elements
13:05:47,7.1e-06,done REDSVD
13:05:47,1.32e-05,S info: rows = 10: cols = 10: size = 100: nonzeros = 10
13:05:47,4.9e-06,JS
13:05:47,3.2e-05,JS.transpose() * q_mat * JS + lambda * S.transpose() * S
13:05:47,6.95e-05,S info: rows = 10: cols = 10: size = 100: nonzeros = 10
13:05:47,7.7e-06,commencing SVD factorization of lambda-scaled JtQJ
13:05:47,5e-06,starting REDSVD
13:05:47,3.03e-05,retrieving REDSVD components
13:05:47,8.8e-06,trimming REDSVD components to 9elements
13:05:47,7.8e-06,done REDSVD
13:05:47,5.6e-06,SVD factorization complete
13:05:47,0.0001385,commencing linear algebra multiplication to compute upgrade
13:05:47,7.5e-06,S info: rows = 10: cols = 10: size = 100: nonzeros = 10Vt info: rows = 9: cols = 10: size = 90: nonzeros = 90
13:05:47,6.4e-06,U info: rows = 10: cols = 9: size = 90: nonzeros = 90
13:05:47,6e-06,jac info: rows = 156: cols = 10: size = 1560: nonzeros = 1477
13:05:47,4.85e-05,linear algebra multiplication to compute upgrade complete
13:05:47,1.59e-05,commencing check of parameter bounds and gradients
13:05:47,7.2e-06,commencing calculation of upgrade vector
13:05:47,0.000283,forming JtQJ matrix
13:05:47,5.59e-05,commencing to scale JtQJ matrix- first SVD...
13:05:47,6.4e-06,starting REDSVD
13:05:47,2.94e-05,retrieving REDSVD components
13:05:47,1.55e-05,trimming REDSVD components to 8elements
13:05:47,7.8e-06,done REDSVD
13:05:47,1.28e-05,S info: rows = 10: cols = 10: size = 100: nonzeros = 10
13:05:47,5.3e-06,JS
13:05:47,3.24e-05,JS.transpose() * q_mat * JS + lambda * S.transpose() * S
13:05:47,6.29e-05,S info: rows = 10: cols = 10: size = 100: nonzeros = 10
13:05:47,6.5e-06,commencing SVD factorization of lambda-scaled JtQJ
13:05:47,5.1e-06,starting REDSVD
13:05:47,3.06e-05,retrieving REDSVD components
13:05:47,1.57e-05,trimming REDSVD components to 9elements
13:05:47,1.37e-05,done REDSVD
13:05:47,1.13e-05,SVD factorization complete
13:05:47,0.0001389,commencing linear algebra multiplication to compute upgrade
13:05:47,7.9e-06,S info: rows = 10: cols = 10: size = 100: nonzeros = 10Vt info: rows = 9: cols = 10: size = 90: nonzeros = 90
13:05:47,6.5e-06,U info: rows = 10: cols = 9: size = 90: nonzeros = 90
13:05:47,6.2e-06,jac info: rows = 156: cols = 10: size = 1560: nonzeros = 1477
13:05:47,5.05e-05,linear algebra multiplication to compute upgrade complete
13:05:47,1.56e-05,commencing check of parameter bounds
13:05:47,6.3e-06,limiting out of bounds pars
13:05:47,9e-06,change limit/bound enforcement for lambda 1: , scaling factor: 1
13:05:47,5.2e-06,checking for denormal floating point values
13:05:47,5.4e-06,transforming upgrade pars to model pars
13:05:47,5.4e-06,writing upgrade vector to csv file
13:05:47,0.0006445,beginning upgrade vector calculations, lambda = 10
13:05:47,8.48e-05,commencing calculation of upgrade vector
13:05:47,0.0003112,forming JtQJ matrix
13:05:47,6.14e-05,commencing to scale JtQJ matrix- first SVD...
13:05:47,6.9e-06,starting REDSVD
13:05:47,2.84e-05,retrieving REDSVD components
13:05:47,9.1e-06,trimming REDSVD components to 8elements
13:05:47,6.9e-06,done REDSVD
13:05:47,1.31e-05,S info: rows = 10: cols = 10: size = 100: nonzeros = 10
13:05:47,4.8e-06,JS
13:05:47,3.22e-05,JS.transpose() * q_mat * JS + lambda * S.transpose() * S
13:05:47,6.42e-05,S info: rows = 10: cols = 10: size = 100: nonzeros = 10
13:05:47,5.9e-06,commencing SVD factorization of lambda-scaled JtQJ
13:05:47,4.8e-06,starting REDSVD
13:05:47,3.05e-05,retrieving REDSVD components
13:05:47,8.4e-06,trimming REDSVD components to 9elements
13:05:47,7.5e-06,done REDSVD
13:05:47,5.7e-06,SVD factorization complete
13:05:47,0.0001268,commencing linear algebra multiplication to compute upgrade
13:05:47,6.5e-06,S info: rows = 10: cols = 10: size = 100: nonzeros = 10Vt info: rows = 9: cols = 10: size = 90: nonzeros = 90
13:05:47,6.1e-06,U info: rows = 10: cols = 9: size = 90: nonzeros = 90
13:05:47,6e-06,jac info: rows = 156: cols = 10: size = 1560: nonzeros = 1477
13:05:47,4.73e-05,linear algebra multiplication to compute upgrade complete
13:05:47,1.54e-05,commencing check of parameter bounds and gradients
13:05:47,7e-06,commencing calculation of upgrade vector
13:05:47,0.0002768,forming JtQJ matrix
13:05:47,5.7e-05,commencing to scale JtQJ matrix- first SVD...
13:05:47,7.6e-06,starting REDSVD
13:05:47,2.65e-05,retrieving REDSVD components
13:05:47,8.3e-06,trimming REDSVD components to 8elements
13:05:47,7.1e-06,done REDSVD
13:05:47,1.26e-05,S info: rows = 10: cols = 10: size = 100: nonzeros = 10
13:05:47,5.1e-06,JS
13:05:47,3.19e-05,JS.transpose() * q_mat * JS + lambda * S.transpose() * S
13:05:47,6.29e-05,S info: rows = 10: cols = 10: size = 100: nonzeros = 10
13:05:47,6.5e-06,commencing SVD factorization of lambda-scaled JtQJ
13:05:47,5e-06,starting REDSVD
13:05:47,3.02e-05,retrieving REDSVD components
13:05:47,8.5e-06,trimming REDSVD components to 9elements
13:05:47,7e-06,done REDSVD
13:05:47,5.2e-06,SVD factorization complete
13:05:47,0.0001208,commencing linear algebra multiplication to compute upgrade
13:05:47,6.7e-06,S info: rows = 10: cols = 10: size = 100: nonzeros = 10Vt info: rows = 9: cols = 10: size = 90: nonzeros = 90
13:05:47,6.4e-06,U info: rows = 10: cols = 9: size = 90: nonzeros = 90
13:05:47,6.2e-06,jac info: rows = 156: cols = 10: size = 1560: nonzeros = 1477
13:05:47,4.66e-05,linear algebra multiplication to compute upgrade complete
13:05:47,1.52e-05,commencing check of parameter bounds
13:05:47,6.1e-06,limiting out of bounds pars
13:05:47,9.2e-06,change limit/bound enforcement for lambda 10: , scaling factor: 1
13:05:47,5.1e-06,checking for denormal floating point values
13:05:47,5.3e-06,transforming upgrade pars to model pars
13:05:47,5.2e-06,writing upgrade vector to csv file
13:05:47,0.0004862,beginning upgrade vector calculations, lambda = 100
13:05:47,7.11e-05,commencing calculation of upgrade vector
13:05:47,0.0003839,forming JtQJ matrix
13:05:47,7.11e-05,commencing to scale JtQJ matrix- first SVD...
13:05:47,8.3e-06,starting REDSVD
13:05:47,3.5e-05,retrieving REDSVD components
13:05:47,1.1e-05,trimming REDSVD components to 8elements
13:05:47,8.6e-06,done REDSVD
13:05:47,1.63e-05,S info: rows = 10: cols = 10: size = 100: nonzeros = 10
13:05:47,6e-06,JS
13:05:47,4.09e-05,JS.transpose() * q_mat * JS + lambda * S.transpose() * S
13:05:47,9.02e-05,S info: rows = 10: cols = 10: size = 100: nonzeros = 10
13:05:47,1.72e-05,commencing SVD factorization of lambda-scaled JtQJ
13:05:47,9e-06,starting REDSVD
13:05:47,3.86e-05,retrieving REDSVD components
13:05:47,1.09e-05,trimming REDSVD components to 9elements
13:05:47,9.9e-06,done REDSVD
13:05:47,7e-06,SVD factorization complete
13:05:47,0.0001591,commencing linear algebra multiplication to compute upgrade
13:05:47,8.3e-06,S info: rows = 10: cols = 10: size = 100: nonzeros = 10Vt info: rows = 9: cols = 10: size = 90: nonzeros = 90
13:05:47,7.8e-06,U info: rows = 10: cols = 9: size = 90: nonzeros = 90
13:05:47,7.4e-06,jac info: rows = 156: cols = 10: size = 1560: nonzeros = 1477
13:05:47,6.28e-05,linear algebra multiplication to compute upgrade complete
13:05:47,1.92e-05,commencing check of parameter bounds and gradients
13:05:47,8.9e-06,commencing calculation of upgrade vector
13:05:47,0.000281,forming JtQJ matrix
13:05:47,5.31e-05,commencing to scale JtQJ matrix- first SVD...
13:05:47,6.2e-06,starting REDSVD
13:05:47,2.63e-05,retrieving REDSVD components
13:05:47,8.3e-06,trimming REDSVD components to 8elements
13:05:47,1.42e-05,done REDSVD
13:05:47,1.94e-05,S info: rows = 10: cols = 10: size = 100: nonzeros = 10
13:05:47,8.2e-06,JS
13:05:47,3.96e-05,JS.transpose() * q_mat * JS + lambda * S.transpose() * S
13:05:47,8.43e-05,S info: rows = 10: cols = 10: size = 100: nonzeros = 10
13:05:47,1.16e-05,commencing SVD factorization of lambda-scaled JtQJ
13:05:47,8.9e-06,starting REDSVD
13:05:47,4.4e-05,retrieving REDSVD components
13:05:47,1.67e-05,trimming REDSVD components to 9elements
13:05:47,1.26e-05,done REDSVD
13:05:47,9.1e-06,SVD factorization complete
13:05:47,0.0001529,commencing linear algebra multiplication to compute upgrade
13:05:47,8.6e-06,S info: rows = 10: cols = 10: size = 100: nonzeros = 10Vt info: rows = 9: cols = 10: size = 90: nonzeros = 90
13:05:47,9.1e-06,U info: rows = 10: cols = 9: size = 90: nonzeros = 90
13:05:47,8e-06,jac info: rows = 156: cols = 10: size = 1560: nonzeros = 1477
13:05:47,4.91e-05,linear algebra multiplication to compute upgrade complete
13:05:47,1.88e-05,commencing check of parameter bounds
13:05:47,1.33e-05,limiting out of bounds pars
13:05:47,1.78e-05,change limit/bound enforcement for lambda 100: , scaling factor: 1
13:05:47,6.6e-06,checking for denormal floating point values
13:05:47,5.6e-06,transforming upgrade pars to model pars
13:05:47,5.5e-06,writing upgrade vector to csv file
13:05:47,0.0005739,beginning upgrade vector calculations, lambda = 1000
13:05:47,7.96e-05,commencing calculation of upgrade vector
13:05:47,0.0002933,forming JtQJ matrix
13:05:47,5.35e-05,commencing to scale JtQJ matrix- first SVD...
13:05:47,6.5e-06,starting REDSVD
13:05:47,2.71e-05,retrieving REDSVD components
13:05:47,9.2e-06,trimming REDSVD components to 8elements
13:05:47,6.9e-06,done REDSVD
13:05:47,1.23e-05,S info: rows = 10: cols = 10: size = 100: nonzeros = 10
13:05:47,4.9e-06,JS
13:05:47,2.99e-05,JS.transpose() * q_mat * JS + lambda * S.transpose() * S
13:05:47,6.1e-05,S info: rows = 10: cols = 10: size = 100: nonzeros = 10
13:05:47,6.1e-06,commencing SVD factorization of lambda-scaled JtQJ
13:05:47,4.7e-06,starting REDSVD
13:05:47,3.71e-05,retrieving REDSVD components
13:05:47,1.85e-05,trimming REDSVD components to 9elements
13:05:47,9.7e-06,done REDSVD
13:05:47,5.8e-06,SVD factorization complete
13:05:47,0.0001264,commencing linear algebra multiplication to compute upgrade
13:05:47,6.6e-06,S info: rows = 10: cols = 10: size = 100: nonzeros = 10Vt info: rows = 9: cols = 10: size = 90: nonzeros = 90
13:05:47,6.1e-06,U info: rows = 10: cols = 9: size = 90: nonzeros = 90
13:05:47,5.9e-06,jac info: rows = 156: cols = 10: size = 1560: nonzeros = 1477
13:05:47,4.8e-05,linear algebra multiplication to compute upgrade complete
13:05:47,1.54e-05,commencing check of parameter bounds and gradients
13:05:47,7e-06,commencing calculation of upgrade vector
13:05:47,0.0002761,forming JtQJ matrix
13:05:47,5.29e-05,commencing to scale JtQJ matrix- first SVD...
13:05:47,6.1e-06,starting REDSVD
13:05:47,2.59e-05,retrieving REDSVD components
13:05:47,8e-06,trimming REDSVD components to 8elements
13:05:47,7.2e-06,done REDSVD
13:05:47,1.25e-05,S info: rows = 10: cols = 10: size = 100: nonzeros = 10
13:05:47,5.2e-06,JS
13:05:47,3.25e-05,JS.transpose() * q_mat * JS + lambda * S.transpose() * S
13:05:47,6.05e-05,S info: rows = 10: cols = 10: size = 100: nonzeros = 10
13:05:47,6.3e-06,commencing SVD factorization of lambda-scaled JtQJ
13:05:47,5.1e-06,starting REDSVD
13:05:47,3.12e-05,retrieving REDSVD components
13:05:47,8.4e-06,trimming REDSVD components to 9elements
13:05:47,7e-06,done REDSVD
13:05:47,5.1e-06,SVD factorization complete
13:05:47,0.0001203,commencing linear algebra multiplication to compute upgrade
13:05:47,6.8e-06,S info: rows = 10: cols = 10: size = 100: nonzeros = 10Vt info: rows = 9: cols = 10: size = 90: nonzeros = 90
13:05:47,6.4e-06,U info: rows = 10: cols = 9: size = 90: nonzeros = 90
13:05:47,6.2e-06,jac info: rows = 156: cols = 10: size = 1560: nonzeros = 1477
13:05:47,5.13e-05,linear algebra multiplication to compute upgrade complete
13:05:47,1.7e-05,commencing check of parameter bounds
13:05:47,6.1e-06,limiting out of bounds pars
13:05:47,9.2e-06,change limit/bound enforcement for lambda 1000: , scaling factor: 1
13:05:47,4.9e-06,checking for denormal floating point values
13:05:47,5.3e-06,transforming upgrade pars to model pars
13:05:47,5.2e-06,writing upgrade vector to csv file
13:05:47,0.0008612,LinearAnalysis::glm_iter_fosm
13:05:47,9.86e-05,starting FOSM uncertainty analyses for iteration 2
13:05:47,0.0023148,loading obscov
13:05:47,5.51e-05,loading parcov
13:05:47,3.54e-05,set_predictions
13:05:47,5.5e-05,parameter fosm calcs
13:05:47,1.36e-05,LinearAnalysis::calc_posterior
13:05:47,7.9e-06,LinearAnalysis::align
13:05:47,0.0001822,LinearAnalysis::prior_prediction_variance()::invert obscov
13:05:47,1.39e-05,inverting diagonal matrix in place
13:05:47,1.85e-05,LinearAnalysis::calc_posterior() form JtQJ
13:05:47,0.0001601,LinearAnalysis::calc_posterior() invert prior parcov
13:05:47,3.22e-05,LinearAnalysis::calc_posterior() form posterior parcov
13:05:47,2.03e-05,LinearAnalysis::calc_posterior() invert posterior parcov
13:05:47,6.6e-06,inverting non-diagonal matrix in place
13:56:27,3039.96,completed iteration 3
13:56:27,0.0166883,beginning iteration 4
13:56:27,0.0001155,commencing to build jacobian parameter sets
13:56:27,0.0046086,jacobian parameter sets built, commencing model runs
14:58:15,3708.13,jacobian runs complete, processing runs
14:58:15,0.0021485,processing jacobian runs complete
14:58:15,1.42e-05,saving jacobian and sen files
14:58:15,0.001437,commencing calculation of upgrade vector
14:58:15,0.0003581,forming JtQJ matrix
14:58:15,6.95e-05,commencing to scale JtQJ matrix- first SVD...
14:58:15,8.3e-06,starting REDSVD
14:58:15,3.4e-05,retrieving REDSVD components
14:58:15,1.15e-05,trimming REDSVD components to 8elements
14:58:15,8.5e-06,done REDSVD
14:58:15,1.47e-05,S info: rows = 10: cols = 10: size = 100: nonzeros = 10
14:58:15,5.1e-06,JS
14:58:15,4.1e-05,JS.transpose() * q_mat * JS + lambda * S.transpose() * S
14:58:15,6.46e-05,S info: rows = 10: cols = 10: size = 100: nonzeros = 10
14:58:15,7e-06,commencing SVD factorization of lambda-scaled JtQJ
14:58:15,5.4e-06,starting REDSVD
14:58:15,2.51e-05,retrieving REDSVD components
14:58:15,8.5e-06,trimming REDSVD components to 7elements
14:58:15,6.1e-06,done REDSVD
14:58:15,5e-06,SVD factorization complete
14:58:15,0.0001283,commencing linear algebra multiplication to compute upgrade
14:58:15,7.3e-06,S info: rows = 10: cols = 10: size = 100: nonzeros = 10Vt info: rows = 7: cols = 10: size = 70: nonzeros = 70
14:58:15,6.2e-06,U info: rows = 10: cols = 7: size = 70: nonzeros = 70
14:58:15,6e-06,jac info: rows = 156: cols = 10: size = 1560: nonzeros = 1471
14:58:15,4.95e-05,linear algebra multiplication to compute upgrade complete
14:58:15,2.61e-05,commencing check of parameter bounds and gradients
14:58:15,0.0027748,beginning upgrade vector calculations, lambda = 0.01
14:58:15,0.0001417,commencing calculation of upgrade vector
14:58:15,0.0003725,forming JtQJ matrix
14:58:15,6.47e-05,commencing to scale JtQJ matrix- first SVD...
14:58:15,8e-06,starting REDSVD
14:58:15,3.3e-05,retrieving REDSVD components
14:58:15,9.7e-06,trimming REDSVD components to 8elements
14:58:15,7.6e-06,done REDSVD
14:58:15,1.39e-05,S info: rows = 10: cols = 10: size = 100: nonzeros = 10
14:58:15,5.5e-06,JS
14:58:15,3.24e-05,JS.transpose() * q_mat * JS + lambda * S.transpose() * S
14:58:15,6.62e-05,S info: rows = 10: cols = 10: size = 100: nonzeros = 10
14:58:15,6.1e-06,commencing SVD factorization of lambda-scaled JtQJ
14:58:15,4.9e-06,starting REDSVD
14:58:15,3.11e-05,retrieving REDSVD components
14:58:15,7.9e-06,trimming REDSVD components to 7elements
14:58:15,6.2e-06,done REDSVD
14:58:15,5.1e-06,SVD factorization complete
14:58:15,0.0001585,commencing linear algebra multiplication to compute upgrade
14:58:15,8.6e-06,S info: rows = 10: cols = 10: size = 100: nonzeros = 10Vt info: rows = 7: cols = 10: size = 70: nonzeros = 70
14:58:15,6.7e-06,U info: rows = 10: cols = 7: size = 70: nonzeros = 70
14:58:15,5.9e-06,jac info: rows = 156: cols = 10: size = 1560: nonzeros = 1471
14:58:15,5.07e-05,linear algebra multiplication to compute upgrade complete
14:58:15,2.8e-05,commencing check of parameter bounds and gradients
14:58:15,9.9e-06,commencing calculation of upgrade vector
14:58:15,0.0003123,forming JtQJ matrix
14:58:15,6.08e-05,commencing to scale JtQJ matrix- first SVD...
14:58:15,6.8e-06,starting REDSVD
14:58:15,2.67e-05,retrieving REDSVD components
14:58:15,8.7e-06,trimming REDSVD components to 8elements
14:58:15,6.3e-06,done REDSVD
14:58:15,1.19e-05,S info: rows = 10: cols = 10: size = 100: nonzeros = 10
14:58:15,4.9e-06,JS
14:58:15,3.3e-05,JS.transpose() * q_mat * JS + lambda * S.transpose() * S
14:58:15,6.55e-05,S info: rows = 10: cols = 10: size = 100: nonzeros = 10
14:58:15,7.6e-06,commencing SVD factorization of lambda-scaled JtQJ
14:58:15,4.9e-06,starting REDSVD
14:58:15,3.05e-05,retrieving REDSVD components
14:58:15,8.1e-06,trimming REDSVD components to 7elements
14:58:15,6.1e-06,done REDSVD
14:58:15,5e-06,SVD factorization complete
14:58:15,0.0001052,commencing linear algebra multiplication to compute upgrade
14:58:15,6.3e-06,S info: rows = 10: cols = 10: size = 100: nonzeros = 10Vt info: rows = 7: cols = 10: size = 70: nonzeros = 70
14:58:15,6.1e-06,U info: rows = 10: cols = 7: size = 70: nonzeros = 70
14:58:15,5.9e-06,jac info: rows = 156: cols = 10: size = 1560: nonzeros = 1471
14:58:15,5.04e-05,linear algebra multiplication to compute upgrade complete
14:58:15,3.99e-05,commencing check of parameter bounds
14:58:15,2.44e-05,limiting out of bounds pars
14:58:15,4.62e-05,change limit/bound enforcement for lambda 0.01: , scaling factor: 1
14:58:15,1.31e-05,checking for denormal floating point values
14:58:15,1.09e-05,transforming upgrade pars to model pars
14:58:15,1.12e-05,writing upgrade vector to csv file
14:58:15,0.0007655,beginning upgrade vector calculations, lambda = 0.1
14:58:15,0.0001003,commencing calculation of upgrade vector
14:58:15,0.0002958,forming JtQJ matrix
14:58:15,5.84e-05,commencing to scale JtQJ matrix- first SVD...
14:58:15,6.5e-06,starting REDSVD
14:58:15,2.68e-05,retrieving REDSVD components
14:58:15,8.6e-06,trimming REDSVD components to 8elements
14:58:15,6.3e-06,done REDSVD
14:58:15,1.2e-05,S info: rows = 10: cols = 10: size = 100: nonzeros = 10
14:58:15,4.7e-06,JS
14:58:15,2.98e-05,JS.transpose() * q_mat * JS + lambda * S.transpose() * S
14:58:15,5.57e-05,S info: rows = 10: cols = 10: size = 100: nonzeros = 10
14:58:15,5.7e-06,commencing SVD factorization of lambda-scaled JtQJ
14:58:15,4.6e-06,starting REDSVD
14:58:15,2.92e-05,retrieving REDSVD components
14:58:15,7.9e-06,trimming REDSVD components to 9elements
14:58:15,6.6e-06,done REDSVD
14:58:15,5e-06,SVD factorization complete
14:58:15,0.0001246,commencing linear algebra multiplication to compute upgrade
14:58:15,6.4e-06,S info: rows = 10: cols = 10: size = 100: nonzeros = 10Vt info: rows = 9: cols = 10: size = 90: nonzeros = 90
14:58:15,6.1e-06,U info: rows = 10: cols = 9: size = 90: nonzeros = 90
14:58:15,5.8e-06,jac info: rows = 156: cols = 10: size = 1560: nonzeros = 1471
14:58:15,5.21e-05,linear algebra multiplication to compute upgrade complete
14:58:15,1.74e-05,commencing check of parameter bounds and gradients
14:58:15,7.7e-06,commencing calculation of upgrade vector
14:58:15,0.0003945,forming JtQJ matrix
14:58:15,6.43e-05,commencing to scale JtQJ matrix- first SVD...
14:58:15,2.81e-05,starting REDSVD
14:58:15,3.28e-05,retrieving REDSVD components
14:58:15,1.55e-05,trimming REDSVD components to 6elements
14:58:15,1.07e-05,done REDSVD
14:58:15,1.88e-05,S info: rows = 9: cols = 9: size = 81: nonzeros = 9
14:58:15,9e-06,JS
14:58:15,2.26e-05,JS.transpose() * q_mat * JS + lambda * S.transpose() * S
14:58:15,8.39e-05,S info: rows = 9: cols = 9: size = 81: nonzeros = 9
14:58:15,1.26e-05,commencing SVD factorization of lambda-scaled JtQJ
14:58:15,5.4e-06,starting REDSVD
14:58:15,2.48e-05,retrieving REDSVD components
14:58:15,8.2e-06,trimming REDSVD components to 8elements
14:58:15,7.7e-06,done REDSVD
14:58:15,1.04e-05,SVD factorization complete
14:58:15,0.0001431,commencing linear algebra multiplication to compute upgrade
14:58:15,8e-06,S info: rows = 9: cols = 9: size = 81: nonzeros = 9Vt info: rows = 8: cols = 9: size = 72: nonzeros = 72
14:58:15,6e-06,U info: rows = 9: cols = 8: size = 72: nonzeros = 72
14:58:15,5.9e-06,jac info: rows = 156: cols = 9: size = 1404: nonzeros = 1320
14:58:15,4.91e-05,linear algebra multiplication to compute upgrade complete
14:58:15,2.57e-05,commencing check of parameter bounds
14:58:15,7.5e-06,limiting out of bounds pars
14:58:15,1.02e-05,change limit/bound enforcement for lambda 0.1: , scaling factor: 1
14:58:15,5.42e-05,checking for denormal floating point values
14:58:15,1.01e-05,transforming upgrade pars to model pars
14:58:15,6.2e-06,writing upgrade vector to csv file
14:58:15,0.0005389,beginning upgrade vector calculations, lambda = 1
14:58:15,0.0001046,commencing calculation of upgrade vector
14:58:15,0.0004708,forming JtQJ matrix
14:58:15,0.0001134,commencing to scale JtQJ matrix- first SVD...
14:58:15,1.41e-05,starting REDSVD
14:58:15,5.52e-05,retrieving REDSVD components
14:58:15,1.91e-05,trimming REDSVD components to 8elements
14:58:15,1.41e-05,done REDSVD
14:58:15,2.49e-05,S info: rows = 10: cols = 10: size = 100: nonzeros = 10
14:58:15,9.9e-06,JS
14:58:15,6.61e-05,JS.transpose() * q_mat * JS + lambda * S.transpose() * S
14:58:15,0.0001122,S info: rows = 10: cols = 10: size = 100: nonzeros = 10
14:58:15,1.3e-05,commencing SVD factorization of lambda-scaled JtQJ
14:58:15,9.6e-06,starting REDSVD
14:58:15,4.65e-05,retrieving REDSVD components
14:58:15,1.54e-05,trimming REDSVD components to 9elements
14:58:15,1.27e-05,done REDSVD
14:58:15,9.9e-06,SVD factorization complete
14:58:15,0.0002496,commencing linear algebra multiplication to compute upgrade
14:58:15,1.23e-05,S info: rows = 10: cols = 10: size = 100: nonzeros = 10Vt info: rows = 9: cols = 10: size = 90: nonzeros = 90
14:58:15,1.22e-05,U info: rows = 10: cols = 9: size = 90: nonzeros = 90
14:58:15,1.17e-05,jac info: rows = 156: cols = 10: size = 1560: nonzeros = 1471
14:58:15,7.35e-05,linear algebra multiplication to compute upgrade complete
14:58:15,2.74e-05,commencing check of parameter bounds and gradients
14:58:15,1.52e-05,commencing calculation of upgrade vector
14:58:15,0.0006001,forming JtQJ matrix
14:58:15,7.46e-05,commencing to scale JtQJ matrix- first SVD...
14:58:15,1.18e-05,starting REDSVD
14:58:15,3.23e-05,retrieving REDSVD components
14:58:15,1.61e-05,trimming REDSVD components to 6elements
14:58:15,1.29e-05,done REDSVD
14:58:15,2.07e-05,S info: rows = 9: cols = 9: size = 81: nonzeros = 9
14:58:15,9.9e-06,JS
14:58:15,2.33e-05,JS.transpose() * q_mat * JS + lambda * S.transpose() * S
14:58:15,6.98e-05,S info: rows = 9: cols = 9: size = 81: nonzeros = 9
14:58:15,1.12e-05,commencing SVD factorization of lambda-scaled JtQJ
14:58:15,8.9e-06,starting REDSVD
14:58:15,3.77e-05,retrieving REDSVD components
14:58:15,1.45e-05,trimming REDSVD components to 8elements
14:58:15,1.25e-05,done REDSVD
14:58:15,9.4e-06,SVD factorization complete
14:58:15,0.0002281,commencing linear algebra multiplication to compute upgrade
14:58:15,1.27e-05,S info: rows = 9: cols = 9: size = 81: nonzeros = 9Vt info: rows = 8: cols = 9: size = 72: nonzeros = 72
14:58:15,1.15e-05,U info: rows = 9: cols = 8: size = 72: nonzeros = 72
14:58:15,1.11e-05,jac info: rows = 156: cols = 9: size = 1404: nonzeros = 1320
14:58:15,8.18e-05,linear algebra multiplication to compute upgrade complete
14:58:15,2.89e-05,commencing check of parameter bounds
14:58:15,1.28e-05,limiting out of bounds pars
14:58:15,1.7e-05,change limit/bound enforcement for lambda 1: , scaling factor: 1
14:58:15,9.6e-06,checking for denormal floating point values
14:58:15,1e-05,transforming upgrade pars to model pars
14:58:15,1e-05,writing upgrade vector to csv file
14:58:15,0.0006879,beginning upgrade vector calculations, lambda = 10
14:58:15,8.36e-05,commencing calculation of upgrade vector
14:58:15,0.0004893,forming JtQJ matrix
14:58:15,9.16e-05,commencing to scale JtQJ matrix- first SVD...
14:58:15,1.37e-05,starting REDSVD
14:58:15,4.24e-05,retrieving REDSVD components
14:58:15,1.64e-05,trimming REDSVD components to 8elements
14:58:15,1.17e-05,done REDSVD
14:58:15,2.19e-05,S info: rows = 10: cols = 10: size = 100: nonzeros = 10
14:58:15,9.6e-06,JS
14:58:15,5.29e-05,JS.transpose() * q_mat * JS + lambda * S.transpose() * S
14:58:15,9.47e-05,S info: rows = 10: cols = 10: size = 100: nonzeros = 10
14:58:15,1.21e-05,commencing SVD factorization of lambda-scaled JtQJ
14:58:15,9.6e-06,starting REDSVD
14:58:15,4.74e-05,retrieving REDSVD components
14:58:15,1.88e-05,trimming REDSVD components to 9elements
14:58:15,1.5e-05,done REDSVD
14:58:15,1.06e-05,SVD factorization complete
14:58:15,0.0002457,commencing linear algebra multiplication to compute upgrade
14:58:15,1.27e-05,S info: rows = 10: cols = 10: size = 100: nonzeros = 10Vt info: rows = 9: cols = 10: size = 90: nonzeros = 90
14:58:15,1.18e-05,U info: rows = 10: cols = 9: size = 90: nonzeros = 90
14:58:15,1.13e-05,jac info: rows = 156: cols = 10: size = 1560: nonzeros = 1471
14:58:15,7.31e-05,linear algebra multiplication to compute upgrade complete
14:58:15,4.16e-05,commencing check of parameter bounds and gradients
14:58:15,1.48e-05,commencing calculation of upgrade vector
14:58:15,0.0006253,forming JtQJ matrix
14:58:15,6.51e-05,commencing to scale JtQJ matrix- first SVD...
14:58:15,1.14e-05,starting REDSVD
14:58:15,3.19e-05,retrieving REDSVD components
14:58:15,1.38e-05,trimming REDSVD components to 6elements
14:58:15,1.12e-05,done REDSVD
14:58:15,1.97e-05,S info: rows = 9: cols = 9: size = 81: nonzeros = 9
14:58:15,9.5e-06,JS
14:58:15,2.29e-05,JS.transpose() * q_mat * JS + lambda * S.transpose() * S
14:58:15,7.03e-05,S info: rows = 9: cols = 9: size = 81: nonzeros = 9
14:58:15,1.14e-05,commencing SVD factorization of lambda-scaled JtQJ
14:58:15,8.9e-06,starting REDSVD
14:58:15,3.71e-05,retrieving REDSVD components
14:58:15,1.38e-05,trimming REDSVD components to 8elements
14:58:15,1.17e-05,done REDSVD
14:58:15,9.4e-06,SVD factorization complete
14:58:15,0.000226,commencing linear algebra multiplication to compute upgrade
14:58:15,1.42e-05,S info: rows = 9: cols = 9: size = 81: nonzeros = 9Vt info: rows = 8: cols = 9: size = 72: nonzeros = 72
14:58:15,1.22e-05,U info: rows = 9: cols = 8: size = 72: nonzeros = 72
14:58:15,1.15e-05,jac info: rows = 156: cols = 9: size = 1404: nonzeros = 1320
14:58:15,8.16e-05,linear algebra multiplication to compute upgrade complete
14:58:15,3.05e-05,commencing check of parameter bounds
14:58:15,1.22e-05,limiting out of bounds pars
14:58:15,1.71e-05,change limit/bound enforcement for lambda 10: , scaling factor: 1
14:58:15,9.9e-06,checking for denormal floating point values
14:58:15,1.03e-05,transforming upgrade pars to model pars
14:58:15,9.9e-06,writing upgrade vector to csv file
14:58:15,0.0006854,beginning upgrade vector calculations, lambda = 100
14:58:15,8.65e-05,commencing calculation of upgrade vector
14:58:15,0.0004943,forming JtQJ matrix
14:58:15,9.01e-05,commencing to scale JtQJ matrix- first SVD...
14:58:15,1.22e-05,starting REDSVD
14:58:15,4.24e-05,retrieving REDSVD components
14:58:15,1.5e-05,trimming REDSVD components to 8elements
14:58:15,1.17e-05,done REDSVD
14:58:15,2.18e-05,S info: rows = 10: cols = 10: size = 100: nonzeros = 10
14:58:15,9.4e-06,JS
14:58:15,5.08e-05,JS.transpose() * q_mat * JS + lambda * S.transpose() * S
14:58:15,0.0001006,S info: rows = 10: cols = 10: size = 100: nonzeros = 10
14:58:15,1.25e-05,commencing SVD factorization of lambda-scaled JtQJ
14:58:15,9.4e-06,starting REDSVD
14:58:15,4.53e-05,retrieving REDSVD components
14:58:15,1.47e-05,trimming REDSVD components to 9elements
14:58:15,1.28e-05,done REDSVD
14:58:15,9.8e-06,SVD factorization complete
14:58:15,0.0002579,commencing linear algebra multiplication to compute upgrade
14:58:15,1.34e-05,S info: rows = 10: cols = 10: size = 100: nonzeros = 10Vt info: rows = 9: cols = 10: size = 90: nonzeros = 90
14:58:15,1.19e-05,U info: rows = 10: cols = 9: size = 90: nonzeros = 90
14:58:15,1.15e-05,jac info: rows = 156: cols = 10: size = 1560: nonzeros = 1471
14:58:15,7.23e-05,linear algebra multiplication to compute upgrade complete
14:58:15,2.65e-05,commencing check of parameter bounds and gradients
14:58:15,1.32e-05,commencing calculation of upgrade vector
14:58:15,0.0005964,forming JtQJ matrix
14:58:15,6.8e-05,commencing to scale JtQJ matrix- first SVD...
14:58:15,1.22e-05,starting REDSVD
14:58:15,3.26e-05,retrieving REDSVD components
14:58:15,1.37e-05,trimming REDSVD components to 6elements
14:58:15,1.14e-05,done REDSVD
14:58:15,2.41e-05,S info: rows = 9: cols = 9: size = 81: nonzeros = 9
14:58:15,1.12e-05,JS
14:58:15,2.38e-05,JS.transpose() * q_mat * JS + lambda * S.transpose() * S
14:58:15,6.97e-05,S info: rows = 9: cols = 9: size = 81: nonzeros = 9
14:58:15,1.15e-05,commencing SVD factorization of lambda-scaled JtQJ
14:58:15,9.2e-06,starting REDSVD
14:58:15,3.9e-05,retrieving REDSVD components
14:58:15,1.45e-05,trimming REDSVD components to 8elements
14:58:15,1.21e-05,done REDSVD
14:58:15,9.4e-06,SVD factorization complete
14:58:15,0.0002255,commencing linear algebra multiplication to compute upgrade
14:58:15,1.24e-05,S info: rows = 9: cols = 9: size = 81: nonzeros = 9Vt info: rows = 8: cols = 9: size = 72: nonzeros = 72
14:58:15,1.16e-05,U info: rows = 9: cols = 8: size = 72: nonzeros = 72
14:58:15,1.13e-05,jac info: rows = 156: cols = 9: size = 1404: nonzeros = 1320
14:58:15,8.16e-05,linear algebra multiplication to compute upgrade complete
14:58:15,2.9e-05,commencing check of parameter bounds
14:58:15,1.3e-05,limiting out of bounds pars
14:58:15,1.71e-05,change limit/bound enforcement for lambda 100: , scaling factor: 1
14:58:15,9.7e-06,checking for denormal floating point values
14:58:15,1.01e-05,transforming upgrade pars to model pars
14:58:15,1e-05,writing upgrade vector to csv file
14:58:15,0.0006609,beginning upgrade vector calculations, lambda = 1000
14:58:15,8.03e-05,commencing calculation of upgrade vector
14:58:15,0.0004981,forming JtQJ matrix
14:58:15,8.32e-05,commencing to scale JtQJ matrix- first SVD...
14:58:15,1.22e-05,starting REDSVD
14:58:15,4.22e-05,retrieving REDSVD components
14:58:15,1.53e-05,trimming REDSVD components to 8elements
14:58:15,1.22e-05,done REDSVD
14:58:15,2.17e-05,S info: rows = 10: cols = 10: size = 100: nonzeros = 10
14:58:15,9.3e-06,JS
14:58:15,5.1e-05,JS.transpose() * q_mat * JS + lambda * S.transpose() * S
14:58:15,8.62e-05,S info: rows = 10: cols = 10: size = 100: nonzeros = 10
14:58:15,1.11e-05,commencing SVD factorization of lambda-scaled JtQJ
14:58:15,8.9e-06,starting REDSVD
14:58:15,4.82e-05,retrieving REDSVD components
14:58:15,1.51e-05,trimming REDSVD components to 9elements
14:58:15,1.29e-05,done REDSVD
14:58:15,1.04e-05,SVD factorization complete
14:58:15,0.0002491,commencing linear algebra multiplication to compute upgrade
14:58:15,1.25e-05,S info: rows = 10: cols = 10: size = 100: nonzeros = 10Vt info: rows = 9: cols = 10: size = 90: nonzeros = 90
14:58:15,1.19e-05,U info: rows = 10: cols = 9: size = 90: nonzeros = 90
14:58:15,1.11e-05,jac info: rows = 156: cols = 10: size = 1560: nonzeros = 1471
14:58:15,8e-05,linear algebra multiplication to compute upgrade complete
14:58:15,3.02e-05,commencing check of parameter bounds and gradients
14:58:15,1.44e-05,commencing calculation of upgrade vector
14:58:15,0.0005976,forming JtQJ matrix
14:58:15,8.86e-05,commencing to scale JtQJ matrix- first SVD...
14:58:15,1.24e-05,starting REDSVD
14:58:15,3.24e-05,retrieving REDSVD components
14:58:15,1.43e-05,trimming REDSVD components to 6elements
14:58:15,1.12e-05,done REDSVD
14:58:15,1.98e-05,S info: rows = 9: cols = 9: size = 81: nonzeros = 9
14:58:15,9.8e-06,JS
14:58:15,4.64e-05,JS.transpose() * q_mat * JS + lambda * S.transpose() * S
14:58:15,7.66e-05,S info: rows = 9: cols = 9: size = 81: nonzeros = 9
14:58:15,1.19e-05,commencing SVD factorization of lambda-scaled JtQJ
14:58:15,9.3e-06,starting REDSVD
14:58:15,3.81e-05,retrieving REDSVD components
14:58:15,1.39e-05,trimming REDSVD components to 8elements
14:58:15,1.17e-05,done REDSVD
14:58:15,9.4e-06,SVD factorization complete
14:58:15,0.0002222,commencing linear algebra multiplication to compute upgrade
14:58:15,1.25e-05,S info: rows = 9: cols = 9: size = 81: nonzeros = 9Vt info: rows = 8: cols = 9: size = 72: nonzeros = 72
14:58:15,1.14e-05,U info: rows = 9: cols = 8: size = 72: nonzeros = 72
14:58:15,1.13e-05,jac info: rows = 156: cols = 9: size = 1404: nonzeros = 1320
14:58:15,7.75e-05,linear algebra multiplication to compute upgrade complete
14:58:15,2.83e-05,commencing check of parameter bounds
14:58:15,1.53e-05,limiting out of bounds pars
14:58:15,1.91e-05,change limit/bound enforcement for lambda 1000: , scaling factor: 1
14:58:15,9.9e-06,checking for denormal floating point values
14:58:15,1.02e-05,transforming upgrade pars to model pars
14:58:15,1e-05,writing upgrade vector to csv file
14:58:15,0.0009242,LinearAnalysis::glm_iter_fosm
14:58:15,9.87e-05,starting FOSM uncertainty analyses for iteration 3
14:58:15,0.0028836,loading obscov
14:58:15,6.47e-05,loading parcov
14:58:15,3.74e-05,set_predictions
14:58:15,5.31e-05,parameter fosm calcs
14:58:15,1.13e-05,LinearAnalysis::calc_posterior
14:58:15,1.08e-05,LinearAnalysis::align
14:58:15,0.0001924,LinearAnalysis::prior_prediction_variance()::invert obscov
14:58:15,1.5e-05,inverting diagonal matrix in place
14:58:15,2.04e-05,LinearAnalysis::calc_posterior() form JtQJ
14:58:15,0.0001472,LinearAnalysis::calc_posterior() invert prior parcov
14:58:15,3.06e-05,LinearAnalysis::calc_posterior() form posterior parcov
14:58:15,1.85e-05,LinearAnalysis::calc_posterior() invert posterior parcov
14:58:15,1.07e-05,inverting non-diagonal matrix in place
15:47:19,2943.78,completed iteration 4
15:47:19,0.0148627,beginning iteration 5
15:47:19,0.0001148,commencing to build jacobian parameter sets
15:47:19,0.0043569,jacobian parameter sets built, commencing model runs
16:56:16,4136.84,jacobian runs complete, processing runs
16:56:16,0.0021565,processing jacobian runs complete
16:56:16,1.17e-05,saving jacobian and sen files
16:56:16,0.0028169,commencing calculation of upgrade vector
16:56:16,0.0004171,forming JtQJ matrix
16:56:16,6.84e-05,commencing to scale JtQJ matrix- first SVD...
16:56:16,9.4e-06,starting REDSVD
16:56:16,3.89e-05,retrieving REDSVD components
16:56:16,9.5e-06,trimming REDSVD components to 8elements
16:56:16,6.9e-06,done REDSVD
16:56:16,1.42e-05,S info: rows = 10: cols = 10: size = 100: nonzeros = 10
16:56:16,5.1e-06,JS
16:56:16,1.58e-05,JS.transpose() * q_mat * JS + lambda * S.transpose() * S
16:56:16,5.3e-05,S info: rows = 10: cols = 10: size = 100: nonzeros = 10
16:56:16,5.9e-06,commencing SVD factorization of lambda-scaled JtQJ
16:56:16,4.9e-06,starting REDSVD
16:56:16,2.44e-05,retrieving REDSVD components
16:56:16,8.2e-06,trimming REDSVD components to 7elements
16:56:16,7.4e-06,done REDSVD
16:56:16,5.5e-06,SVD factorization complete
16:56:16,0.0001341,commencing linear algebra multiplication to compute upgrade
16:56:16,7.7e-06,S info: rows = 10: cols = 10: size = 100: nonzeros = 10Vt info: rows = 7: cols = 10: size = 70: nonzeros = 70
16:56:16,6.3e-06,U info: rows = 10: cols = 7: size = 70: nonzeros = 70
16:56:16,5.9e-06,jac info: rows = 156: cols = 10: size = 1560: nonzeros = 1473
16:56:16,5.63e-05,linear algebra multiplication to compute upgrade complete
16:56:16,4.06e-05,commencing check of parameter bounds and gradients
16:56:16,0.0010045,beginning upgrade vector calculations, lambda = 0.01
16:56:16,8.44e-05,commencing calculation of upgrade vector
16:56:16,0.0003786,forming JtQJ matrix
16:56:16,0.0001038,commencing to scale JtQJ matrix- first SVD...
16:56:16,2.07e-05,starting REDSVD
16:56:16,4.63e-05,retrieving REDSVD components
16:56:16,1.56e-05,trimming REDSVD components to 8elements
16:56:16,7.7e-06,done REDSVD
16:56:16,1.32e-05,S info: rows = 10: cols = 10: size = 100: nonzeros = 10
16:56:16,4.9e-06,JS
16:56:16,3.43e-05,JS.transpose() * q_mat * JS + lambda * S.transpose() * S
16:56:16,6.54e-05,S info: rows = 10: cols = 10: size = 100: nonzeros = 10
16:56:16,6.2e-06,commencing SVD factorization of lambda-scaled JtQJ
16:56:16,4.7e-06,starting REDSVD
16:56:16,3.07e-05,retrieving REDSVD components
16:56:16,8.2e-06,trimming REDSVD components to 7elements
16:56:16,6.2e-06,done REDSVD
16:56:16,4.9e-06,SVD factorization complete
16:56:16,0.0001075,commencing linear algebra multiplication to compute upgrade
16:56:16,6.3e-06,S info: rows = 10: cols = 10: size = 100: nonzeros = 10Vt info: rows = 7: cols = 10: size = 70: nonzeros = 70
16:56:16,6e-06,U info: rows = 10: cols = 7: size = 70: nonzeros = 70
16:56:16,9.4e-06,jac info: rows = 156: cols = 10: size = 1560: nonzeros = 1473
16:56:16,5.09e-05,linear algebra multiplication to compute upgrade complete
16:56:16,2.61e-05,commencing check of parameter bounds and gradients
16:56:16,9.4e-06,commencing calculation of upgrade vector
16:56:16,0.0003001,forming JtQJ matrix
16:56:16,6.41e-05,commencing to scale JtQJ matrix- first SVD...
16:56:16,6.7e-06,starting REDSVD
16:56:16,2.6e-05,retrieving REDSVD components
16:56:16,8.1e-06,trimming REDSVD components to 8elements
16:56:16,6.1e-06,done REDSVD
16:56:16,1.17e-05,S info: rows = 10: cols = 10: size = 100: nonzeros = 10
16:56:16,4.8e-06,JS
16:56:16,3.88e-05,JS.transpose() * q_mat * JS + lambda * S.transpose() * S
16:56:16,6.43e-05,S info: rows = 10: cols = 10: size = 100: nonzeros = 10
16:56:16,6.4e-06,commencing SVD factorization of lambda-scaled JtQJ
16:56:16,4.7e-06,starting REDSVD
16:56:16,3e-05,retrieving REDSVD components
16:56:16,8.1e-06,trimming REDSVD components to 7elements
16:56:16,6e-06,done REDSVD
16:56:16,4.8e-06,SVD factorization complete
16:56:16,0.0001035,commencing linear algebra multiplication to compute upgrade
16:56:16,6.2e-06,S info: rows = 10: cols = 10: size = 100: nonzeros = 10Vt info: rows = 7: cols = 10: size = 70: nonzeros = 70
16:56:16,5.9e-06,U info: rows = 10: cols = 7: size = 70: nonzeros = 70
16:56:16,5.7e-06,jac info: rows = 156: cols = 10: size = 1560: nonzeros = 1473
16:56:16,4.64e-05,linear algebra multiplication to compute upgrade complete
16:56:16,4.35e-05,commencing check of parameter bounds
16:56:16,1.8e-05,limiting out of bounds pars
16:56:16,1.37e-05,change limit/bound enforcement for lambda 0.01: , scaling factor: 1
16:56:16,5.9e-06,checking for denormal floating point values
16:56:16,5.9e-06,transforming upgrade pars to model pars
16:56:16,5.6e-06,writing upgrade vector to csv file
16:56:16,0.0006425,beginning upgrade vector calculations, lambda = 0.1
16:56:16,8e-05,commencing calculation of upgrade vector
16:56:16,0.0002854,forming JtQJ matrix
16:56:16,5.6e-05,commencing to scale JtQJ matrix- first SVD...
16:56:16,6.7e-06,starting REDSVD
16:56:16,2.64e-05,retrieving REDSVD components
16:56:16,8.8e-06,trimming REDSVD components to 8elements
16:56:16,6.2e-06,done REDSVD
16:56:16,1.16e-05,S info: rows = 10: cols = 10: size = 100: nonzeros = 10
16:56:16,4.7e-06,JS
16:56:16,3.35e-05,JS.transpose() * q_mat * JS + lambda * S.transpose() * S
16:56:16,6.42e-05,S info: rows = 10: cols = 10: size = 100: nonzeros = 10
16:56:16,6.2e-06,commencing SVD factorization of lambda-scaled JtQJ
16:56:16,4.6e-06,starting REDSVD
16:56:16,2.86e-05,retrieving REDSVD components
16:56:16,7.8e-06,trimming REDSVD components to 9elements
16:56:16,6.5e-06,done REDSVD
16:56:16,4.8e-06,SVD factorization complete
16:56:16,0.0001226,commencing linear algebra multiplication to compute upgrade
16:56:16,6.3e-06,S info: rows = 10: cols = 10: size = 100: nonzeros = 10Vt info: rows = 9: cols = 10: size = 90: nonzeros = 90
16:56:16,5.9e-06,U info: rows = 10: cols = 9: size = 90: nonzeros = 90
16:56:16,5.8e-06,jac info: rows = 156: cols = 10: size = 1560: nonzeros = 1473
16:56:16,5.08e-05,linear algebra multiplication to compute upgrade complete
16:56:16,3.04e-05,commencing check of parameter bounds and gradients
16:56:16,8.6e-06,commencing calculation of upgrade vector
16:56:16,0.0004113,forming JtQJ matrix
16:56:16,5.34e-05,commencing to scale JtQJ matrix- first SVD...
16:56:16,7.4e-06,starting REDSVD
16:56:16,2.43e-05,retrieving REDSVD components
16:56:16,8.5e-06,trimming REDSVD components to 7elements
16:56:16,6.6e-06,done REDSVD
16:56:16,1.11e-05,S info: rows = 9: cols = 9: size = 81: nonzeros = 9
16:56:16,5.2e-06,JS
16:56:16,1.46e-05,JS.transpose() * q_mat * JS + lambda * S.transpose() * S
16:56:16,5.19e-05,S info: rows = 9: cols = 9: size = 81: nonzeros = 9
16:56:16,5.9e-06,commencing SVD factorization of lambda-scaled JtQJ
16:56:16,4.6e-06,starting REDSVD
16:56:16,2.2e-05,retrieving REDSVD components
16:56:16,7.5e-06,trimming REDSVD components to 8elements
16:56:16,8.6e-06,done REDSVD
16:56:16,6.2e-06,SVD factorization complete
16:56:16,0.0001102,commencing linear algebra multiplication to compute upgrade
16:56:16,6.5e-06,S info: rows = 9: cols = 9: size = 81: nonzeros = 9Vt info: rows = 8: cols = 9: size = 72: nonzeros = 72
16:56:16,5.9e-06,U info: rows = 9: cols = 8: size = 72: nonzeros = 72
16:56:16,5.8e-06,jac info: rows = 156: cols = 9: size = 1404: nonzeros = 1322
16:56:16,5.33e-05,linear algebra multiplication to compute upgrade complete
16:56:16,1.7e-05,commencing check of parameter bounds
16:56:16,6.9e-06,limiting out of bounds pars
16:56:16,9.9e-06,change limit/bound enforcement for lambda 0.1: , scaling factor: 1
16:56:16,5.3e-06,checking for denormal floating point values
16:56:16,5.6e-06,transforming upgrade pars to model pars
16:56:16,5.3e-06,writing upgrade vector to csv file
16:56:16,0.0004872,beginning upgrade vector calculations, lambda = 1
16:56:16,8.33e-05,commencing calculation of upgrade vector
16:56:16,0.0003865,forming JtQJ matrix
16:56:16,7.36e-05,commencing to scale JtQJ matrix- first SVD...
16:56:16,9.8e-06,starting REDSVD
16:56:16,3.93e-05,retrieving REDSVD components
16:56:16,2.12e-05,trimming REDSVD components to 8elements
16:56:16,1.05e-05,done REDSVD
16:56:16,1.61e-05,S info: rows = 10: cols = 10: size = 100: nonzeros = 10
16:56:16,6e-06,JS
16:56:16,4.21e-05,JS.transpose() * q_mat * JS + lambda * S.transpose() * S
16:56:16,8.15e-05,S info: rows = 10: cols = 10: size = 100: nonzeros = 10
16:56:16,1.37e-05,commencing SVD factorization of lambda-scaled JtQJ
16:56:16,9.3e-06,starting REDSVD
16:56:16,4.94e-05,retrieving REDSVD components
16:56:16,1.35e-05,trimming REDSVD components to 9elements
16:56:16,9.8e-06,done REDSVD
16:56:16,7.4e-06,SVD factorization complete
16:56:16,0.0001992,commencing linear algebra multiplication to compute upgrade
16:56:16,1.14e-05,S info: rows = 10: cols = 10: size = 100: nonzeros = 10Vt info: rows = 9: cols = 10: size = 90: nonzeros = 90
16:56:16,9.6e-06,U info: rows = 10: cols = 9: size = 90: nonzeros = 90
16:56:16,9.2e-06,jac info: rows = 156: cols = 10: size = 1560: nonzeros = 1473
16:56:16,5.68e-05,linear algebra multiplication to compute upgrade complete
16:56:16,1.91e-05,commencing check of parameter bounds and gradients
16:56:16,7.8e-06,commencing calculation of upgrade vector
16:56:16,0.0004572,forming JtQJ matrix
16:56:16,5.01e-05,commencing to scale JtQJ matrix- first SVD...
16:56:16,6.6e-06,starting REDSVD
16:56:16,2.33e-05,retrieving REDSVD components
16:56:16,7.9e-06,trimming REDSVD components to 7elements
16:56:16,6.2e-06,done REDSVD
16:56:16,1.17e-05,S info: rows = 9: cols = 9: size = 81: nonzeros = 9
16:56:16,4.6e-06,JS
16:56:16,1.42e-05,JS.transpose() * q_mat * JS + lambda * S.transpose() * S
16:56:16,7.45e-05,S info: rows = 9: cols = 9: size = 81: nonzeros = 9
16:56:16,2.09e-05,commencing SVD factorization of lambda-scaled JtQJ
16:56:16,9.8e-06,starting REDSVD
16:56:16,3.74e-05,retrieving REDSVD components
16:56:16,1.31e-05,trimming REDSVD components to 8elements
16:56:16,1.03e-05,done REDSVD
16:56:16,8.1e-06,SVD factorization complete
16:56:16,0.000142,commencing linear algebra multiplication to compute upgrade
16:56:16,7.7e-06,S info: rows = 9: cols = 9: size = 81: nonzeros = 9Vt info: rows = 8: cols = 9: size = 72: nonzeros = 72
16:56:16,6.2e-06,U info: rows = 9: cols = 8: size = 72: nonzeros = 72
16:56:16,5.7e-06,jac info: rows = 156: cols = 9: size = 1404: nonzeros = 1322
16:56:16,5.8e-05,linear algebra multiplication to compute upgrade complete
16:56:16,1.67e-05,commencing check of parameter bounds
16:56:16,7.3e-06,limiting out of bounds pars
16:56:16,1.03e-05,change limit/bound enforcement for lambda 1: , scaling factor: 1
16:56:16,5.4e-06,checking for denormal floating point values
16:56:16,5.7e-06,transforming upgrade pars to model pars
16:56:16,5.6e-06,writing upgrade vector to csv file
16:56:16,0.000664,beginning upgrade vector calculations, lambda = 10
16:56:16,8.46e-05,commencing calculation of upgrade vector
16:56:16,0.0003262,forming JtQJ matrix
16:56:16,6.41e-05,commencing to scale JtQJ matrix- first SVD...
16:56:16,7.2e-06,starting REDSVD
16:56:16,2.85e-05,retrieving REDSVD components
16:56:16,9e-06,trimming REDSVD components to 8elements
16:56:16,6.3e-06,done REDSVD
16:56:16,1.24e-05,S info: rows = 10: cols = 10: size = 100: nonzeros = 10
16:56:16,4.7e-06,JS
16:56:16,3.26e-05,JS.transpose() * q_mat * JS + lambda * S.transpose() * S
16:56:16,6.86e-05,S info: rows = 10: cols = 10: size = 100: nonzeros = 10
16:56:16,6.2e-06,commencing SVD factorization of lambda-scaled JtQJ
16:56:16,4.7e-06,starting REDSVD
16:56:16,3.05e-05,retrieving REDSVD components
16:56:16,7.8e-06,trimming REDSVD components to 9elements
16:56:16,6.6e-06,done REDSVD
16:56:16,4.7e-06,SVD factorization complete
16:56:16,0.0001185,commencing linear algebra multiplication to compute upgrade
16:56:16,6.2e-06,S info: rows = 10: cols = 10: size = 100: nonzeros = 10Vt info: rows = 9: cols = 10: size = 90: nonzeros = 90
16:56:16,5.9e-06,U info: rows = 10: cols = 9: size = 90: nonzeros = 90
16:56:16,5.8e-06,jac info: rows = 156: cols = 10: size = 1560: nonzeros = 1473
16:56:16,4.52e-05,linear algebra multiplication to compute upgrade complete
16:56:16,2.42e-05,commencing check of parameter bounds and gradients
16:56:16,8e-06,commencing calculation of upgrade vector
16:56:16,0.0003679,forming JtQJ matrix
16:56:16,4.7e-05,commencing to scale JtQJ matrix- first SVD...
16:56:16,6e-06,starting REDSVD
16:56:16,2.17e-05,retrieving REDSVD components
16:56:16,7.3e-06,trimming REDSVD components to 7elements
16:56:16,5.9e-06,done REDSVD
16:56:16,1.04e-05,S info: rows = 9: cols = 9: size = 81: nonzeros = 9
16:56:16,4.9e-06,JS
16:56:16,1.45e-05,JS.transpose() * q_mat * JS + lambda * S.transpose() * S
16:56:16,4.77e-05,S info: rows = 9: cols = 9: size = 81: nonzeros = 9
16:56:16,5.7e-06,commencing SVD factorization of lambda-scaled JtQJ
16:56:16,4.5e-06,starting REDSVD
16:56:16,2.34e-05,retrieving REDSVD components
16:56:16,7.2e-06,trimming REDSVD components to 8elements
16:56:16,5.9e-06,done REDSVD
16:56:16,4.7e-06,SVD factorization complete
16:56:16,0.0001114,commencing linear algebra multiplication to compute upgrade
16:56:16,6.5e-06,S info: rows = 9: cols = 9: size = 81: nonzeros = 9Vt info: rows = 8: cols = 9: size = 72: nonzeros = 72
16:56:16,5.9e-06,U info: rows = 9: cols = 8: size = 72: nonzeros = 72
16:56:16,5.7e-06,jac info: rows = 156: cols = 9: size = 1404: nonzeros = 1322
16:56:16,5.22e-05,linear algebra multiplication to compute upgrade complete
16:56:16,1.66e-05,commencing check of parameter bounds
16:56:16,7.1e-06,limiting out of bounds pars
16:56:16,9.7e-06,change limit/bound enforcement for lambda 10: , scaling factor: 1
16:56:16,5.3e-06,checking for denormal floating point values
16:56:16,5.5e-06,transforming upgrade pars to model pars
16:56:16,5.2e-06,writing upgrade vector to csv file
16:56:16,0.0005416,beginning upgrade vector calculations, lambda = 100
16:56:16,7.97e-05,commencing calculation of upgrade vector
16:56:16,0.0003083,forming JtQJ matrix
16:56:16,5.82e-05,commencing to scale JtQJ matrix- first SVD...
16:56:16,6.6e-06,starting REDSVD
16:56:16,2.58e-05,retrieving REDSVD components
16:56:16,8.3e-06,trimming REDSVD components to 8elements
16:56:16,6.2e-06,done REDSVD
16:56:16,1.15e-05,S info: rows = 10: cols = 10: size = 100: nonzeros = 10
16:56:16,4.7e-06,JS
16:56:16,3e-05,JS.transpose() * q_mat * JS + lambda * S.transpose() * S
16:56:16,5.56e-05,S info: rows = 10: cols = 10: size = 100: nonzeros = 10
16:56:16,5.6e-06,commencing SVD factorization of lambda-scaled JtQJ
16:56:16,4.6e-06,starting REDSVD
16:56:16,2.65e-05,retrieving REDSVD components
16:56:16,7.5e-06,trimming REDSVD components to 9elements
16:56:16,6.3e-06,done REDSVD
16:56:16,4.6e-06,SVD factorization complete
16:56:16,0.0001183,commencing linear algebra multiplication to compute upgrade
16:56:16,6.2e-06,S info: rows = 10: cols = 10: size = 100: nonzeros = 10Vt info: rows = 9: cols = 10: size = 90: nonzeros = 90
16:56:16,8.1e-06,U info: rows = 10: cols = 9: size = 90: nonzeros = 90
16:56:16,7.2e-06,jac info: rows = 156: cols = 10: size = 1560: nonzeros = 1473
16:56:16,5.79e-05,linear algebra multiplication to compute upgrade complete
16:56:16,1.68e-05,commencing check of parameter bounds and gradients
16:56:16,7.4e-06,commencing calculation of upgrade vector
16:56:16,0.0002863,forming JtQJ matrix
16:56:16,5.45e-05,commencing to scale JtQJ matrix- first SVD...
16:56:16,6.1e-06,starting REDSVD
16:56:16,2.33e-05,retrieving REDSVD components
16:56:16,7.5e-06,trimming REDSVD components to 8elements
16:56:16,6e-06,done REDSVD
16:56:16,1.09e-05,S info: rows = 10: cols = 10: size = 100: nonzeros = 10
16:56:16,4.5e-06,JS
16:56:16,3.34e-05,JS.transpose() * q_mat * JS + lambda * S.transpose() * S
16:56:16,6.26e-05,S info: rows = 10: cols = 10: size = 100: nonzeros = 10
16:56:16,5.8e-06,commencing SVD factorization of lambda-scaled JtQJ
16:56:16,4.6e-06,starting REDSVD
16:56:16,2.64e-05,retrieving REDSVD components
16:56:16,7.5e-06,trimming REDSVD components to 9elements
16:56:16,6.3e-06,done REDSVD
16:56:16,4.7e-06,SVD factorization complete
16:56:16,0.0001203,commencing linear algebra multiplication to compute upgrade
16:56:16,6.2e-06,S info: rows = 10: cols = 10: size = 100: nonzeros = 10Vt info: rows = 9: cols = 10: size = 90: nonzeros = 90
16:56:16,5.9e-06,U info: rows = 10: cols = 9: size = 90: nonzeros = 90
16:56:16,5.7e-06,jac info: rows = 156: cols = 10: size = 1560: nonzeros = 1473
16:56:16,4.62e-05,linear algebra multiplication to compute upgrade complete
16:56:16,2.39e-05,commencing check of parameter bounds
16:56:16,7.2e-06,limiting out of bounds pars
16:56:16,9.5e-06,change limit/bound enforcement for lambda 100: , scaling factor: 1
16:56:16,5.2e-06,checking for denormal floating point values
16:56:16,5.5e-06,transforming upgrade pars to model pars
16:56:16,5.2e-06,writing upgrade vector to csv file
16:56:16,0.0005182,beginning upgrade vector calculations, lambda = 1000
16:56:16,7.7e-05,commencing calculation of upgrade vector
16:56:16,0.0003108,forming JtQJ matrix
16:56:16,5.54e-05,commencing to scale JtQJ matrix- first SVD...
16:56:16,7.2e-06,starting REDSVD
16:56:16,2.43e-05,retrieving REDSVD components
16:56:16,8.4e-06,trimming REDSVD components to 8elements
16:56:16,6.2e-06,done REDSVD
16:56:16,1.11e-05,S info: rows = 10: cols = 10: size = 100: nonzeros = 10
16:56:16,4.7e-06,JS
16:56:16,3.28e-05,JS.transpose() * q_mat * JS + lambda * S.transpose() * S
16:56:16,6.18e-05,S info: rows = 10: cols = 10: size = 100: nonzeros = 10
16:56:16,6e-06,commencing SVD factorization of lambda-scaled JtQJ
16:56:16,5e-06,starting REDSVD
16:56:16,2.83e-05,retrieving REDSVD components
16:56:16,7.5e-06,trimming REDSVD components to 9elements
16:56:16,6.4e-06,done REDSVD
16:56:16,4.7e-06,SVD factorization complete
16:56:16,0.0001168,commencing linear algebra multiplication to compute upgrade
16:56:16,6.2e-06,S info: rows = 10: cols = 10: size = 100: nonzeros = 10Vt info: rows = 9: cols = 10: size = 90: nonzeros = 90
16:56:16,5.8e-06,U info: rows = 10: cols = 9: size = 90: nonzeros = 90
16:56:16,5.7e-06,jac info: rows = 156: cols = 10: size = 1560: nonzeros = 1473
16:56:16,4.67e-05,linear algebra multiplication to compute upgrade complete
16:56:16,2.64e-05,commencing check of parameter bounds and gradients
16:56:16,7.8e-06,commencing calculation of upgrade vector
16:56:16,0.0002819,forming JtQJ matrix
16:56:16,5.59e-05,commencing to scale JtQJ matrix- first SVD...
16:56:16,6e-06,starting REDSVD
16:56:16,2.33e-05,retrieving REDSVD components
16:56:16,7.5e-06,trimming REDSVD components to 8elements
16:56:16,5.9e-06,done REDSVD
16:56:16,1.06e-05,S info: rows = 10: cols = 10: size = 100: nonzeros = 10
16:56:16,4.8e-06,JS
16:56:16,3.46e-05,JS.transpose() * q_mat * JS + lambda * S.transpose() * S
16:56:16,6.02e-05,S info: rows = 10: cols = 10: size = 100: nonzeros = 10
16:56:16,6e-06,commencing SVD factorization of lambda-scaled JtQJ
16:56:16,4.5e-06,starting REDSVD
16:56:16,3.05e-05,retrieving REDSVD components
16:56:16,8.8e-06,trimming REDSVD components to 9elements
16:56:16,6.5e-06,done REDSVD
16:56:16,4.7e-06,SVD factorization complete
16:56:16,0.0001177,commencing linear algebra multiplication to compute upgrade
16:56:16,6.2e-06,S info: rows = 10: cols = 10: size = 100: nonzeros = 10Vt info: rows = 9: cols = 10: size = 90: nonzeros = 90
16:56:16,7.2e-06,U info: rows = 10: cols = 9: size = 90: nonzeros = 90
16:56:16,9.4e-06,jac info: rows = 156: cols = 10: size = 1560: nonzeros = 1473
16:56:16,5.21e-05,linear algebra multiplication to compute upgrade complete
16:56:16,1.46e-05,commencing check of parameter bounds
16:56:16,6.4e-06,limiting out of bounds pars
16:56:16,9.1e-06,change limit/bound enforcement for lambda 1000: , scaling factor: 1
16:56:16,5.1e-06,checking for denormal floating point values
16:56:16,5.5e-06,transforming upgrade pars to model pars
16:56:16,5.4e-06,writing upgrade vector to csv file
16:56:16,0.0008635,LinearAnalysis::glm_iter_fosm
16:56:16,8.94e-05,starting FOSM uncertainty analyses for iteration 4
16:56:16,0.0022612,loading obscov
16:56:16,5.15e-05,loading parcov
16:56:16,2.85e-05,set_predictions
16:56:16,4.63e-05,parameter fosm calcs
16:56:16,8.5e-06,LinearAnalysis::calc_posterior
16:56:16,7.3e-06,LinearAnalysis::align
16:56:16,0.0001818,LinearAnalysis::prior_prediction_variance()::invert obscov
16:56:16,1.59e-05,inverting diagonal matrix in place
16:56:16,2.09e-05,LinearAnalysis::calc_posterior() form JtQJ
16:56:16,0.0001267,LinearAnalysis::calc_posterior() invert prior parcov
16:56:16,2.43e-05,LinearAnalysis::calc_posterior() form posterior parcov
16:56:16,1.35e-05,LinearAnalysis::calc_posterior() invert posterior parcov
16:56:16,7.3e-06,inverting non-diagonal matrix in place
17:39:16,2579.62,completed iteration 5
17:39:16,0.0187541,FOSM-based posterior unc calcs
17:39:16,0.0001538,starting FOSM uncertainty analyses for iteration -999
17:39:16,0.0025272,loading obscov
17:39:16,7.88e-05,loading parcov
17:39:16,4.14e-05,set_predictions
17:39:16,4.92e-05,parameter fosm calcs
17:39:16,8.5e-06,LinearAnalysis::calc_posterior
17:39:16,7.1e-06,LinearAnalysis::align
17:39:16,0.0001854,LinearAnalysis::prior_prediction_variance()::invert obscov
17:39:16,1.13e-05,inverting diagonal matrix in place
17:39:16,1.86e-05,LinearAnalysis::calc_posterior() form JtQJ
17:39:16,0.0001458,LinearAnalysis::calc_posterior() invert prior parcov
17:39:16,3.01e-05,LinearAnalysis::calc_posterior() form posterior parcov
17:39:16,1.87e-05,LinearAnalysis::calc_posterior() invert posterior parcov
17:39:16,8.1e-06,inverting non-diagonal matrix in place
