time,elapsed_seconds,message
01:11:51,5.6e-05,PEST++ performance logger started
01:11:51,0.0008388,starting to process control file
01:11:51,0.0100221,finished processing control file
01:11:51,0.0039856,starting basic model IO error checking
01:11:51,0.0010234,finished basic model IO error checking
01:11:51,0.0001804,loading parcov
01:11:51,0.0015343,beginning iteration 1
01:11:51,8.17e-05,commencing to build jacobian parameter sets
01:11:51,0.0015065,jacobian parameter sets built, commencing model runs
01:24:20,749.121,jacobian runs complete, processing runs
01:24:20,0.0003569,processing jacobian runs complete
01:24:20,2.26e-05,saving jacobian and sen files
01:24:20,0.0034723,commencing calculation of upgrade vector
01:24:20,0.0005295,forming JtQJ matrix
01:24:20,8.06e-05,commencing to scale JtQJ matrix- first SVD...
01:24:20,2e-05,starting REDSVD
01:24:20,5.85e-05,retrieving REDSVD components
01:24:20,1.41e-05,trimming REDSVD components to 7elements
01:24:20,1.08e-05,done REDSVD
01:24:20,2.15e-05,S info: rows = 8: cols = 8: size = 64: nonzeros = 8
01:24:20,6.5e-06,JS
01:24:20,1.7e-05,JS.transpose() * q_mat * JS + lambda * S.transpose() * S
01:24:20,5.3e-05,S info: rows = 8: cols = 8: size = 64: nonzeros = 8
01:24:20,7.1e-06,commencing SVD factorization of lambda-scaled JtQJ
01:24:20,7.6e-06,starting REDSVD
01:24:20,2.6e-05,retrieving REDSVD components
01:24:20,1.04e-05,trimming REDSVD components to 6elements
01:24:20,8.5e-06,done REDSVD
01:24:20,6.3e-06,SVD factorization complete
01:24:20,0.0002974,commencing linear algebra multiplication to compute upgrade
01:24:20,9.1e-06,S info: rows = 8: cols = 8: size = 64: nonzeros = 8Vt info: rows = 6: cols = 8: size = 48: nonzeros = 48
01:24:20,7.2e-06,U info: rows = 8: cols = 6: size = 48: nonzeros = 48
01:24:20,6e-06,jac info: rows = 156: cols = 8: size = 1248: nonzeros = 1152
01:24:20,6.7e-05,linear algebra multiplication to compute upgrade complete
01:24:20,2.38e-05,commencing check of parameter bounds and gradients
01:24:20,0.0011523,beginning upgrade vector calculations, lambda = 0.1
01:24:20,0.0001106,commencing calculation of upgrade vector
01:24:20,0.0004188,forming JtQJ matrix
01:24:20,6.83e-05,commencing to scale JtQJ matrix- first SVD...
01:24:20,8e-06,starting REDSVD
01:24:20,2.86e-05,retrieving REDSVD components
01:24:20,9.6e-06,trimming REDSVD components to 7elements
01:24:20,7.8e-06,done REDSVD
01:24:20,1.32e-05,S info: rows = 8: cols = 8: size = 64: nonzeros = 8
01:24:20,4.9e-06,JS
01:24:20,2.13e-05,JS.transpose() * q_mat * JS + lambda * S.transpose() * S
01:24:20,5.29e-05,S info: rows = 8: cols = 8: size = 64: nonzeros = 8
01:24:20,6.2e-06,commencing SVD factorization of lambda-scaled JtQJ
01:24:20,4.9e-06,starting REDSVD
01:24:20,1.95e-05,retrieving REDSVD components
01:24:20,7.9e-06,trimming REDSVD components to 7elements
01:24:20,7.5e-06,done REDSVD
01:24:20,5.5e-06,SVD factorization complete
01:24:20,9.98e-05,commencing linear algebra multiplication to compute upgrade
01:24:20,6.8e-06,S info: rows = 8: cols = 8: size = 64: nonzeros = 8Vt info: rows = 7: cols = 8: size = 56: nonzeros = 56
01:24:20,6e-06,U info: rows = 8: cols = 7: size = 56: nonzeros = 56
01:24:20,6e-06,jac info: rows = 156: cols = 8: size = 1248: nonzeros = 1152
01:24:20,5.07e-05,linear algebra multiplication to compute upgrade complete
01:24:20,2.27e-05,commencing check of parameter bounds and gradients
01:24:20,8.8e-06,commencing calculation of upgrade vector
01:24:20,0.0002986,forming JtQJ matrix
01:24:20,5.31e-05,commencing to scale JtQJ matrix- first SVD...
01:24:20,6.2e-06,starting REDSVD
01:24:20,1.96e-05,retrieving REDSVD components
01:24:20,7.6e-06,trimming REDSVD components to 7elements
01:24:20,7.3e-06,done REDSVD
01:24:20,1.15e-05,S info: rows = 8: cols = 8: size = 64: nonzeros = 8
01:24:20,5.3e-06,JS
01:24:20,2.11e-05,JS.transpose() * q_mat * JS + lambda * S.transpose() * S
01:24:20,4.69e-05,S info: rows = 8: cols = 8: size = 64: nonzeros = 8
01:24:20,6.4e-06,commencing SVD factorization of lambda-scaled JtQJ
01:24:20,3.52e-05,starting REDSVD
01:24:20,2.48e-05,retrieving REDSVD components
01:24:20,9.6e-06,trimming REDSVD components to 7elements
01:24:20,6.8e-06,done REDSVD
01:24:20,5e-06,SVD factorization complete
01:24:20,9.7e-05,commencing linear algebra multiplication to compute upgrade
01:24:20,6.7e-06,S info: rows = 8: cols = 8: size = 64: nonzeros = 8Vt info: rows = 7: cols = 8: size = 56: nonzeros = 56
01:24:20,6.3e-06,U info: rows = 8: cols = 7: size = 56: nonzeros = 56
01:24:20,6.1e-06,jac info: rows = 156: cols = 8: size = 1248: nonzeros = 1152
01:24:20,5.01e-05,linear algebra multiplication to compute upgrade complete
01:24:20,2.22e-05,commencing check of parameter bounds
01:24:20,7.1e-06,limiting out of bounds pars
01:24:20,1.51e-05,change limit/bound enforcement for lambda 0.1: , scaling factor: 1
01:24:20,5.5e-06,checking for denormal floating point values
01:24:20,5.5e-06,transforming upgrade pars to model pars
01:24:20,5.6e-06,writing upgrade vector to csv file
01:24:20,0.0003906,beginning upgrade vector calculations, lambda = 1
01:24:20,8.56e-05,commencing calculation of upgrade vector
01:24:20,0.0003236,forming JtQJ matrix
01:24:20,5.69e-05,commencing to scale JtQJ matrix- first SVD...
01:24:20,8.8e-06,starting REDSVD
01:24:20,2.71e-05,retrieving REDSVD components
01:24:20,1.08e-05,trimming REDSVD components to 7elements
01:24:20,9e-06,done REDSVD
01:24:20,1.57e-05,S info: rows = 8: cols = 8: size = 64: nonzeros = 8
01:24:20,6.3e-06,JS
01:24:20,1.67e-05,JS.transpose() * q_mat * JS + lambda * S.transpose() * S
01:24:20,5.09e-05,S info: rows = 8: cols = 8: size = 64: nonzeros = 8
01:24:20,6.9e-06,commencing SVD factorization of lambda-scaled JtQJ
01:24:20,6e-06,starting REDSVD
01:24:20,2.42e-05,retrieving REDSVD components
01:24:20,9.7e-06,trimming REDSVD components to 7elements
01:24:20,9e-06,done REDSVD
01:24:20,6.6e-06,SVD factorization complete
01:24:20,0.0001636,commencing linear algebra multiplication to compute upgrade
01:24:20,9.6e-06,S info: rows = 8: cols = 8: size = 64: nonzeros = 8Vt info: rows = 7: cols = 8: size = 56: nonzeros = 56
01:24:20,8e-06,U info: rows = 8: cols = 7: size = 56: nonzeros = 56
01:24:20,7.4e-06,jac info: rows = 156: cols = 8: size = 1248: nonzeros = 1152
01:24:20,7.67e-05,linear algebra multiplication to compute upgrade complete
01:24:20,2.2e-05,commencing check of parameter bounds and gradients
01:24:20,1.02e-05,commencing calculation of upgrade vector
01:24:20,0.0003427,forming JtQJ matrix
01:24:20,5.23e-05,commencing to scale JtQJ matrix- first SVD...
01:24:20,7.5e-06,starting REDSVD
01:24:20,2.52e-05,retrieving REDSVD components
01:24:20,9.8e-06,trimming REDSVD components to 7elements
01:24:20,8.7e-06,done REDSVD
01:24:20,1.18e-05,S info: rows = 8: cols = 8: size = 64: nonzeros = 8
01:24:20,5.4e-06,JS
01:24:20,2.13e-05,JS.transpose() * q_mat * JS + lambda * S.transpose() * S
01:24:20,4.27e-05,S info: rows = 8: cols = 8: size = 64: nonzeros = 8
01:24:20,6e-06,commencing SVD factorization of lambda-scaled JtQJ
01:24:20,5.2e-06,starting REDSVD
01:24:20,1.96e-05,retrieving REDSVD components
01:24:20,8.4e-06,trimming REDSVD components to 7elements
01:24:20,6.5e-06,done REDSVD
01:24:20,5e-06,SVD factorization complete
01:24:20,9.76e-05,commencing linear algebra multiplication to compute upgrade
01:24:20,6.8e-06,S info: rows = 8: cols = 8: size = 64: nonzeros = 8Vt info: rows = 7: cols = 8: size = 56: nonzeros = 56
01:24:20,6.2e-06,U info: rows = 8: cols = 7: size = 56: nonzeros = 56
01:24:20,6.2e-06,jac info: rows = 156: cols = 8: size = 1248: nonzeros = 1152
01:24:20,5.72e-05,linear algebra multiplication to compute upgrade complete
01:24:20,1.47e-05,commencing check of parameter bounds
01:24:20,6.5e-06,limiting out of bounds pars
01:24:20,9.2e-06,change limit/bound enforcement for lambda 1: , scaling factor: 1
01:24:20,5.1e-06,checking for denormal floating point values
01:24:20,5.4e-06,transforming upgrade pars to model pars
01:24:20,5.4e-06,writing upgrade vector to csv file
01:24:20,0.0005165,beginning upgrade vector calculations, lambda = 10
01:24:20,0.000135,commencing calculation of upgrade vector
01:24:20,0.0003384,forming JtQJ matrix
01:24:20,4.43e-05,commencing to scale JtQJ matrix- first SVD...
01:24:20,6.6e-06,starting REDSVD
01:24:20,2.29e-05,retrieving REDSVD components
01:24:20,8.8e-06,trimming REDSVD components to 7elements
01:24:20,7.3e-06,done REDSVD
01:24:20,1.21e-05,S info: rows = 8: cols = 8: size = 64: nonzeros = 8
01:24:20,4.9e-06,JS
01:24:20,2.38e-05,JS.transpose() * q_mat * JS + lambda * S.transpose() * S
01:24:20,4.53e-05,S info: rows = 8: cols = 8: size = 64: nonzeros = 8
01:24:20,5.9e-06,commencing SVD factorization of lambda-scaled JtQJ
01:24:20,6.2e-06,starting REDSVD
01:24:20,2.57e-05,retrieving REDSVD components
01:24:20,9.9e-06,trimming REDSVD components to 7elements
01:24:20,1.21e-05,done REDSVD
01:24:20,9e-06,SVD factorization complete
01:24:20,0.0001048,commencing linear algebra multiplication to compute upgrade
01:24:20,6.9e-06,S info: rows = 8: cols = 8: size = 64: nonzeros = 8Vt info: rows = 7: cols = 8: size = 56: nonzeros = 56
01:24:20,6.2e-06,U info: rows = 8: cols = 7: size = 56: nonzeros = 56
01:24:20,5.9e-06,jac info: rows = 156: cols = 8: size = 1248: nonzeros = 1152
01:24:20,5.3e-05,linear algebra multiplication to compute upgrade complete
01:24:20,1.68e-05,commencing check of parameter bounds and gradients
01:24:20,8e-06,commencing calculation of upgrade vector
01:24:20,0.0002748,forming JtQJ matrix
01:24:20,4.94e-05,commencing to scale JtQJ matrix- first SVD...
01:24:20,6.4e-06,starting REDSVD
01:24:20,2e-05,retrieving REDSVD components
01:24:20,8.6e-06,trimming REDSVD components to 7elements
01:24:20,7.5e-06,done REDSVD
01:24:20,1.18e-05,S info: rows = 8: cols = 8: size = 64: nonzeros = 8
01:24:20,5.2e-06,JS
01:24:20,2.37e-05,JS.transpose() * q_mat * JS + lambda * S.transpose() * S
01:24:20,4.13e-05,S info: rows = 8: cols = 8: size = 64: nonzeros = 8
01:24:20,5.9e-06,commencing SVD factorization of lambda-scaled JtQJ
01:24:20,5.2e-06,starting REDSVD
01:24:20,1.97e-05,retrieving REDSVD components
01:24:20,8.1e-06,trimming REDSVD components to 7elements
01:24:20,6.5e-06,done REDSVD
01:24:20,5.2e-06,SVD factorization complete
01:24:20,0.0001285,commencing linear algebra multiplication to compute upgrade
01:24:20,8.6e-06,S info: rows = 8: cols = 8: size = 64: nonzeros = 8Vt info: rows = 7: cols = 8: size = 56: nonzeros = 56
01:24:20,6.6e-06,U info: rows = 8: cols = 7: size = 56: nonzeros = 56
01:24:20,6.2e-06,jac info: rows = 156: cols = 8: size = 1248: nonzeros = 1152
01:24:20,5.11e-05,linear algebra multiplication to compute upgrade complete
01:24:20,1.69e-05,commencing check of parameter bounds
01:24:20,6.7e-06,limiting out of bounds pars
01:24:20,9.9e-06,change limit/bound enforcement for lambda 10: , scaling factor: 1
01:24:20,5.4e-06,checking for denormal floating point values
01:24:20,1.2e-05,transforming upgrade pars to model pars
01:24:20,1.03e-05,writing upgrade vector to csv file
01:24:20,0.000407,beginning upgrade vector calculations, lambda = 100
01:24:20,7.53e-05,commencing calculation of upgrade vector
01:24:20,0.0004222,forming JtQJ matrix
01:24:20,6.66e-05,commencing to scale JtQJ matrix- first SVD...
01:24:20,9.4e-06,starting REDSVD
01:24:20,2.76e-05,retrieving REDSVD components
01:24:20,1.1e-05,trimming REDSVD components to 7elements
01:24:20,9.2e-06,done REDSVD
01:24:20,1.56e-05,S info: rows = 8: cols = 8: size = 64: nonzeros = 8
01:24:20,6.2e-06,JS
01:24:20,2.72e-05,JS.transpose() * q_mat * JS + lambda * S.transpose() * S
01:24:20,5.32e-05,S info: rows = 8: cols = 8: size = 64: nonzeros = 8
01:24:20,7e-06,commencing SVD factorization of lambda-scaled JtQJ
01:24:20,6.2e-06,starting REDSVD
01:24:20,2.42e-05,retrieving REDSVD components
01:24:20,9.9e-06,trimming REDSVD components to 7elements
01:24:20,9.2e-06,done REDSVD
01:24:20,6.7e-06,SVD factorization complete
01:24:20,0.0001248,commencing linear algebra multiplication to compute upgrade
01:24:20,8.3e-06,S info: rows = 8: cols = 8: size = 64: nonzeros = 8Vt info: rows = 7: cols = 8: size = 56: nonzeros = 56
01:24:20,1.11e-05,U info: rows = 8: cols = 7: size = 56: nonzeros = 56
01:24:20,9.3e-06,jac info: rows = 156: cols = 8: size = 1248: nonzeros = 1152
01:24:20,9.52e-05,linear algebra multiplication to compute upgrade complete
01:24:20,3.1e-05,commencing check of parameter bounds and gradients
01:24:20,1.33e-05,commencing calculation of upgrade vector
01:24:20,0.0003077,forming JtQJ matrix
01:24:20,5.57e-05,commencing to scale JtQJ matrix- first SVD...
01:24:20,7.7e-06,starting REDSVD
01:24:20,2.06e-05,retrieving REDSVD components
01:24:20,8.8e-06,trimming REDSVD components to 7elements
01:24:20,1.28e-05,done REDSVD
01:24:20,1.51e-05,S info: rows = 8: cols = 8: size = 64: nonzeros = 8
01:24:20,7.6e-06,JS
01:24:20,2.89e-05,JS.transpose() * q_mat * JS + lambda * S.transpose() * S
01:24:20,4.59e-05,S info: rows = 8: cols = 8: size = 64: nonzeros = 8
01:24:20,9.4e-06,commencing SVD factorization of lambda-scaled JtQJ
01:24:20,5.4e-06,starting REDSVD
01:24:20,2.32e-05,retrieving REDSVD components
01:24:20,9.9e-06,trimming REDSVD components to 7elements
01:24:20,6.8e-06,done REDSVD
01:24:20,5.1e-06,SVD factorization complete
01:24:20,9.85e-05,commencing linear algebra multiplication to compute upgrade
01:24:20,8.1e-06,S info: rows = 8: cols = 8: size = 64: nonzeros = 8Vt info: rows = 7: cols = 8: size = 56: nonzeros = 56
01:24:20,1.22e-05,U info: rows = 8: cols = 7: size = 56: nonzeros = 56
01:24:20,9.8e-06,jac info: rows = 156: cols = 8: size = 1248: nonzeros = 1152
01:24:20,8.46e-05,linear algebra multiplication to compute upgrade complete
01:24:20,2.8e-05,commencing check of parameter bounds
01:24:20,8.2e-06,limiting out of bounds pars
01:24:20,1.02e-05,change limit/bound enforcement for lambda 100: , scaling factor: 1
01:24:20,5.2e-06,checking for denormal floating point values
01:24:20,5.4e-06,transforming upgrade pars to model pars
01:24:20,5.9e-06,writing upgrade vector to csv file
01:24:20,0.000307,beginning upgrade vector calculations, lambda = 1000
01:24:20,9.49e-05,commencing calculation of upgrade vector
01:24:20,0.0002952,forming JtQJ matrix
01:24:20,5.24e-05,commencing to scale JtQJ matrix- first SVD...
01:24:20,6.3e-06,starting REDSVD
01:24:20,1.96e-05,retrieving REDSVD components
01:24:20,7.9e-06,trimming REDSVD components to 7elements
01:24:20,6.9e-06,done REDSVD
01:24:20,1.11e-05,S info: rows = 8: cols = 8: size = 64: nonzeros = 8
01:24:20,4.8e-06,JS
01:24:20,1.48e-05,JS.transpose() * q_mat * JS + lambda * S.transpose() * S
01:24:20,4.04e-05,S info: rows = 8: cols = 8: size = 64: nonzeros = 8
01:24:20,5.4e-06,commencing SVD factorization of lambda-scaled JtQJ
01:24:20,4.8e-06,starting REDSVD
01:24:20,1.92e-05,retrieving REDSVD components
01:24:20,7.7e-06,trimming REDSVD components to 7elements
01:24:20,7.1e-06,done REDSVD
01:24:20,5.3e-06,SVD factorization complete
01:24:20,0.0001006,commencing linear algebra multiplication to compute upgrade
01:24:20,6.5e-06,S info: rows = 8: cols = 8: size = 64: nonzeros = 8Vt info: rows = 7: cols = 8: size = 56: nonzeros = 56
01:24:20,6e-06,U info: rows = 8: cols = 7: size = 56: nonzeros = 56
01:24:20,5.7e-06,jac info: rows = 156: cols = 8: size = 1248: nonzeros = 1152
01:24:20,5.29e-05,linear algebra multiplication to compute upgrade complete
01:24:20,1.73e-05,commencing check of parameter bounds and gradients
01:24:20,7.2e-06,commencing calculation of upgrade vector
01:24:20,0.0002758,forming JtQJ matrix
01:24:20,5.23e-05,commencing to scale JtQJ matrix- first SVD...
01:24:20,6.3e-06,starting REDSVD
01:24:20,1.89e-05,retrieving REDSVD components
01:24:20,8.4e-06,trimming REDSVD components to 7elements
01:24:20,7.5e-06,done REDSVD
01:24:20,1.14e-05,S info: rows = 8: cols = 8: size = 64: nonzeros = 8
01:24:20,5e-06,JS
01:24:20,1.98e-05,JS.transpose() * q_mat * JS + lambda * S.transpose() * S
01:24:20,4.33e-05,S info: rows = 8: cols = 8: size = 64: nonzeros = 8
01:24:20,6.1e-06,commencing SVD factorization of lambda-scaled JtQJ
01:24:20,5.1e-06,starting REDSVD
01:24:20,4.99e-05,retrieving REDSVD components
01:24:20,1.37e-05,trimming REDSVD components to 7elements
01:24:20,7.1e-06,done REDSVD
01:24:20,5e-06,SVD factorization complete
01:24:20,9.71e-05,commencing linear algebra multiplication to compute upgrade
01:24:20,6.6e-06,S info: rows = 8: cols = 8: size = 64: nonzeros = 8Vt info: rows = 7: cols = 8: size = 56: nonzeros = 56
01:24:20,6.3e-06,U info: rows = 8: cols = 7: size = 56: nonzeros = 56
01:24:20,6.1e-06,jac info: rows = 156: cols = 8: size = 1248: nonzeros = 1152
01:24:20,5.91e-05,linear algebra multiplication to compute upgrade complete
01:24:20,1.53e-05,commencing check of parameter bounds
01:24:20,6.6e-06,limiting out of bounds pars
01:24:20,9.4e-06,change limit/bound enforcement for lambda 1000: , scaling factor: 1
01:24:20,5e-06,checking for denormal floating point values
01:24:20,5.4e-06,transforming upgrade pars to model pars
01:24:20,5.3e-06,writing upgrade vector to csv file
01:24:20,0.0007807,LinearAnalysis::glm_iter_fosm
01:24:20,0.0001127,starting FOSM uncertainty analyses for iteration 0
01:24:20,0.0023,loading obscov
01:24:20,6.18e-05,loading parcov
01:24:20,4.82e-05,set_predictions
01:24:20,5.3e-05,parameter fosm calcs
01:24:20,1.09e-05,LinearAnalysis::calc_posterior
01:24:20,8e-06,LinearAnalysis::align
01:24:20,0.0002342,LinearAnalysis::prior_prediction_variance()::invert obscov
01:24:20,1.36e-05,inverting diagonal matrix in place
01:24:20,1.74e-05,LinearAnalysis::calc_posterior() form JtQJ
01:24:20,8.72e-05,LinearAnalysis::calc_posterior() invert prior parcov
01:24:20,2.68e-05,LinearAnalysis::calc_posterior() form posterior parcov
01:24:20,9.3e-06,LinearAnalysis::calc_posterior() invert posterior parcov
01:24:20,5.3e-06,inverting non-diagonal matrix in place
01:44:48,1227.93,completed iteration 1
01:44:48,0.0170657,beginning iteration 2
01:44:48,0.0001684,commencing to build jacobian parameter sets
01:44:48,0.0029593,jacobian parameter sets built, commencing model runs
01:55:40,651.906,jacobian runs complete, processing runs
01:55:40,0.0003752,processing jacobian runs complete
01:55:40,1.23e-05,saving jacobian and sen files
01:55:40,0.0014591,commencing calculation of upgrade vector
01:55:40,0.0004865,forming JtQJ matrix
01:55:40,6.71e-05,commencing to scale JtQJ matrix- first SVD...
01:55:40,1.24e-05,starting REDSVD
01:55:40,3.83e-05,retrieving REDSVD components
01:55:40,1.49e-05,trimming REDSVD components to 7elements
01:55:40,1.3e-05,done REDSVD
01:55:40,2.19e-05,S info: rows = 8: cols = 8: size = 64: nonzeros = 8
01:55:40,8.5e-06,JS
01:55:40,3.25e-05,JS.transpose() * q_mat * JS + lambda * S.transpose() * S
01:55:40,7.3e-05,S info: rows = 8: cols = 8: size = 64: nonzeros = 8
01:55:40,1.18e-05,commencing SVD factorization of lambda-scaled JtQJ
01:55:40,8.8e-06,starting REDSVD
01:55:40,2.82e-05,retrieving REDSVD components
01:55:40,1.38e-05,trimming REDSVD components to 6elements
01:55:40,1.26e-05,done REDSVD
01:55:40,8.9e-06,SVD factorization complete
01:55:40,0.0002147,commencing linear algebra multiplication to compute upgrade
01:55:40,1.3e-05,S info: rows = 8: cols = 8: size = 64: nonzeros = 8Vt info: rows = 6: cols = 8: size = 48: nonzeros = 48
01:55:40,1.16e-05,U info: rows = 8: cols = 6: size = 48: nonzeros = 48
01:55:40,1.03e-05,jac info: rows = 156: cols = 8: size = 1248: nonzeros = 1154
01:55:40,6.88e-05,linear algebra multiplication to compute upgrade complete
01:55:40,2.39e-05,commencing check of parameter bounds and gradients
01:55:40,0.0027024,beginning upgrade vector calculations, lambda = 0.1
01:55:40,0.000127,commencing calculation of upgrade vector
01:55:40,0.000573,forming JtQJ matrix
01:55:40,4.75e-05,commencing to scale JtQJ matrix- first SVD...
01:55:40,9.3e-06,starting REDSVD
01:55:40,3.09e-05,retrieving REDSVD components
01:55:40,1.19e-05,trimming REDSVD components to 5elements
01:55:40,1.04e-05,done REDSVD
01:55:40,1.88e-05,S info: rows = 7: cols = 7: size = 49: nonzeros = 7
01:55:40,8.4e-06,JS
01:55:40,1.84e-05,JS.transpose() * q_mat * JS + lambda * S.transpose() * S
01:55:40,5.39e-05,S info: rows = 7: cols = 7: size = 49: nonzeros = 7
01:55:40,1.4e-05,commencing SVD factorization of lambda-scaled JtQJ
01:55:40,9.4e-06,starting REDSVD
01:55:40,2.95e-05,retrieving REDSVD components
01:55:40,1.38e-05,trimming REDSVD components to 6elements
01:55:40,1.22e-05,done REDSVD
01:55:40,9.6e-06,SVD factorization complete
01:55:40,0.0001638,commencing linear algebra multiplication to compute upgrade
01:55:40,1.16e-05,S info: rows = 7: cols = 7: size = 49: nonzeros = 7Vt info: rows = 6: cols = 7: size = 42: nonzeros = 42
01:55:40,1.04e-05,U info: rows = 7: cols = 6: size = 42: nonzeros = 42
01:55:40,1.06e-05,jac info: rows = 156: cols = 7: size = 1092: nonzeros = 1003
01:55:40,7.35e-05,linear algebra multiplication to compute upgrade complete
01:55:40,2.59e-05,commencing check of parameter bounds and gradients
01:55:40,1.45e-05,commencing calculation of upgrade vector
01:55:40,0.000546,forming JtQJ matrix
01:55:40,4.12e-05,commencing to scale JtQJ matrix- first SVD...
01:55:40,8.4e-06,starting REDSVD
01:55:40,2.29e-05,retrieving REDSVD components
01:55:40,1.08e-05,trimming REDSVD components to 4elements
01:55:40,1.04e-05,done REDSVD
01:55:40,1.52e-05,S info: rows = 6: cols = 6: size = 36: nonzeros = 6
01:55:40,7.2e-06,JS
01:55:40,1.62e-05,JS.transpose() * q_mat * JS + lambda * S.transpose() * S
01:55:40,3.91e-05,S info: rows = 6: cols = 6: size = 36: nonzeros = 6
01:55:40,7.9e-06,commencing SVD factorization of lambda-scaled JtQJ
01:55:40,7.2e-06,starting REDSVD
01:55:40,2.16e-05,retrieving REDSVD components
01:55:40,1.3e-05,trimming REDSVD components to 5elements
01:55:40,1.12e-05,done REDSVD
01:55:40,8.8e-06,SVD factorization complete
01:55:40,0.0001976,commencing linear algebra multiplication to compute upgrade
01:55:40,1.2e-05,S info: rows = 6: cols = 6: size = 36: nonzeros = 6Vt info: rows = 5: cols = 6: size = 30: nonzeros = 30
01:55:40,1.06e-05,U info: rows = 6: cols = 5: size = 30: nonzeros = 30
01:55:40,1.03e-05,jac info: rows = 156: cols = 6: size = 936: nonzeros = 852
01:55:40,5.93e-05,linear algebra multiplication to compute upgrade complete
01:55:40,3.28e-05,commencing check of parameter bounds
01:55:40,1.34e-05,limiting out of bounds pars
01:55:40,1.72e-05,change limit/bound enforcement for lambda 0.1: , scaling factor: 1
01:55:40,9.1e-06,checking for denormal floating point values
01:55:40,9.5e-06,transforming upgrade pars to model pars
01:55:40,9.6e-06,writing upgrade vector to csv file
01:55:40,0.0009741,beginning upgrade vector calculations, lambda = 1
01:55:40,0.0001196,commencing calculation of upgrade vector
01:55:40,0.0005455,forming JtQJ matrix
01:55:40,5.07e-05,commencing to scale JtQJ matrix- first SVD...
01:55:40,1.15e-05,starting REDSVD
01:55:40,3.44e-05,retrieving REDSVD components
01:55:40,1.37e-05,trimming REDSVD components to 5elements
01:55:40,1.19e-05,done REDSVD
01:55:40,2e-05,S info: rows = 7: cols = 7: size = 49: nonzeros = 7
01:55:40,9.5e-06,JS
01:55:40,1.96e-05,JS.transpose() * q_mat * JS + lambda * S.transpose() * S
01:55:40,4.91e-05,S info: rows = 7: cols = 7: size = 49: nonzeros = 7
01:55:40,1.08e-05,commencing SVD factorization of lambda-scaled JtQJ
01:55:40,9.1e-06,starting REDSVD
01:55:40,2.98e-05,retrieving REDSVD components
01:55:40,1.35e-05,trimming REDSVD components to 6elements
01:55:40,1.15e-05,done REDSVD
01:55:40,9.7e-06,SVD factorization complete
01:55:40,0.0001615,commencing linear algebra multiplication to compute upgrade
01:55:40,1.09e-05,S info: rows = 7: cols = 7: size = 49: nonzeros = 7Vt info: rows = 6: cols = 7: size = 42: nonzeros = 42
01:55:40,1.06e-05,U info: rows = 7: cols = 6: size = 42: nonzeros = 42
01:55:40,1.04e-05,jac info: rows = 156: cols = 7: size = 1092: nonzeros = 1003
01:55:40,7.73e-05,linear algebra multiplication to compute upgrade complete
01:55:40,2.45e-05,commencing check of parameter bounds and gradients
01:55:40,1.3e-05,commencing calculation of upgrade vector
01:55:40,0.0005461,forming JtQJ matrix
01:55:40,6.23e-05,commencing to scale JtQJ matrix- first SVD...
01:55:40,1.73e-05,starting REDSVD
01:55:40,2.46e-05,retrieving REDSVD components
01:55:40,1.27e-05,trimming REDSVD components to 4elements
01:55:40,1.19e-05,done REDSVD
01:55:40,1.78e-05,S info: rows = 6: cols = 6: size = 36: nonzeros = 6
01:55:40,8.3e-06,JS
01:55:40,1.79e-05,JS.transpose() * q_mat * JS + lambda * S.transpose() * S
01:55:40,4.67e-05,S info: rows = 6: cols = 6: size = 36: nonzeros = 6
01:55:40,9.7e-06,commencing SVD factorization of lambda-scaled JtQJ
01:55:40,8.1e-06,starting REDSVD
01:55:40,2.22e-05,retrieving REDSVD components
01:55:40,1.29e-05,trimming REDSVD components to 5elements
01:55:40,1.12e-05,done REDSVD
01:55:40,8.8e-06,SVD factorization complete
01:55:40,0.0001471,commencing linear algebra multiplication to compute upgrade
01:55:40,1.14e-05,S info: rows = 6: cols = 6: size = 36: nonzeros = 6Vt info: rows = 5: cols = 6: size = 30: nonzeros = 30
01:55:40,1.04e-05,U info: rows = 6: cols = 5: size = 30: nonzeros = 30
01:55:40,1.03e-05,jac info: rows = 156: cols = 6: size = 936: nonzeros = 852
01:55:40,5.67e-05,linear algebra multiplication to compute upgrade complete
01:55:40,3.31e-05,commencing check of parameter bounds
01:55:40,1.45e-05,limiting out of bounds pars
01:55:40,1.63e-05,change limit/bound enforcement for lambda 1: , scaling factor: 1
01:55:40,9.1e-06,checking for denormal floating point values
01:55:40,9.3e-06,transforming upgrade pars to model pars
01:55:40,9.5e-06,writing upgrade vector to csv file
01:55:40,0.0006182,beginning upgrade vector calculations, lambda = 10
01:55:40,9.07e-05,commencing calculation of upgrade vector
01:55:40,0.0005485,forming JtQJ matrix
01:55:40,5.32e-05,commencing to scale JtQJ matrix- first SVD...
01:55:40,9.9e-06,starting REDSVD
01:55:40,2.61e-05,retrieving REDSVD components
01:55:40,1.13e-05,trimming REDSVD components to 5elements
01:55:40,8.6e-06,done REDSVD
01:55:40,1.56e-05,S info: rows = 7: cols = 7: size = 49: nonzeros = 7
01:55:40,6.6e-06,JS
01:55:40,1.6e-05,JS.transpose() * q_mat * JS + lambda * S.transpose() * S
01:55:40,4.4e-05,S info: rows = 7: cols = 7: size = 49: nonzeros = 7
01:55:40,7.4e-06,commencing SVD factorization of lambda-scaled JtQJ
01:55:40,6.5e-06,starting REDSVD
01:55:40,2.51e-05,retrieving REDSVD components
01:55:40,1.05e-05,trimming REDSVD components to 6elements
01:55:40,8.4e-06,done REDSVD
01:55:40,7e-06,SVD factorization complete
01:55:40,0.000114,commencing linear algebra multiplication to compute upgrade
01:55:40,8.2e-06,S info: rows = 7: cols = 7: size = 49: nonzeros = 7Vt info: rows = 6: cols = 7: size = 42: nonzeros = 42
01:55:40,7.7e-06,U info: rows = 7: cols = 6: size = 42: nonzeros = 42
01:55:40,7.2e-06,jac info: rows = 156: cols = 7: size = 1092: nonzeros = 1003
01:55:40,5.52e-05,linear algebra multiplication to compute upgrade complete
01:55:40,2e-05,commencing check of parameter bounds and gradients
01:55:40,9.7e-06,commencing calculation of upgrade vector
01:55:40,0.0003635,forming JtQJ matrix
01:55:40,3.04e-05,commencing to scale JtQJ matrix- first SVD...
01:55:40,5.8e-06,starting REDSVD
01:55:40,1.48e-05,retrieving REDSVD components
01:55:40,7.3e-06,trimming REDSVD components to 4elements
01:55:40,6.8e-06,done REDSVD
01:55:40,1.05e-05,S info: rows = 6: cols = 6: size = 36: nonzeros = 6
01:55:40,5e-06,JS
01:55:40,1.15e-05,JS.transpose() * q_mat * JS + lambda * S.transpose() * S
01:55:40,2.76e-05,S info: rows = 6: cols = 6: size = 36: nonzeros = 6
01:55:40,5.1e-06,commencing SVD factorization of lambda-scaled JtQJ
01:55:40,4.8e-06,starting REDSVD
01:55:40,1.42e-05,retrieving REDSVD components
01:55:40,7.4e-06,trimming REDSVD components to 5elements
01:55:40,6.3e-06,done REDSVD
01:55:40,5e-06,SVD factorization complete
01:55:40,8.8e-05,commencing linear algebra multiplication to compute upgrade
01:55:40,6.6e-06,S info: rows = 6: cols = 6: size = 36: nonzeros = 6Vt info: rows = 5: cols = 6: size = 30: nonzeros = 30
01:55:40,5.8e-06,U info: rows = 6: cols = 5: size = 30: nonzeros = 30
01:55:40,5.8e-06,jac info: rows = 156: cols = 6: size = 936: nonzeros = 852
01:55:40,3.82e-05,linear algebra multiplication to compute upgrade complete
01:55:40,1.38e-05,commencing check of parameter bounds
01:55:40,6.5e-06,limiting out of bounds pars
01:55:40,9.1e-06,change limit/bound enforcement for lambda 10: , scaling factor: 1
01:55:40,5.2e-06,checking for denormal floating point values
01:55:40,5.3e-06,transforming upgrade pars to model pars
01:55:40,1.56e-05,writing upgrade vector to csv file
01:55:40,0.0006348,beginning upgrade vector calculations, lambda = 100
01:55:40,8.54e-05,commencing calculation of upgrade vector
01:55:40,0.0004596,forming JtQJ matrix
01:55:40,5.91e-05,commencing to scale JtQJ matrix- first SVD...
01:55:40,9.8e-06,starting REDSVD
01:55:40,2.54e-05,retrieving REDSVD components
01:55:40,1.13e-05,trimming REDSVD components to 5elements
01:55:40,8.6e-06,done REDSVD
01:55:40,1.52e-05,S info: rows = 7: cols = 7: size = 49: nonzeros = 7
01:55:40,6.5e-06,JS
01:55:40,1.61e-05,JS.transpose() * q_mat * JS + lambda * S.transpose() * S
01:55:40,4.39e-05,S info: rows = 7: cols = 7: size = 49: nonzeros = 7
01:55:40,7.3e-06,commencing SVD factorization of lambda-scaled JtQJ
01:55:40,6.4e-06,starting REDSVD
01:55:40,2.48e-05,retrieving REDSVD components
01:55:40,1.03e-05,trimming REDSVD components to 6elements
01:55:40,8.6e-06,done REDSVD
01:55:40,6.9e-06,SVD factorization complete
01:55:40,0.0001005,commencing linear algebra multiplication to compute upgrade
01:55:40,6.5e-06,S info: rows = 7: cols = 7: size = 49: nonzeros = 7Vt info: rows = 6: cols = 7: size = 42: nonzeros = 42
01:55:40,5.9e-06,U info: rows = 7: cols = 6: size = 42: nonzeros = 42
01:55:40,5.8e-06,jac info: rows = 156: cols = 7: size = 1092: nonzeros = 1003
01:55:40,4.63e-05,linear algebra multiplication to compute upgrade complete
01:55:40,1.56e-05,commencing check of parameter bounds and gradients
01:55:40,7.4e-06,commencing calculation of upgrade vector
01:55:40,0.0003245,forming JtQJ matrix
01:55:40,3.02e-05,commencing to scale JtQJ matrix- first SVD...
01:55:40,5.6e-06,starting REDSVD
01:55:40,1.42e-05,retrieving REDSVD components
01:55:40,7.1e-06,trimming REDSVD components to 4elements
01:55:40,6.7e-06,done REDSVD
01:55:40,1.01e-05,S info: rows = 6: cols = 6: size = 36: nonzeros = 6
01:55:40,5.2e-06,JS
01:55:40,1.09e-05,JS.transpose() * q_mat * JS + lambda * S.transpose() * S
01:55:40,3.06e-05,S info: rows = 6: cols = 6: size = 36: nonzeros = 6
01:55:40,5.3e-06,commencing SVD factorization of lambda-scaled JtQJ
01:55:40,4.7e-06,starting REDSVD
01:55:40,1.42e-05,retrieving REDSVD components
01:55:40,7e-06,trimming REDSVD components to 5elements
01:55:40,6.4e-06,done REDSVD
01:55:40,5e-06,SVD factorization complete
01:55:40,8.19e-05,commencing linear algebra multiplication to compute upgrade
01:55:40,6.2e-06,S info: rows = 6: cols = 6: size = 36: nonzeros = 6Vt info: rows = 5: cols = 6: size = 30: nonzeros = 30
01:55:40,5.8e-06,U info: rows = 6: cols = 5: size = 30: nonzeros = 30
01:55:40,5.7e-06,jac info: rows = 156: cols = 6: size = 936: nonzeros = 852
01:55:40,3.62e-05,linear algebra multiplication to compute upgrade complete
01:55:40,1.88e-05,commencing check of parameter bounds
01:55:40,7e-06,limiting out of bounds pars
01:55:40,9.1e-06,change limit/bound enforcement for lambda 100: , scaling factor: 1
01:55:40,5.2e-06,checking for denormal floating point values
01:55:40,5.2e-06,transforming upgrade pars to model pars
01:55:40,5.2e-06,writing upgrade vector to csv file
01:55:40,0.0006592,beginning upgrade vector calculations, lambda = 1000
01:55:40,7.5e-05,commencing calculation of upgrade vector
01:55:40,0.0003562,forming JtQJ matrix
01:55:40,3.71e-05,commencing to scale JtQJ matrix- first SVD...
01:55:40,6.1e-06,starting REDSVD
01:55:40,1.95e-05,retrieving REDSVD components
01:55:40,8.8e-06,trimming REDSVD components to 5elements
01:55:40,6.6e-06,done REDSVD
01:55:40,1.2e-05,S info: rows = 7: cols = 7: size = 49: nonzeros = 7
01:55:40,5.1e-06,JS
01:55:40,1.25e-05,JS.transpose() * q_mat * JS + lambda * S.transpose() * S
01:55:40,6.83e-05,S info: rows = 7: cols = 7: size = 49: nonzeros = 7
01:55:40,1.05e-05,commencing SVD factorization of lambda-scaled JtQJ
01:55:40,5.5e-06,starting REDSVD
01:55:40,2.09e-05,retrieving REDSVD components
01:55:40,8.7e-06,trimming REDSVD components to 6elements
01:55:40,6.9e-06,done REDSVD
01:55:40,5.7e-06,SVD factorization complete
01:55:40,9.03e-05,commencing linear algebra multiplication to compute upgrade
01:55:40,6.3e-06,S info: rows = 7: cols = 7: size = 49: nonzeros = 7Vt info: rows = 6: cols = 7: size = 42: nonzeros = 42
01:55:40,5.9e-06,U info: rows = 7: cols = 6: size = 42: nonzeros = 42
01:55:40,5.8e-06,jac info: rows = 156: cols = 7: size = 1092: nonzeros = 1003
01:55:40,3.86e-05,linear algebra multiplication to compute upgrade complete
01:55:40,1.36e-05,commencing check of parameter bounds and gradients
01:55:40,7.3e-06,commencing calculation of upgrade vector
01:55:40,0.0003421,forming JtQJ matrix
01:55:40,2.92e-05,commencing to scale JtQJ matrix- first SVD...
01:55:40,5.5e-06,starting REDSVD
01:55:40,1.39e-05,retrieving REDSVD components
01:55:40,7.1e-06,trimming REDSVD components to 4elements
01:55:40,6.3e-06,done REDSVD
01:55:40,9.7e-06,S info: rows = 6: cols = 6: size = 36: nonzeros = 6
01:55:40,4.7e-06,JS
01:55:40,1.1e-05,JS.transpose() * q_mat * JS + lambda * S.transpose() * S
01:55:40,2.93e-05,S info: rows = 6: cols = 6: size = 36: nonzeros = 6
01:55:40,5.3e-06,commencing SVD factorization of lambda-scaled JtQJ
01:55:40,4.7e-06,starting REDSVD
01:55:40,1.5e-05,retrieving REDSVD components
01:55:40,6.9e-06,trimming REDSVD components to 5elements
01:55:40,6.1e-06,done REDSVD
01:55:40,4.9e-06,SVD factorization complete
01:55:40,8.17e-05,commencing linear algebra multiplication to compute upgrade
01:55:40,6e-06,S info: rows = 6: cols = 6: size = 36: nonzeros = 6Vt info: rows = 5: cols = 6: size = 30: nonzeros = 30
01:55:40,5.8e-06,U info: rows = 6: cols = 5: size = 30: nonzeros = 30
01:55:40,5.6e-06,jac info: rows = 156: cols = 6: size = 936: nonzeros = 852
01:55:40,4.22e-05,linear algebra multiplication to compute upgrade complete
01:55:40,1.32e-05,commencing check of parameter bounds
01:55:40,6.4e-06,limiting out of bounds pars
01:55:40,8.9e-06,change limit/bound enforcement for lambda 1000: , scaling factor: 1
01:55:40,5e-06,checking for denormal floating point values
01:55:40,5.3e-06,transforming upgrade pars to model pars
01:55:40,5.3e-06,writing upgrade vector to csv file
01:55:40,0.0009294,LinearAnalysis::glm_iter_fosm
01:55:40,9.95e-05,starting FOSM uncertainty analyses for iteration 1
01:55:40,0.0020513,loading obscov
01:55:40,5.34e-05,loading parcov
01:55:40,2.84e-05,set_predictions
01:55:40,4.83e-05,parameter fosm calcs
01:55:40,9.5e-06,LinearAnalysis::calc_posterior
01:55:40,8.6e-06,LinearAnalysis::align
01:55:40,0.0001947,LinearAnalysis::prior_prediction_variance()::invert obscov
01:55:40,1.28e-05,inverting diagonal matrix in place
01:55:40,1.63e-05,LinearAnalysis::calc_posterior() form JtQJ
01:55:40,7.25e-05,LinearAnalysis::calc_posterior() invert prior parcov
01:55:40,2.18e-05,LinearAnalysis::calc_posterior() form posterior parcov
01:55:40,1.26e-05,LinearAnalysis::calc_posterior() invert posterior parcov
01:55:40,8.3e-06,inverting non-diagonal matrix in place
02:21:18,1537.94,completed iteration 2
02:21:18,0.0167324,beginning iteration 3
02:21:18,0.000102,commencing to build jacobian parameter sets
02:21:18,0.0048446,jacobian parameter sets built, commencing model runs
02:51:50,1831.9,jacobian runs complete, processing runs
02:51:50,0.0015728,processing jacobian runs complete
02:51:50,1.43e-05,saving jacobian and sen files
02:51:50,0.0038845,commencing calculation of upgrade vector
02:51:50,0.0006083,forming JtQJ matrix
02:51:50,6.12e-05,commencing to scale JtQJ matrix- first SVD...
02:51:50,1.47e-05,starting REDSVD
02:51:50,0.0004997,retrieving REDSVD components
02:51:50,0.0001664,trimming REDSVD components to 6elements
02:51:50,2.24e-05,done REDSVD
02:51:50,3.06e-05,S info: rows = 8: cols = 8: size = 64: nonzeros = 8
02:51:50,1.01e-05,JS
02:51:50,1.94e-05,JS.transpose() * q_mat * JS + lambda * S.transpose() * S
02:51:50,5.4e-05,S info: rows = 8: cols = 8: size = 64: nonzeros = 8
02:51:50,1.11e-05,commencing SVD factorization of lambda-scaled JtQJ
02:51:50,1.08e-05,starting REDSVD
02:51:50,2.72e-05,retrieving REDSVD components
02:51:50,1.61e-05,trimming REDSVD components to 6elements
02:51:50,1.18e-05,done REDSVD
02:51:50,8.5e-06,SVD factorization complete
02:51:50,0.0001839,commencing linear algebra multiplication to compute upgrade
02:51:50,1.19e-05,S info: rows = 8: cols = 8: size = 64: nonzeros = 8Vt info: rows = 6: cols = 8: size = 48: nonzeros = 48
02:51:50,1e-05,U info: rows = 8: cols = 6: size = 48: nonzeros = 48
02:51:50,9.7e-06,jac info: rows = 156: cols = 8: size = 1248: nonzeros = 1173
02:51:50,8.05e-05,linear algebra multiplication to compute upgrade complete
02:51:50,2.59e-05,commencing check of parameter bounds and gradients
02:51:50,0.0012545,beginning upgrade vector calculations, lambda = 0.01
02:51:50,0.0001336,commencing calculation of upgrade vector
02:51:50,0.0004675,forming JtQJ matrix
02:51:50,3.65e-05,commencing to scale JtQJ matrix- first SVD...
02:51:50,8.1e-06,starting REDSVD
02:51:50,1.76e-05,retrieving REDSVD components
02:51:50,9.4e-06,trimming REDSVD components to 3elements
02:51:50,8.4e-06,done REDSVD
02:51:50,1.62e-05,S info: rows = 4: cols = 4: size = 16: nonzeros = 4
02:51:50,6.7e-06,JS
02:51:50,1.22e-05,JS.transpose() * q_mat * JS + lambda * S.transpose() * S
02:51:50,4.98e-05,S info: rows = 4: cols = 4: size = 16: nonzeros = 4
02:51:50,1.91e-05,commencing SVD factorization of lambda-scaled JtQJ
02:51:50,1.14e-05,starting REDSVD
02:51:50,1.84e-05,retrieving REDSVD components
02:51:50,1.14e-05,trimming REDSVD components to 4elements
02:51:50,9.2e-06,done REDSVD
02:51:50,7.5e-06,SVD factorization complete
02:51:50,0.0001223,commencing linear algebra multiplication to compute upgrade
02:51:50,1.19e-05,S info: rows = 4: cols = 4: size = 16: nonzeros = 4Vt info: rows = 4: cols = 4: size = 16: nonzeros = 16
02:51:50,1e-05,U info: rows = 4: cols = 4: size = 16: nonzeros = 16
02:51:50,1.06e-05,jac info: rows = 156: cols = 4: size = 624: nonzeros = 578
02:51:50,5.73e-05,linear algebra multiplication to compute upgrade complete
02:51:50,2.05e-05,commencing check of parameter bounds and gradients
02:51:50,1.35e-05,commencing calculation of upgrade vector
02:51:50,0.0005076,forming JtQJ matrix
02:51:50,2.46e-05,commencing to scale JtQJ matrix- first SVD...
02:51:50,8.2e-06,starting REDSVD
02:51:50,1.36e-05,retrieving REDSVD components
02:51:50,9.7e-06,trimming REDSVD components to 1elements
02:51:50,8.4e-06,done REDSVD
02:51:50,1.21e-05,S info: rows = 2: cols = 2: size = 4: nonzeros = 2
02:51:50,6.9e-06,JS
02:51:50,1.84e-05,JS.transpose() * q_mat * JS + lambda * S.transpose() * S
02:51:50,2.46e-05,S info: rows = 2: cols = 2: size = 4: nonzeros = 2
02:51:50,9.1e-06,commencing SVD factorization of lambda-scaled JtQJ
02:51:50,8.5e-06,starting REDSVD
02:51:50,1.49e-05,retrieving REDSVD components
02:51:50,9.6e-06,trimming REDSVD components to 1elements
02:51:50,7.7e-06,done REDSVD
02:51:50,7.2e-06,SVD factorization complete
02:51:50,0.0001024,commencing linear algebra multiplication to compute upgrade
02:51:50,9.8e-06,S info: rows = 2: cols = 2: size = 4: nonzeros = 2Vt info: rows = 1: cols = 2: size = 2: nonzeros = 2
02:51:50,9.4e-06,U info: rows = 2: cols = 1: size = 2: nonzeros = 2
02:51:50,8.7e-06,jac info: rows = 156: cols = 2: size = 312: nonzeros = 287
02:51:50,4.57e-05,linear algebra multiplication to compute upgrade complete
02:51:50,1.78e-05,commencing check of parameter bounds
02:51:50,1.12e-05,limiting out of bounds pars
02:51:50,1.96e-05,change limit/bound enforcement for lambda 0.01: , scaling factor: 1
02:51:50,8.2e-06,checking for denormal floating point values
02:51:50,8e-06,transforming upgrade pars to model pars
02:51:50,8.4e-06,writing upgrade vector to csv file
02:51:50,0.0009001,beginning upgrade vector calculations, lambda = 0.1
02:51:50,0.0001035,commencing calculation of upgrade vector
02:51:50,0.0004599,forming JtQJ matrix
02:51:50,3.15e-05,commencing to scale JtQJ matrix- first SVD...
02:51:50,8.4e-06,starting REDSVD
02:51:50,1.66e-05,retrieving REDSVD components
02:51:50,1.02e-05,trimming REDSVD components to 3elements
02:51:50,9.1e-06,done REDSVD
02:51:50,1.38e-05,S info: rows = 4: cols = 4: size = 16: nonzeros = 4
02:51:50,7e-06,JS
02:51:50,1.32e-05,JS.transpose() * q_mat * JS + lambda * S.transpose() * S
02:51:50,2.96e-05,S info: rows = 4: cols = 4: size = 16: nonzeros = 4
02:51:50,8e-06,commencing SVD factorization of lambda-scaled JtQJ
02:51:50,6.9e-06,starting REDSVD
02:51:50,1.5e-05,retrieving REDSVD components
02:51:50,9.2e-06,trimming REDSVD components to 4elements
02:51:50,8.1e-06,done REDSVD
02:51:50,7.1e-06,SVD factorization complete
02:51:50,0.0001159,commencing linear algebra multiplication to compute upgrade
02:51:50,9.5e-06,S info: rows = 4: cols = 4: size = 16: nonzeros = 4Vt info: rows = 4: cols = 4: size = 16: nonzeros = 16
02:51:50,8.7e-06,U info: rows = 4: cols = 4: size = 16: nonzeros = 16
02:51:50,8.6e-06,jac info: rows = 156: cols = 4: size = 624: nonzeros = 578
02:51:50,4.73e-05,linear algebra multiplication to compute upgrade complete
02:51:50,1.76e-05,commencing check of parameter bounds and gradients
02:51:50,1.15e-05,commencing calculation of upgrade vector
02:51:50,0.0004686,forming JtQJ matrix
02:51:50,2.24e-05,commencing to scale JtQJ matrix- first SVD...
02:51:50,7.6e-06,starting REDSVD
02:51:50,1.28e-05,retrieving REDSVD components
02:51:50,8.9e-06,trimming REDSVD components to 1elements
02:51:50,7.7e-06,done REDSVD
02:51:50,1.08e-05,S info: rows = 2: cols = 2: size = 4: nonzeros = 2
02:51:50,6.9e-06,JS
02:51:50,1.06e-05,JS.transpose() * q_mat * JS + lambda * S.transpose() * S
02:51:50,2.16e-05,S info: rows = 2: cols = 2: size = 4: nonzeros = 2
02:51:50,7.7e-06,commencing SVD factorization of lambda-scaled JtQJ
02:51:50,6.9e-06,starting REDSVD
02:51:50,1.27e-05,retrieving REDSVD components
02:51:50,8.9e-06,trimming REDSVD components to 1elements
02:51:50,7.5e-06,done REDSVD
02:51:50,7.2e-06,SVD factorization complete
02:51:50,0.0001026,commencing linear algebra multiplication to compute upgrade
02:51:50,9.6e-06,S info: rows = 2: cols = 2: size = 4: nonzeros = 2Vt info: rows = 1: cols = 2: size = 2: nonzeros = 2
02:51:50,9.3e-06,U info: rows = 2: cols = 1: size = 2: nonzeros = 2
02:51:50,8.6e-06,jac info: rows = 156: cols = 2: size = 312: nonzeros = 287
02:51:50,4.43e-05,linear algebra multiplication to compute upgrade complete
02:51:50,1.65e-05,commencing check of parameter bounds
02:51:50,1.03e-05,limiting out of bounds pars
02:51:50,1.32e-05,change limit/bound enforcement for lambda 0.1: , scaling factor: 1
02:51:50,7.9e-06,checking for denormal floating point values
02:51:50,7.6e-06,transforming upgrade pars to model pars
02:51:50,3.73e-05,writing upgrade vector to csv file
02:51:50,0.0007105,beginning upgrade vector calculations, lambda = 1
02:51:50,8.92e-05,commencing calculation of upgrade vector
02:51:50,0.0003488,forming JtQJ matrix
02:51:50,2.69e-05,commencing to scale JtQJ matrix- first SVD...
02:51:50,6.5e-06,starting REDSVD
02:51:50,2.05e-05,retrieving REDSVD components
02:51:50,8.6e-06,trimming REDSVD components to 3elements
02:51:50,6.5e-06,done REDSVD
02:51:50,9.7e-06,S info: rows = 4: cols = 4: size = 16: nonzeros = 4
02:51:50,4.8e-06,JS
02:51:50,9.5e-06,JS.transpose() * q_mat * JS + lambda * S.transpose() * S
02:51:50,2.21e-05,S info: rows = 4: cols = 4: size = 16: nonzeros = 4
02:51:50,5.3e-06,commencing SVD factorization of lambda-scaled JtQJ
02:51:50,4.7e-06,starting REDSVD
02:51:50,1.07e-05,retrieving REDSVD components
02:51:50,6.5e-06,trimming REDSVD components to 4elements
02:51:50,5.7e-06,done REDSVD
02:51:50,4.8e-06,SVD factorization complete
02:51:50,7.89e-05,commencing linear algebra multiplication to compute upgrade
02:51:50,6.2e-06,S info: rows = 4: cols = 4: size = 16: nonzeros = 4Vt info: rows = 4: cols = 4: size = 16: nonzeros = 16
02:51:50,9.4e-06,U info: rows = 4: cols = 4: size = 16: nonzeros = 16
02:51:50,7.4e-06,jac info: rows = 156: cols = 4: size = 624: nonzeros = 578
02:51:50,3.49e-05,linear algebra multiplication to compute upgrade complete
02:51:50,1.25e-05,commencing check of parameter bounds and gradients
02:51:50,7.7e-06,commencing calculation of upgrade vector
02:51:50,0.0004083,forming JtQJ matrix
02:51:50,2.45e-05,commencing to scale JtQJ matrix- first SVD...
02:51:50,8.4e-06,starting REDSVD
02:51:50,1.33e-05,retrieving REDSVD components
02:51:50,1.07e-05,trimming REDSVD components to 1elements
02:51:50,9.5e-06,done REDSVD
02:51:50,1.21e-05,S info: rows = 2: cols = 2: size = 4: nonzeros = 2
02:51:50,7.7e-06,JS
02:51:50,1.1e-05,JS.transpose() * q_mat * JS + lambda * S.transpose() * S
02:51:50,2.19e-05,S info: rows = 2: cols = 2: size = 4: nonzeros = 2
02:51:50,7.5e-06,commencing SVD factorization of lambda-scaled JtQJ
02:51:50,7.1e-06,starting REDSVD
02:51:50,1.25e-05,retrieving REDSVD components
02:51:50,9e-06,trimming REDSVD components to 1elements
02:51:50,7.7e-06,done REDSVD
02:51:50,7.3e-06,SVD factorization complete
02:51:50,0.0001046,commencing linear algebra multiplication to compute upgrade
02:51:50,1.03e-05,S info: rows = 2: cols = 2: size = 4: nonzeros = 2Vt info: rows = 1: cols = 2: size = 2: nonzeros = 2
02:51:50,9.3e-06,U info: rows = 2: cols = 1: size = 2: nonzeros = 2
02:51:50,8.7e-06,jac info: rows = 156: cols = 2: size = 312: nonzeros = 287
02:51:50,4.3e-05,linear algebra multiplication to compute upgrade complete
02:51:50,1.54e-05,commencing check of parameter bounds
02:51:50,9.6e-06,limiting out of bounds pars
02:51:50,1.21e-05,change limit/bound enforcement for lambda 1: , scaling factor: 1
02:51:50,7.5e-06,checking for denormal floating point values
02:51:50,7.1e-06,transforming upgrade pars to model pars
02:51:50,7.4e-06,writing upgrade vector to csv file
02:51:50,0.0006292,beginning upgrade vector calculations, lambda = 10
02:51:50,7.54e-05,commencing calculation of upgrade vector
02:51:50,0.0004931,forming JtQJ matrix
02:51:50,3.42e-05,commencing to scale JtQJ matrix- first SVD...
02:51:50,1.01e-05,starting REDSVD
02:51:50,1.69e-05,retrieving REDSVD components
02:51:50,1.03e-05,trimming REDSVD components to 3elements
02:51:50,9e-06,done REDSVD
02:51:50,1.42e-05,S info: rows = 4: cols = 4: size = 16: nonzeros = 4
02:51:50,7.1e-06,JS
02:51:50,1.31e-05,JS.transpose() * q_mat * JS + lambda * S.transpose() * S
02:51:50,2.84e-05,S info: rows = 4: cols = 4: size = 16: nonzeros = 4
02:51:50,7.9e-06,commencing SVD factorization of lambda-scaled JtQJ
02:51:50,7.7e-06,starting REDSVD
02:51:50,1.5e-05,retrieving REDSVD components
02:51:50,1.06e-05,trimming REDSVD components to 4elements
02:51:50,8.9e-06,done REDSVD
02:51:50,7.3e-06,SVD factorization complete
02:51:50,0.0001285,commencing linear algebra multiplication to compute upgrade
02:51:50,1.12e-05,S info: rows = 4: cols = 4: size = 16: nonzeros = 4Vt info: rows = 4: cols = 4: size = 16: nonzeros = 16
02:51:50,9.6e-06,U info: rows = 4: cols = 4: size = 16: nonzeros = 16
02:51:50,9.6e-06,jac info: rows = 156: cols = 4: size = 624: nonzeros = 578
02:51:50,5.15e-05,linear algebra multiplication to compute upgrade complete
02:51:50,1.94e-05,commencing check of parameter bounds and gradients
02:51:50,1.22e-05,commencing calculation of upgrade vector
02:51:50,0.0004813,forming JtQJ matrix
02:51:50,2.45e-05,commencing to scale JtQJ matrix- first SVD...
02:51:50,8.8e-06,starting REDSVD
02:51:50,1.38e-05,retrieving REDSVD components
02:51:50,1.04e-05,trimming REDSVD components to 1elements
02:51:50,8.5e-06,done REDSVD
02:51:50,1.25e-05,S info: rows = 2: cols = 2: size = 4: nonzeros = 2
02:51:50,7.6e-06,JS
02:51:50,1.12e-05,JS.transpose() * q_mat * JS + lambda * S.transpose() * S
02:51:50,2.26e-05,S info: rows = 2: cols = 2: size = 4: nonzeros = 2
02:51:50,8.4e-06,commencing SVD factorization of lambda-scaled JtQJ
02:51:50,1.06e-05,starting REDSVD
02:51:50,1.5e-05,retrieving REDSVD components
02:51:50,1e-05,trimming REDSVD components to 1elements
02:51:50,8.1e-06,done REDSVD
02:51:50,8e-06,SVD factorization complete
02:51:50,0.0001058,commencing linear algebra multiplication to compute upgrade
02:51:50,1.01e-05,S info: rows = 2: cols = 2: size = 4: nonzeros = 2Vt info: rows = 1: cols = 2: size = 2: nonzeros = 2
02:51:50,1.02e-05,U info: rows = 2: cols = 1: size = 2: nonzeros = 2
02:51:50,2.57e-05,jac info: rows = 156: cols = 2: size = 312: nonzeros = 287
02:51:50,4.99e-05,linear algebra multiplication to compute upgrade complete
02:51:50,1.8e-05,commencing check of parameter bounds
02:51:50,1.05e-05,limiting out of bounds pars
02:51:50,1.34e-05,change limit/bound enforcement for lambda 10: , scaling factor: 1
02:51:50,8.4e-06,checking for denormal floating point values
02:51:50,8.3e-06,transforming upgrade pars to model pars
02:51:50,8.4e-06,writing upgrade vector to csv file
02:51:50,0.0006589,beginning upgrade vector calculations, lambda = 100
02:51:50,0.000122,commencing calculation of upgrade vector
02:51:50,0.0005034,forming JtQJ matrix
02:51:50,3.23e-05,commencing to scale JtQJ matrix- first SVD...
02:51:50,9e-06,starting REDSVD
02:51:50,1.66e-05,retrieving REDSVD components
02:51:50,1.04e-05,trimming REDSVD components to 3elements
02:51:50,9e-06,done REDSVD
02:51:50,1.37e-05,S info: rows = 4: cols = 4: size = 16: nonzeros = 4
02:51:50,7.6e-06,JS
02:51:50,1.4e-05,JS.transpose() * q_mat * JS + lambda * S.transpose() * S
02:51:50,3e-05,S info: rows = 4: cols = 4: size = 16: nonzeros = 4
02:51:50,7.9e-06,commencing SVD factorization of lambda-scaled JtQJ
02:51:50,7.2e-06,starting REDSVD
02:51:50,1.55e-05,retrieving REDSVD components
02:51:50,9.8e-06,trimming REDSVD components to 4elements
02:51:50,8.3e-06,done REDSVD
02:51:50,7.2e-06,SVD factorization complete
02:51:50,0.0001204,commencing linear algebra multiplication to compute upgrade
02:51:50,1.04e-05,S info: rows = 4: cols = 4: size = 16: nonzeros = 4Vt info: rows = 4: cols = 4: size = 16: nonzeros = 16
02:51:50,9.2e-06,U info: rows = 4: cols = 4: size = 16: nonzeros = 16
02:51:50,8.9e-06,jac info: rows = 156: cols = 4: size = 624: nonzeros = 578
02:51:50,4.79e-05,linear algebra multiplication to compute upgrade complete
02:51:50,1.75e-05,commencing check of parameter bounds and gradients
02:51:50,1.1e-05,commencing calculation of upgrade vector
02:51:50,0.0004824,forming JtQJ matrix
02:51:50,2.48e-05,commencing to scale JtQJ matrix- first SVD...
02:51:50,7.9e-06,starting REDSVD
02:51:50,1.33e-05,retrieving REDSVD components
02:51:50,9.6e-06,trimming REDSVD components to 1elements
02:51:50,8e-06,done REDSVD
02:51:50,1.17e-05,S info: rows = 2: cols = 2: size = 4: nonzeros = 2
02:51:50,6.9e-06,JS
02:51:50,1.08e-05,JS.transpose() * q_mat * JS + lambda * S.transpose() * S
02:51:50,2.26e-05,S info: rows = 2: cols = 2: size = 4: nonzeros = 2
02:51:50,9.6e-06,commencing SVD factorization of lambda-scaled JtQJ
02:51:50,8.4e-06,starting REDSVD
02:51:50,1.4e-05,retrieving REDSVD components
02:51:50,9.4e-06,trimming REDSVD components to 1elements
02:51:50,7.5e-06,done REDSVD
02:51:50,6.8e-06,SVD factorization complete
02:51:50,9.72e-05,commencing linear algebra multiplication to compute upgrade
02:51:50,9.1e-06,S info: rows = 2: cols = 2: size = 4: nonzeros = 2Vt info: rows = 1: cols = 2: size = 2: nonzeros = 2
02:51:50,8.7e-06,U info: rows = 2: cols = 1: size = 2: nonzeros = 2
02:51:50,8.9e-06,jac info: rows = 156: cols = 2: size = 312: nonzeros = 287
02:51:50,6.11e-05,linear algebra multiplication to compute upgrade complete
02:51:50,2.01e-05,commencing check of parameter bounds
02:51:50,9.9e-06,limiting out of bounds pars
02:51:50,1.28e-05,change limit/bound enforcement for lambda 100: , scaling factor: 1
02:51:50,8.1e-06,checking for denormal floating point values
02:51:50,7.5e-06,transforming upgrade pars to model pars
02:51:50,7.7e-06,writing upgrade vector to csv file
02:51:50,0.0006103,beginning upgrade vector calculations, lambda = 1000
02:51:50,7.34e-05,commencing calculation of upgrade vector
02:51:50,0.0004762,forming JtQJ matrix
02:51:50,3.02e-05,commencing to scale JtQJ matrix- first SVD...
02:51:50,8.1e-06,starting REDSVD
02:51:50,1.67e-05,retrieving REDSVD components
02:51:50,1.02e-05,trimming REDSVD components to 3elements
02:51:50,9.2e-06,done REDSVD
02:51:50,1.37e-05,S info: rows = 4: cols = 4: size = 16: nonzeros = 4
02:51:50,6.8e-06,JS
02:51:50,1.33e-05,JS.transpose() * q_mat * JS + lambda * S.transpose() * S
02:51:50,2.98e-05,S info: rows = 4: cols = 4: size = 16: nonzeros = 4
02:51:50,7.6e-06,commencing SVD factorization of lambda-scaled JtQJ
02:51:50,7e-06,starting REDSVD
02:51:50,1.6e-05,retrieving REDSVD components
02:51:50,9.5e-06,trimming REDSVD components to 4elements
02:51:50,8.4e-06,done REDSVD
02:51:50,7.1e-06,SVD factorization complete
02:51:50,0.0001147,commencing linear algebra multiplication to compute upgrade
02:51:50,9.4e-06,S info: rows = 4: cols = 4: size = 16: nonzeros = 4Vt info: rows = 4: cols = 4: size = 16: nonzeros = 16
02:51:50,9.2e-06,U info: rows = 4: cols = 4: size = 16: nonzeros = 16
02:51:50,8.8e-06,jac info: rows = 156: cols = 4: size = 624: nonzeros = 578
02:51:50,4.65e-05,linear algebra multiplication to compute upgrade complete
02:51:50,1.69e-05,commencing check of parameter bounds and gradients
02:51:50,1.08e-05,commencing calculation of upgrade vector
02:51:50,0.0004797,forming JtQJ matrix
02:51:50,2.49e-05,commencing to scale JtQJ matrix- first SVD...
02:51:50,8.4e-06,starting REDSVD
02:51:50,1.34e-05,retrieving REDSVD components
02:51:50,9.4e-06,trimming REDSVD components to 1elements
02:51:50,7.8e-06,done REDSVD
02:51:50,1.14e-05,S info: rows = 2: cols = 2: size = 4: nonzeros = 2
02:51:50,6.6e-06,JS
02:51:50,1.02e-05,JS.transpose() * q_mat * JS + lambda * S.transpose() * S
02:51:50,2.16e-05,S info: rows = 2: cols = 2: size = 4: nonzeros = 2
02:51:50,8.1e-06,commencing SVD factorization of lambda-scaled JtQJ
02:51:50,7.1e-06,starting REDSVD
02:51:50,1.27e-05,retrieving REDSVD components
02:51:50,9e-06,trimming REDSVD components to 1elements
02:51:50,7.4e-06,done REDSVD
02:51:50,7e-06,SVD factorization complete
02:51:50,9.95e-05,commencing linear algebra multiplication to compute upgrade
02:51:50,9.7e-06,S info: rows = 2: cols = 2: size = 4: nonzeros = 2Vt info: rows = 1: cols = 2: size = 2: nonzeros = 2
02:51:50,8.8e-06,U info: rows = 2: cols = 1: size = 2: nonzeros = 2
02:51:50,8.6e-06,jac info: rows = 156: cols = 2: size = 312: nonzeros = 287
02:51:50,4.38e-05,linear algebra multiplication to compute upgrade complete
02:51:50,1.64e-05,commencing check of parameter bounds
02:51:50,9.7e-06,limiting out of bounds pars
02:51:50,2.82e-05,change limit/bound enforcement for lambda 1000: , scaling factor: 1
02:51:50,9.4e-06,checking for denormal floating point values
02:51:50,7.9e-06,transforming upgrade pars to model pars
02:51:50,7.9e-06,writing upgrade vector to csv file
02:51:50,0.0009397,LinearAnalysis::glm_iter_fosm
02:51:50,0.0001035,starting FOSM uncertainty analyses for iteration 2
02:51:50,0.0020317,loading obscov
02:51:50,5.1e-05,loading parcov
02:51:50,0.0003141,set_predictions
02:51:50,5.7e-05,parameter fosm calcs
02:51:50,1.24e-05,LinearAnalysis::calc_posterior
02:51:50,8.5e-06,LinearAnalysis::align
02:51:50,0.0001859,LinearAnalysis::prior_prediction_variance()::invert obscov
02:51:50,2.18e-05,inverting diagonal matrix in place
02:51:50,2.03e-05,LinearAnalysis::calc_posterior() form JtQJ
02:51:50,8.26e-05,LinearAnalysis::calc_posterior() invert prior parcov
02:51:50,3.01e-05,LinearAnalysis::calc_posterior() form posterior parcov
02:51:50,1.32e-05,LinearAnalysis::calc_posterior() invert posterior parcov
02:51:50,8.4e-06,inverting non-diagonal matrix in place
03:25:48,2037.99,completed iteration 3
03:25:48,0.0152533,beginning iteration 4
03:25:48,0.0001182,commencing to build jacobian parameter sets
03:25:48,0.0037653,jacobian parameter sets built, commencing model runs
03:53:42,1674,jacobian runs complete, processing runs
03:53:42,0.0017267,processing jacobian runs complete
03:53:42,3.78e-05,saving jacobian and sen files
03:53:42,0.0015143,commencing calculation of upgrade vector
03:53:42,0.000302,forming JtQJ matrix
03:53:42,4.83e-05,commencing to scale JtQJ matrix- first SVD...
03:53:42,8e-06,starting REDSVD
03:53:42,3.05e-05,retrieving REDSVD components
03:53:42,1.06e-05,trimming REDSVD components to 6elements
03:53:42,9.6e-06,done REDSVD
03:53:42,1.79e-05,S info: rows = 8: cols = 8: size = 64: nonzeros = 8
03:53:42,6.5e-06,JS
03:53:42,1.58e-05,JS.transpose() * q_mat * JS + lambda * S.transpose() * S
03:53:42,4.64e-05,S info: rows = 8: cols = 8: size = 64: nonzeros = 8
03:53:42,6.9e-06,commencing SVD factorization of lambda-scaled JtQJ
03:53:42,6.4e-06,starting REDSVD
03:53:42,2.31e-05,retrieving REDSVD components
03:53:42,9.9e-06,trimming REDSVD components to 6elements
03:53:42,8.2e-06,done REDSVD
03:53:42,6.1e-06,SVD factorization complete
03:53:42,0.0001762,commencing linear algebra multiplication to compute upgrade
03:53:42,1.01e-05,S info: rows = 8: cols = 8: size = 64: nonzeros = 8Vt info: rows = 6: cols = 8: size = 48: nonzeros = 48
03:53:42,8.1e-06,U info: rows = 8: cols = 6: size = 48: nonzeros = 48
03:53:42,7.7e-06,jac info: rows = 156: cols = 8: size = 1248: nonzeros = 1169
03:53:42,5.98e-05,linear algebra multiplication to compute upgrade complete
03:53:42,1.8e-05,commencing check of parameter bounds and gradients
03:53:42,0.0012485,beginning upgrade vector calculations, lambda = 0.01
03:53:42,8.46e-05,commencing calculation of upgrade vector
03:53:42,0.0003731,forming JtQJ matrix
03:53:42,2.67e-05,commencing to scale JtQJ matrix- first SVD...
03:53:42,6.6e-06,starting REDSVD
03:53:42,1.34e-05,retrieving REDSVD components
03:53:42,7.5e-06,trimming REDSVD components to 3elements
03:53:42,6.5e-06,done REDSVD
03:53:42,1.01e-05,S info: rows = 4: cols = 4: size = 16: nonzeros = 4
03:53:42,4.8e-06,JS
03:53:42,2.3e-05,JS.transpose() * q_mat * JS + lambda * S.transpose() * S
03:53:42,2.27e-05,S info: rows = 4: cols = 4: size = 16: nonzeros = 4
03:53:42,5.5e-06,commencing SVD factorization of lambda-scaled JtQJ
03:53:42,4.6e-06,starting REDSVD
03:53:42,1.1e-05,retrieving REDSVD components
03:53:42,6.4e-06,trimming REDSVD components to 4elements
03:53:42,5.4e-06,done REDSVD
03:53:42,4.9e-06,SVD factorization complete
03:53:42,7.82e-05,commencing linear algebra multiplication to compute upgrade
03:53:42,6.6e-06,S info: rows = 4: cols = 4: size = 16: nonzeros = 4Vt info: rows = 4: cols = 4: size = 16: nonzeros = 16
03:53:42,5.9e-06,U info: rows = 4: cols = 4: size = 16: nonzeros = 16
03:53:42,5.7e-06,jac info: rows = 156: cols = 4: size = 624: nonzeros = 576
03:53:42,4.03e-05,linear algebra multiplication to compute upgrade complete
03:53:42,1.3e-05,commencing check of parameter bounds and gradients
03:53:42,8.6e-06,commencing calculation of upgrade vector
03:53:42,0.0002929,forming JtQJ matrix
03:53:42,1.67e-05,commencing to scale JtQJ matrix- first SVD...
03:53:42,5.3e-06,starting REDSVD
03:53:42,9.6e-06,retrieving REDSVD components
03:53:42,6.4e-06,trimming REDSVD components to 1elements
03:53:42,5.3e-06,done REDSVD
03:53:42,7.7e-06,S info: rows = 2: cols = 2: size = 4: nonzeros = 2
03:53:42,4.6e-06,JS
03:53:42,7.1e-06,JS.transpose() * q_mat * JS + lambda * S.transpose() * S
03:53:42,1.56e-05,S info: rows = 2: cols = 2: size = 4: nonzeros = 2
03:53:42,4.9e-06,commencing SVD factorization of lambda-scaled JtQJ
03:53:42,4.6e-06,starting REDSVD
03:53:42,8.7e-06,retrieving REDSVD components
03:53:42,5.9e-06,trimming REDSVD components to 1elements
03:53:42,4.8e-06,done REDSVD
03:53:42,4.6e-06,SVD factorization complete
03:53:42,6.59e-05,commencing linear algebra multiplication to compute upgrade
03:53:42,6e-06,S info: rows = 2: cols = 2: size = 4: nonzeros = 2Vt info: rows = 1: cols = 2: size = 2: nonzeros = 2
03:53:42,5.9e-06,U info: rows = 2: cols = 1: size = 2: nonzeros = 2
03:53:42,5.8e-06,jac info: rows = 156: cols = 2: size = 312: nonzeros = 287
03:53:42,3.52e-05,linear algebra multiplication to compute upgrade complete
03:53:42,1.32e-05,commencing check of parameter bounds
03:53:42,7e-06,limiting out of bounds pars
03:53:42,1e-05,change limit/bound enforcement for lambda 0.01: , scaling factor: 1
03:53:42,5.4e-06,checking for denormal floating point values
03:53:42,5.4e-06,transforming upgrade pars to model pars
03:53:42,5.7e-06,writing upgrade vector to csv file
03:53:42,0.0006921,beginning upgrade vector calculations, lambda = 0.1
03:53:42,8.48e-05,commencing calculation of upgrade vector
03:53:42,0.0003381,forming JtQJ matrix
03:53:42,2.62e-05,commencing to scale JtQJ matrix- first SVD...
03:53:42,6.4e-06,starting REDSVD
03:53:42,1.26e-05,retrieving REDSVD components
03:53:42,7.5e-06,trimming REDSVD components to 3elements
03:53:42,6.2e-06,done REDSVD
03:53:42,9.7e-06,S info: rows = 4: cols = 4: size = 16: nonzeros = 4
03:53:42,4.9e-06,JS
03:53:42,9.1e-06,JS.transpose() * q_mat * JS + lambda * S.transpose() * S
03:53:42,2.21e-05,S info: rows = 4: cols = 4: size = 16: nonzeros = 4
03:53:42,5.1e-06,commencing SVD factorization of lambda-scaled JtQJ
03:53:42,4.7e-06,starting REDSVD
03:53:42,1.09e-05,retrieving REDSVD components
03:53:42,6.4e-06,trimming REDSVD components to 4elements
03:53:42,5.5e-06,done REDSVD
03:53:42,4.7e-06,SVD factorization complete
03:53:42,7.68e-05,commencing linear algebra multiplication to compute upgrade
03:53:42,6.3e-06,S info: rows = 4: cols = 4: size = 16: nonzeros = 4Vt info: rows = 4: cols = 4: size = 16: nonzeros = 16
03:53:42,5.9e-06,U info: rows = 4: cols = 4: size = 16: nonzeros = 16
03:53:42,5.7e-06,jac info: rows = 156: cols = 4: size = 624: nonzeros = 576
03:53:42,3.52e-05,linear algebra multiplication to compute upgrade complete
03:53:42,1.2e-05,commencing check of parameter bounds and gradients
03:53:42,7.9e-06,commencing calculation of upgrade vector
03:53:42,0.0003115,forming JtQJ matrix
03:53:42,1.66e-05,commencing to scale JtQJ matrix- first SVD...
03:53:42,5.3e-06,starting REDSVD
03:53:42,9.8e-06,retrieving REDSVD components
03:53:42,6.4e-06,trimming REDSVD components to 1elements
03:53:42,5.4e-06,done REDSVD
03:53:42,7.7e-06,S info: rows = 2: cols = 2: size = 4: nonzeros = 2
03:53:42,4.7e-06,JS
03:53:42,7e-06,JS.transpose() * q_mat * JS + lambda * S.transpose() * S
03:53:42,1.54e-05,S info: rows = 2: cols = 2: size = 4: nonzeros = 2
03:53:42,4.9e-06,commencing SVD factorization of lambda-scaled JtQJ
03:53:42,4.6e-06,starting REDSVD
03:53:42,8.9e-06,retrieving REDSVD components
03:53:42,5.9e-06,trimming REDSVD components to 1elements
03:53:42,5e-06,done REDSVD
03:53:42,4.7e-06,SVD factorization complete
03:53:42,6.5e-05,commencing linear algebra multiplication to compute upgrade
03:53:42,6.2e-06,S info: rows = 2: cols = 2: size = 4: nonzeros = 2Vt info: rows = 1: cols = 2: size = 2: nonzeros = 2
03:53:42,5.9e-06,U info: rows = 2: cols = 1: size = 2: nonzeros = 2
03:53:42,5.6e-06,jac info: rows = 156: cols = 2: size = 312: nonzeros = 287
03:53:42,3.13e-05,linear algebra multiplication to compute upgrade complete
03:53:42,1.1e-05,commencing check of parameter bounds
03:53:42,6.5e-06,limiting out of bounds pars
03:53:42,9e-06,change limit/bound enforcement for lambda 0.1: , scaling factor: 1
03:53:42,5.3e-06,checking for denormal floating point values
03:53:42,5.2e-06,transforming upgrade pars to model pars
03:53:42,5.5e-06,writing upgrade vector to csv file
03:53:42,0.000523,beginning upgrade vector calculations, lambda = 1
03:53:42,6.87e-05,commencing calculation of upgrade vector
03:53:42,0.0003309,forming JtQJ matrix
03:53:42,2.88e-05,commencing to scale JtQJ matrix- first SVD...
03:53:42,5.9e-06,starting REDSVD
03:53:42,1.18e-05,retrieving REDSVD components
03:53:42,7.3e-06,trimming REDSVD components to 3elements
03:53:42,6.1e-06,done REDSVD
03:53:42,9.2e-06,S info: rows = 4: cols = 4: size = 16: nonzeros = 4
03:53:42,4.7e-06,JS
03:53:42,8.9e-06,JS.transpose() * q_mat * JS + lambda * S.transpose() * S
03:53:42,2.29e-05,S info: rows = 4: cols = 4: size = 16: nonzeros = 4
03:53:42,3.65e-05,commencing SVD factorization of lambda-scaled JtQJ
03:53:42,8.9e-06,starting REDSVD
03:53:42,1.22e-05,retrieving REDSVD components
03:53:42,7.1e-06,trimming REDSVD components to 4elements
03:53:42,5.9e-06,done REDSVD
03:53:42,4.7e-06,SVD factorization complete
03:53:42,7.63e-05,commencing linear algebra multiplication to compute upgrade
03:53:42,6.1e-06,S info: rows = 4: cols = 4: size = 16: nonzeros = 4Vt info: rows = 4: cols = 4: size = 16: nonzeros = 16
03:53:42,5.8e-06,U info: rows = 4: cols = 4: size = 16: nonzeros = 16
03:53:42,5.7e-06,jac info: rows = 156: cols = 4: size = 624: nonzeros = 576
03:53:42,3.82e-05,linear algebra multiplication to compute upgrade complete
03:53:42,1.25e-05,commencing check of parameter bounds and gradients
03:53:42,8.1e-06,commencing calculation of upgrade vector
03:53:42,0.0002959,forming JtQJ matrix
03:53:42,1.71e-05,commencing to scale JtQJ matrix- first SVD...
03:53:42,5.2e-06,starting REDSVD
03:53:42,9.7e-06,retrieving REDSVD components
03:53:42,6.3e-06,trimming REDSVD components to 1elements
03:53:42,5.3e-06,done REDSVD
03:53:42,7.9e-06,S info: rows = 2: cols = 2: size = 4: nonzeros = 2
03:53:42,4.6e-06,JS
03:53:42,7.1e-06,JS.transpose() * q_mat * JS + lambda * S.transpose() * S
03:53:42,1.56e-05,S info: rows = 2: cols = 2: size = 4: nonzeros = 2
03:53:42,5.1e-06,commencing SVD factorization of lambda-scaled JtQJ
03:53:42,4.6e-06,starting REDSVD
03:53:42,8.8e-06,retrieving REDSVD components
03:53:42,5.9e-06,trimming REDSVD components to 1elements
03:53:42,5e-06,done REDSVD
03:53:42,4.9e-06,SVD factorization complete
03:53:42,6.47e-05,commencing linear algebra multiplication to compute upgrade
03:53:42,5.8e-06,S info: rows = 2: cols = 2: size = 4: nonzeros = 2Vt info: rows = 1: cols = 2: size = 2: nonzeros = 2
03:53:42,6.1e-06,U info: rows = 2: cols = 1: size = 2: nonzeros = 2
03:53:42,5.6e-06,jac info: rows = 156: cols = 2: size = 312: nonzeros = 287
03:53:42,3.11e-05,linear algebra multiplication to compute upgrade complete
03:53:42,1.11e-05,commencing check of parameter bounds
03:53:42,6.8e-06,limiting out of bounds pars
03:53:42,8.4e-06,change limit/bound enforcement for lambda 1: , scaling factor: 1
03:53:42,5.2e-06,checking for denormal floating point values
03:53:42,5e-06,transforming upgrade pars to model pars
03:53:42,5.7e-06,writing upgrade vector to csv file
03:53:42,0.0005218,beginning upgrade vector calculations, lambda = 10
03:53:42,7.23e-05,commencing calculation of upgrade vector
03:53:42,0.0003356,forming JtQJ matrix
03:53:42,2.6e-05,commencing to scale JtQJ matrix- first SVD...
03:53:42,6.6e-06,starting REDSVD
03:53:42,1.28e-05,retrieving REDSVD components
03:53:42,7.5e-06,trimming REDSVD components to 3elements
03:53:42,6.4e-06,done REDSVD
03:53:42,9.7e-06,S info: rows = 4: cols = 4: size = 16: nonzeros = 4
03:53:42,4.7e-06,JS
03:53:42,9.3e-06,JS.transpose() * q_mat * JS + lambda * S.transpose() * S
03:53:42,2.1e-05,S info: rows = 4: cols = 4: size = 16: nonzeros = 4
03:53:42,5.2e-06,commencing SVD factorization of lambda-scaled JtQJ
03:53:42,4.7e-06,starting REDSVD
03:53:42,1.12e-05,retrieving REDSVD components
03:53:42,6.5e-06,trimming REDSVD components to 4elements
03:53:42,5.6e-06,done REDSVD
03:53:42,4.8e-06,SVD factorization complete
03:53:42,8.21e-05,commencing linear algebra multiplication to compute upgrade
03:53:42,6.9e-06,S info: rows = 4: cols = 4: size = 16: nonzeros = 4Vt info: rows = 4: cols = 4: size = 16: nonzeros = 16
03:53:42,5.9e-06,U info: rows = 4: cols = 4: size = 16: nonzeros = 16
03:53:42,5.8e-06,jac info: rows = 156: cols = 4: size = 624: nonzeros = 576
03:53:42,3.47e-05,linear algebra multiplication to compute upgrade complete
03:53:42,1.28e-05,commencing check of parameter bounds and gradients
03:53:42,8.4e-06,commencing calculation of upgrade vector
03:53:42,0.0003157,forming JtQJ matrix
03:53:42,1.79e-05,commencing to scale JtQJ matrix- first SVD...
03:53:42,5.5e-06,starting REDSVD
03:53:42,1e-05,retrieving REDSVD components
03:53:42,8.5e-06,trimming REDSVD components to 1elements
03:53:42,6.4e-06,done REDSVD
03:53:42,8.3e-06,S info: rows = 2: cols = 2: size = 4: nonzeros = 2
03:53:42,4.8e-06,JS
03:53:42,7.2e-06,JS.transpose() * q_mat * JS + lambda * S.transpose() * S
03:53:42,1.56e-05,S info: rows = 2: cols = 2: size = 4: nonzeros = 2
03:53:42,5e-06,commencing SVD factorization of lambda-scaled JtQJ
03:53:42,4.6e-06,starting REDSVD
03:53:42,9e-06,retrieving REDSVD components
03:53:42,5.9e-06,trimming REDSVD components to 1elements
03:53:42,5e-06,done REDSVD
03:53:42,4.7e-06,SVD factorization complete
03:53:42,6.53e-05,commencing linear algebra multiplication to compute upgrade
03:53:42,6.1e-06,S info: rows = 2: cols = 2: size = 4: nonzeros = 2Vt info: rows = 1: cols = 2: size = 2: nonzeros = 2
03:53:42,5.6e-06,U info: rows = 2: cols = 1: size = 2: nonzeros = 2
03:53:42,5.6e-06,jac info: rows = 156: cols = 2: size = 312: nonzeros = 287
03:53:42,3.13e-05,linear algebra multiplication to compute upgrade complete
03:53:42,1.11e-05,commencing check of parameter bounds
03:53:42,6.6e-06,limiting out of bounds pars
03:53:42,9e-06,change limit/bound enforcement for lambda 10: , scaling factor: 1
03:53:42,5.3e-06,checking for denormal floating point values
03:53:42,5e-06,transforming upgrade pars to model pars
03:53:42,5.7e-06,writing upgrade vector to csv file
03:53:42,0.0007069,beginning upgrade vector calculations, lambda = 100
03:53:42,0.00013,commencing calculation of upgrade vector
03:53:42,0.0003367,forming JtQJ matrix
03:53:42,2.39e-05,commencing to scale JtQJ matrix- first SVD...
03:53:42,5.9e-06,starting REDSVD
03:53:42,1.2e-05,retrieving REDSVD components
03:53:42,7.1e-06,trimming REDSVD components to 3elements
03:53:42,6.2e-06,done REDSVD
03:53:42,9.3e-06,S info: rows = 4: cols = 4: size = 16: nonzeros = 4
03:53:42,4.8e-06,JS
03:53:42,8.9e-06,JS.transpose() * q_mat * JS + lambda * S.transpose() * S
03:53:42,2.11e-05,S info: rows = 4: cols = 4: size = 16: nonzeros = 4
03:53:42,5.1e-06,commencing SVD factorization of lambda-scaled JtQJ
03:53:42,4.6e-06,starting REDSVD
03:53:42,1.15e-05,retrieving REDSVD components
03:53:42,6.4e-06,trimming REDSVD components to 4elements
03:53:42,5.6e-06,done REDSVD
03:53:42,4.9e-06,SVD factorization complete
03:53:42,7.62e-05,commencing linear algebra multiplication to compute upgrade
03:53:42,5.9e-06,S info: rows = 4: cols = 4: size = 16: nonzeros = 4Vt info: rows = 4: cols = 4: size = 16: nonzeros = 16
03:53:42,5.9e-06,U info: rows = 4: cols = 4: size = 16: nonzeros = 16
03:53:42,5.7e-06,jac info: rows = 156: cols = 4: size = 624: nonzeros = 576
03:53:42,3.37e-05,linear algebra multiplication to compute upgrade complete
03:53:42,1.19e-05,commencing check of parameter bounds and gradients
03:53:42,7.8e-06,commencing calculation of upgrade vector
03:53:42,0.0003205,forming JtQJ matrix
03:53:42,1.81e-05,commencing to scale JtQJ matrix- first SVD...
03:53:42,5.3e-06,starting REDSVD
03:53:42,9.8e-06,retrieving REDSVD components
03:53:42,6.4e-06,trimming REDSVD components to 1elements
03:53:42,5.4e-06,done REDSVD
03:53:42,7.8e-06,S info: rows = 2: cols = 2: size = 4: nonzeros = 2
03:53:42,4.6e-06,JS
03:53:42,6.9e-06,JS.transpose() * q_mat * JS + lambda * S.transpose() * S
03:53:42,1.54e-05,S info: rows = 2: cols = 2: size = 4: nonzeros = 2
03:53:42,5e-06,commencing SVD factorization of lambda-scaled JtQJ
03:53:42,4.7e-06,starting REDSVD
03:53:42,8.9e-06,retrieving REDSVD components
03:53:42,5.9e-06,trimming REDSVD components to 1elements
03:53:42,4.9e-06,done REDSVD
03:53:42,4.7e-06,SVD factorization complete
03:53:42,6.46e-05,commencing linear algebra multiplication to compute upgrade
03:53:42,6.1e-06,S info: rows = 2: cols = 2: size = 4: nonzeros = 2Vt info: rows = 1: cols = 2: size = 2: nonzeros = 2
03:53:42,5.8e-06,U info: rows = 2: cols = 1: size = 2: nonzeros = 2
03:53:42,5.7e-06,jac info: rows = 156: cols = 2: size = 312: nonzeros = 287
03:53:42,3.1e-05,linear algebra multiplication to compute upgrade complete
03:53:42,1.1e-05,commencing check of parameter bounds
03:53:42,9.3e-06,limiting out of bounds pars
03:53:42,1.02e-05,change limit/bound enforcement for lambda 100: , scaling factor: 1
03:53:42,5.2e-06,checking for denormal floating point values
03:53:42,5.1e-06,transforming upgrade pars to model pars
03:53:42,5.7e-06,writing upgrade vector to csv file
03:53:42,0.0005024,beginning upgrade vector calculations, lambda = 1000
03:53:42,6.5e-05,commencing calculation of upgrade vector
03:53:42,0.0003277,forming JtQJ matrix
03:53:42,2.65e-05,commencing to scale JtQJ matrix- first SVD...
03:53:42,6e-06,starting REDSVD
03:53:42,1.2e-05,retrieving REDSVD components
03:53:42,7.2e-06,trimming REDSVD components to 3elements
03:53:42,6.1e-06,done REDSVD
03:53:42,9.4e-06,S info: rows = 4: cols = 4: size = 16: nonzeros = 4
03:53:42,4.6e-06,JS
03:53:42,9.1e-06,JS.transpose() * q_mat * JS + lambda * S.transpose() * S
03:53:42,2.01e-05,S info: rows = 4: cols = 4: size = 16: nonzeros = 4
03:53:42,5e-06,commencing SVD factorization of lambda-scaled JtQJ
03:53:42,4.5e-06,starting REDSVD
03:53:42,1.16e-05,retrieving REDSVD components
03:53:42,6.3e-06,trimming REDSVD components to 4elements
03:53:42,5.5e-06,done REDSVD
03:53:42,4.7e-06,SVD factorization complete
03:53:42,7.59e-05,commencing linear algebra multiplication to compute upgrade
03:53:42,6e-06,S info: rows = 4: cols = 4: size = 16: nonzeros = 4Vt info: rows = 4: cols = 4: size = 16: nonzeros = 16
03:53:42,5.7e-06,U info: rows = 4: cols = 4: size = 16: nonzeros = 16
03:53:42,5.7e-06,jac info: rows = 156: cols = 4: size = 624: nonzeros = 576
03:53:42,3.95e-05,linear algebra multiplication to compute upgrade complete
03:53:42,1.23e-05,commencing check of parameter bounds and gradients
03:53:42,7.8e-06,commencing calculation of upgrade vector
03:53:42,0.0003041,forming JtQJ matrix
03:53:42,1.69e-05,commencing to scale JtQJ matrix- first SVD...
03:53:42,5.3e-06,starting REDSVD
03:53:42,9.5e-06,retrieving REDSVD components
03:53:42,6.4e-06,trimming REDSVD components to 1elements
03:53:42,5.2e-06,done REDSVD
03:53:42,7.5e-06,S info: rows = 2: cols = 2: size = 4: nonzeros = 2
03:53:42,4.6e-06,JS
03:53:42,7e-06,JS.transpose() * q_mat * JS + lambda * S.transpose() * S
03:53:42,1.51e-05,S info: rows = 2: cols = 2: size = 4: nonzeros = 2
03:53:42,4.8e-06,commencing SVD factorization of lambda-scaled JtQJ
03:53:42,4.5e-06,starting REDSVD
03:53:42,8.7e-06,retrieving REDSVD components
03:53:42,5.7e-06,trimming REDSVD components to 1elements
03:53:42,4.9e-06,done REDSVD
03:53:42,4.6e-06,SVD factorization complete
03:53:42,6.41e-05,commencing linear algebra multiplication to compute upgrade
03:53:42,5.7e-06,S info: rows = 2: cols = 2: size = 4: nonzeros = 2Vt info: rows = 1: cols = 2: size = 2: nonzeros = 2
03:53:42,5.8e-06,U info: rows = 2: cols = 1: size = 2: nonzeros = 2
03:53:42,5.6e-06,jac info: rows = 156: cols = 2: size = 312: nonzeros = 287
03:53:42,3.06e-05,linear algebra multiplication to compute upgrade complete
03:53:42,1.08e-05,commencing check of parameter bounds
03:53:42,6.3e-06,limiting out of bounds pars
03:53:42,8.5e-06,change limit/bound enforcement for lambda 1000: , scaling factor: 1
03:53:42,5.1e-06,checking for denormal floating point values
03:53:42,5e-06,transforming upgrade pars to model pars
03:53:42,5.6e-06,writing upgrade vector to csv file
03:53:42,0.0008609,LinearAnalysis::glm_iter_fosm
03:53:42,9.71e-05,starting FOSM uncertainty analyses for iteration 3
03:53:42,0.0022164,loading obscov
03:53:42,4.93e-05,loading parcov
03:53:42,2.86e-05,set_predictions
03:53:42,5.27e-05,parameter fosm calcs
03:53:42,1.4e-05,LinearAnalysis::calc_posterior
03:53:42,1.24e-05,LinearAnalysis::align
03:53:42,0.0001899,LinearAnalysis::prior_prediction_variance()::invert obscov
03:53:42,1.1e-05,inverting diagonal matrix in place
03:53:42,1.63e-05,LinearAnalysis::calc_posterior() form JtQJ
03:53:42,0.0001145,LinearAnalysis::calc_posterior() invert prior parcov
03:53:42,2.56e-05,LinearAnalysis::calc_posterior() form posterior parcov
03:53:42,1.77e-05,LinearAnalysis::calc_posterior() invert posterior parcov
03:53:42,1.23e-05,inverting non-diagonal matrix in place
04:27:42,2040.29,completed iteration 4
04:27:42,0.0219589,FOSM-based posterior unc calcs
04:27:42,0.000143,starting FOSM uncertainty analyses for iteration -999
04:27:42,0.0026109,loading obscov
04:27:42,5.73e-05,loading parcov
04:27:42,3.52e-05,set_predictions
04:27:42,5.25e-05,parameter fosm calcs
04:27:42,1.14e-05,LinearAnalysis::calc_posterior
04:27:42,8e-06,LinearAnalysis::align
04:27:42,0.0001762,LinearAnalysis::prior_prediction_variance()::invert obscov
04:27:42,1.08e-05,inverting diagonal matrix in place
04:27:42,1.7e-05,LinearAnalysis::calc_posterior() form JtQJ
04:27:42,7.09e-05,LinearAnalysis::calc_posterior() invert prior parcov
04:27:42,2.04e-05,LinearAnalysis::calc_posterior() form posterior parcov
04:27:42,1.93e-05,LinearAnalysis::calc_posterior() invert posterior parcov
04:27:42,9.1e-06,inverting non-diagonal matrix in place
