time,elapsed_seconds,message
19:22:35,5.53e-05,PEST++ performance logger started
19:22:35,0.0008671,starting to process control file
19:22:35,0.0098551,finished processing control file
19:22:35,0.0031568,starting basic model IO error checking
19:22:35,0.0225775,finished basic model IO error checking
19:22:35,0.0002672,loading parcov
19:22:35,0.0016233,beginning iteration 1
19:22:35,8.66e-05,commencing to build jacobian parameter sets
19:22:35,0.0022571,jacobian parameter sets built, commencing model runs
19:31:35,539.598,jacobian runs complete, processing runs
19:31:35,0.0002769,processing jacobian runs complete
19:31:35,9.6e-06,saving jacobian and sen files
19:31:35,0.0037028,commencing calculation of upgrade vector
19:31:35,0.0003341,forming JtQJ matrix
19:31:35,4.15e-05,commencing to scale JtQJ matrix- first SVD...
19:31:35,1.56e-05,starting REDSVD
19:31:35,5.54e-05,retrieving REDSVD components
19:31:35,1.4e-05,trimming REDSVD components to 6elements
19:31:35,1.26e-05,done REDSVD
19:31:35,2.68e-05,S info: rows = 6: cols = 6: size = 36: nonzeros = 6
19:31:35,6.7e-06,JS
19:31:35,2.24e-05,JS.transpose() * q_mat * JS + lambda * S.transpose() * S
19:31:35,4.24e-05,S info: rows = 6: cols = 6: size = 36: nonzeros = 6
19:31:35,7.1e-06,commencing SVD factorization of lambda-scaled JtQJ
19:31:35,9.3e-06,starting REDSVD
19:31:35,2.26e-05,retrieving REDSVD components
19:31:35,9.5e-06,trimming REDSVD components to 6elements
19:31:35,7.9e-06,done REDSVD
19:31:35,6.2e-06,SVD factorization complete
19:31:35,0.0001057,commencing linear algebra multiplication to compute upgrade
19:31:35,8.1e-06,S info: rows = 6: cols = 6: size = 36: nonzeros = 6Vt info: rows = 6: cols = 6: size = 36: nonzeros = 36
19:31:35,7.5e-06,U info: rows = 6: cols = 6: size = 36: nonzeros = 36
19:31:35,7.1e-06,jac info: rows = 156: cols = 6: size = 936: nonzeros = 808
19:31:35,6.61e-05,linear algebra multiplication to compute upgrade complete
19:31:35,1.97e-05,commencing check of parameter bounds and gradients
19:31:35,0.0010434,beginning upgrade vector calculations, lambda = 0.1
19:31:35,0.0001033,commencing calculation of upgrade vector
19:31:35,0.000369,forming JtQJ matrix
19:31:35,4.36e-05,commencing to scale JtQJ matrix- first SVD...
19:31:35,9.2e-06,starting REDSVD
19:31:35,2.41e-05,retrieving REDSVD components
19:31:35,1.49e-05,trimming REDSVD components to 6elements
19:31:35,1.37e-05,done REDSVD
19:31:35,2.02e-05,S info: rows = 6: cols = 6: size = 36: nonzeros = 6
19:31:35,1.21e-05,JS
19:31:35,1.59e-05,JS.transpose() * q_mat * JS + lambda * S.transpose() * S
19:31:35,3.78e-05,S info: rows = 6: cols = 6: size = 36: nonzeros = 6
19:31:35,5.9e-06,commencing SVD factorization of lambda-scaled JtQJ
19:31:35,4.9e-06,starting REDSVD
19:31:35,1.64e-05,retrieving REDSVD components
19:31:35,7.5e-06,trimming REDSVD components to 6elements
19:31:35,6.2e-06,done REDSVD
19:31:35,4.8e-06,SVD factorization complete
19:31:35,8.25e-05,commencing linear algebra multiplication to compute upgrade
19:31:35,6.2e-06,S info: rows = 6: cols = 6: size = 36: nonzeros = 6Vt info: rows = 6: cols = 6: size = 36: nonzeros = 36
19:31:35,6.1e-06,U info: rows = 6: cols = 6: size = 36: nonzeros = 36
19:31:35,5.7e-06,jac info: rows = 156: cols = 6: size = 936: nonzeros = 808
19:31:35,4.72e-05,linear algebra multiplication to compute upgrade complete
19:31:35,1.58e-05,commencing check of parameter bounds and gradients
19:31:35,7e-06,commencing calculation of upgrade vector
19:31:35,0.0002256,forming JtQJ matrix
19:31:35,2.85e-05,commencing to scale JtQJ matrix- first SVD...
19:31:35,5.4e-06,starting REDSVD
19:31:35,1.55e-05,retrieving REDSVD components
19:31:35,7.3e-06,trimming REDSVD components to 6elements
19:31:35,6.5e-06,done REDSVD
19:31:35,1.02e-05,S info: rows = 6: cols = 6: size = 36: nonzeros = 6
19:31:35,4.6e-06,JS
19:31:35,1.06e-05,JS.transpose() * q_mat * JS + lambda * S.transpose() * S
19:31:35,3.08e-05,S info: rows = 6: cols = 6: size = 36: nonzeros = 6
19:31:35,5.3e-06,commencing SVD factorization of lambda-scaled JtQJ
19:31:35,3.59e-05,starting REDSVD
19:31:35,1.99e-05,retrieving REDSVD components
19:31:35,8.4e-06,trimming REDSVD components to 6elements
19:31:35,6.5e-06,done REDSVD
19:31:35,4.8e-06,SVD factorization complete
19:31:35,7.95e-05,commencing linear algebra multiplication to compute upgrade
19:31:35,6.4e-06,S info: rows = 6: cols = 6: size = 36: nonzeros = 6Vt info: rows = 6: cols = 6: size = 36: nonzeros = 36
19:31:35,5.8e-06,U info: rows = 6: cols = 6: size = 36: nonzeros = 36
19:31:35,5.7e-06,jac info: rows = 156: cols = 6: size = 936: nonzeros = 808
19:31:35,5.2e-05,linear algebra multiplication to compute upgrade complete
19:31:35,1.34e-05,commencing check of parameter bounds
19:31:35,6.4e-06,limiting out of bounds pars
19:31:35,1.89e-05,change limit/bound enforcement for lambda 0.1: , scaling factor: 1
19:31:35,5.8e-06,checking for denormal floating point values
19:31:35,5.6e-06,transforming upgrade pars to model pars
19:31:35,5.2e-06,writing upgrade vector to csv file
19:31:35,0.0002797,beginning upgrade vector calculations, lambda = 1
19:31:35,7.57e-05,commencing calculation of upgrade vector
19:31:35,0.0003138,forming JtQJ matrix
19:31:35,4.43e-05,commencing to scale JtQJ matrix- first SVD...
19:31:35,8.2e-06,starting REDSVD
19:31:35,2.1e-05,retrieving REDSVD components
19:31:35,9.6e-06,trimming REDSVD components to 6elements
19:31:35,8.3e-06,done REDSVD
19:31:35,1.37e-05,S info: rows = 6: cols = 6: size = 36: nonzeros = 6
19:31:35,6e-06,JS
19:31:35,1.4e-05,JS.transpose() * q_mat * JS + lambda * S.transpose() * S
19:31:35,3.47e-05,S info: rows = 6: cols = 6: size = 36: nonzeros = 6
19:31:35,6.5e-06,commencing SVD factorization of lambda-scaled JtQJ
19:31:35,5.7e-06,starting REDSVD
19:31:35,1.85e-05,retrieving REDSVD components
19:31:35,8.7e-06,trimming REDSVD components to 6elements
19:31:35,7.6e-06,done REDSVD
19:31:35,5.9e-06,SVD factorization complete
19:31:35,0.0001017,commencing linear algebra multiplication to compute upgrade
19:31:35,7.8e-06,S info: rows = 6: cols = 6: size = 36: nonzeros = 6Vt info: rows = 6: cols = 6: size = 36: nonzeros = 36
19:31:35,7.2e-06,U info: rows = 6: cols = 6: size = 36: nonzeros = 36
19:31:35,6.9e-06,jac info: rows = 156: cols = 6: size = 936: nonzeros = 808
19:31:35,6.09e-05,linear algebra multiplication to compute upgrade complete
19:31:35,1.99e-05,commencing check of parameter bounds and gradients
19:31:35,8.5e-06,commencing calculation of upgrade vector
19:31:35,0.0002679,forming JtQJ matrix
19:31:35,2.89e-05,commencing to scale JtQJ matrix- first SVD...
19:31:35,5.5e-06,starting REDSVD
19:31:35,1.51e-05,retrieving REDSVD components
19:31:35,7.3e-06,trimming REDSVD components to 6elements
19:31:35,6.3e-06,done REDSVD
19:31:35,9.8e-06,S info: rows = 6: cols = 6: size = 36: nonzeros = 6
19:31:35,4.7e-06,JS
19:31:35,1.06e-05,JS.transpose() * q_mat * JS + lambda * S.transpose() * S
19:31:35,2.94e-05,S info: rows = 6: cols = 6: size = 36: nonzeros = 6
19:31:35,5.1e-06,commencing SVD factorization of lambda-scaled JtQJ
19:31:35,4.6e-06,starting REDSVD
19:31:35,2.89e-05,retrieving REDSVD components
19:31:35,9.3e-06,trimming REDSVD components to 6elements
19:31:35,6.7e-06,done REDSVD
19:31:35,4.8e-06,SVD factorization complete
19:31:35,0.0001181,commencing linear algebra multiplication to compute upgrade
19:31:35,7.2e-06,S info: rows = 6: cols = 6: size = 36: nonzeros = 6Vt info: rows = 6: cols = 6: size = 36: nonzeros = 36
19:31:35,5.9e-06,U info: rows = 6: cols = 6: size = 36: nonzeros = 36
19:31:35,5.7e-06,jac info: rows = 156: cols = 6: size = 936: nonzeros = 808
19:31:35,4.71e-05,linear algebra multiplication to compute upgrade complete
19:31:35,1.58e-05,commencing check of parameter bounds
19:31:35,6.2e-06,limiting out of bounds pars
19:31:35,8.5e-06,change limit/bound enforcement for lambda 1: , scaling factor: 1
19:31:35,4.8e-06,checking for denormal floating point values
19:31:35,5e-06,transforming upgrade pars to model pars
19:31:35,5.3e-06,writing upgrade vector to csv file
19:31:35,0.0002014,beginning upgrade vector calculations, lambda = 10
19:31:35,8.26e-05,commencing calculation of upgrade vector
19:31:35,0.0003378,forming JtQJ matrix
19:31:35,4.15e-05,commencing to scale JtQJ matrix- first SVD...
19:31:35,8.3e-06,starting REDSVD
19:31:35,2.12e-05,retrieving REDSVD components
19:31:35,9.8e-06,trimming REDSVD components to 6elements
19:31:35,8.8e-06,done REDSVD
19:31:35,1.4e-05,S info: rows = 6: cols = 6: size = 36: nonzeros = 6
19:31:35,6.2e-06,JS
19:31:35,1.63e-05,JS.transpose() * q_mat * JS + lambda * S.transpose() * S
19:31:35,5.89e-05,S info: rows = 6: cols = 6: size = 36: nonzeros = 6
19:31:35,1.24e-05,commencing SVD factorization of lambda-scaled JtQJ
19:31:35,6.1e-06,starting REDSVD
19:31:35,1.92e-05,retrieving REDSVD components
19:31:35,9e-06,trimming REDSVD components to 6elements
19:31:35,8e-06,done REDSVD
19:31:35,6.2e-06,SVD factorization complete
19:31:35,0.0001031,commencing linear algebra multiplication to compute upgrade
19:31:35,7.9e-06,S info: rows = 6: cols = 6: size = 36: nonzeros = 6Vt info: rows = 6: cols = 6: size = 36: nonzeros = 36
19:31:35,7.3e-06,U info: rows = 6: cols = 6: size = 36: nonzeros = 36
19:31:35,7.1e-06,jac info: rows = 156: cols = 6: size = 936: nonzeros = 808
19:31:35,6.73e-05,linear algebra multiplication to compute upgrade complete
19:31:35,1.75e-05,commencing check of parameter bounds and gradients
19:31:35,8.4e-06,commencing calculation of upgrade vector
19:31:35,0.0002804,forming JtQJ matrix
19:31:35,3.56e-05,commencing to scale JtQJ matrix- first SVD...
19:31:35,6.7e-06,starting REDSVD
19:31:35,1.89e-05,retrieving REDSVD components
19:31:35,9e-06,trimming REDSVD components to 6elements
19:31:35,8e-06,done REDSVD
19:31:35,1.3e-05,S info: rows = 6: cols = 6: size = 36: nonzeros = 6
19:31:35,5.8e-06,JS
19:31:35,1.37e-05,JS.transpose() * q_mat * JS + lambda * S.transpose() * S
19:31:35,4e-05,S info: rows = 6: cols = 6: size = 36: nonzeros = 6
19:31:35,6.7e-06,commencing SVD factorization of lambda-scaled JtQJ
19:31:35,6e-06,starting REDSVD
19:31:35,1.79e-05,retrieving REDSVD components
19:31:35,8.6e-06,trimming REDSVD components to 6elements
19:31:35,7.7e-06,done REDSVD
19:31:35,5.9e-06,SVD factorization complete
19:31:35,8.72e-05,commencing linear algebra multiplication to compute upgrade
19:31:35,6e-06,S info: rows = 6: cols = 6: size = 36: nonzeros = 6Vt info: rows = 6: cols = 6: size = 36: nonzeros = 36
19:31:35,6.1e-06,U info: rows = 6: cols = 6: size = 36: nonzeros = 36
19:31:35,5.7e-06,jac info: rows = 156: cols = 6: size = 936: nonzeros = 808
19:31:35,4.74e-05,linear algebra multiplication to compute upgrade complete
19:31:35,1.46e-05,commencing check of parameter bounds
19:31:35,6.2e-06,limiting out of bounds pars
19:31:35,8.9e-06,change limit/bound enforcement for lambda 10: , scaling factor: 1
19:31:35,4.9e-06,checking for denormal floating point values
19:31:35,5.1e-06,transforming upgrade pars to model pars
19:31:35,5.2e-06,writing upgrade vector to csv file
19:31:35,0.0002196,beginning upgrade vector calculations, lambda = 100
19:31:35,8.04e-05,commencing calculation of upgrade vector
19:31:35,0.0002497,forming JtQJ matrix
19:31:35,3.12e-05,commencing to scale JtQJ matrix- first SVD...
19:31:35,6.1e-06,starting REDSVD
19:31:35,1.61e-05,retrieving REDSVD components
19:31:35,7.8e-06,trimming REDSVD components to 6elements
19:31:35,6.5e-06,done REDSVD
19:31:35,1.08e-05,S info: rows = 6: cols = 6: size = 36: nonzeros = 6
19:31:35,4.7e-06,JS
19:31:35,1.12e-05,JS.transpose() * q_mat * JS + lambda * S.transpose() * S
19:31:35,3.18e-05,S info: rows = 6: cols = 6: size = 36: nonzeros = 6
19:31:35,5.3e-06,commencing SVD factorization of lambda-scaled JtQJ
19:31:35,4.9e-06,starting REDSVD
19:31:35,1.45e-05,retrieving REDSVD components
19:31:35,6.9e-06,trimming REDSVD components to 6elements
19:31:35,6e-06,done REDSVD
19:31:35,4.9e-06,SVD factorization complete
19:31:35,9.28e-05,commencing linear algebra multiplication to compute upgrade
19:31:35,7.9e-06,S info: rows = 6: cols = 6: size = 36: nonzeros = 6Vt info: rows = 6: cols = 6: size = 36: nonzeros = 36
19:31:35,1.01e-05,U info: rows = 6: cols = 6: size = 36: nonzeros = 36
19:31:35,8.9e-06,jac info: rows = 156: cols = 6: size = 936: nonzeros = 808
19:31:35,5.85e-05,linear algebra multiplication to compute upgrade complete
19:31:35,1.78e-05,commencing check of parameter bounds and gradients
19:31:35,8.1e-06,commencing calculation of upgrade vector
19:31:35,0.0005275,forming JtQJ matrix
19:31:35,7.54e-05,commencing to scale JtQJ matrix- first SVD...
19:31:35,1.67e-05,starting REDSVD
19:31:35,3.37e-05,retrieving REDSVD components
19:31:35,1.65e-05,trimming REDSVD components to 6elements
19:31:35,1.54e-05,done REDSVD
19:31:35,2.14e-05,S info: rows = 6: cols = 6: size = 36: nonzeros = 6
19:31:35,9.9e-06,JS
19:31:35,2.13e-05,JS.transpose() * q_mat * JS + lambda * S.transpose() * S
19:31:35,6.36e-05,S info: rows = 6: cols = 6: size = 36: nonzeros = 6
19:31:35,1.5e-05,commencing SVD factorization of lambda-scaled JtQJ
19:31:35,1.1e-05,starting REDSVD
19:31:35,2.79e-05,retrieving REDSVD components
19:31:35,1.52e-05,trimming REDSVD components to 6elements
19:31:35,1.43e-05,done REDSVD
19:31:35,9.6e-06,SVD factorization complete
19:31:35,0.0001455,commencing linear algebra multiplication to compute upgrade
19:31:35,1.15e-05,S info: rows = 6: cols = 6: size = 36: nonzeros = 6Vt info: rows = 6: cols = 6: size = 36: nonzeros = 36
19:31:35,1.01e-05,U info: rows = 6: cols = 6: size = 36: nonzeros = 36
19:31:35,8.9e-06,jac info: rows = 156: cols = 6: size = 936: nonzeros = 808
19:31:35,7.54e-05,linear algebra multiplication to compute upgrade complete
19:31:35,2.31e-05,commencing check of parameter bounds
19:31:35,1.23e-05,limiting out of bounds pars
19:31:35,1.39e-05,change limit/bound enforcement for lambda 100: , scaling factor: 1
19:31:35,8.4e-06,checking for denormal floating point values
19:31:35,8.5e-06,transforming upgrade pars to model pars
19:31:35,9.1e-06,writing upgrade vector to csv file
19:31:35,0.0003484,beginning upgrade vector calculations, lambda = 1000
19:31:35,0.0005188,commencing calculation of upgrade vector
19:31:35,0.000351,forming JtQJ matrix
19:31:35,3.98e-05,commencing to scale JtQJ matrix- first SVD...
19:31:35,8e-06,starting REDSVD
19:31:35,2.09e-05,retrieving REDSVD components
19:31:35,9.9e-06,trimming REDSVD components to 6elements
19:31:35,8.8e-06,done REDSVD
19:31:35,1.38e-05,S info: rows = 6: cols = 6: size = 36: nonzeros = 6
19:31:35,6e-06,JS
19:31:35,1.36e-05,JS.transpose() * q_mat * JS + lambda * S.transpose() * S
19:31:35,3.9e-05,S info: rows = 6: cols = 6: size = 36: nonzeros = 6
19:31:35,6.8e-06,commencing SVD factorization of lambda-scaled JtQJ
19:31:35,5.9e-06,starting REDSVD
19:31:35,1.82e-05,retrieving REDSVD components
19:31:35,8.7e-06,trimming REDSVD components to 6elements
19:31:35,7.7e-06,done REDSVD
19:31:35,5.9e-06,SVD factorization complete
19:31:35,0.0001085,commencing linear algebra multiplication to compute upgrade
19:31:35,8.1e-06,S info: rows = 6: cols = 6: size = 36: nonzeros = 6Vt info: rows = 6: cols = 6: size = 36: nonzeros = 36
19:31:35,7.4e-06,U info: rows = 6: cols = 6: size = 36: nonzeros = 36
19:31:35,7.1e-06,jac info: rows = 156: cols = 6: size = 936: nonzeros = 808
19:31:35,6.52e-05,linear algebra multiplication to compute upgrade complete
19:31:35,1.96e-05,commencing check of parameter bounds and gradients
19:31:35,1.63e-05,commencing calculation of upgrade vector
19:31:35,0.0002773,forming JtQJ matrix
19:31:35,3.59e-05,commencing to scale JtQJ matrix- first SVD...
19:31:35,6.3e-06,starting REDSVD
19:31:35,1.59e-05,retrieving REDSVD components
19:31:35,7.7e-06,trimming REDSVD components to 6elements
19:31:35,6.4e-06,done REDSVD
19:31:35,1.06e-05,S info: rows = 6: cols = 6: size = 36: nonzeros = 6
19:31:35,4.8e-06,JS
19:31:35,1.08e-05,JS.transpose() * q_mat * JS + lambda * S.transpose() * S
19:31:35,3.39e-05,S info: rows = 6: cols = 6: size = 36: nonzeros = 6
19:31:35,5.4e-06,commencing SVD factorization of lambda-scaled JtQJ
19:31:35,4.7e-06,starting REDSVD
19:31:35,4.37e-05,retrieving REDSVD components
19:31:35,1.17e-05,trimming REDSVD components to 6elements
19:31:35,6.8e-06,done REDSVD
19:31:35,5e-06,SVD factorization complete
19:31:35,8.11e-05,commencing linear algebra multiplication to compute upgrade
19:31:35,6.1e-06,S info: rows = 6: cols = 6: size = 36: nonzeros = 6Vt info: rows = 6: cols = 6: size = 36: nonzeros = 36
19:31:35,5.8e-06,U info: rows = 6: cols = 6: size = 36: nonzeros = 36
19:31:35,5.6e-06,jac info: rows = 156: cols = 6: size = 936: nonzeros = 808
19:31:35,4.83e-05,linear algebra multiplication to compute upgrade complete
19:31:35,1.36e-05,commencing check of parameter bounds
19:31:35,5.9e-06,limiting out of bounds pars
19:31:35,8.6e-06,change limit/bound enforcement for lambda 1000: , scaling factor: 1
19:31:35,4.9e-06,checking for denormal floating point values
19:31:35,5e-06,transforming upgrade pars to model pars
19:31:35,5.1e-06,writing upgrade vector to csv file
19:31:35,0.0006409,LinearAnalysis::glm_iter_fosm
19:31:35,0.0001079,starting FOSM uncertainty analyses for iteration 0
19:31:35,0.0022658,loading obscov
19:31:35,9.57e-05,loading parcov
19:31:35,0.0002124,set_predictions
19:31:35,6.33e-05,parameter fosm calcs
19:31:35,1.35e-05,LinearAnalysis::calc_posterior
19:31:35,8.6e-06,LinearAnalysis::align
19:31:35,0.0002412,LinearAnalysis::prior_prediction_variance()::invert obscov
19:31:35,1.66e-05,inverting diagonal matrix in place
19:31:35,2.15e-05,LinearAnalysis::calc_posterior() form JtQJ
19:31:35,6.36e-05,LinearAnalysis::calc_posterior() invert prior parcov
19:31:35,2.94e-05,LinearAnalysis::calc_posterior() form posterior parcov
19:31:35,1.04e-05,LinearAnalysis::calc_posterior() invert posterior parcov
19:31:35,5.4e-06,inverting non-diagonal matrix in place
19:49:41,1085.73,completed iteration 1
19:49:41,0.0155348,beginning iteration 2
19:49:41,0.0001685,commencing to build jacobian parameter sets
19:49:41,0.0020256,jacobian parameter sets built, commencing model runs
19:57:00,439.466,jacobian runs complete, processing runs
19:57:00,0.000335,processing jacobian runs complete
19:57:00,1.22e-05,saving jacobian and sen files
19:57:00,0.0026049,commencing calculation of upgrade vector
19:57:00,0.0004089,forming JtQJ matrix
19:57:00,4.87e-05,commencing to scale JtQJ matrix- first SVD...
19:57:00,9.8e-06,starting REDSVD
19:57:00,2.61e-05,retrieving REDSVD components
19:57:00,1e-05,trimming REDSVD components to 6elements
19:57:00,9e-06,done REDSVD
19:57:00,1.53e-05,S info: rows = 6: cols = 6: size = 36: nonzeros = 6
19:57:00,6e-06,JS
19:57:00,1.41e-05,JS.transpose() * q_mat * JS + lambda * S.transpose() * S
19:57:00,3.84e-05,S info: rows = 6: cols = 6: size = 36: nonzeros = 6
19:57:00,6.5e-06,commencing SVD factorization of lambda-scaled JtQJ
19:57:00,6.1e-06,starting REDSVD
19:57:00,1.97e-05,retrieving REDSVD components
19:57:00,9e-06,trimming REDSVD components to 6elements
19:57:00,8.3e-06,done REDSVD
19:57:00,6.6e-06,SVD factorization complete
19:57:00,0.000115,commencing linear algebra multiplication to compute upgrade
19:57:00,7.4e-06,S info: rows = 6: cols = 6: size = 36: nonzeros = 6Vt info: rows = 6: cols = 6: size = 36: nonzeros = 36
19:57:00,6.3e-06,U info: rows = 6: cols = 6: size = 36: nonzeros = 36
19:57:00,6e-06,jac info: rows = 156: cols = 6: size = 936: nonzeros = 812
19:57:00,5.47e-05,linear algebra multiplication to compute upgrade complete
19:57:00,1.67e-05,commencing check of parameter bounds and gradients
19:57:00,0.0009192,beginning upgrade vector calculations, lambda = 0.1
19:57:00,9.61e-05,commencing calculation of upgrade vector
19:57:00,0.0003845,forming JtQJ matrix
19:57:00,4.55e-05,commencing to scale JtQJ matrix- first SVD...
19:57:00,9.1e-06,starting REDSVD
19:57:00,2.33e-05,retrieving REDSVD components
19:57:00,9.8e-06,trimming REDSVD components to 6elements
19:57:00,8.7e-06,done REDSVD
19:57:00,1.41e-05,S info: rows = 6: cols = 6: size = 36: nonzeros = 6
19:57:00,6.2e-06,JS
19:57:00,1.41e-05,JS.transpose() * q_mat * JS + lambda * S.transpose() * S
19:57:00,4.81e-05,S info: rows = 6: cols = 6: size = 36: nonzeros = 6
19:57:00,8.9e-06,commencing SVD factorization of lambda-scaled JtQJ
19:57:00,6.1e-06,starting REDSVD
19:57:00,1.97e-05,retrieving REDSVD components
19:57:00,8.9e-06,trimming REDSVD components to 6elements
19:57:00,7.5e-06,done REDSVD
19:57:00,6.2e-06,SVD factorization complete
19:57:00,0.0001232,commencing linear algebra multiplication to compute upgrade
19:57:00,9.7e-06,S info: rows = 6: cols = 6: size = 36: nonzeros = 6Vt info: rows = 6: cols = 6: size = 36: nonzeros = 36
19:57:00,7.8e-06,U info: rows = 6: cols = 6: size = 36: nonzeros = 36
19:57:00,7.4e-06,jac info: rows = 156: cols = 6: size = 936: nonzeros = 812
19:57:00,6.89e-05,linear algebra multiplication to compute upgrade complete
19:57:00,1.95e-05,commencing check of parameter bounds and gradients
19:57:00,1e-05,commencing calculation of upgrade vector
19:57:00,0.0003103,forming JtQJ matrix
19:57:00,2.94e-05,commencing to scale JtQJ matrix- first SVD...
19:57:00,5.9e-06,starting REDSVD
19:57:00,1.5e-05,retrieving REDSVD components
19:57:00,7.5e-06,trimming REDSVD components to 5elements
19:57:00,6.8e-06,done REDSVD
19:57:00,1.03e-05,S info: rows = 5: cols = 5: size = 25: nonzeros = 5
19:57:00,4.9e-06,JS
19:57:00,1.07e-05,JS.transpose() * q_mat * JS + lambda * S.transpose() * S
19:57:00,3.82e-05,S info: rows = 5: cols = 5: size = 25: nonzeros = 5
19:57:00,6.8e-06,commencing SVD factorization of lambda-scaled JtQJ
19:57:00,4.8e-06,starting REDSVD
19:57:00,1.34e-05,retrieving REDSVD components
19:57:00,6.9e-06,trimming REDSVD components to 5elements
19:57:00,6.4e-06,done REDSVD
19:57:00,4.9e-06,SVD factorization complete
19:57:00,8.23e-05,commencing linear algebra multiplication to compute upgrade
19:57:00,6.4e-06,S info: rows = 5: cols = 5: size = 25: nonzeros = 5Vt info: rows = 5: cols = 5: size = 25: nonzeros = 25
19:57:00,6e-06,U info: rows = 5: cols = 5: size = 25: nonzeros = 25
19:57:00,5.8e-06,jac info: rows = 156: cols = 5: size = 780: nonzeros = 676
19:57:00,4.87e-05,linear algebra multiplication to compute upgrade complete
19:57:00,1.53e-05,commencing check of parameter bounds
19:57:00,6.4e-06,limiting out of bounds pars
19:57:00,1.04e-05,change limit/bound enforcement for lambda 0.1: , scaling factor: 1
19:57:00,5.3e-06,checking for denormal floating point values
19:57:00,5.4e-06,transforming upgrade pars to model pars
19:57:00,6.1e-06,writing upgrade vector to csv file
19:57:00,0.0008972,beginning upgrade vector calculations, lambda = 1
19:57:00,9.23e-05,commencing calculation of upgrade vector
19:57:00,0.0003339,forming JtQJ matrix
19:57:00,4.36e-05,commencing to scale JtQJ matrix- first SVD...
19:57:00,8.2e-06,starting REDSVD
19:57:00,2.17e-05,retrieving REDSVD components
19:57:00,9.6e-06,trimming REDSVD components to 6elements
19:57:00,8.2e-06,done REDSVD
19:57:00,1.33e-05,S info: rows = 6: cols = 6: size = 36: nonzeros = 6
19:57:00,6e-06,JS
19:57:00,1.41e-05,JS.transpose() * q_mat * JS + lambda * S.transpose() * S
19:57:00,4e-05,S info: rows = 6: cols = 6: size = 36: nonzeros = 6
19:57:00,7.1e-06,commencing SVD factorization of lambda-scaled JtQJ
19:57:00,6e-06,starting REDSVD
19:57:00,1.98e-05,retrieving REDSVD components
19:57:00,8.8e-06,trimming REDSVD components to 6elements
19:57:00,7.3e-06,done REDSVD
19:57:00,6.1e-06,SVD factorization complete
19:57:00,0.0001031,commencing linear algebra multiplication to compute upgrade
19:57:00,8.1e-06,S info: rows = 6: cols = 6: size = 36: nonzeros = 6Vt info: rows = 6: cols = 6: size = 36: nonzeros = 36
19:57:00,7.6e-06,U info: rows = 6: cols = 6: size = 36: nonzeros = 36
19:57:00,7.4e-06,jac info: rows = 156: cols = 6: size = 936: nonzeros = 812
19:57:00,7.06e-05,linear algebra multiplication to compute upgrade complete
19:57:00,1.84e-05,commencing check of parameter bounds and gradients
19:57:00,9.8e-06,commencing calculation of upgrade vector
19:57:00,0.0003612,forming JtQJ matrix
19:57:00,3.75e-05,commencing to scale JtQJ matrix- first SVD...
19:57:00,1.08e-05,starting REDSVD
19:57:00,1.93e-05,retrieving REDSVD components
19:57:00,9.2e-06,trimming REDSVD components to 5elements
19:57:00,8e-06,done REDSVD
19:57:00,1.24e-05,S info: rows = 5: cols = 5: size = 25: nonzeros = 5
19:57:00,6.2e-06,JS
19:57:00,1.29e-05,JS.transpose() * q_mat * JS + lambda * S.transpose() * S
19:57:00,3.48e-05,S info: rows = 5: cols = 5: size = 25: nonzeros = 5
19:57:00,5.6e-06,commencing SVD factorization of lambda-scaled JtQJ
19:57:00,4.9e-06,starting REDSVD
19:57:00,1.32e-05,retrieving REDSVD components
19:57:00,6.7e-06,trimming REDSVD components to 5elements
19:57:00,5.8e-06,done REDSVD
19:57:00,4.9e-06,SVD factorization complete
19:57:00,7.54e-05,commencing linear algebra multiplication to compute upgrade
19:57:00,6.2e-06,S info: rows = 5: cols = 5: size = 25: nonzeros = 5Vt info: rows = 5: cols = 5: size = 25: nonzeros = 25
19:57:00,5.9e-06,U info: rows = 5: cols = 5: size = 25: nonzeros = 25
19:57:00,5.7e-06,jac info: rows = 156: cols = 5: size = 780: nonzeros = 676
19:57:00,4.35e-05,linear algebra multiplication to compute upgrade complete
19:57:00,1.39e-05,commencing check of parameter bounds
19:57:00,6.3e-06,limiting out of bounds pars
19:57:00,9.1e-06,change limit/bound enforcement for lambda 1: , scaling factor: 1
19:57:00,5.2e-06,checking for denormal floating point values
19:57:00,5.3e-06,transforming upgrade pars to model pars
19:57:00,5.9e-06,writing upgrade vector to csv file
19:57:00,0.0005859,beginning upgrade vector calculations, lambda = 10
19:57:00,9.92e-05,commencing calculation of upgrade vector
19:57:00,0.0005951,forming JtQJ matrix
19:57:00,7.39e-05,commencing to scale JtQJ matrix- first SVD...
19:57:00,2.04e-05,starting REDSVD
19:57:00,3.96e-05,retrieving REDSVD components
19:57:00,2.16e-05,trimming REDSVD components to 6elements
19:57:00,1.03e-05,done REDSVD
19:57:00,1.53e-05,S info: rows = 6: cols = 6: size = 36: nonzeros = 6
19:57:00,6.3e-06,JS
19:57:00,1.53e-05,JS.transpose() * q_mat * JS + lambda * S.transpose() * S
19:57:00,4.23e-05,S info: rows = 6: cols = 6: size = 36: nonzeros = 6
19:57:00,7.2e-06,commencing SVD factorization of lambda-scaled JtQJ
19:57:00,6.4e-06,starting REDSVD
19:57:00,2.04e-05,retrieving REDSVD components
19:57:00,8.8e-06,trimming REDSVD components to 6elements
19:57:00,7.7e-06,done REDSVD
19:57:00,6.3e-06,SVD factorization complete
19:57:00,0.0001377,commencing linear algebra multiplication to compute upgrade
19:57:00,9.6e-06,S info: rows = 6: cols = 6: size = 36: nonzeros = 6Vt info: rows = 6: cols = 6: size = 36: nonzeros = 36
19:57:00,8e-06,U info: rows = 6: cols = 6: size = 36: nonzeros = 36
19:57:00,7.3e-06,jac info: rows = 156: cols = 6: size = 936: nonzeros = 812
19:57:00,7.08e-05,linear algebra multiplication to compute upgrade complete
19:57:00,1.69e-05,commencing check of parameter bounds and gradients
19:57:00,9e-06,commencing calculation of upgrade vector
19:57:00,0.0003112,forming JtQJ matrix
19:57:00,2.79e-05,commencing to scale JtQJ matrix- first SVD...
19:57:00,5.7e-06,starting REDSVD
19:57:00,1.44e-05,retrieving REDSVD components
19:57:00,7.4e-06,trimming REDSVD components to 5elements
19:57:00,6.8e-06,done REDSVD
19:57:00,1.01e-05,S info: rows = 5: cols = 5: size = 25: nonzeros = 5
19:57:00,4.8e-06,JS
19:57:00,1.04e-05,JS.transpose() * q_mat * JS + lambda * S.transpose() * S
19:57:00,2.99e-05,S info: rows = 5: cols = 5: size = 25: nonzeros = 5
19:57:00,5.4e-06,commencing SVD factorization of lambda-scaled JtQJ
19:57:00,4.7e-06,starting REDSVD
19:57:00,1.38e-05,retrieving REDSVD components
19:57:00,6.7e-06,trimming REDSVD components to 5elements
19:57:00,6.1e-06,done REDSVD
19:57:00,5e-06,SVD factorization complete
19:57:00,7.61e-05,commencing linear algebra multiplication to compute upgrade
19:57:00,6.2e-06,S info: rows = 5: cols = 5: size = 25: nonzeros = 5Vt info: rows = 5: cols = 5: size = 25: nonzeros = 25
19:57:00,8.4e-06,U info: rows = 5: cols = 5: size = 25: nonzeros = 25
19:57:00,5.36e-05,jac info: rows = 156: cols = 5: size = 780: nonzeros = 676
19:57:00,9.35e-05,linear algebra multiplication to compute upgrade complete
19:57:00,2.78e-05,commencing check of parameter bounds
19:57:00,1.08e-05,limiting out of bounds pars
19:57:00,1.41e-05,change limit/bound enforcement for lambda 10: , scaling factor: 1
19:57:00,8e-06,checking for denormal floating point values
19:57:00,8.3e-06,transforming upgrade pars to model pars
19:57:00,9.1e-06,writing upgrade vector to csv file
19:57:00,0.0008125,beginning upgrade vector calculations, lambda = 100
19:57:00,0.0001121,commencing calculation of upgrade vector
19:57:00,0.0003736,forming JtQJ matrix
19:57:00,4.67e-05,commencing to scale JtQJ matrix- first SVD...
19:57:00,1.13e-05,starting REDSVD
19:57:00,2.68e-05,retrieving REDSVD components
19:57:00,1.26e-05,trimming REDSVD components to 6elements
19:57:00,1.13e-05,done REDSVD
19:57:00,1.76e-05,S info: rows = 6: cols = 6: size = 36: nonzeros = 6
19:57:00,8.7e-06,JS
19:57:00,1.83e-05,JS.transpose() * q_mat * JS + lambda * S.transpose() * S
19:57:00,4.53e-05,S info: rows = 6: cols = 6: size = 36: nonzeros = 6
19:57:00,9.8e-06,commencing SVD factorization of lambda-scaled JtQJ
19:57:00,9.2e-06,starting REDSVD
19:57:00,2.38e-05,retrieving REDSVD components
19:57:00,1.22e-05,trimming REDSVD components to 6elements
19:57:00,1.07e-05,done REDSVD
19:57:00,8.5e-06,SVD factorization complete
19:57:00,0.0002054,commencing linear algebra multiplication to compute upgrade
19:57:00,1.28e-05,S info: rows = 6: cols = 6: size = 36: nonzeros = 6Vt info: rows = 6: cols = 6: size = 36: nonzeros = 36
19:57:00,1.08e-05,U info: rows = 6: cols = 6: size = 36: nonzeros = 36
19:57:00,1.05e-05,jac info: rows = 156: cols = 6: size = 936: nonzeros = 812
19:57:00,8.94e-05,linear algebra multiplication to compute upgrade complete
19:57:00,2.55e-05,commencing check of parameter bounds and gradients
19:57:00,1.47e-05,commencing calculation of upgrade vector
19:57:00,0.0003668,forming JtQJ matrix
19:57:00,4.03e-05,commencing to scale JtQJ matrix- first SVD...
19:57:00,8.4e-06,starting REDSVD
19:57:00,2.28e-05,retrieving REDSVD components
19:57:00,1.09e-05,trimming REDSVD components to 6elements
19:57:00,9.4e-06,done REDSVD
19:57:00,1.52e-05,S info: rows = 6: cols = 6: size = 36: nonzeros = 6
19:57:00,6.8e-06,JS
19:57:00,1.54e-05,JS.transpose() * q_mat * JS + lambda * S.transpose() * S
19:57:00,4.26e-05,S info: rows = 6: cols = 6: size = 36: nonzeros = 6
19:57:00,8.7e-06,commencing SVD factorization of lambda-scaled JtQJ
19:57:00,7.4e-06,starting REDSVD
19:57:00,2.27e-05,retrieving REDSVD components
19:57:00,1.04e-05,trimming REDSVD components to 6elements
19:57:00,9.2e-06,done REDSVD
19:57:00,7.9e-06,SVD factorization complete
19:57:00,0.0001664,commencing linear algebra multiplication to compute upgrade
19:57:00,1.21e-05,S info: rows = 6: cols = 6: size = 36: nonzeros = 6Vt info: rows = 6: cols = 6: size = 36: nonzeros = 36
19:57:00,1.06e-05,U info: rows = 6: cols = 6: size = 36: nonzeros = 36
19:57:00,1.01e-05,jac info: rows = 156: cols = 6: size = 936: nonzeros = 812
19:57:00,5.76e-05,linear algebra multiplication to compute upgrade complete
19:57:00,2.01e-05,commencing check of parameter bounds
19:57:00,1.03e-05,limiting out of bounds pars
19:57:00,1.47e-05,change limit/bound enforcement for lambda 100: , scaling factor: 1
19:57:00,8.8e-06,checking for denormal floating point values
19:57:00,9.3e-06,transforming upgrade pars to model pars
19:57:00,9.9e-06,writing upgrade vector to csv file
19:57:00,0.0006199,beginning upgrade vector calculations, lambda = 1000
19:57:00,9.13e-05,commencing calculation of upgrade vector
19:57:00,0.0002522,forming JtQJ matrix
19:57:00,3.64e-05,commencing to scale JtQJ matrix- first SVD...
19:57:00,6.6e-06,starting REDSVD
19:57:00,1.74e-05,retrieving REDSVD components
19:57:00,7.9e-06,trimming REDSVD components to 6elements
19:57:00,6.3e-06,done REDSVD
19:57:00,1.1e-05,S info: rows = 6: cols = 6: size = 36: nonzeros = 6
19:57:00,5.1e-06,JS
19:57:00,1.11e-05,JS.transpose() * q_mat * JS + lambda * S.transpose() * S
19:57:00,6.24e-05,S info: rows = 6: cols = 6: size = 36: nonzeros = 6
19:57:00,9.7e-06,commencing SVD factorization of lambda-scaled JtQJ
19:57:00,5.4e-06,starting REDSVD
19:57:00,1.6e-05,retrieving REDSVD components
19:57:00,7e-06,trimming REDSVD components to 6elements
19:57:00,6.1e-06,done REDSVD
19:57:00,5e-06,SVD factorization complete
19:57:00,8.35e-05,commencing linear algebra multiplication to compute upgrade
19:57:00,6.5e-06,S info: rows = 6: cols = 6: size = 36: nonzeros = 6Vt info: rows = 6: cols = 6: size = 36: nonzeros = 36
19:57:00,6.1e-06,U info: rows = 6: cols = 6: size = 36: nonzeros = 36
19:57:00,5.8e-06,jac info: rows = 156: cols = 6: size = 936: nonzeros = 812
19:57:00,5.29e-05,linear algebra multiplication to compute upgrade complete
19:57:00,1.49e-05,commencing check of parameter bounds and gradients
19:57:00,7.8e-06,commencing calculation of upgrade vector
19:57:00,0.0002348,forming JtQJ matrix
19:57:00,2.97e-05,commencing to scale JtQJ matrix- first SVD...
19:57:00,5.7e-06,starting REDSVD
19:57:00,1.57e-05,retrieving REDSVD components
19:57:00,7.1e-06,trimming REDSVD components to 6elements
19:57:00,6.2e-06,done REDSVD
19:57:00,1.02e-05,S info: rows = 6: cols = 6: size = 36: nonzeros = 6
19:57:00,4.9e-06,JS
19:57:00,1.12e-05,JS.transpose() * q_mat * JS + lambda * S.transpose() * S
19:57:00,2.87e-05,S info: rows = 6: cols = 6: size = 36: nonzeros = 6
19:57:00,5.2e-06,commencing SVD factorization of lambda-scaled JtQJ
19:57:00,4.7e-06,starting REDSVD
19:57:00,1.49e-05,retrieving REDSVD components
19:57:00,6.8e-06,trimming REDSVD components to 6elements
19:57:00,6e-06,done REDSVD
19:57:00,4.9e-06,SVD factorization complete
19:57:00,8.21e-05,commencing linear algebra multiplication to compute upgrade
19:57:00,6.1e-06,S info: rows = 6: cols = 6: size = 36: nonzeros = 6Vt info: rows = 6: cols = 6: size = 36: nonzeros = 36
19:57:00,5.9e-06,U info: rows = 6: cols = 6: size = 36: nonzeros = 36
19:57:00,5.7e-06,jac info: rows = 156: cols = 6: size = 936: nonzeros = 812
19:57:00,5.21e-05,linear algebra multiplication to compute upgrade complete
19:57:00,1.48e-05,commencing check of parameter bounds
19:57:00,5.9e-06,limiting out of bounds pars
19:57:00,8.8e-06,change limit/bound enforcement for lambda 1000: , scaling factor: 1
19:57:00,5e-06,checking for denormal floating point values
19:57:00,5.3e-06,transforming upgrade pars to model pars
19:57:00,6e-06,writing upgrade vector to csv file
19:57:00,0.0009508,LinearAnalysis::glm_iter_fosm
19:57:00,9.57e-05,starting FOSM uncertainty analyses for iteration 1
19:57:00,0.0023434,loading obscov
19:57:00,6.56e-05,loading parcov
19:57:00,2.71e-05,set_predictions
19:57:00,4.78e-05,parameter fosm calcs
19:57:00,9.3e-06,LinearAnalysis::calc_posterior
19:57:00,7.9e-06,LinearAnalysis::align
19:57:00,0.0002286,LinearAnalysis::prior_prediction_variance()::invert obscov
19:57:00,1.73e-05,inverting diagonal matrix in place
19:57:00,1.84e-05,LinearAnalysis::calc_posterior() form JtQJ
19:57:00,5.9e-05,LinearAnalysis::calc_posterior() invert prior parcov
19:57:00,2.04e-05,LinearAnalysis::calc_posterior() form posterior parcov
19:57:00,1.14e-05,LinearAnalysis::calc_posterior() invert posterior parcov
19:57:00,7.5e-06,inverting non-diagonal matrix in place
20:15:44,1123.49,completed iteration 2
20:15:44,0.0147617,beginning iteration 3
20:15:44,0.0001006,commencing to build jacobian parameter sets
20:15:44,0.0032137,jacobian parameter sets built, commencing model runs
20:29:32,827.96,jacobian runs complete, processing runs
20:29:32,0.0011589,processing jacobian runs complete
20:29:32,1.11e-05,saving jacobian and sen files
20:29:32,0.0012148,commencing calculation of upgrade vector
20:29:32,0.0002258,forming JtQJ matrix
20:29:32,2.91e-05,commencing to scale JtQJ matrix- first SVD...
20:29:32,6.4e-06,starting REDSVD
20:29:32,2.01e-05,retrieving REDSVD components
20:29:32,7.9e-06,trimming REDSVD components to 6elements
20:29:32,6.5e-06,done REDSVD
20:29:32,1.22e-05,S info: rows = 6: cols = 6: size = 36: nonzeros = 6
20:29:32,7.6e-06,JS
20:29:32,1.25e-05,JS.transpose() * q_mat * JS + lambda * S.transpose() * S
20:29:32,3.18e-05,S info: rows = 6: cols = 6: size = 36: nonzeros = 6
20:29:32,5.9e-06,commencing SVD factorization of lambda-scaled JtQJ
20:29:32,4.9e-06,starting REDSVD
20:29:32,1.58e-05,retrieving REDSVD components
20:29:32,6.6e-06,trimming REDSVD components to 6elements
20:29:32,5.5e-06,done REDSVD
20:29:32,4.9e-06,SVD factorization complete
20:29:32,0.0001033,commencing linear algebra multiplication to compute upgrade
20:29:32,7e-06,S info: rows = 6: cols = 6: size = 36: nonzeros = 6Vt info: rows = 6: cols = 6: size = 36: nonzeros = 36
20:29:32,6e-06,U info: rows = 6: cols = 6: size = 36: nonzeros = 36
20:29:32,5.7e-06,jac info: rows = 156: cols = 6: size = 936: nonzeros = 812
20:29:32,3.93e-05,linear algebra multiplication to compute upgrade complete
20:29:32,1.35e-05,commencing check of parameter bounds and gradients
20:29:32,0.0010767,beginning upgrade vector calculations, lambda = 0.1
20:29:32,8.25e-05,commencing calculation of upgrade vector
20:29:32,0.0003608,forming JtQJ matrix
20:29:32,4.49e-05,commencing to scale JtQJ matrix- first SVD...
20:29:32,9.2e-06,starting REDSVD
20:29:32,2.33e-05,retrieving REDSVD components
20:29:32,1.11e-05,trimming REDSVD components to 6elements
20:29:32,1.11e-05,done REDSVD
20:29:32,1.91e-05,S info: rows = 6: cols = 6: size = 36: nonzeros = 6
20:29:32,1.02e-05,JS
20:29:32,2.01e-05,JS.transpose() * q_mat * JS + lambda * S.transpose() * S
20:29:32,5.07e-05,S info: rows = 6: cols = 6: size = 36: nonzeros = 6
20:29:32,9.6e-06,commencing SVD factorization of lambda-scaled JtQJ
20:29:32,7.5e-06,starting REDSVD
20:29:32,2.28e-05,retrieving REDSVD components
20:29:32,1.07e-05,trimming REDSVD components to 6elements
20:29:32,9.6e-06,done REDSVD
20:29:32,7.9e-06,SVD factorization complete
20:29:32,0.0001361,commencing linear algebra multiplication to compute upgrade
20:29:32,1.07e-05,S info: rows = 6: cols = 6: size = 36: nonzeros = 6Vt info: rows = 6: cols = 6: size = 36: nonzeros = 36
20:29:32,9.8e-06,U info: rows = 6: cols = 6: size = 36: nonzeros = 36
20:29:32,9e-06,jac info: rows = 156: cols = 6: size = 936: nonzeros = 812
20:29:32,5.11e-05,linear algebra multiplication to compute upgrade complete
20:29:32,1.84e-05,commencing check of parameter bounds and gradients
20:29:32,1.35e-05,commencing calculation of upgrade vector
20:29:32,0.0002833,forming JtQJ matrix
20:29:32,3.03e-05,commencing to scale JtQJ matrix- first SVD...
20:29:32,6.7e-06,starting REDSVD
20:29:32,1.5e-05,retrieving REDSVD components
20:29:32,8.2e-06,trimming REDSVD components to 5elements
20:29:32,6.5e-06,done REDSVD
20:29:32,1.01e-05,S info: rows = 5: cols = 5: size = 25: nonzeros = 5
20:29:32,4.9e-06,JS
20:29:32,1.38e-05,JS.transpose() * q_mat * JS + lambda * S.transpose() * S
20:29:32,2.41e-05,S info: rows = 5: cols = 5: size = 25: nonzeros = 5
20:29:32,5e-06,commencing SVD factorization of lambda-scaled JtQJ
20:29:32,4.8e-06,starting REDSVD
20:29:32,1.28e-05,retrieving REDSVD components
20:29:32,6.5e-06,trimming REDSVD components to 5elements
20:29:32,5.7e-06,done REDSVD
20:29:32,4.8e-06,SVD factorization complete
20:29:32,7.44e-05,commencing linear algebra multiplication to compute upgrade
20:29:32,6.4e-06,S info: rows = 5: cols = 5: size = 25: nonzeros = 5Vt info: rows = 5: cols = 5: size = 25: nonzeros = 25
20:29:32,6e-06,U info: rows = 5: cols = 5: size = 25: nonzeros = 25
20:29:32,5.8e-06,jac info: rows = 156: cols = 5: size = 780: nonzeros = 676
20:29:32,3.37e-05,linear algebra multiplication to compute upgrade complete
20:29:32,1.19e-05,commencing check of parameter bounds
20:29:32,6.3e-06,limiting out of bounds pars
20:29:32,9.8e-06,change limit/bound enforcement for lambda 0.1: , scaling factor: 1
20:29:32,5.3e-06,checking for denormal floating point values
20:29:32,5.1e-06,transforming upgrade pars to model pars
20:29:32,5.5e-06,writing upgrade vector to csv file
20:29:32,0.0005982,beginning upgrade vector calculations, lambda = 1
20:29:32,8.94e-05,commencing calculation of upgrade vector
20:29:32,0.0002378,forming JtQJ matrix
20:29:32,2.95e-05,commencing to scale JtQJ matrix- first SVD...
20:29:32,5.7e-06,starting REDSVD
20:29:32,1.63e-05,retrieving REDSVD components
20:29:32,7.1e-06,trimming REDSVD components to 6elements
20:29:32,5.8e-06,done REDSVD
20:29:32,1.01e-05,S info: rows = 6: cols = 6: size = 36: nonzeros = 6
20:29:32,4.6e-06,JS
20:29:32,1.06e-05,JS.transpose() * q_mat * JS + lambda * S.transpose() * S
20:29:32,2.95e-05,S info: rows = 6: cols = 6: size = 36: nonzeros = 6
20:29:32,5.3e-06,commencing SVD factorization of lambda-scaled JtQJ
20:29:32,4.6e-06,starting REDSVD
20:29:32,1.46e-05,retrieving REDSVD components
20:29:32,6.5e-06,trimming REDSVD components to 6elements
20:29:32,6.8e-06,done REDSVD
20:29:32,5.2e-06,SVD factorization complete
20:29:32,8e-05,commencing linear algebra multiplication to compute upgrade
20:29:32,6e-06,S info: rows = 6: cols = 6: size = 36: nonzeros = 6Vt info: rows = 6: cols = 6: size = 36: nonzeros = 36
20:29:32,5.7e-06,U info: rows = 6: cols = 6: size = 36: nonzeros = 36
20:29:32,5.6e-06,jac info: rows = 156: cols = 6: size = 936: nonzeros = 812
20:29:32,3.47e-05,linear algebra multiplication to compute upgrade complete
20:29:32,1.15e-05,commencing check of parameter bounds and gradients
20:29:32,6.9e-06,commencing calculation of upgrade vector
20:29:32,0.0002937,forming JtQJ matrix
20:29:32,2.65e-05,commencing to scale JtQJ matrix- first SVD...
20:29:32,5.8e-06,starting REDSVD
20:29:32,1.42e-05,retrieving REDSVD components
20:29:32,7.4e-06,trimming REDSVD components to 5elements
20:29:32,6.1e-06,done REDSVD
20:29:32,9.8e-06,S info: rows = 5: cols = 5: size = 25: nonzeros = 5
20:29:32,4.6e-06,JS
20:29:32,1.02e-05,JS.transpose() * q_mat * JS + lambda * S.transpose() * S
20:29:32,2.97e-05,S info: rows = 5: cols = 5: size = 25: nonzeros = 5
20:29:32,5.4e-06,commencing SVD factorization of lambda-scaled JtQJ
20:29:32,4.6e-06,starting REDSVD
20:29:32,1.3e-05,retrieving REDSVD components
20:29:32,6.5e-06,trimming REDSVD components to 5elements
20:29:32,5.7e-06,done REDSVD
20:29:32,4.7e-06,SVD factorization complete
20:29:32,7.36e-05,commencing linear algebra multiplication to compute upgrade
20:29:32,6e-06,S info: rows = 5: cols = 5: size = 25: nonzeros = 5Vt info: rows = 5: cols = 5: size = 25: nonzeros = 25
20:29:32,5.8e-06,U info: rows = 5: cols = 5: size = 25: nonzeros = 25
20:29:32,5.7e-06,jac info: rows = 156: cols = 5: size = 780: nonzeros = 676
20:29:32,4.86e-05,linear algebra multiplication to compute upgrade complete
20:29:32,1.23e-05,commencing check of parameter bounds
20:29:32,5.9e-06,limiting out of bounds pars
20:29:32,1.46e-05,change limit/bound enforcement for lambda 1: , scaling factor: 1
20:29:32,8.4e-06,checking for denormal floating point values
20:29:32,7.5e-06,transforming upgrade pars to model pars
20:29:32,8.3e-06,writing upgrade vector to csv file
20:29:32,0.000622,beginning upgrade vector calculations, lambda = 10
20:29:32,9.33e-05,commencing calculation of upgrade vector
20:29:32,0.0002214,forming JtQJ matrix
20:29:32,2.83e-05,commencing to scale JtQJ matrix- first SVD...
20:29:32,5.5e-06,starting REDSVD
20:29:32,1.72e-05,retrieving REDSVD components
20:29:32,7.6e-06,trimming REDSVD components to 6elements
20:29:32,6.4e-06,done REDSVD
20:29:32,1.02e-05,S info: rows = 6: cols = 6: size = 36: nonzeros = 6
20:29:32,4.7e-06,JS
20:29:32,1.09e-05,JS.transpose() * q_mat * JS + lambda * S.transpose() * S
20:29:32,2.96e-05,S info: rows = 6: cols = 6: size = 36: nonzeros = 6
20:29:32,5.2e-06,commencing SVD factorization of lambda-scaled JtQJ
20:29:32,4.6e-06,starting REDSVD
20:29:32,1.59e-05,retrieving REDSVD components
20:29:32,6.9e-06,trimming REDSVD components to 6elements
20:29:32,6e-06,done REDSVD
20:29:32,5.1e-06,SVD factorization complete
20:29:32,8.12e-05,commencing linear algebra multiplication to compute upgrade
20:29:32,6.1e-06,S info: rows = 6: cols = 6: size = 36: nonzeros = 6Vt info: rows = 6: cols = 6: size = 36: nonzeros = 36
20:29:32,9.7e-06,U info: rows = 6: cols = 6: size = 36: nonzeros = 36
20:29:32,7.1e-06,jac info: rows = 156: cols = 6: size = 936: nonzeros = 812
20:29:32,4.36e-05,linear algebra multiplication to compute upgrade complete
20:29:32,2.27e-05,commencing check of parameter bounds and gradients
20:29:32,7.4e-06,commencing calculation of upgrade vector
20:29:32,0.0002689,forming JtQJ matrix
20:29:32,2.45e-05,commencing to scale JtQJ matrix- first SVD...
20:29:32,6.1e-06,starting REDSVD
20:29:32,1.42e-05,retrieving REDSVD components
20:29:32,7.5e-06,trimming REDSVD components to 5elements
20:29:32,6.4e-06,done REDSVD
20:29:32,9.9e-06,S info: rows = 5: cols = 5: size = 25: nonzeros = 5
20:29:32,4.6e-06,JS
20:29:32,1.54e-05,JS.transpose() * q_mat * JS + lambda * S.transpose() * S
20:29:32,2.67e-05,S info: rows = 5: cols = 5: size = 25: nonzeros = 5
20:29:32,5.2e-06,commencing SVD factorization of lambda-scaled JtQJ
20:29:32,4.6e-06,starting REDSVD
20:29:32,1.31e-05,retrieving REDSVD components
20:29:32,6.5e-06,trimming REDSVD components to 5elements
20:29:32,5.6e-06,done REDSVD
20:29:32,4.8e-06,SVD factorization complete
20:29:32,7.85e-05,commencing linear algebra multiplication to compute upgrade
20:29:32,6.4e-06,S info: rows = 5: cols = 5: size = 25: nonzeros = 5Vt info: rows = 5: cols = 5: size = 25: nonzeros = 25
20:29:32,5.9e-06,U info: rows = 5: cols = 5: size = 25: nonzeros = 25
20:29:32,5.7e-06,jac info: rows = 156: cols = 5: size = 780: nonzeros = 676
20:29:32,4.56e-05,linear algebra multiplication to compute upgrade complete
20:29:32,1.25e-05,commencing check of parameter bounds
20:29:32,5.9e-06,limiting out of bounds pars
20:29:32,8.8e-06,change limit/bound enforcement for lambda 10: , scaling factor: 1
20:29:32,5.1e-06,checking for denormal floating point values
20:29:32,5.1e-06,transforming upgrade pars to model pars
20:29:32,5e-06,writing upgrade vector to csv file
20:29:32,0.0016821,beginning upgrade vector calculations, lambda = 100
20:29:32,8.67e-05,commencing calculation of upgrade vector
20:29:32,0.0002407,forming JtQJ matrix
20:29:32,3.16e-05,commencing to scale JtQJ matrix- first SVD...
20:29:32,6.3e-06,starting REDSVD
20:29:32,1.72e-05,retrieving REDSVD components
20:29:32,7.5e-06,trimming REDSVD components to 6elements
20:29:32,6e-06,done REDSVD
20:29:32,1.08e-05,S info: rows = 6: cols = 6: size = 36: nonzeros = 6
20:29:32,4.7e-06,JS
20:29:32,1.1e-05,JS.transpose() * q_mat * JS + lambda * S.transpose() * S
20:29:32,2.88e-05,S info: rows = 6: cols = 6: size = 36: nonzeros = 6
20:29:32,5.4e-06,commencing SVD factorization of lambda-scaled JtQJ
20:29:32,4.6e-06,starting REDSVD
20:29:32,1.59e-05,retrieving REDSVD components
20:29:32,6.4e-06,trimming REDSVD components to 6elements
20:29:32,6.1e-06,done REDSVD
20:29:32,5.1e-06,SVD factorization complete
20:29:32,8.26e-05,commencing linear algebra multiplication to compute upgrade
20:29:32,6.2e-06,S info: rows = 6: cols = 6: size = 36: nonzeros = 6Vt info: rows = 6: cols = 6: size = 36: nonzeros = 36
20:29:32,5.9e-06,U info: rows = 6: cols = 6: size = 36: nonzeros = 36
20:29:32,5.8e-06,jac info: rows = 156: cols = 6: size = 936: nonzeros = 812
20:29:32,5.47e-05,linear algebra multiplication to compute upgrade complete
20:29:32,1.33e-05,commencing check of parameter bounds and gradients
20:29:32,7.3e-06,commencing calculation of upgrade vector
20:29:32,0.0002965,forming JtQJ matrix
20:29:32,3.06e-05,commencing to scale JtQJ matrix- first SVD...
20:29:32,9.9e-06,starting REDSVD
20:29:32,1.74e-05,retrieving REDSVD components
20:29:32,8e-06,trimming REDSVD components to 5elements
20:29:32,6.8e-06,done REDSVD
20:29:32,1.01e-05,S info: rows = 5: cols = 5: size = 25: nonzeros = 5
20:29:32,4.8e-06,JS
20:29:32,1.03e-05,JS.transpose() * q_mat * JS + lambda * S.transpose() * S
20:29:32,2.65e-05,S info: rows = 5: cols = 5: size = 25: nonzeros = 5
20:29:32,5.5e-06,commencing SVD factorization of lambda-scaled JtQJ
20:29:32,4.5e-06,starting REDSVD
20:29:32,1.34e-05,retrieving REDSVD components
20:29:32,9.6e-06,trimming REDSVD components to 5elements
20:29:32,7.4e-06,done REDSVD
20:29:32,5.1e-06,SVD factorization complete
20:29:32,7.48e-05,commencing linear algebra multiplication to compute upgrade
20:29:32,6.2e-06,S info: rows = 5: cols = 5: size = 25: nonzeros = 5Vt info: rows = 5: cols = 5: size = 25: nonzeros = 25
20:29:32,5.8e-06,U info: rows = 5: cols = 5: size = 25: nonzeros = 25
20:29:32,5.6e-06,jac info: rows = 156: cols = 5: size = 780: nonzeros = 676
20:29:32,7.42e-05,linear algebra multiplication to compute upgrade complete
20:29:32,1.45e-05,commencing check of parameter bounds
20:29:32,6.3e-06,limiting out of bounds pars
20:29:32,8.7e-06,change limit/bound enforcement for lambda 100: , scaling factor: 1
20:29:32,5e-06,checking for denormal floating point values
20:29:32,5.2e-06,transforming upgrade pars to model pars
20:29:32,5e-06,writing upgrade vector to csv file
20:29:32,0.000468,beginning upgrade vector calculations, lambda = 1000
20:29:32,6.61e-05,commencing calculation of upgrade vector
20:29:32,0.0005007,forming JtQJ matrix
20:29:32,7.12e-05,commencing to scale JtQJ matrix- first SVD...
20:29:32,2.09e-05,starting REDSVD
20:29:32,3.32e-05,retrieving REDSVD components
20:29:32,1.37e-05,trimming REDSVD components to 6elements
20:29:32,1.61e-05,done REDSVD
20:29:32,2.46e-05,S info: rows = 6: cols = 6: size = 36: nonzeros = 6
20:29:32,1.39e-05,JS
20:29:32,2.59e-05,JS.transpose() * q_mat * JS + lambda * S.transpose() * S
20:29:32,5.59e-05,S info: rows = 6: cols = 6: size = 36: nonzeros = 6
20:29:32,1.53e-05,commencing SVD factorization of lambda-scaled JtQJ
20:29:32,1.4e-05,starting REDSVD
20:29:32,2.66e-05,retrieving REDSVD components
20:29:32,9.3e-06,trimming REDSVD components to 6elements
20:29:32,8.1e-06,done REDSVD
20:29:32,6.6e-06,SVD factorization complete
20:29:32,0.0001069,commencing linear algebra multiplication to compute upgrade
20:29:32,9.1e-06,S info: rows = 6: cols = 6: size = 36: nonzeros = 6Vt info: rows = 6: cols = 6: size = 36: nonzeros = 36
20:29:32,1.07e-05,U info: rows = 6: cols = 6: size = 36: nonzeros = 36
20:29:32,7.3e-06,jac info: rows = 156: cols = 6: size = 936: nonzeros = 812
20:29:32,0.0001037,linear algebra multiplication to compute upgrade complete
20:29:32,3.71e-05,commencing check of parameter bounds and gradients
20:29:32,1.25e-05,commencing calculation of upgrade vector
20:29:32,0.0003118,forming JtQJ matrix
20:29:32,4.87e-05,commencing to scale JtQJ matrix- first SVD...
20:29:32,9.2e-06,starting REDSVD
20:29:32,1.97e-05,retrieving REDSVD components
20:29:32,9e-06,trimming REDSVD components to 5elements
20:29:32,7.6e-06,done REDSVD
20:29:32,1.15e-05,S info: rows = 5: cols = 5: size = 25: nonzeros = 5
20:29:32,4.8e-06,JS
20:29:32,1.05e-05,JS.transpose() * q_mat * JS + lambda * S.transpose() * S
20:29:32,2.41e-05,S info: rows = 5: cols = 5: size = 25: nonzeros = 5
20:29:32,6.5e-06,commencing SVD factorization of lambda-scaled JtQJ
20:29:32,4.7e-06,starting REDSVD
20:29:32,1.34e-05,retrieving REDSVD components
20:29:32,0.0001544,trimming REDSVD components to 5elements
20:29:32,6e-06,done REDSVD
20:29:32,7.2e-06,SVD factorization complete
20:29:32,0.0002779,commencing linear algebra multiplication to compute upgrade
20:29:32,1.24e-05,S info: rows = 5: cols = 5: size = 25: nonzeros = 5Vt info: rows = 5: cols = 5: size = 25: nonzeros = 25
20:29:32,8.3e-06,U info: rows = 5: cols = 5: size = 25: nonzeros = 25
20:29:32,7.4e-06,jac info: rows = 156: cols = 5: size = 780: nonzeros = 676
20:29:32,6.86e-05,linear algebra multiplication to compute upgrade complete
20:29:32,2.52e-05,commencing check of parameter bounds
20:29:32,7.5e-06,limiting out of bounds pars
20:29:32,9.4e-06,change limit/bound enforcement for lambda 1000: , scaling factor: 1
20:29:32,5.3e-06,checking for denormal floating point values
20:29:32,5.3e-06,transforming upgrade pars to model pars
20:29:32,5.2e-06,writing upgrade vector to csv file
20:29:32,0.0008484,LinearAnalysis::glm_iter_fosm
20:29:32,7.76e-05,starting FOSM uncertainty analyses for iteration 2
20:29:32,0.0023797,loading obscov
20:29:32,4.92e-05,loading parcov
20:29:32,2.41e-05,set_predictions
20:29:32,5.06e-05,parameter fosm calcs
20:29:32,1.39e-05,LinearAnalysis::calc_posterior
20:29:32,9.6e-06,LinearAnalysis::align
20:29:32,0.0002196,LinearAnalysis::prior_prediction_variance()::invert obscov
20:29:32,1.38e-05,inverting diagonal matrix in place
20:29:32,1.69e-05,LinearAnalysis::calc_posterior() form JtQJ
20:29:32,5.31e-05,LinearAnalysis::calc_posterior() invert prior parcov
20:29:32,2.02e-05,LinearAnalysis::calc_posterior() form posterior parcov
20:29:32,1.12e-05,LinearAnalysis::calc_posterior() invert posterior parcov
20:29:32,7.4e-06,inverting non-diagonal matrix in place
20:47:24,1072.85,completed iteration 3
20:47:25,0.0137878,beginning iteration 4
20:47:25,0.0001128,commencing to build jacobian parameter sets
20:47:25,0.0035524,jacobian parameter sets built, commencing model runs
21:01:35,850.047,jacobian runs complete, processing runs
21:01:35,0.0011746,processing jacobian runs complete
21:01:35,1.08e-05,saving jacobian and sen files
21:01:35,0.0012516,commencing calculation of upgrade vector
21:01:35,0.0002905,forming JtQJ matrix
21:01:35,3.79e-05,commencing to scale JtQJ matrix- first SVD...
21:01:35,8e-06,starting REDSVD
21:01:35,2.52e-05,retrieving REDSVD components
21:01:35,1e-05,trimming REDSVD components to 6elements
21:01:35,8e-06,done REDSVD
21:01:35,1.49e-05,S info: rows = 6: cols = 6: size = 36: nonzeros = 6
21:01:35,6.3e-06,JS
21:01:35,1.36e-05,JS.transpose() * q_mat * JS + lambda * S.transpose() * S
21:01:35,4.09e-05,S info: rows = 6: cols = 6: size = 36: nonzeros = 6
21:01:35,7e-06,commencing SVD factorization of lambda-scaled JtQJ
21:01:35,6e-06,starting REDSVD
21:01:35,1.9e-05,retrieving REDSVD components
21:01:35,8.2e-06,trimming REDSVD components to 6elements
21:01:35,6.9e-06,done REDSVD
21:01:35,6e-06,SVD factorization complete
21:01:35,0.0001349,commencing linear algebra multiplication to compute upgrade
21:01:35,9.3e-06,S info: rows = 6: cols = 6: size = 36: nonzeros = 6Vt info: rows = 6: cols = 6: size = 36: nonzeros = 36
21:01:35,7.6e-06,U info: rows = 6: cols = 6: size = 36: nonzeros = 36
21:01:35,7.5e-06,jac info: rows = 156: cols = 6: size = 936: nonzeros = 815
21:01:35,6.17e-05,linear algebra multiplication to compute upgrade complete
21:01:35,1.71e-05,commencing check of parameter bounds and gradients
21:01:35,0.00214,beginning upgrade vector calculations, lambda = 0.1
21:01:35,9.3e-05,commencing calculation of upgrade vector
21:01:35,0.0004129,forming JtQJ matrix
21:01:35,4.96e-05,commencing to scale JtQJ matrix- first SVD...
21:01:35,9.2e-06,starting REDSVD
21:01:35,3.1e-05,retrieving REDSVD components
21:01:35,1.22e-05,trimming REDSVD components to 5elements
21:01:35,8.3e-06,done REDSVD
21:01:35,1.39e-05,S info: rows = 5: cols = 5: size = 25: nonzeros = 5
21:01:35,6e-06,JS
21:01:35,1.32e-05,JS.transpose() * q_mat * JS + lambda * S.transpose() * S
21:01:35,3.91e-05,S info: rows = 5: cols = 5: size = 25: nonzeros = 5
21:01:35,6.7e-06,commencing SVD factorization of lambda-scaled JtQJ
21:01:35,5.8e-06,starting REDSVD
21:01:35,1.66e-05,retrieving REDSVD components
21:01:35,8.1e-06,trimming REDSVD components to 5elements
21:01:35,6.8e-06,done REDSVD
21:01:35,5.9e-06,SVD factorization complete
21:01:35,9.46e-05,commencing linear algebra multiplication to compute upgrade
21:01:35,7.6e-06,S info: rows = 5: cols = 5: size = 25: nonzeros = 5Vt info: rows = 5: cols = 5: size = 25: nonzeros = 25
21:01:35,7.3e-06,U info: rows = 5: cols = 5: size = 25: nonzeros = 25
21:01:35,7e-06,jac info: rows = 156: cols = 5: size = 780: nonzeros = 679
21:01:35,7.35e-05,linear algebra multiplication to compute upgrade complete
21:01:35,1.53e-05,commencing check of parameter bounds and gradients
21:01:35,7.6e-06,commencing calculation of upgrade vector
21:01:35,0.0002656,forming JtQJ matrix
21:01:35,2.55e-05,commencing to scale JtQJ matrix- first SVD...
21:01:35,5.9e-06,starting REDSVD
21:01:35,1.36e-05,retrieving REDSVD components
21:01:35,1.04e-05,trimming REDSVD components to 5elements
21:01:35,7.6e-06,done REDSVD
21:01:35,9.7e-06,S info: rows = 5: cols = 5: size = 25: nonzeros = 5
21:01:35,5e-06,JS
21:01:35,1.03e-05,JS.transpose() * q_mat * JS + lambda * S.transpose() * S
21:01:35,2.65e-05,S info: rows = 5: cols = 5: size = 25: nonzeros = 5
21:01:35,5.4e-06,commencing SVD factorization of lambda-scaled JtQJ
21:01:35,4.6e-06,starting REDSVD
21:01:35,1.29e-05,retrieving REDSVD components
21:01:35,6.4e-06,trimming REDSVD components to 5elements
21:01:35,5.4e-06,done REDSVD
21:01:35,4.7e-06,SVD factorization complete
21:01:35,7.35e-05,commencing linear algebra multiplication to compute upgrade
21:01:35,5.9e-06,S info: rows = 5: cols = 5: size = 25: nonzeros = 5Vt info: rows = 5: cols = 5: size = 25: nonzeros = 25
21:01:35,5.7e-06,U info: rows = 5: cols = 5: size = 25: nonzeros = 25
21:01:35,5.9e-06,jac info: rows = 156: cols = 5: size = 780: nonzeros = 679
21:01:35,3.38e-05,linear algebra multiplication to compute upgrade complete
21:01:35,1.11e-05,commencing check of parameter bounds
21:01:35,6e-06,limiting out of bounds pars
21:01:35,9.7e-06,change limit/bound enforcement for lambda 0.1: , scaling factor: 1
21:01:35,5.1e-06,checking for denormal floating point values
21:01:35,5e-06,transforming upgrade pars to model pars
21:01:35,5.1e-06,writing upgrade vector to csv file
21:01:35,0.000536,beginning upgrade vector calculations, lambda = 1
21:01:35,8.54e-05,commencing calculation of upgrade vector
21:01:35,0.0004074,forming JtQJ matrix
21:01:35,4.13e-05,commencing to scale JtQJ matrix- first SVD...
21:01:35,8.4e-06,starting REDSVD
21:01:35,1.88e-05,retrieving REDSVD components
21:01:35,9.8e-06,trimming REDSVD components to 5elements
21:01:35,3.39e-05,done REDSVD
21:01:35,1.97e-05,S info: rows = 5: cols = 5: size = 25: nonzeros = 5
21:01:35,6.1e-06,JS
21:01:35,1.16e-05,JS.transpose() * q_mat * JS + lambda * S.transpose() * S
21:01:35,2.95e-05,S info: rows = 5: cols = 5: size = 25: nonzeros = 5
21:01:35,5.7e-06,commencing SVD factorization of lambda-scaled JtQJ
21:01:35,4.9e-06,starting REDSVD
21:01:35,1.53e-05,retrieving REDSVD components
21:01:35,7e-06,trimming REDSVD components to 5elements
21:01:35,5.8e-06,done REDSVD
21:01:35,4.8e-06,SVD factorization complete
21:01:35,7.54e-05,commencing linear algebra multiplication to compute upgrade
21:01:35,6.5e-06,S info: rows = 5: cols = 5: size = 25: nonzeros = 5Vt info: rows = 5: cols = 5: size = 25: nonzeros = 25
21:01:35,5.8e-06,U info: rows = 5: cols = 5: size = 25: nonzeros = 25
21:01:35,5.7e-06,jac info: rows = 156: cols = 5: size = 780: nonzeros = 679
21:01:35,5.25e-05,linear algebra multiplication to compute upgrade complete
21:01:35,1.52e-05,commencing check of parameter bounds and gradients
21:01:35,7.2e-06,commencing calculation of upgrade vector
21:01:35,0.0003147,forming JtQJ matrix
21:01:35,3.27e-05,commencing to scale JtQJ matrix- first SVD...
21:01:35,6.6e-06,starting REDSVD
21:01:35,1.42e-05,retrieving REDSVD components
21:01:35,7.5e-06,trimming REDSVD components to 5elements
21:01:35,6e-06,done REDSVD
21:01:35,9.7e-06,S info: rows = 5: cols = 5: size = 25: nonzeros = 5
21:01:35,4.7e-06,JS
21:01:35,1.02e-05,JS.transpose() * q_mat * JS + lambda * S.transpose() * S
21:01:35,2.77e-05,S info: rows = 5: cols = 5: size = 25: nonzeros = 5
21:01:35,5.4e-06,commencing SVD factorization of lambda-scaled JtQJ
21:01:35,4.5e-06,starting REDSVD
21:01:35,1.34e-05,retrieving REDSVD components
21:01:35,6.4e-06,trimming REDSVD components to 5elements
21:01:35,5.5e-06,done REDSVD
21:01:35,4.7e-06,SVD factorization complete
21:01:35,7.4e-05,commencing linear algebra multiplication to compute upgrade
21:01:35,6e-06,S info: rows = 5: cols = 5: size = 25: nonzeros = 5Vt info: rows = 5: cols = 5: size = 25: nonzeros = 25
21:01:35,5.7e-06,U info: rows = 5: cols = 5: size = 25: nonzeros = 25
21:01:35,5.8e-06,jac info: rows = 156: cols = 5: size = 780: nonzeros = 679
21:01:35,4.85e-05,linear algebra multiplication to compute upgrade complete
21:01:35,1.68e-05,commencing check of parameter bounds
21:01:35,8e-06,limiting out of bounds pars
21:01:35,8.9e-06,change limit/bound enforcement for lambda 1: , scaling factor: 1
21:01:35,5.1e-06,checking for denormal floating point values
21:01:35,5.1e-06,transforming upgrade pars to model pars
21:01:35,5.1e-06,writing upgrade vector to csv file
21:01:35,0.0005021,beginning upgrade vector calculations, lambda = 10
21:01:35,8.23e-05,commencing calculation of upgrade vector
21:01:35,0.0003913,forming JtQJ matrix
21:01:35,3.69e-05,commencing to scale JtQJ matrix- first SVD...
21:01:35,7.5e-06,starting REDSVD
21:01:35,1.85e-05,retrieving REDSVD components
21:01:35,9.4e-06,trimming REDSVD components to 5elements
21:01:35,7.8e-06,done REDSVD
21:01:35,1.36e-05,S info: rows = 5: cols = 5: size = 25: nonzeros = 5
21:01:35,6.1e-06,JS
21:01:35,1.36e-05,JS.transpose() * q_mat * JS + lambda * S.transpose() * S
21:01:35,3.68e-05,S info: rows = 5: cols = 5: size = 25: nonzeros = 5
21:01:35,6.6e-06,commencing SVD factorization of lambda-scaled JtQJ
21:01:35,5.9e-06,starting REDSVD
21:01:35,1.68e-05,retrieving REDSVD components
21:01:35,8.1e-06,trimming REDSVD components to 5elements
21:01:35,7e-06,done REDSVD
21:01:35,6.1e-06,SVD factorization complete
21:01:35,0.0001425,commencing linear algebra multiplication to compute upgrade
21:01:35,1.03e-05,S info: rows = 5: cols = 5: size = 25: nonzeros = 5Vt info: rows = 5: cols = 5: size = 25: nonzeros = 25
21:01:35,8.2e-06,U info: rows = 5: cols = 5: size = 25: nonzeros = 25
21:01:35,6e-06,jac info: rows = 156: cols = 5: size = 780: nonzeros = 679
21:01:35,5.52e-05,linear algebra multiplication to compute upgrade complete
21:01:35,1.45e-05,commencing check of parameter bounds and gradients
21:01:35,7.5e-06,commencing calculation of upgrade vector
21:01:35,0.0002616,forming JtQJ matrix
21:01:35,2.58e-05,commencing to scale JtQJ matrix- first SVD...
21:01:35,6e-06,starting REDSVD
21:01:35,1.39e-05,retrieving REDSVD components
21:01:35,7.4e-06,trimming REDSVD components to 5elements
21:01:35,6.3e-06,done REDSVD
21:01:35,9.8e-06,S info: rows = 5: cols = 5: size = 25: nonzeros = 5
21:01:35,4.7e-06,JS
21:01:35,1.06e-05,JS.transpose() * q_mat * JS + lambda * S.transpose() * S
21:01:35,2.56e-05,S info: rows = 5: cols = 5: size = 25: nonzeros = 5
21:01:35,5.5e-06,commencing SVD factorization of lambda-scaled JtQJ
21:01:35,4.7e-06,starting REDSVD
21:01:35,1.33e-05,retrieving REDSVD components
21:01:35,6.6e-06,trimming REDSVD components to 5elements
21:01:35,5.5e-06,done REDSVD
21:01:35,4.9e-06,SVD factorization complete
21:01:35,7.57e-05,commencing linear algebra multiplication to compute upgrade
21:01:35,6.4e-06,S info: rows = 5: cols = 5: size = 25: nonzeros = 5Vt info: rows = 5: cols = 5: size = 25: nonzeros = 25
21:01:35,5.8e-06,U info: rows = 5: cols = 5: size = 25: nonzeros = 25
21:01:35,5.9e-06,jac info: rows = 156: cols = 5: size = 780: nonzeros = 679
21:01:35,3.48e-05,linear algebra multiplication to compute upgrade complete
21:01:35,1.11e-05,commencing check of parameter bounds
21:01:35,6.1e-06,limiting out of bounds pars
21:01:35,8.9e-06,change limit/bound enforcement for lambda 10: , scaling factor: 1
21:01:35,5.5e-06,checking for denormal floating point values
21:01:35,5.1e-06,transforming upgrade pars to model pars
21:01:35,5.3e-06,writing upgrade vector to csv file
21:01:35,0.0005054,beginning upgrade vector calculations, lambda = 100
21:01:35,7.91e-05,commencing calculation of upgrade vector
21:01:35,0.0003905,forming JtQJ matrix
21:01:35,3.49e-05,commencing to scale JtQJ matrix- first SVD...
21:01:35,7.4e-06,starting REDSVD
21:01:35,1.83e-05,retrieving REDSVD components
21:01:35,9.4e-06,trimming REDSVD components to 5elements
21:01:35,7.6e-06,done REDSVD
21:01:35,1.29e-05,S info: rows = 5: cols = 5: size = 25: nonzeros = 5
21:01:35,5.9e-06,JS
21:01:35,1.27e-05,JS.transpose() * q_mat * JS + lambda * S.transpose() * S
21:01:35,3.59e-05,S info: rows = 5: cols = 5: size = 25: nonzeros = 5
21:01:35,5.88e-05,commencing SVD factorization of lambda-scaled JtQJ
21:01:35,1.08e-05,starting REDSVD
21:01:35,1.8e-05,retrieving REDSVD components
21:01:35,8.8e-06,trimming REDSVD components to 5elements
21:01:35,7.5e-06,done REDSVD
21:01:35,5.9e-06,SVD factorization complete
21:01:35,9.28e-05,commencing linear algebra multiplication to compute upgrade
21:01:35,6.2e-06,S info: rows = 5: cols = 5: size = 25: nonzeros = 5Vt info: rows = 5: cols = 5: size = 25: nonzeros = 25
21:01:35,5.9e-06,U info: rows = 5: cols = 5: size = 25: nonzeros = 25
21:01:35,5.7e-06,jac info: rows = 156: cols = 5: size = 780: nonzeros = 679
21:01:35,5.3e-05,linear algebra multiplication to compute upgrade complete
21:01:35,1.42e-05,commencing check of parameter bounds and gradients
21:01:35,7e-06,commencing calculation of upgrade vector
21:01:35,0.0003615,forming JtQJ matrix
21:01:35,3.51e-05,commencing to scale JtQJ matrix- first SVD...
21:01:35,7e-06,starting REDSVD
21:01:35,1.47e-05,retrieving REDSVD components
21:01:35,7.8e-06,trimming REDSVD components to 5elements
21:01:35,6e-06,done REDSVD
21:01:35,9.8e-06,S info: rows = 5: cols = 5: size = 25: nonzeros = 5
21:01:35,4.7e-06,JS
21:01:35,1e-05,JS.transpose() * q_mat * JS + lambda * S.transpose() * S
21:01:35,2.43e-05,S info: rows = 5: cols = 5: size = 25: nonzeros = 5
21:01:35,5.2e-06,commencing SVD factorization of lambda-scaled JtQJ
21:01:35,4.5e-06,starting REDSVD
21:01:35,1.29e-05,retrieving REDSVD components
21:01:35,6.4e-06,trimming REDSVD components to 5elements
21:01:35,5.6e-06,done REDSVD
21:01:35,4.7e-06,SVD factorization complete
21:01:35,7.52e-05,commencing linear algebra multiplication to compute upgrade
21:01:35,6.1e-06,S info: rows = 5: cols = 5: size = 25: nonzeros = 5Vt info: rows = 5: cols = 5: size = 25: nonzeros = 25
21:01:35,5.9e-06,U info: rows = 5: cols = 5: size = 25: nonzeros = 25
21:01:35,5.7e-06,jac info: rows = 156: cols = 5: size = 780: nonzeros = 679
21:01:35,3.46e-05,linear algebra multiplication to compute upgrade complete
21:01:35,1.16e-05,commencing check of parameter bounds
21:01:35,6e-06,limiting out of bounds pars
21:01:35,8.8e-06,change limit/bound enforcement for lambda 100: , scaling factor: 1
21:01:35,5e-06,checking for denormal floating point values
21:01:35,5.1e-06,transforming upgrade pars to model pars
21:01:35,5.3e-06,writing upgrade vector to csv file
21:01:35,0.0005176,beginning upgrade vector calculations, lambda = 1000
21:01:35,7.62e-05,commencing calculation of upgrade vector
21:01:35,0.0002745,forming JtQJ matrix
21:01:35,2.59e-05,commencing to scale JtQJ matrix- first SVD...
21:01:35,5.6e-06,starting REDSVD
21:01:35,1.38e-05,retrieving REDSVD components
21:01:35,7.2e-06,trimming REDSVD components to 5elements
21:01:35,6.1e-06,done REDSVD
21:01:35,9.9e-06,S info: rows = 5: cols = 5: size = 25: nonzeros = 5
21:01:35,4.8e-06,JS
21:01:35,9.8e-06,JS.transpose() * q_mat * JS + lambda * S.transpose() * S
21:01:35,2.65e-05,S info: rows = 5: cols = 5: size = 25: nonzeros = 5
21:01:35,5.4e-06,commencing SVD factorization of lambda-scaled JtQJ
21:01:35,4.7e-06,starting REDSVD
21:01:35,1.28e-05,retrieving REDSVD components
21:01:35,6.2e-06,trimming REDSVD components to 5elements
21:01:35,5.5e-06,done REDSVD
21:01:35,4.7e-06,SVD factorization complete
21:01:35,7.45e-05,commencing linear algebra multiplication to compute upgrade
21:01:35,6.3e-06,S info: rows = 5: cols = 5: size = 25: nonzeros = 5Vt info: rows = 5: cols = 5: size = 25: nonzeros = 25
21:01:35,5.9e-06,U info: rows = 5: cols = 5: size = 25: nonzeros = 25
21:01:35,5.7e-06,jac info: rows = 156: cols = 5: size = 780: nonzeros = 679
21:01:35,4.04e-05,linear algebra multiplication to compute upgrade complete
21:01:35,1.19e-05,commencing check of parameter bounds and gradients
21:01:35,7e-06,commencing calculation of upgrade vector
21:01:35,0.0002729,forming JtQJ matrix
21:01:35,2.69e-05,commencing to scale JtQJ matrix- first SVD...
21:01:35,6e-06,starting REDSVD
21:01:35,1.36e-05,retrieving REDSVD components
21:01:35,7.2e-06,trimming REDSVD components to 5elements
21:01:35,8.1e-06,done REDSVD
21:01:35,1.08e-05,S info: rows = 5: cols = 5: size = 25: nonzeros = 5
21:01:35,4.9e-06,JS
21:01:35,1.15e-05,JS.transpose() * q_mat * JS + lambda * S.transpose() * S
21:01:35,2.79e-05,S info: rows = 5: cols = 5: size = 25: nonzeros = 5
21:01:35,5.2e-06,commencing SVD factorization of lambda-scaled JtQJ
21:01:35,4.6e-06,starting REDSVD
21:01:35,1.28e-05,retrieving REDSVD components
21:01:35,6.2e-06,trimming REDSVD components to 5elements
21:01:35,5.5e-06,done REDSVD
21:01:35,4.6e-06,SVD factorization complete
21:01:35,7.37e-05,commencing linear algebra multiplication to compute upgrade
21:01:35,6e-06,S info: rows = 5: cols = 5: size = 25: nonzeros = 5Vt info: rows = 5: cols = 5: size = 25: nonzeros = 25
21:01:35,5.7e-06,U info: rows = 5: cols = 5: size = 25: nonzeros = 25
21:01:35,5.5e-06,jac info: rows = 156: cols = 5: size = 780: nonzeros = 679
21:01:35,4.45e-05,linear algebra multiplication to compute upgrade complete
21:01:35,1.23e-05,commencing check of parameter bounds
21:01:35,5.9e-06,limiting out of bounds pars
21:01:35,8.5e-06,change limit/bound enforcement for lambda 1000: , scaling factor: 1
21:01:35,5e-06,checking for denormal floating point values
21:01:35,5.1e-06,transforming upgrade pars to model pars
21:01:35,5.1e-06,writing upgrade vector to csv file
21:01:35,0.0007591,LinearAnalysis::glm_iter_fosm
21:01:35,0.0001048,starting FOSM uncertainty analyses for iteration 3
21:01:35,0.0022527,loading obscov
21:01:35,5.16e-05,loading parcov
21:01:35,2.72e-05,set_predictions
21:01:35,5.26e-05,parameter fosm calcs
21:01:35,1.42e-05,LinearAnalysis::calc_posterior
21:01:35,1.1e-05,LinearAnalysis::align
21:01:35,0.0001891,LinearAnalysis::prior_prediction_variance()::invert obscov
21:01:35,1.2e-05,inverting diagonal matrix in place
21:01:35,1.64e-05,LinearAnalysis::calc_posterior() form JtQJ
21:01:35,6.59e-05,LinearAnalysis::calc_posterior() invert prior parcov
21:01:35,2.12e-05,LinearAnalysis::calc_posterior() form posterior parcov
21:01:35,1.12e-05,LinearAnalysis::calc_posterior() invert posterior parcov
21:01:35,7.3e-06,inverting non-diagonal matrix in place
21:18:27,1012.19,completed iteration 4
21:18:27,0.0192267,FOSM-based posterior unc calcs
21:18:27,0.0001018,starting FOSM uncertainty analyses for iteration -999
21:18:27,0.0027234,loading obscov
21:18:27,5.37e-05,loading parcov
21:18:27,3.08e-05,set_predictions
21:18:27,5.06e-05,parameter fosm calcs
21:18:27,1.1e-05,LinearAnalysis::calc_posterior
21:18:27,7.3e-06,LinearAnalysis::align
21:18:27,0.0002044,LinearAnalysis::prior_prediction_variance()::invert obscov
21:18:27,1.4e-05,inverting diagonal matrix in place
21:18:27,1.78e-05,LinearAnalysis::calc_posterior() form JtQJ
21:18:27,5.04e-05,LinearAnalysis::calc_posterior() invert prior parcov
21:18:27,2.06e-05,LinearAnalysis::calc_posterior() form posterior parcov
21:18:27,1.15e-05,LinearAnalysis::calc_posterior() invert posterior parcov
21:18:27,7.5e-06,inverting non-diagonal matrix in place
