time,elapsed_seconds,message
05:32:27,0.0001359,PEST++ performance logger started
05:32:27,0.0013501,starting to process control file
05:32:27,0.0094938,finished processing control file
05:32:27,0.0036906,starting basic model IO error checking
05:32:27,0.0007476,finished basic model IO error checking
05:32:27,0.0016342,loading parcov
05:32:27,0.0020741,beginning iteration 1
05:32:27,9.41e-05,commencing to build jacobian parameter sets
05:32:27,0.001049,jacobian parameter sets built, commencing model runs
05:38:12,345.453,jacobian runs complete, processing runs
05:38:12,0.0002769,processing jacobian runs complete
05:38:12,2.7e-05,saving jacobian and sen files
05:38:12,0.0010597,commencing calculation of upgrade vector
05:38:12,0.000401,forming JtQJ matrix
05:38:12,4.79e-05,commencing to scale JtQJ matrix- first SVD...
05:38:12,2.17e-05,starting REDSVD
05:38:12,5.35e-05,retrieving REDSVD components
05:38:12,1.33e-05,trimming REDSVD components to 5elements
05:38:12,1.05e-05,done REDSVD
05:38:12,2.21e-05,S info: rows = 5: cols = 5: size = 25: nonzeros = 5
05:38:12,5.5e-06,JS
05:38:12,1.06e-05,JS.transpose() * q_mat * JS + lambda * S.transpose() * S
05:38:12,3e-05,S info: rows = 5: cols = 5: size = 25: nonzeros = 5
05:38:12,5.8e-06,commencing SVD factorization of lambda-scaled JtQJ
05:38:12,7.8e-06,starting REDSVD
05:38:12,1.41e-05,retrieving REDSVD components
05:38:12,7.4e-06,trimming REDSVD components to 5elements
05:38:12,6.2e-06,done REDSVD
05:38:12,5e-06,SVD factorization complete
05:38:12,0.0002653,commencing linear algebra multiplication to compute upgrade
05:38:12,1.16e-05,S info: rows = 5: cols = 5: size = 25: nonzeros = 5Vt info: rows = 5: cols = 5: size = 25: nonzeros = 25
05:38:12,7e-06,U info: rows = 5: cols = 5: size = 25: nonzeros = 25
05:38:12,6.1e-06,jac info: rows = 135: cols = 5: size = 675: nonzeros = 655
05:38:12,5.48e-05,linear algebra multiplication to compute upgrade complete
05:38:12,1.64e-05,commencing check of parameter bounds and gradients
05:38:12,0.0011752,beginning upgrade vector calculations, lambda = 0.1
05:38:12,0.0018496,commencing calculation of upgrade vector
05:38:12,0.0003395,forming JtQJ matrix
05:38:12,3.58e-05,commencing to scale JtQJ matrix- first SVD...
05:38:12,8.3e-06,starting REDSVD
05:38:12,2.89e-05,retrieving REDSVD components
05:38:12,1.06e-05,trimming REDSVD components to 5elements
05:38:12,8.6e-06,done REDSVD
05:38:12,1.74e-05,S info: rows = 5: cols = 5: size = 25: nonzeros = 5
05:38:12,5.4e-06,JS
05:38:12,1.08e-05,JS.transpose() * q_mat * JS + lambda * S.transpose() * S
05:38:12,3.92e-05,S info: rows = 5: cols = 5: size = 25: nonzeros = 5
05:38:12,5.7e-06,commencing SVD factorization of lambda-scaled JtQJ
05:38:12,5.5e-06,starting REDSVD
05:38:12,1.35e-05,retrieving REDSVD components
05:38:12,7.6e-06,trimming REDSVD components to 5elements
05:38:12,7e-06,done REDSVD
05:38:12,5e-06,SVD factorization complete
05:38:12,8.62e-05,commencing linear algebra multiplication to compute upgrade
05:38:12,6.3e-06,S info: rows = 5: cols = 5: size = 25: nonzeros = 5Vt info: rows = 5: cols = 5: size = 25: nonzeros = 25
05:38:12,6e-06,U info: rows = 5: cols = 5: size = 25: nonzeros = 25
05:38:12,1.09e-05,jac info: rows = 135: cols = 5: size = 675: nonzeros = 655
05:38:12,6.92e-05,linear algebra multiplication to compute upgrade complete
05:38:12,2.15e-05,commencing check of parameter bounds and gradients
05:38:12,1.42e-05,commencing calculation of upgrade vector
05:38:12,0.0002142,forming JtQJ matrix
05:38:12,3.28e-05,commencing to scale JtQJ matrix- first SVD...
05:38:12,6.2e-06,starting REDSVD
05:38:12,1.8e-05,retrieving REDSVD components
05:38:12,7.6e-06,trimming REDSVD components to 5elements
05:38:12,6.5e-06,done REDSVD
05:38:12,1.06e-05,S info: rows = 5: cols = 5: size = 25: nonzeros = 5
05:38:12,4.8e-06,JS
05:38:12,9.9e-06,JS.transpose() * q_mat * JS + lambda * S.transpose() * S
05:38:12,2.84e-05,S info: rows = 5: cols = 5: size = 25: nonzeros = 5
05:38:12,5.2e-06,commencing SVD factorization of lambda-scaled JtQJ
05:38:12,4.88e-05,starting REDSVD
05:38:12,1.83e-05,retrieving REDSVD components
05:38:12,8.1e-06,trimming REDSVD components to 5elements
05:38:12,6.5e-06,done REDSVD
05:38:12,5e-06,SVD factorization complete
05:38:12,7.3e-05,commencing linear algebra multiplication to compute upgrade
05:38:12,6.1e-06,S info: rows = 5: cols = 5: size = 25: nonzeros = 5Vt info: rows = 5: cols = 5: size = 25: nonzeros = 25
05:38:12,5.7e-06,U info: rows = 5: cols = 5: size = 25: nonzeros = 25
05:38:12,5.6e-06,jac info: rows = 135: cols = 5: size = 675: nonzeros = 655
05:38:12,4.58e-05,linear algebra multiplication to compute upgrade complete
05:38:12,1.42e-05,commencing check of parameter bounds
05:38:12,6.2e-06,limiting out of bounds pars
05:38:12,1.83e-05,change limit/bound enforcement for lambda 0.1: , scaling factor: 1
05:38:12,5.7e-06,checking for denormal floating point values
05:38:12,5.6e-06,transforming upgrade pars to model pars
05:38:12,5.7e-06,writing upgrade vector to csv file
05:38:12,0.0003545,beginning upgrade vector calculations, lambda = 1
05:38:12,8.31e-05,commencing calculation of upgrade vector
05:38:12,0.0003205,forming JtQJ matrix
05:38:12,4.44e-05,commencing to scale JtQJ matrix- first SVD...
05:38:12,1.11e-05,starting REDSVD
05:38:12,2.23e-05,retrieving REDSVD components
05:38:12,1.47e-05,trimming REDSVD components to 5elements
05:38:12,1.29e-05,done REDSVD
05:38:12,1.87e-05,S info: rows = 5: cols = 5: size = 25: nonzeros = 5
05:38:12,9.3e-06,JS
05:38:12,1.71e-05,JS.transpose() * q_mat * JS + lambda * S.transpose() * S
05:38:12,4.43e-05,S info: rows = 5: cols = 5: size = 25: nonzeros = 5
05:38:12,1.05e-05,commencing SVD factorization of lambda-scaled JtQJ
05:38:12,9e-06,starting REDSVD
05:38:12,2.06e-05,retrieving REDSVD components
05:38:12,1.34e-05,trimming REDSVD components to 5elements
05:38:12,1.15e-05,done REDSVD
05:38:12,9.2e-06,SVD factorization complete
05:38:12,0.0001322,commencing linear algebra multiplication to compute upgrade
05:38:12,1.18e-05,S info: rows = 5: cols = 5: size = 25: nonzeros = 5Vt info: rows = 5: cols = 5: size = 25: nonzeros = 25
05:38:12,1.1e-05,U info: rows = 5: cols = 5: size = 25: nonzeros = 25
05:38:12,1.09e-05,jac info: rows = 135: cols = 5: size = 675: nonzeros = 655
05:38:12,5.07e-05,linear algebra multiplication to compute upgrade complete
05:38:12,3.38e-05,commencing check of parameter bounds and gradients
05:38:12,1.36e-05,commencing calculation of upgrade vector
05:38:12,0.0003018,forming JtQJ matrix
05:38:12,4.53e-05,commencing to scale JtQJ matrix- first SVD...
05:38:12,1.11e-05,starting REDSVD
05:38:12,2.23e-05,retrieving REDSVD components
05:38:12,1.36e-05,trimming REDSVD components to 5elements
05:38:12,1.17e-05,done REDSVD
05:38:12,1.71e-05,S info: rows = 5: cols = 5: size = 25: nonzeros = 5
05:38:12,9.3e-06,JS
05:38:12,1.69e-05,JS.transpose() * q_mat * JS + lambda * S.transpose() * S
05:38:12,5.8e-05,S info: rows = 5: cols = 5: size = 25: nonzeros = 5
05:38:12,1.11e-05,commencing SVD factorization of lambda-scaled JtQJ
05:38:12,8.6e-06,starting REDSVD
05:38:12,2.03e-05,retrieving REDSVD components
05:38:12,1.32e-05,trimming REDSVD components to 5elements
05:38:12,1.14e-05,done REDSVD
05:38:12,9e-06,SVD factorization complete
05:38:12,0.0001303,commencing linear algebra multiplication to compute upgrade
05:38:12,1.09e-05,S info: rows = 5: cols = 5: size = 25: nonzeros = 5Vt info: rows = 5: cols = 5: size = 25: nonzeros = 25
05:38:12,1.13e-05,U info: rows = 5: cols = 5: size = 25: nonzeros = 25
05:38:12,1.05e-05,jac info: rows = 135: cols = 5: size = 675: nonzeros = 655
05:38:12,5.98e-05,linear algebra multiplication to compute upgrade complete
05:38:12,2.27e-05,commencing check of parameter bounds
05:38:12,1.11e-05,limiting out of bounds pars
05:38:12,1.46e-05,change limit/bound enforcement for lambda 1: , scaling factor: 1
05:38:12,8.9e-06,checking for denormal floating point values
05:38:12,9.8e-06,transforming upgrade pars to model pars
05:38:12,2e-05,writing upgrade vector to csv file
05:38:12,0.0004014,beginning upgrade vector calculations, lambda = 10
05:38:12,0.0001254,commencing calculation of upgrade vector
05:38:12,0.0002955,forming JtQJ matrix
05:38:12,4.09e-05,commencing to scale JtQJ matrix- first SVD...
05:38:12,1.08e-05,starting REDSVD
05:38:12,2.13e-05,retrieving REDSVD components
05:38:12,1.42e-05,trimming REDSVD components to 5elements
05:38:12,1.2e-05,done REDSVD
05:38:12,1.81e-05,S info: rows = 5: cols = 5: size = 25: nonzeros = 5
05:38:12,9.1e-06,JS
05:38:12,1.63e-05,JS.transpose() * q_mat * JS + lambda * S.transpose() * S
05:38:12,4.25e-05,S info: rows = 5: cols = 5: size = 25: nonzeros = 5
05:38:12,9.9e-06,commencing SVD factorization of lambda-scaled JtQJ
05:38:12,8.7e-06,starting REDSVD
05:38:12,2.03e-05,retrieving REDSVD components
05:38:12,1.22e-05,trimming REDSVD components to 5elements
05:38:12,1.12e-05,done REDSVD
05:38:12,9.4e-06,SVD factorization complete
05:38:12,0.0001684,commencing linear algebra multiplication to compute upgrade
05:38:12,1.32e-05,S info: rows = 5: cols = 5: size = 25: nonzeros = 5Vt info: rows = 5: cols = 5: size = 25: nonzeros = 25
05:38:12,1.14e-05,U info: rows = 5: cols = 5: size = 25: nonzeros = 25
05:38:12,1.05e-05,jac info: rows = 135: cols = 5: size = 675: nonzeros = 655
05:38:12,5.84e-05,linear algebra multiplication to compute upgrade complete
05:38:12,1.99e-05,commencing check of parameter bounds and gradients
05:38:12,7.5e-06,commencing calculation of upgrade vector
05:38:12,0.0001841,forming JtQJ matrix
05:38:12,2.96e-05,commencing to scale JtQJ matrix- first SVD...
05:38:12,6.1e-06,starting REDSVD
05:38:12,1.37e-05,retrieving REDSVD components
05:38:12,7.6e-06,trimming REDSVD components to 5elements
05:38:12,6.4e-06,done REDSVD
05:38:12,1.04e-05,S info: rows = 5: cols = 5: size = 25: nonzeros = 5
05:38:12,4.6e-06,JS
05:38:12,9.8e-06,JS.transpose() * q_mat * JS + lambda * S.transpose() * S
05:38:12,2.97e-05,S info: rows = 5: cols = 5: size = 25: nonzeros = 5
05:38:12,5.5e-06,commencing SVD factorization of lambda-scaled JtQJ
05:38:12,4.7e-06,starting REDSVD
05:38:12,1.29e-05,retrieving REDSVD components
05:38:12,6.8e-06,trimming REDSVD components to 5elements
05:38:12,6e-06,done REDSVD
05:38:12,4.8e-06,SVD factorization complete
05:38:12,7.29e-05,commencing linear algebra multiplication to compute upgrade
05:38:12,6.2e-06,S info: rows = 5: cols = 5: size = 25: nonzeros = 5Vt info: rows = 5: cols = 5: size = 25: nonzeros = 25
05:38:12,5.8e-06,U info: rows = 5: cols = 5: size = 25: nonzeros = 25
05:38:12,5.8e-06,jac info: rows = 135: cols = 5: size = 675: nonzeros = 655
05:38:12,3.31e-05,linear algebra multiplication to compute upgrade complete
05:38:12,1.69e-05,commencing check of parameter bounds
05:38:12,6.3e-06,limiting out of bounds pars
05:38:12,8.3e-06,change limit/bound enforcement for lambda 10: , scaling factor: 1
05:38:12,4.9e-06,checking for denormal floating point values
05:38:12,5.1e-06,transforming upgrade pars to model pars
05:38:12,5.1e-06,writing upgrade vector to csv file
05:38:12,0.0003026,beginning upgrade vector calculations, lambda = 100
05:38:12,7.85e-05,commencing calculation of upgrade vector
05:38:12,0.0002323,forming JtQJ matrix
05:38:12,3.49e-05,commencing to scale JtQJ matrix- first SVD...
05:38:12,7.4e-06,starting REDSVD
05:38:12,1.75e-05,retrieving REDSVD components
05:38:12,1.03e-05,trimming REDSVD components to 5elements
05:38:12,8.7e-06,done REDSVD
05:38:12,1.36e-05,S info: rows = 5: cols = 5: size = 25: nonzeros = 5
05:38:12,5.8e-06,JS
05:38:12,1.26e-05,JS.transpose() * q_mat * JS + lambda * S.transpose() * S
05:38:12,3.78e-05,S info: rows = 5: cols = 5: size = 25: nonzeros = 5
05:38:12,6.8e-06,commencing SVD factorization of lambda-scaled JtQJ
05:38:12,5.9e-06,starting REDSVD
05:38:12,1.59e-05,retrieving REDSVD components
05:38:12,8.5e-06,trimming REDSVD components to 5elements
05:38:12,7.5e-06,done REDSVD
05:38:12,6e-06,SVD factorization complete
05:38:12,9.16e-05,commencing linear algebra multiplication to compute upgrade
05:38:12,7.6e-06,S info: rows = 5: cols = 5: size = 25: nonzeros = 5Vt info: rows = 5: cols = 5: size = 25: nonzeros = 25
05:38:12,1e-05,U info: rows = 5: cols = 5: size = 25: nonzeros = 25
05:38:12,8.7e-06,jac info: rows = 135: cols = 5: size = 675: nonzeros = 655
05:38:12,4.93e-05,linear algebra multiplication to compute upgrade complete
05:38:12,1.7e-05,commencing check of parameter bounds and gradients
05:38:12,8.3e-06,commencing calculation of upgrade vector
05:38:12,0.0002075,forming JtQJ matrix
05:38:12,5.27e-05,commencing to scale JtQJ matrix- first SVD...
05:38:12,7.4e-06,starting REDSVD
05:38:12,1.61e-05,retrieving REDSVD components
05:38:12,8.7e-06,trimming REDSVD components to 5elements
05:38:12,8e-06,done REDSVD
05:38:12,1.2e-05,S info: rows = 5: cols = 5: size = 25: nonzeros = 5
05:38:12,5.8e-06,JS
05:38:12,1.24e-05,JS.transpose() * q_mat * JS + lambda * S.transpose() * S
05:38:12,3.73e-05,S info: rows = 5: cols = 5: size = 25: nonzeros = 5
05:38:12,7.1e-06,commencing SVD factorization of lambda-scaled JtQJ
05:38:12,5.8e-06,starting REDSVD
05:38:12,1.64e-05,retrieving REDSVD components
05:38:12,8.3e-06,trimming REDSVD components to 5elements
05:38:12,7.2e-06,done REDSVD
05:38:12,5.9e-06,SVD factorization complete
05:38:12,8.85e-05,commencing linear algebra multiplication to compute upgrade
05:38:12,7.2e-06,S info: rows = 5: cols = 5: size = 25: nonzeros = 5Vt info: rows = 5: cols = 5: size = 25: nonzeros = 25
05:38:12,7.1e-06,U info: rows = 5: cols = 5: size = 25: nonzeros = 25
05:38:12,7e-06,jac info: rows = 135: cols = 5: size = 675: nonzeros = 655
05:38:12,4.45e-05,linear algebra multiplication to compute upgrade complete
05:38:12,1.28e-05,commencing check of parameter bounds
05:38:12,6e-06,limiting out of bounds pars
05:38:12,8.3e-06,change limit/bound enforcement for lambda 100: , scaling factor: 1
05:38:12,5.2e-06,checking for denormal floating point values
05:38:12,5.2e-06,transforming upgrade pars to model pars
05:38:12,5.1e-06,writing upgrade vector to csv file
05:38:12,0.0004533,beginning upgrade vector calculations, lambda = 1000
05:38:12,6.75e-05,commencing calculation of upgrade vector
05:38:12,0.0001901,forming JtQJ matrix
05:38:12,2.64e-05,commencing to scale JtQJ matrix- first SVD...
05:38:12,5.8e-06,starting REDSVD
05:38:12,1.37e-05,retrieving REDSVD components
05:38:12,7.9e-06,trimming REDSVD components to 5elements
05:38:12,6.3e-06,done REDSVD
05:38:12,1.04e-05,S info: rows = 5: cols = 5: size = 25: nonzeros = 5
05:38:12,4.9e-06,JS
05:38:12,9.7e-06,JS.transpose() * q_mat * JS + lambda * S.transpose() * S
05:38:12,2.89e-05,S info: rows = 5: cols = 5: size = 25: nonzeros = 5
05:38:12,5.5e-06,commencing SVD factorization of lambda-scaled JtQJ
05:38:12,4.7e-06,starting REDSVD
05:38:12,1.3e-05,retrieving REDSVD components
05:38:12,6.6e-06,trimming REDSVD components to 5elements
05:38:12,6e-06,done REDSVD
05:38:12,4.8e-06,SVD factorization complete
05:38:12,7.33e-05,commencing linear algebra multiplication to compute upgrade
05:38:12,5.9e-06,S info: rows = 5: cols = 5: size = 25: nonzeros = 5Vt info: rows = 5: cols = 5: size = 25: nonzeros = 25
05:38:12,5.8e-06,U info: rows = 5: cols = 5: size = 25: nonzeros = 25
05:38:12,5.6e-06,jac info: rows = 135: cols = 5: size = 675: nonzeros = 655
05:38:12,3.31e-05,linear algebra multiplication to compute upgrade complete
05:38:12,2.16e-05,commencing check of parameter bounds and gradients
05:38:12,7.4e-06,commencing calculation of upgrade vector
05:38:12,0.0001641,forming JtQJ matrix
05:38:12,2.74e-05,commencing to scale JtQJ matrix- first SVD...
05:38:12,5.6e-06,starting REDSVD
05:38:12,1.29e-05,retrieving REDSVD components
05:38:12,6.9e-06,trimming REDSVD components to 5elements
05:38:12,6e-06,done REDSVD
05:38:12,9.7e-06,S info: rows = 5: cols = 5: size = 25: nonzeros = 5
05:38:12,4.6e-06,JS
05:38:12,9.5e-06,JS.transpose() * q_mat * JS + lambda * S.transpose() * S
05:38:12,3.11e-05,S info: rows = 5: cols = 5: size = 25: nonzeros = 5
05:38:12,5.3e-06,commencing SVD factorization of lambda-scaled JtQJ
05:38:12,4.5e-06,starting REDSVD
05:38:12,4.24e-05,retrieving REDSVD components
05:38:12,1.19e-05,trimming REDSVD components to 5elements
05:38:12,6.8e-06,done REDSVD
05:38:12,5.3e-06,SVD factorization complete
05:38:12,7.21e-05,commencing linear algebra multiplication to compute upgrade
05:38:12,6e-06,S info: rows = 5: cols = 5: size = 25: nonzeros = 5Vt info: rows = 5: cols = 5: size = 25: nonzeros = 25
05:38:12,6e-06,U info: rows = 5: cols = 5: size = 25: nonzeros = 25
05:38:12,5.7e-06,jac info: rows = 135: cols = 5: size = 675: nonzeros = 655
05:38:12,4.06e-05,linear algebra multiplication to compute upgrade complete
05:38:12,1.21e-05,commencing check of parameter bounds
05:38:12,6e-06,limiting out of bounds pars
05:38:12,8.2e-06,change limit/bound enforcement for lambda 1000: , scaling factor: 1
05:38:12,4.7e-06,checking for denormal floating point values
05:38:12,5.1e-06,transforming upgrade pars to model pars
05:38:12,5.2e-06,writing upgrade vector to csv file
05:38:12,0.0005539,LinearAnalysis::glm_iter_fosm
05:38:12,8.2e-05,starting FOSM uncertainty analyses for iteration 0
05:38:12,0.0013663,loading obscov
05:38:12,3.46e-05,loading parcov
05:38:12,2.88e-05,set_predictions
05:38:12,3.29e-05,parameter fosm calcs
05:38:12,8.8e-06,LinearAnalysis::calc_posterior
05:38:12,5.5e-06,LinearAnalysis::align
05:38:12,0.000128,LinearAnalysis::prior_prediction_variance()::invert obscov
05:38:12,1.15e-05,inverting diagonal matrix in place
05:38:12,1.26e-05,LinearAnalysis::calc_posterior() form JtQJ
05:38:12,3.07e-05,LinearAnalysis::calc_posterior() invert prior parcov
05:38:12,2e-05,LinearAnalysis::calc_posterior() form posterior parcov
05:38:12,9.1e-06,LinearAnalysis::calc_posterior() invert posterior parcov
05:38:12,5.1e-06,inverting non-diagonal matrix in place
05:53:21,908.981,completed iteration 1
05:53:21,0.0134059,beginning iteration 2
05:53:21,0.000147,commencing to build jacobian parameter sets
05:53:21,0.0018666,jacobian parameter sets built, commencing model runs
05:56:26,185.005,jacobian runs complete, processing runs
05:56:26,0.0002747,processing jacobian runs complete
05:56:26,1.2e-05,saving jacobian and sen files
05:56:26,0.002251,commencing calculation of upgrade vector
05:56:26,0.0002245,forming JtQJ matrix
05:56:26,3.5e-05,commencing to scale JtQJ matrix- first SVD...
05:56:26,8.2e-06,starting REDSVD
05:56:26,2.3e-05,retrieving REDSVD components
05:56:26,9.6e-06,trimming REDSVD components to 5elements
05:56:26,7.8e-06,done REDSVD
05:56:26,1.42e-05,S info: rows = 5: cols = 5: size = 25: nonzeros = 5
05:56:26,6.7e-06,JS
05:56:26,1.27e-05,JS.transpose() * q_mat * JS + lambda * S.transpose() * S
05:56:26,3.6e-05,S info: rows = 5: cols = 5: size = 25: nonzeros = 5
05:56:26,6.5e-06,commencing SVD factorization of lambda-scaled JtQJ
05:56:26,5.9e-06,starting REDSVD
05:56:26,1.66e-05,retrieving REDSVD components
05:56:26,1.39e-05,trimming REDSVD components to 5elements
05:56:26,1.37e-05,done REDSVD
05:56:26,1.29e-05,SVD factorization complete
05:56:26,0.0002519,commencing linear algebra multiplication to compute upgrade
05:56:26,1.49e-05,S info: rows = 5: cols = 5: size = 25: nonzeros = 5Vt info: rows = 5: cols = 5: size = 25: nonzeros = 25
05:56:26,7.9e-06,U info: rows = 5: cols = 5: size = 25: nonzeros = 25
05:56:26,6.3e-06,jac info: rows = 135: cols = 5: size = 675: nonzeros = 655
05:56:26,4.4e-05,linear algebra multiplication to compute upgrade complete
05:56:26,3.16e-05,commencing check of parameter bounds and gradients
05:56:26,0.0011314,beginning upgrade vector calculations, lambda = 0.1
05:56:26,0.0002073,commencing calculation of upgrade vector
05:56:26,0.0003534,forming JtQJ matrix
05:56:26,4.51e-05,commencing to scale JtQJ matrix- first SVD...
05:56:26,1.25e-05,starting REDSVD
05:56:26,3.1e-05,retrieving REDSVD components
05:56:26,1.56e-05,trimming REDSVD components to 5elements
05:56:26,1.3e-05,done REDSVD
05:56:26,2.06e-05,S info: rows = 5: cols = 5: size = 25: nonzeros = 5
05:56:26,9.8e-06,JS
05:56:26,1.76e-05,JS.transpose() * q_mat * JS + lambda * S.transpose() * S
05:56:26,4.86e-05,S info: rows = 5: cols = 5: size = 25: nonzeros = 5
05:56:26,1.24e-05,commencing SVD factorization of lambda-scaled JtQJ
05:56:26,9.4e-06,starting REDSVD
05:56:26,2.18e-05,retrieving REDSVD components
05:56:26,1.25e-05,trimming REDSVD components to 5elements
05:56:26,1.09e-05,done REDSVD
05:56:26,9.2e-06,SVD factorization complete
05:56:26,0.0001395,commencing linear algebra multiplication to compute upgrade
05:56:26,1.25e-05,S info: rows = 5: cols = 5: size = 25: nonzeros = 5Vt info: rows = 5: cols = 5: size = 25: nonzeros = 25
05:56:26,1.17e-05,U info: rows = 5: cols = 5: size = 25: nonzeros = 25
05:56:26,1.17e-05,jac info: rows = 135: cols = 5: size = 675: nonzeros = 655
05:56:26,5.21e-05,linear algebra multiplication to compute upgrade complete
05:56:26,2.19e-05,commencing check of parameter bounds and gradients
05:56:26,1.31e-05,commencing calculation of upgrade vector
05:56:26,0.0002566,forming JtQJ matrix
05:56:26,3.97e-05,commencing to scale JtQJ matrix- first SVD...
05:56:26,1.08e-05,starting REDSVD
05:56:26,2.08e-05,retrieving REDSVD components
05:56:26,1.27e-05,trimming REDSVD components to 5elements
05:56:26,1.05e-05,done REDSVD
05:56:26,1.68e-05,S info: rows = 5: cols = 5: size = 25: nonzeros = 5
05:56:26,9.1e-06,JS
05:56:26,1.77e-05,JS.transpose() * q_mat * JS + lambda * S.transpose() * S
05:56:26,3.96e-05,S info: rows = 5: cols = 5: size = 25: nonzeros = 5
05:56:26,1.04e-05,commencing SVD factorization of lambda-scaled JtQJ
05:56:26,9.1e-06,starting REDSVD
05:56:26,2.06e-05,retrieving REDSVD components
05:56:26,1.23e-05,trimming REDSVD components to 5elements
05:56:26,1.05e-05,done REDSVD
05:56:26,9.1e-06,SVD factorization complete
05:56:26,0.0001306,commencing linear algebra multiplication to compute upgrade
05:56:26,1.19e-05,S info: rows = 5: cols = 5: size = 25: nonzeros = 5Vt info: rows = 5: cols = 5: size = 25: nonzeros = 25
05:56:26,1.08e-05,U info: rows = 5: cols = 5: size = 25: nonzeros = 25
05:56:26,1.08e-05,jac info: rows = 135: cols = 5: size = 675: nonzeros = 655
05:56:26,5.04e-05,linear algebra multiplication to compute upgrade complete
05:56:26,3.48e-05,commencing check of parameter bounds
05:56:26,1.29e-05,limiting out of bounds pars
05:56:26,1.62e-05,change limit/bound enforcement for lambda 0.1: , scaling factor: 1
05:56:26,9.2e-06,checking for denormal floating point values
05:56:26,9.7e-06,transforming upgrade pars to model pars
05:56:26,1e-05,writing upgrade vector to csv file
05:56:26,0.0007156,beginning upgrade vector calculations, lambda = 1
05:56:26,8.82e-05,commencing calculation of upgrade vector
05:56:26,0.0002696,forming JtQJ matrix
05:56:26,3.81e-05,commencing to scale JtQJ matrix- first SVD...
05:56:26,9.2e-06,starting REDSVD
05:56:26,1.99e-05,retrieving REDSVD components
05:56:26,1.19e-05,trimming REDSVD components to 5elements
05:56:26,9.3e-06,done REDSVD
05:56:26,1.57e-05,S info: rows = 5: cols = 5: size = 25: nonzeros = 5
05:56:26,7.7e-06,JS
05:56:26,1.42e-05,JS.transpose() * q_mat * JS + lambda * S.transpose() * S
05:56:26,3.8e-05,S info: rows = 5: cols = 5: size = 25: nonzeros = 5
05:56:26,8.4e-06,commencing SVD factorization of lambda-scaled JtQJ
05:56:26,7.5e-06,starting REDSVD
05:56:26,1.77e-05,retrieving REDSVD components
05:56:26,1.06e-05,trimming REDSVD components to 5elements
05:56:26,9.2e-06,done REDSVD
05:56:26,7e-06,SVD factorization complete
05:56:26,0.0001084,commencing linear algebra multiplication to compute upgrade
05:56:26,9.4e-06,S info: rows = 5: cols = 5: size = 25: nonzeros = 5Vt info: rows = 5: cols = 5: size = 25: nonzeros = 25
05:56:26,8.7e-06,U info: rows = 5: cols = 5: size = 25: nonzeros = 25
05:56:26,8.4e-06,jac info: rows = 135: cols = 5: size = 675: nonzeros = 655
05:56:26,5.65e-05,linear algebra multiplication to compute upgrade complete
05:56:26,2e-05,commencing check of parameter bounds and gradients
05:56:26,9.8e-06,commencing calculation of upgrade vector
05:56:26,0.0002428,forming JtQJ matrix
05:56:26,3.6e-05,commencing to scale JtQJ matrix- first SVD...
05:56:26,1.19e-05,starting REDSVD
05:56:26,1.88e-05,retrieving REDSVD components
05:56:26,9.9e-06,trimming REDSVD components to 5elements
05:56:26,8.4e-06,done REDSVD
05:56:26,1.47e-05,S info: rows = 5: cols = 5: size = 25: nonzeros = 5
05:56:26,6.8e-06,JS
05:56:26,1.38e-05,JS.transpose() * q_mat * JS + lambda * S.transpose() * S
05:56:26,3.65e-05,S info: rows = 5: cols = 5: size = 25: nonzeros = 5
05:56:26,9e-06,commencing SVD factorization of lambda-scaled JtQJ
05:56:26,7.9e-06,starting REDSVD
05:56:26,1.88e-05,retrieving REDSVD components
05:56:26,1.2e-05,trimming REDSVD components to 5elements
05:56:26,9.5e-06,done REDSVD
05:56:26,7.2e-06,SVD factorization complete
05:56:26,0.0001085,commencing linear algebra multiplication to compute upgrade
05:56:26,1e-05,S info: rows = 5: cols = 5: size = 25: nonzeros = 5Vt info: rows = 5: cols = 5: size = 25: nonzeros = 25
05:56:26,8.9e-06,U info: rows = 5: cols = 5: size = 25: nonzeros = 25
05:56:26,9.2e-06,jac info: rows = 135: cols = 5: size = 675: nonzeros = 655
05:56:26,4.35e-05,linear algebra multiplication to compute upgrade complete
05:56:26,1.61e-05,commencing check of parameter bounds
05:56:26,8.5e-06,limiting out of bounds pars
05:56:26,1.26e-05,change limit/bound enforcement for lambda 1: , scaling factor: 1
05:56:26,7.7e-06,checking for denormal floating point values
05:56:26,8.2e-06,transforming upgrade pars to model pars
05:56:26,8e-06,writing upgrade vector to csv file
05:56:26,0.0004552,beginning upgrade vector calculations, lambda = 10
05:56:26,8.29e-05,commencing calculation of upgrade vector
05:56:26,0.0002733,forming JtQJ matrix
05:56:26,3.9e-05,commencing to scale JtQJ matrix- first SVD...
05:56:26,1.09e-05,starting REDSVD
05:56:26,2.27e-05,retrieving REDSVD components
05:56:26,1.38e-05,trimming REDSVD components to 5elements
05:56:26,1.12e-05,done REDSVD
05:56:26,1.79e-05,S info: rows = 5: cols = 5: size = 25: nonzeros = 5
05:56:26,9.5e-06,JS
05:56:26,1.64e-05,JS.transpose() * q_mat * JS + lambda * S.transpose() * S
05:56:26,4.2e-05,S info: rows = 5: cols = 5: size = 25: nonzeros = 5
05:56:26,1.05e-05,commencing SVD factorization of lambda-scaled JtQJ
05:56:26,9.1e-06,starting REDSVD
05:56:26,2.07e-05,retrieving REDSVD components
05:56:26,1.21e-05,trimming REDSVD components to 5elements
05:56:26,1.09e-05,done REDSVD
05:56:26,9e-06,SVD factorization complete
05:56:26,0.0001401,commencing linear algebra multiplication to compute upgrade
05:56:26,1.23e-05,S info: rows = 5: cols = 5: size = 25: nonzeros = 5Vt info: rows = 5: cols = 5: size = 25: nonzeros = 25
05:56:26,1.17e-05,U info: rows = 5: cols = 5: size = 25: nonzeros = 25
05:56:26,1.07e-05,jac info: rows = 135: cols = 5: size = 675: nonzeros = 655
05:56:26,5.13e-05,linear algebra multiplication to compute upgrade complete
05:56:26,3.57e-05,commencing check of parameter bounds and gradients
05:56:26,1.42e-05,commencing calculation of upgrade vector
05:56:26,0.0002835,forming JtQJ matrix
05:56:26,4.1e-05,commencing to scale JtQJ matrix- first SVD...
05:56:26,1.12e-05,starting REDSVD
05:56:26,2.19e-05,retrieving REDSVD components
05:56:26,1.3e-05,trimming REDSVD components to 5elements
05:56:26,1.05e-05,done REDSVD
05:56:26,1.66e-05,S info: rows = 5: cols = 5: size = 25: nonzeros = 5
05:56:26,9.1e-06,JS
05:56:26,1.64e-05,JS.transpose() * q_mat * JS + lambda * S.transpose() * S
05:56:26,4.35e-05,S info: rows = 5: cols = 5: size = 25: nonzeros = 5
05:56:26,1.05e-05,commencing SVD factorization of lambda-scaled JtQJ
05:56:26,9.4e-06,starting REDSVD
05:56:26,2.06e-05,retrieving REDSVD components
05:56:26,1.23e-05,trimming REDSVD components to 5elements
05:56:26,1.06e-05,done REDSVD
05:56:26,9.2e-06,SVD factorization complete
05:56:26,0.0001307,commencing linear algebra multiplication to compute upgrade
05:56:26,1.24e-05,S info: rows = 5: cols = 5: size = 25: nonzeros = 5Vt info: rows = 5: cols = 5: size = 25: nonzeros = 25
05:56:26,1.14e-05,U info: rows = 5: cols = 5: size = 25: nonzeros = 25
05:56:26,1.09e-05,jac info: rows = 135: cols = 5: size = 675: nonzeros = 655
05:56:26,5.39e-05,linear algebra multiplication to compute upgrade complete
05:56:26,3.6e-05,commencing check of parameter bounds
05:56:26,1.26e-05,limiting out of bounds pars
05:56:26,1.62e-05,change limit/bound enforcement for lambda 10: , scaling factor: 1
05:56:26,9.1e-06,checking for denormal floating point values
05:56:26,9.8e-06,transforming upgrade pars to model pars
05:56:26,9.3e-06,writing upgrade vector to csv file
05:56:26,0.0006737,beginning upgrade vector calculations, lambda = 100
05:56:26,0.0001085,commencing calculation of upgrade vector
05:56:26,0.0002524,forming JtQJ matrix
05:56:26,4.03e-05,commencing to scale JtQJ matrix- first SVD...
05:56:26,9e-06,starting REDSVD
05:56:26,1.6e-05,retrieving REDSVD components
05:56:26,8.2e-06,trimming REDSVD components to 5elements
05:56:26,6.1e-06,done REDSVD
05:56:26,1.05e-05,S info: rows = 5: cols = 5: size = 25: nonzeros = 5
05:56:26,4.8e-06,JS
05:56:26,1.01e-05,JS.transpose() * q_mat * JS + lambda * S.transpose() * S
05:56:26,2.78e-05,S info: rows = 5: cols = 5: size = 25: nonzeros = 5
05:56:26,5.4e-06,commencing SVD factorization of lambda-scaled JtQJ
05:56:26,5.1e-06,starting REDSVD
05:56:26,1.33e-05,retrieving REDSVD components
05:56:26,6.6e-06,trimming REDSVD components to 5elements
05:56:26,5.4e-06,done REDSVD
05:56:26,4.6e-06,SVD factorization complete
05:56:26,9.73e-05,commencing linear algebra multiplication to compute upgrade
05:56:26,7.6e-06,S info: rows = 5: cols = 5: size = 25: nonzeros = 5Vt info: rows = 5: cols = 5: size = 25: nonzeros = 25
05:56:26,5.9e-06,U info: rows = 5: cols = 5: size = 25: nonzeros = 25
05:56:26,5.6e-06,jac info: rows = 135: cols = 5: size = 675: nonzeros = 655
05:56:26,3.56e-05,linear algebra multiplication to compute upgrade complete
05:56:26,1.17e-05,commencing check of parameter bounds and gradients
05:56:26,6.5e-06,commencing calculation of upgrade vector
05:56:26,0.0001819,forming JtQJ matrix
05:56:26,2.51e-05,commencing to scale JtQJ matrix- first SVD...
05:56:26,5.3e-06,starting REDSVD
05:56:26,1.34e-05,retrieving REDSVD components
05:56:26,6.9e-06,trimming REDSVD components to 5elements
05:56:26,5.7e-06,done REDSVD
05:56:26,9.5e-06,S info: rows = 5: cols = 5: size = 25: nonzeros = 5
05:56:26,4.7e-06,JS
05:56:26,9.7e-06,JS.transpose() * q_mat * JS + lambda * S.transpose() * S
05:56:26,2.54e-05,S info: rows = 5: cols = 5: size = 25: nonzeros = 5
05:56:26,5.3e-06,commencing SVD factorization of lambda-scaled JtQJ
05:56:26,4.7e-06,starting REDSVD
05:56:26,1.31e-05,retrieving REDSVD components
05:56:26,6.2e-06,trimming REDSVD components to 5elements
05:56:26,5.3e-06,done REDSVD
05:56:26,4.7e-06,SVD factorization complete
05:56:26,7.05e-05,commencing linear algebra multiplication to compute upgrade
05:56:26,5.8e-06,S info: rows = 5: cols = 5: size = 25: nonzeros = 5Vt info: rows = 5: cols = 5: size = 25: nonzeros = 25
05:56:26,5.8e-06,U info: rows = 5: cols = 5: size = 25: nonzeros = 25
05:56:26,5.6e-06,jac info: rows = 135: cols = 5: size = 675: nonzeros = 655
05:56:26,3.18e-05,linear algebra multiplication to compute upgrade complete
05:56:26,1.71e-05,commencing check of parameter bounds
05:56:26,6.1e-06,limiting out of bounds pars
05:56:26,8.6e-06,change limit/bound enforcement for lambda 100: , scaling factor: 1
05:56:26,4.7e-06,checking for denormal floating point values
05:56:26,5.3e-06,transforming upgrade pars to model pars
05:56:26,5.1e-06,writing upgrade vector to csv file
05:56:26,0.000631,beginning upgrade vector calculations, lambda = 1000
05:56:26,6.6e-05,commencing calculation of upgrade vector
05:56:26,0.0001859,forming JtQJ matrix
05:56:26,3.3e-05,commencing to scale JtQJ matrix- first SVD...
05:56:26,5.8e-06,starting REDSVD
05:56:26,1.37e-05,retrieving REDSVD components
05:56:26,7.6e-06,trimming REDSVD components to 5elements
05:56:26,5.9e-06,done REDSVD
05:56:26,1e-05,S info: rows = 5: cols = 5: size = 25: nonzeros = 5
05:56:26,4.9e-06,JS
05:56:26,1e-05,JS.transpose() * q_mat * JS + lambda * S.transpose() * S
05:56:26,6.47e-05,S info: rows = 5: cols = 5: size = 25: nonzeros = 5
05:56:26,9.9e-06,commencing SVD factorization of lambda-scaled JtQJ
05:56:26,5.3e-06,starting REDSVD
05:56:26,1.41e-05,retrieving REDSVD components
05:56:26,6.9e-06,trimming REDSVD components to 5elements
05:56:26,5.7e-06,done REDSVD
05:56:26,5e-06,SVD factorization complete
05:56:26,7.39e-05,commencing linear algebra multiplication to compute upgrade
05:56:26,1.26e-05,S info: rows = 5: cols = 5: size = 25: nonzeros = 5Vt info: rows = 5: cols = 5: size = 25: nonzeros = 25
05:56:26,1.17e-05,U info: rows = 5: cols = 5: size = 25: nonzeros = 25
05:56:26,1.14e-05,jac info: rows = 135: cols = 5: size = 675: nonzeros = 655
05:56:26,4.12e-05,linear algebra multiplication to compute upgrade complete
05:56:26,1.26e-05,commencing check of parameter bounds and gradients
05:56:26,6.7e-06,commencing calculation of upgrade vector
05:56:26,0.0001741,forming JtQJ matrix
05:56:26,2.66e-05,commencing to scale JtQJ matrix- first SVD...
05:56:26,5.7e-06,starting REDSVD
05:56:26,1.33e-05,retrieving REDSVD components
05:56:26,6.7e-06,trimming REDSVD components to 5elements
05:56:26,5.7e-06,done REDSVD
05:56:26,9.2e-06,S info: rows = 5: cols = 5: size = 25: nonzeros = 5
05:56:26,4.7e-06,JS
05:56:26,9.8e-06,JS.transpose() * q_mat * JS + lambda * S.transpose() * S
05:56:26,2.68e-05,S info: rows = 5: cols = 5: size = 25: nonzeros = 5
05:56:26,5.2e-06,commencing SVD factorization of lambda-scaled JtQJ
05:56:26,4.6e-06,starting REDSVD
05:56:26,1.3e-05,retrieving REDSVD components
05:56:26,6.1e-06,trimming REDSVD components to 5elements
05:56:26,5.4e-06,done REDSVD
05:56:26,4.7e-06,SVD factorization complete
05:56:26,7.22e-05,commencing linear algebra multiplication to compute upgrade
05:56:26,5.8e-06,S info: rows = 5: cols = 5: size = 25: nonzeros = 5Vt info: rows = 5: cols = 5: size = 25: nonzeros = 25
05:56:26,5.8e-06,U info: rows = 5: cols = 5: size = 25: nonzeros = 25
05:56:26,5.6e-06,jac info: rows = 135: cols = 5: size = 675: nonzeros = 655
05:56:26,3.18e-05,linear algebra multiplication to compute upgrade complete
05:56:26,1.05e-05,commencing check of parameter bounds
05:56:26,5.7e-06,limiting out of bounds pars
05:56:26,8.1e-06,change limit/bound enforcement for lambda 1000: , scaling factor: 1
05:56:26,4.8e-06,checking for denormal floating point values
05:56:26,5.1e-06,transforming upgrade pars to model pars
05:56:26,5.1e-06,writing upgrade vector to csv file
05:56:26,0.0006925,LinearAnalysis::glm_iter_fosm
05:56:26,7.11e-05,starting FOSM uncertainty analyses for iteration 1
05:56:26,0.0014293,loading obscov
05:56:26,3.52e-05,loading parcov
05:56:26,1.85e-05,set_predictions
05:56:26,2.87e-05,parameter fosm calcs
05:56:26,6e-06,LinearAnalysis::calc_posterior
05:56:26,5e-06,LinearAnalysis::align
05:56:26,0.0001195,LinearAnalysis::prior_prediction_variance()::invert obscov
05:56:26,7.9e-06,inverting diagonal matrix in place
05:56:26,1.18e-05,LinearAnalysis::calc_posterior() form JtQJ
05:56:26,3.59e-05,LinearAnalysis::calc_posterior() invert prior parcov
05:56:26,1.4e-05,LinearAnalysis::calc_posterior() form posterior parcov
05:56:26,7.5e-06,LinearAnalysis::calc_posterior() invert posterior parcov
05:56:26,4.9e-06,inverting non-diagonal matrix in place
06:06:01,574.523,completed iteration 2
06:06:01,0.0138771,beginning iteration 3
06:06:01,0.0001018,commencing to build jacobian parameter sets
06:06:01,0.0028614,jacobian parameter sets built, commencing model runs
06:15:09,547.697,jacobian runs complete, processing runs
06:15:09,0.0009747,processing jacobian runs complete
06:15:09,1.01e-05,saving jacobian and sen files
06:15:09,0.0009733,commencing calculation of upgrade vector
06:15:09,0.0002529,forming JtQJ matrix
06:15:09,3.64e-05,commencing to scale JtQJ matrix- first SVD...
06:15:09,8.8e-06,starting REDSVD
06:15:09,2.18e-05,retrieving REDSVD components
06:15:09,1.03e-05,trimming REDSVD components to 5elements
06:15:09,7.8e-06,done REDSVD
06:15:09,1.42e-05,S info: rows = 5: cols = 5: size = 25: nonzeros = 5
06:15:09,9.9e-06,JS
06:15:09,1.4e-05,JS.transpose() * q_mat * JS + lambda * S.transpose() * S
06:15:09,3.53e-05,S info: rows = 5: cols = 5: size = 25: nonzeros = 5
06:15:09,6.6e-06,commencing SVD factorization of lambda-scaled JtQJ
06:15:09,5.9e-06,starting REDSVD
06:15:09,1.59e-05,retrieving REDSVD components
06:15:09,8.2e-06,trimming REDSVD components to 5elements
06:15:09,6.8e-06,done REDSVD
06:15:09,5.9e-06,SVD factorization complete
06:15:09,0.0001368,commencing linear algebra multiplication to compute upgrade
06:15:09,9e-06,S info: rows = 5: cols = 5: size = 25: nonzeros = 5Vt info: rows = 5: cols = 5: size = 25: nonzeros = 25
06:15:09,8.4e-06,U info: rows = 5: cols = 5: size = 25: nonzeros = 25
06:15:09,7.4e-06,jac info: rows = 135: cols = 5: size = 675: nonzeros = 655
06:15:09,5.31e-05,linear algebra multiplication to compute upgrade complete
06:15:09,1.55e-05,commencing check of parameter bounds and gradients
06:15:09,0.0010594,beginning upgrade vector calculations, lambda = 0.01
06:15:09,0.0001094,commencing calculation of upgrade vector
06:15:09,0.0003775,forming JtQJ matrix
06:15:09,4.72e-05,commencing to scale JtQJ matrix- first SVD...
06:15:09,1.23e-05,starting REDSVD
06:15:09,1.98e-05,retrieving REDSVD components
06:15:09,1.28e-05,trimming REDSVD components to 3elements
06:15:09,1.16e-05,done REDSVD
06:15:09,1.67e-05,S info: rows = 3: cols = 3: size = 9: nonzeros = 3
06:15:09,9.1e-06,JS
06:15:09,1.45e-05,JS.transpose() * q_mat * JS + lambda * S.transpose() * S
06:15:09,3.35e-05,S info: rows = 3: cols = 3: size = 9: nonzeros = 3
06:15:09,1.04e-05,commencing SVD factorization of lambda-scaled JtQJ
06:15:09,8.8e-06,starting REDSVD
06:15:09,1.65e-05,retrieving REDSVD components
06:15:09,1.1e-05,trimming REDSVD components to 3elements
06:15:09,9.3e-06,done REDSVD
06:15:09,7.3e-06,SVD factorization complete
06:15:09,9.96e-05,commencing linear algebra multiplication to compute upgrade
06:15:09,7.6e-06,S info: rows = 3: cols = 3: size = 9: nonzeros = 3Vt info: rows = 3: cols = 3: size = 9: nonzeros = 9
06:15:09,6e-06,U info: rows = 3: cols = 3: size = 9: nonzeros = 9
06:15:09,5.8e-06,jac info: rows = 135: cols = 3: size = 405: nonzeros = 393
06:15:09,3.44e-05,linear algebra multiplication to compute upgrade complete
06:15:09,1.93e-05,commencing check of parameter bounds and gradients
06:15:09,8.1e-06,commencing calculation of upgrade vector
06:15:09,0.0002269,forming JtQJ matrix
06:15:09,1.44e-05,commencing to scale JtQJ matrix- first SVD...
06:15:09,5.3e-06,starting REDSVD
06:15:09,9.5e-06,retrieving REDSVD components
06:15:09,6.3e-06,trimming REDSVD components to 1elements
06:15:09,5.2e-06,done REDSVD
06:15:09,7.6e-06,S info: rows = 1: cols = 1: size = 1: nonzeros = 1
06:15:09,4.5e-06,JS
06:15:09,6.2e-06,JS.transpose() * q_mat * JS + lambda * S.transpose() * S
06:15:09,1.27e-05,S info: rows = 1: cols = 1: size = 1: nonzeros = 1
06:15:09,4.9e-06,commencing SVD factorization of lambda-scaled JtQJ
06:15:09,4.6e-06,starting REDSVD
06:15:09,8.3e-06,retrieving REDSVD components
06:15:09,5.9e-06,trimming REDSVD components to 1elements
06:15:09,4.8e-06,done REDSVD
06:15:09,4.6e-06,SVD factorization complete
06:15:09,5.79e-05,commencing linear algebra multiplication to compute upgrade
06:15:09,6e-06,S info: rows = 1: cols = 1: size = 1: nonzeros = 1Vt info: rows = 1: cols = 1: size = 1: nonzeros = 1
06:15:09,5.8e-06,U info: rows = 1: cols = 1: size = 1: nonzeros = 1
06:15:09,5.6e-06,jac info: rows = 135: cols = 1: size = 135: nonzeros = 131
06:15:09,2.84e-05,linear algebra multiplication to compute upgrade complete
06:15:09,9.6e-06,commencing check of parameter bounds
06:15:09,6.8e-06,limiting out of bounds pars
06:15:09,1.57e-05,change limit/bound enforcement for lambda 0.01: , scaling factor: 1
06:15:09,1.06e-05,checking for denormal floating point values
06:15:09,8.6e-06,transforming upgrade pars to model pars
06:15:09,8.6e-06,writing upgrade vector to csv file
06:15:09,0.0008022,beginning upgrade vector calculations, lambda = 0.1
06:15:09,0.0009464,commencing calculation of upgrade vector
06:15:09,0.0002621,forming JtQJ matrix
06:15:09,2.22e-05,commencing to scale JtQJ matrix- first SVD...
06:15:09,6e-06,starting REDSVD
06:15:09,1.46e-05,retrieving REDSVD components
06:15:09,7.7e-06,trimming REDSVD components to 3elements
06:15:09,6e-06,done REDSVD
06:15:09,1.03e-05,S info: rows = 3: cols = 3: size = 9: nonzeros = 3
06:15:09,4.7e-06,JS
06:15:09,8.3e-06,JS.transpose() * q_mat * JS + lambda * S.transpose() * S
06:15:09,1.86e-05,S info: rows = 3: cols = 3: size = 9: nonzeros = 3
06:15:09,5e-06,commencing SVD factorization of lambda-scaled JtQJ
06:15:09,4.7e-06,starting REDSVD
06:15:09,1.01e-05,retrieving REDSVD components
06:15:09,6.1e-06,trimming REDSVD components to 3elements
06:15:09,5.1e-06,done REDSVD
06:15:09,4.7e-06,SVD factorization complete
06:15:09,6.72e-05,commencing linear algebra multiplication to compute upgrade
06:15:09,6.1e-06,S info: rows = 3: cols = 3: size = 9: nonzeros = 3Vt info: rows = 3: cols = 3: size = 9: nonzeros = 9
06:15:09,5.8e-06,U info: rows = 3: cols = 3: size = 9: nonzeros = 9
06:15:09,5.6e-06,jac info: rows = 135: cols = 3: size = 405: nonzeros = 393
06:15:09,3.21e-05,linear algebra multiplication to compute upgrade complete
06:15:09,1.17e-05,commencing check of parameter bounds and gradients
06:15:09,7.7e-06,commencing calculation of upgrade vector
06:15:09,0.0002019,forming JtQJ matrix
06:15:09,1.37e-05,commencing to scale JtQJ matrix- first SVD...
06:15:09,5.1e-06,starting REDSVD
06:15:09,9.1e-06,retrieving REDSVD components
06:15:09,6.2e-06,trimming REDSVD components to 1elements
06:15:09,5e-06,done REDSVD
06:15:09,7.5e-06,S info: rows = 1: cols = 1: size = 1: nonzeros = 1
06:15:09,4.5e-06,JS
06:15:09,6.1e-06,JS.transpose() * q_mat * JS + lambda * S.transpose() * S
06:15:09,1.23e-05,S info: rows = 1: cols = 1: size = 1: nonzeros = 1
06:15:09,4.9e-06,commencing SVD factorization of lambda-scaled JtQJ
06:15:09,4.5e-06,starting REDSVD
06:15:09,8.2e-06,retrieving REDSVD components
06:15:09,5.6e-06,trimming REDSVD components to 1elements
06:15:09,4.8e-06,done REDSVD
06:15:09,4.5e-06,SVD factorization complete
06:15:09,8.82e-05,commencing linear algebra multiplication to compute upgrade
06:15:09,1.05e-05,S info: rows = 1: cols = 1: size = 1: nonzeros = 1Vt info: rows = 1: cols = 1: size = 1: nonzeros = 1
06:15:09,1.16e-05,U info: rows = 1: cols = 1: size = 1: nonzeros = 1
06:15:09,1.1e-05,jac info: rows = 135: cols = 1: size = 135: nonzeros = 131
06:15:09,4.65e-05,linear algebra multiplication to compute upgrade complete
06:15:09,2.2e-05,commencing check of parameter bounds
06:15:09,1e-05,limiting out of bounds pars
06:15:09,9.1e-06,change limit/bound enforcement for lambda 0.1: , scaling factor: 1
06:15:09,5.2e-06,checking for denormal floating point values
06:15:09,5.1e-06,transforming upgrade pars to model pars
06:15:09,5.2e-06,writing upgrade vector to csv file
06:15:09,0.0004563,beginning upgrade vector calculations, lambda = 1
06:15:09,7.75e-05,commencing calculation of upgrade vector
06:15:09,0.000243,forming JtQJ matrix
06:15:09,2.13e-05,commencing to scale JtQJ matrix- first SVD...
06:15:09,5.8e-06,starting REDSVD
06:15:09,1.21e-05,retrieving REDSVD components
06:15:09,7.1e-06,trimming REDSVD components to 3elements
06:15:09,5.8e-06,done REDSVD
06:15:09,9.7e-06,S info: rows = 3: cols = 3: size = 9: nonzeros = 3
06:15:09,4.6e-06,JS
06:15:09,8e-06,JS.transpose() * q_mat * JS + lambda * S.transpose() * S
06:15:09,1.9e-05,S info: rows = 3: cols = 3: size = 9: nonzeros = 3
06:15:09,5e-06,commencing SVD factorization of lambda-scaled JtQJ
06:15:09,4.7e-06,starting REDSVD
06:15:09,1e-05,retrieving REDSVD components
06:15:09,6.1e-06,trimming REDSVD components to 3elements
06:15:09,5.1e-06,done REDSVD
06:15:09,4.7e-06,SVD factorization complete
06:15:09,6.49e-05,commencing linear algebra multiplication to compute upgrade
06:15:09,6.3e-06,S info: rows = 3: cols = 3: size = 9: nonzeros = 3Vt info: rows = 3: cols = 3: size = 9: nonzeros = 9
06:15:09,9.2e-06,U info: rows = 3: cols = 3: size = 9: nonzeros = 9
06:15:09,7.2e-06,jac info: rows = 135: cols = 3: size = 405: nonzeros = 393
06:15:09,3.21e-05,linear algebra multiplication to compute upgrade complete
06:15:09,1.04e-05,commencing check of parameter bounds and gradients
06:15:09,7.1e-06,commencing calculation of upgrade vector
06:15:09,0.0002072,forming JtQJ matrix
06:15:09,1.32e-05,commencing to scale JtQJ matrix- first SVD...
06:15:09,5.1e-06,starting REDSVD
06:15:09,9.2e-06,retrieving REDSVD components
06:15:09,6.1e-06,trimming REDSVD components to 1elements
06:15:09,5e-06,done REDSVD
06:15:09,7.5e-06,S info: rows = 1: cols = 1: size = 1: nonzeros = 1
06:15:09,4.4e-06,JS
06:15:09,6.2e-06,JS.transpose() * q_mat * JS + lambda * S.transpose() * S
06:15:09,1.24e-05,S info: rows = 1: cols = 1: size = 1: nonzeros = 1
06:15:09,4.8e-06,commencing SVD factorization of lambda-scaled JtQJ
06:15:09,4.6e-06,starting REDSVD
06:15:09,8.4e-06,retrieving REDSVD components
06:15:09,5.6e-06,trimming REDSVD components to 1elements
06:15:09,4.7e-06,done REDSVD
06:15:09,4.7e-06,SVD factorization complete
06:15:09,5.79e-05,commencing linear algebra multiplication to compute upgrade
06:15:09,5.9e-06,S info: rows = 1: cols = 1: size = 1: nonzeros = 1Vt info: rows = 1: cols = 1: size = 1: nonzeros = 1
06:15:09,5.5e-06,U info: rows = 1: cols = 1: size = 1: nonzeros = 1
06:15:09,5.6e-06,jac info: rows = 135: cols = 1: size = 135: nonzeros = 131
06:15:09,2.81e-05,linear algebra multiplication to compute upgrade complete
06:15:09,9.5e-06,commencing check of parameter bounds
06:15:09,6.1e-06,limiting out of bounds pars
06:15:09,8e-06,change limit/bound enforcement for lambda 1: , scaling factor: 1
06:15:09,5e-06,checking for denormal floating point values
06:15:09,5e-06,transforming upgrade pars to model pars
06:15:09,5e-06,writing upgrade vector to csv file
06:15:09,0.0005378,beginning upgrade vector calculations, lambda = 10
06:15:09,7.93e-05,commencing calculation of upgrade vector
06:15:09,0.0002449,forming JtQJ matrix
06:15:09,2.17e-05,commencing to scale JtQJ matrix- first SVD...
06:15:09,6e-06,starting REDSVD
06:15:09,1.28e-05,retrieving REDSVD components
06:15:09,7e-06,trimming REDSVD components to 3elements
06:15:09,5.8e-06,done REDSVD
06:15:09,9.7e-06,S info: rows = 3: cols = 3: size = 9: nonzeros = 3
06:15:09,4.6e-06,JS
06:15:09,8.2e-06,JS.transpose() * q_mat * JS + lambda * S.transpose() * S
06:15:09,1.89e-05,S info: rows = 3: cols = 3: size = 9: nonzeros = 3
06:15:09,5e-06,commencing SVD factorization of lambda-scaled JtQJ
06:15:09,4.7e-06,starting REDSVD
06:15:09,1.01e-05,retrieving REDSVD components
06:15:09,6e-06,trimming REDSVD components to 3elements
06:15:09,5.1e-06,done REDSVD
06:15:09,4.7e-06,SVD factorization complete
06:15:09,6.42e-05,commencing linear algebra multiplication to compute upgrade
06:15:09,6.2e-06,S info: rows = 3: cols = 3: size = 9: nonzeros = 3Vt info: rows = 3: cols = 3: size = 9: nonzeros = 9
06:15:09,5.8e-06,U info: rows = 3: cols = 3: size = 9: nonzeros = 9
06:15:09,5.8e-06,jac info: rows = 135: cols = 3: size = 405: nonzeros = 393
06:15:09,3.15e-05,linear algebra multiplication to compute upgrade complete
06:15:09,1.05e-05,commencing check of parameter bounds and gradients
06:15:09,6.9e-06,commencing calculation of upgrade vector
06:15:09,0.0002035,forming JtQJ matrix
06:15:09,1.35e-05,commencing to scale JtQJ matrix- first SVD...
06:15:09,5.1e-06,starting REDSVD
06:15:09,9.2e-06,retrieving REDSVD components
06:15:09,6.2e-06,trimming REDSVD components to 1elements
06:15:09,5e-06,done REDSVD
06:15:09,7.4e-06,S info: rows = 1: cols = 1: size = 1: nonzeros = 1
06:15:09,4.6e-06,JS
06:15:09,6.2e-06,JS.transpose() * q_mat * JS + lambda * S.transpose() * S
06:15:09,1.21e-05,S info: rows = 1: cols = 1: size = 1: nonzeros = 1
06:15:09,4.8e-06,commencing SVD factorization of lambda-scaled JtQJ
06:15:09,4.6e-06,starting REDSVD
06:15:09,8.3e-06,retrieving REDSVD components
06:15:09,5.6e-06,trimming REDSVD components to 1elements
06:15:09,8.6e-06,done REDSVD
06:15:09,6.3e-06,SVD factorization complete
06:15:09,5.8e-05,commencing linear algebra multiplication to compute upgrade
06:15:09,5.8e-06,S info: rows = 1: cols = 1: size = 1: nonzeros = 1Vt info: rows = 1: cols = 1: size = 1: nonzeros = 1
06:15:09,5.7e-06,U info: rows = 1: cols = 1: size = 1: nonzeros = 1
06:15:09,5.7e-06,jac info: rows = 135: cols = 1: size = 135: nonzeros = 131
06:15:09,2.87e-05,linear algebra multiplication to compute upgrade complete
06:15:09,9.7e-06,commencing check of parameter bounds
06:15:09,6.2e-06,limiting out of bounds pars
06:15:09,8.2e-06,change limit/bound enforcement for lambda 10: , scaling factor: 1
06:15:09,5.1e-06,checking for denormal floating point values
06:15:09,5.2e-06,transforming upgrade pars to model pars
06:15:09,5e-06,writing upgrade vector to csv file
06:15:09,0.0004801,beginning upgrade vector calculations, lambda = 100
06:15:09,6.96e-05,commencing calculation of upgrade vector
06:15:09,0.0002397,forming JtQJ matrix
06:15:09,2.12e-05,commencing to scale JtQJ matrix- first SVD...
06:15:09,5.8e-06,starting REDSVD
06:15:09,1.19e-05,retrieving REDSVD components
06:15:09,7.1e-06,trimming REDSVD components to 3elements
06:15:09,5.9e-06,done REDSVD
06:15:09,9.5e-06,S info: rows = 3: cols = 3: size = 9: nonzeros = 3
06:15:09,4.7e-06,JS
06:15:09,8e-06,JS.transpose() * q_mat * JS + lambda * S.transpose() * S
06:15:09,1.91e-05,S info: rows = 3: cols = 3: size = 9: nonzeros = 3
06:15:09,5e-06,commencing SVD factorization of lambda-scaled JtQJ
06:15:09,4.8e-06,starting REDSVD
06:15:09,1.05e-05,retrieving REDSVD components
06:15:09,6.2e-06,trimming REDSVD components to 3elements
06:15:09,5.2e-06,done REDSVD
06:15:09,4.9e-06,SVD factorization complete
06:15:09,6.45e-05,commencing linear algebra multiplication to compute upgrade
06:15:09,6.2e-06,S info: rows = 3: cols = 3: size = 9: nonzeros = 3Vt info: rows = 3: cols = 3: size = 9: nonzeros = 9
06:15:09,5.7e-06,U info: rows = 3: cols = 3: size = 9: nonzeros = 9
06:15:09,5.7e-06,jac info: rows = 135: cols = 3: size = 405: nonzeros = 393
06:15:09,3.12e-05,linear algebra multiplication to compute upgrade complete
06:15:09,1.06e-05,commencing check of parameter bounds and gradients
06:15:09,6.7e-06,commencing calculation of upgrade vector
06:15:09,0.0002023,forming JtQJ matrix
06:15:09,1.76e-05,commencing to scale JtQJ matrix- first SVD...
06:15:09,5.1e-06,starting REDSVD
06:15:09,1.04e-05,retrieving REDSVD components
06:15:09,6.2e-06,trimming REDSVD components to 3elements
06:15:09,5.3e-06,done REDSVD
06:15:09,8.3e-06,S info: rows = 3: cols = 3: size = 9: nonzeros = 3
06:15:09,4.5e-06,JS
06:15:09,7.9e-06,JS.transpose() * q_mat * JS + lambda * S.transpose() * S
06:15:09,1.76e-05,S info: rows = 3: cols = 3: size = 9: nonzeros = 3
06:15:09,4.8e-06,commencing SVD factorization of lambda-scaled JtQJ
06:15:09,4.6e-06,starting REDSVD
06:15:09,9.5e-06,retrieving REDSVD components
06:15:09,6e-06,trimming REDSVD components to 3elements
06:15:09,5e-06,done REDSVD
06:15:09,4.6e-06,SVD factorization complete
06:15:09,6.81e-05,commencing linear algebra multiplication to compute upgrade
06:15:09,5.9e-06,S info: rows = 3: cols = 3: size = 9: nonzeros = 3Vt info: rows = 3: cols = 3: size = 9: nonzeros = 9
06:15:09,5.7e-06,U info: rows = 3: cols = 3: size = 9: nonzeros = 9
06:15:09,5.5e-06,jac info: rows = 135: cols = 3: size = 405: nonzeros = 393
06:15:09,3.06e-05,linear algebra multiplication to compute upgrade complete
06:15:09,9.8e-06,commencing check of parameter bounds
06:15:09,5.8e-06,limiting out of bounds pars
06:15:09,8.3e-06,change limit/bound enforcement for lambda 100: , scaling factor: 1
06:15:09,5e-06,checking for denormal floating point values
06:15:09,5e-06,transforming upgrade pars to model pars
06:15:09,5e-06,writing upgrade vector to csv file
06:15:09,0.0004563,beginning upgrade vector calculations, lambda = 1000
06:15:09,6.45e-05,commencing calculation of upgrade vector
06:15:09,0.0002149,forming JtQJ matrix
06:15:09,1.88e-05,commencing to scale JtQJ matrix- first SVD...
06:15:09,7.9e-06,starting REDSVD
06:15:09,1.25e-05,retrieving REDSVD components
06:15:09,6.8e-06,trimming REDSVD components to 3elements
06:15:09,5.6e-06,done REDSVD
06:15:09,8.8e-06,S info: rows = 3: cols = 3: size = 9: nonzeros = 3
06:15:09,4.6e-06,JS
06:15:09,7.9e-06,JS.transpose() * q_mat * JS + lambda * S.transpose() * S
06:15:09,1.75e-05,S info: rows = 3: cols = 3: size = 9: nonzeros = 3
06:15:09,4.7e-06,commencing SVD factorization of lambda-scaled JtQJ
06:15:09,4.6e-06,starting REDSVD
06:15:09,9.5e-06,retrieving REDSVD components
06:15:09,5.9e-06,trimming REDSVD components to 3elements
06:15:09,5e-06,done REDSVD
06:15:09,4.6e-06,SVD factorization complete
06:15:09,6.34e-05,commencing linear algebra multiplication to compute upgrade
06:15:09,5.9e-06,S info: rows = 3: cols = 3: size = 9: nonzeros = 3Vt info: rows = 3: cols = 3: size = 9: nonzeros = 9
06:15:09,5.7e-06,U info: rows = 3: cols = 3: size = 9: nonzeros = 9
06:15:09,5.6e-06,jac info: rows = 135: cols = 3: size = 405: nonzeros = 393
06:15:09,2.97e-05,linear algebra multiplication to compute upgrade complete
06:15:09,9.8e-06,commencing check of parameter bounds and gradients
06:15:09,6.6e-06,commencing calculation of upgrade vector
06:15:09,0.0001942,forming JtQJ matrix
06:15:09,1.75e-05,commencing to scale JtQJ matrix- first SVD...
06:15:09,5.2e-06,starting REDSVD
06:15:09,1.01e-05,retrieving REDSVD components
06:15:09,6.3e-06,trimming REDSVD components to 3elements
06:15:09,5.3e-06,done REDSVD
06:15:09,8.3e-06,S info: rows = 3: cols = 3: size = 9: nonzeros = 3
06:15:09,4.5e-06,JS
06:15:09,7.9e-06,JS.transpose() * q_mat * JS + lambda * S.transpose() * S
06:15:09,1.78e-05,S info: rows = 3: cols = 3: size = 9: nonzeros = 3
06:15:09,4.8e-06,commencing SVD factorization of lambda-scaled JtQJ
06:15:09,4.6e-06,starting REDSVD
06:15:09,9.5e-06,retrieving REDSVD components
06:15:09,5.9e-06,trimming REDSVD components to 3elements
06:15:09,5e-06,done REDSVD
06:15:09,4.7e-06,SVD factorization complete
06:15:09,6.18e-05,commencing linear algebra multiplication to compute upgrade
06:15:09,5.9e-06,S info: rows = 3: cols = 3: size = 9: nonzeros = 3Vt info: rows = 3: cols = 3: size = 9: nonzeros = 9
06:15:09,5.6e-06,U info: rows = 3: cols = 3: size = 9: nonzeros = 9
06:15:09,5.5e-06,jac info: rows = 135: cols = 3: size = 405: nonzeros = 393
06:15:09,2.93e-05,linear algebra multiplication to compute upgrade complete
06:15:09,9.7e-06,commencing check of parameter bounds
06:15:09,5.9e-06,limiting out of bounds pars
06:15:09,8.1e-06,change limit/bound enforcement for lambda 1000: , scaling factor: 1
06:15:09,4.7e-06,checking for denormal floating point values
06:15:09,4.9e-06,transforming upgrade pars to model pars
06:15:09,4.9e-06,writing upgrade vector to csv file
06:15:09,0.0012397,LinearAnalysis::glm_iter_fosm
06:15:09,7.86e-05,starting FOSM uncertainty analyses for iteration 2
06:15:09,0.0015374,loading obscov
06:15:09,4.03e-05,loading parcov
06:15:09,2.07e-05,set_predictions
06:15:09,3.27e-05,parameter fosm calcs
06:15:09,6e-06,LinearAnalysis::calc_posterior
06:15:09,5.1e-06,LinearAnalysis::align
06:15:09,0.0001161,LinearAnalysis::prior_prediction_variance()::invert obscov
06:15:09,8.9e-06,inverting diagonal matrix in place
06:15:09,1.1e-05,LinearAnalysis::calc_posterior() form JtQJ
06:15:09,3.5e-05,LinearAnalysis::calc_posterior() invert prior parcov
06:15:09,1.37e-05,LinearAnalysis::calc_posterior() form posterior parcov
06:15:09,7.5e-06,LinearAnalysis::calc_posterior() invert posterior parcov
06:15:09,4.8e-06,inverting non-diagonal matrix in place
06:29:14,845.703,completed iteration 3
06:29:14,0.016361,beginning iteration 4
06:29:14,0.0001157,commencing to build jacobian parameter sets
06:29:14,0.0027939,jacobian parameter sets built, commencing model runs
06:38:25,550.636,jacobian runs complete, processing runs
06:38:25,0.0016607,processing jacobian runs complete
06:38:25,1.9e-05,saving jacobian and sen files
06:38:25,0.0013849,commencing calculation of upgrade vector
06:38:25,0.0002862,forming JtQJ matrix
06:38:25,5.14e-05,commencing to scale JtQJ matrix- first SVD...
06:38:25,1.49e-05,starting REDSVD
06:38:25,2.91e-05,retrieving REDSVD components
06:38:25,1.67e-05,trimming REDSVD components to 5elements
06:38:25,1.4e-05,done REDSVD
06:38:25,2.18e-05,S info: rows = 5: cols = 5: size = 25: nonzeros = 5
06:38:25,1.16e-05,JS
06:38:25,1.86e-05,JS.transpose() * q_mat * JS + lambda * S.transpose() * S
06:38:25,5.09e-05,S info: rows = 5: cols = 5: size = 25: nonzeros = 5
06:38:25,1.38e-05,commencing SVD factorization of lambda-scaled JtQJ
06:38:25,1.09e-05,starting REDSVD
06:38:25,2.25e-05,retrieving REDSVD components
06:38:25,1.54e-05,trimming REDSVD components to 5elements
06:38:25,1.26e-05,done REDSVD
06:38:25,1.11e-05,SVD factorization complete
06:38:25,0.0001553,commencing linear algebra multiplication to compute upgrade
06:38:25,1.44e-05,S info: rows = 5: cols = 5: size = 25: nonzeros = 5Vt info: rows = 5: cols = 5: size = 25: nonzeros = 25
06:38:25,1.45e-05,U info: rows = 5: cols = 5: size = 25: nonzeros = 25
06:38:25,1.34e-05,jac info: rows = 135: cols = 5: size = 675: nonzeros = 655
06:38:25,5.65e-05,linear algebra multiplication to compute upgrade complete
06:38:25,4.6e-05,commencing check of parameter bounds and gradients
06:38:25,0.0012521,beginning upgrade vector calculations, lambda = 0.01
06:38:25,0.0011362,commencing calculation of upgrade vector
06:38:25,0.0004413,forming JtQJ matrix
06:38:25,6.89e-05,commencing to scale JtQJ matrix- first SVD...
06:38:25,1.59e-05,starting REDSVD
06:38:25,2.23e-05,retrieving REDSVD components
06:38:25,1.27e-05,trimming REDSVD components to 2elements
06:38:25,9.8e-06,done REDSVD
06:38:25,1.56e-05,S info: rows = 2: cols = 2: size = 4: nonzeros = 2
06:38:25,8.8e-06,JS
06:38:25,1.4e-05,JS.transpose() * q_mat * JS + lambda * S.transpose() * S
06:38:25,3.76e-05,S info: rows = 2: cols = 2: size = 4: nonzeros = 2
06:38:25,1.19e-05,commencing SVD factorization of lambda-scaled JtQJ
06:38:25,1.03e-05,starting REDSVD
06:38:25,1.67e-05,retrieving REDSVD components
06:38:25,1.13e-05,trimming REDSVD components to 2elements
06:38:25,8.9e-06,done REDSVD
06:38:25,7.3e-06,SVD factorization complete
06:38:25,9.47e-05,commencing linear algebra multiplication to compute upgrade
06:38:25,9.8e-06,S info: rows = 2: cols = 2: size = 4: nonzeros = 2Vt info: rows = 2: cols = 2: size = 4: nonzeros = 4
06:38:25,8.9e-06,U info: rows = 2: cols = 2: size = 4: nonzeros = 4
06:38:25,8.8e-06,jac info: rows = 135: cols = 2: size = 270: nonzeros = 262
06:38:25,4.57e-05,linear algebra multiplication to compute upgrade complete
06:38:25,2.72e-05,commencing check of parameter bounds and gradients
06:38:25,1.21e-05,commencing calculation of upgrade vector
06:38:25,0.0003714,forming JtQJ matrix
06:38:25,2.54e-05,commencing to scale JtQJ matrix- first SVD...
06:38:25,9.4e-06,starting REDSVD
06:38:25,1.41e-05,retrieving REDSVD components
06:38:25,1.03e-05,trimming REDSVD components to 1elements
06:38:25,8e-06,done REDSVD
06:38:25,1.21e-05,S info: rows = 1: cols = 1: size = 1: nonzeros = 1
06:38:25,6.9e-06,JS
06:38:25,9.4e-06,JS.transpose() * q_mat * JS + lambda * S.transpose() * S
06:38:25,1.82e-05,S info: rows = 1: cols = 1: size = 1: nonzeros = 1
06:38:25,7.1e-06,commencing SVD factorization of lambda-scaled JtQJ
06:38:25,6.9e-06,starting REDSVD
06:38:25,1.43e-05,retrieving REDSVD components
06:38:25,9.7e-06,trimming REDSVD components to 1elements
06:38:25,7.3e-06,done REDSVD
06:38:25,7e-06,SVD factorization complete
06:38:25,8.7e-05,commencing linear algebra multiplication to compute upgrade
06:38:25,9.9e-06,S info: rows = 1: cols = 1: size = 1: nonzeros = 1Vt info: rows = 1: cols = 1: size = 1: nonzeros = 1
06:38:25,1.02e-05,U info: rows = 1: cols = 1: size = 1: nonzeros = 1
06:38:25,9.6e-06,jac info: rows = 135: cols = 1: size = 135: nonzeros = 131
06:38:25,4.63e-05,linear algebra multiplication to compute upgrade complete
06:38:25,2.11e-05,commencing check of parameter bounds
06:38:25,1.3e-05,limiting out of bounds pars
06:38:25,2.97e-05,change limit/bound enforcement for lambda 0.01: , scaling factor: 1
06:38:25,1.22e-05,checking for denormal floating point values
06:38:25,1.07e-05,transforming upgrade pars to model pars
06:38:25,1.14e-05,writing upgrade vector to csv file
06:38:25,0.0009383,beginning upgrade vector calculations, lambda = 0.1
06:38:25,0.0001262,commencing calculation of upgrade vector
06:38:25,0.0004113,forming JtQJ matrix
06:38:25,3.33e-05,commencing to scale JtQJ matrix- first SVD...
06:38:25,1.37e-05,starting REDSVD
06:38:25,2.19e-05,retrieving REDSVD components
06:38:25,1.52e-05,trimming REDSVD components to 2elements
06:38:25,1.25e-05,done REDSVD
06:38:25,1.76e-05,S info: rows = 2: cols = 2: size = 4: nonzeros = 2
06:38:25,1.15e-05,JS
06:38:25,1.45e-05,JS.transpose() * q_mat * JS + lambda * S.transpose() * S
06:38:25,2.97e-05,S info: rows = 2: cols = 2: size = 4: nonzeros = 2
06:38:25,1.24e-05,commencing SVD factorization of lambda-scaled JtQJ
06:38:25,1.11e-05,starting REDSVD
06:38:25,1.73e-05,retrieving REDSVD components
06:38:25,1.4e-05,trimming REDSVD components to 2elements
06:38:25,1.23e-05,done REDSVD
06:38:25,1.09e-05,SVD factorization complete
06:38:25,0.00013,commencing linear algebra multiplication to compute upgrade
06:38:25,1.47e-05,S info: rows = 2: cols = 2: size = 4: nonzeros = 2Vt info: rows = 2: cols = 2: size = 4: nonzeros = 4
06:38:25,1.39e-05,U info: rows = 2: cols = 2: size = 4: nonzeros = 4
06:38:25,1.34e-05,jac info: rows = 135: cols = 2: size = 270: nonzeros = 262
06:38:25,5.19e-05,linear algebra multiplication to compute upgrade complete
06:38:25,2.14e-05,commencing check of parameter bounds and gradients
06:38:25,1.58e-05,commencing calculation of upgrade vector
06:38:25,0.000352,forming JtQJ matrix
06:38:25,2.66e-05,commencing to scale JtQJ matrix- first SVD...
06:38:25,1.42e-05,starting REDSVD
06:38:25,1.84e-05,retrieving REDSVD components
06:38:25,1.56e-05,trimming REDSVD components to 1elements
06:38:25,1.2e-05,done REDSVD
06:38:25,1.65e-05,S info: rows = 1: cols = 1: size = 1: nonzeros = 1
06:38:25,1.09e-05,JS
06:38:25,1.37e-05,JS.transpose() * q_mat * JS + lambda * S.transpose() * S
06:38:25,2.51e-05,S info: rows = 1: cols = 1: size = 1: nonzeros = 1
06:38:25,1.18e-05,commencing SVD factorization of lambda-scaled JtQJ
06:38:25,1.04e-05,starting REDSVD
06:38:25,1.58e-05,retrieving REDSVD components
06:38:25,1.36e-05,trimming REDSVD components to 1elements
06:38:25,1.13e-05,done REDSVD
06:38:25,1.06e-05,SVD factorization complete
06:38:25,0.0001204,commencing linear algebra multiplication to compute upgrade
06:38:25,1.44e-05,S info: rows = 1: cols = 1: size = 1: nonzeros = 1Vt info: rows = 1: cols = 1: size = 1: nonzeros = 1
06:38:25,1.34e-05,U info: rows = 1: cols = 1: size = 1: nonzeros = 1
06:38:25,1.32e-05,jac info: rows = 135: cols = 1: size = 135: nonzeros = 131
06:38:25,4.92e-05,linear algebra multiplication to compute upgrade complete
06:38:25,5.21e-05,commencing check of parameter bounds
06:38:25,2.46e-05,limiting out of bounds pars
06:38:25,1.92e-05,change limit/bound enforcement for lambda 0.1: , scaling factor: 1
06:38:25,9.8e-06,checking for denormal floating point values
06:38:25,8.8e-06,transforming upgrade pars to model pars
06:38:25,8.5e-06,writing upgrade vector to csv file
06:38:25,0.0007091,beginning upgrade vector calculations, lambda = 1
06:38:25,0.0001217,commencing calculation of upgrade vector
06:38:25,0.0002993,forming JtQJ matrix
06:38:25,2.84e-05,commencing to scale JtQJ matrix- first SVD...
06:38:25,9.3e-06,starting REDSVD
06:38:25,1.54e-05,retrieving REDSVD components
06:38:25,9.7e-06,trimming REDSVD components to 2elements
06:38:25,7.7e-06,done REDSVD
06:38:25,1.27e-05,S info: rows = 2: cols = 2: size = 4: nonzeros = 2
06:38:25,6.7e-06,JS
06:38:25,1.03e-05,JS.transpose() * q_mat * JS + lambda * S.transpose() * S
06:38:25,2.09e-05,S info: rows = 2: cols = 2: size = 4: nonzeros = 2
06:38:25,7.1e-06,commencing SVD factorization of lambda-scaled JtQJ
06:38:25,6.9e-06,starting REDSVD
06:38:25,6.15e-05,retrieving REDSVD components
06:38:25,1.47e-05,trimming REDSVD components to 2elements
06:38:25,8.3e-06,done REDSVD
06:38:25,7e-06,SVD factorization complete
06:38:25,9.45e-05,commencing linear algebra multiplication to compute upgrade
06:38:25,9.9e-06,S info: rows = 2: cols = 2: size = 4: nonzeros = 2Vt info: rows = 2: cols = 2: size = 4: nonzeros = 4
06:38:25,8.8e-06,U info: rows = 2: cols = 2: size = 4: nonzeros = 4
06:38:25,8.6e-06,jac info: rows = 135: cols = 2: size = 270: nonzeros = 262
06:38:25,4.2e-05,linear algebra multiplication to compute upgrade complete
06:38:25,1.62e-05,commencing check of parameter bounds and gradients
06:38:25,1.02e-05,commencing calculation of upgrade vector
06:38:25,0.0003129,forming JtQJ matrix
06:38:25,2.54e-05,commencing to scale JtQJ matrix- first SVD...
06:38:25,1.04e-05,starting REDSVD
06:38:25,1.36e-05,retrieving REDSVD components
06:38:25,1.01e-05,trimming REDSVD components to 1elements
06:38:25,7.9e-06,done REDSVD
06:38:25,1.15e-05,S info: rows = 1: cols = 1: size = 1: nonzeros = 1
06:38:25,6.6e-06,JS
06:38:25,9.1e-06,JS.transpose() * q_mat * JS + lambda * S.transpose() * S
06:38:25,1.99e-05,S info: rows = 1: cols = 1: size = 1: nonzeros = 1
06:38:25,7.9e-06,commencing SVD factorization of lambda-scaled JtQJ
06:38:25,7.7e-06,starting REDSVD
06:38:25,1.26e-05,retrieving REDSVD components
06:38:25,1.13e-05,trimming REDSVD components to 1elements
06:38:25,9.2e-06,done REDSVD
06:38:25,7.2e-06,SVD factorization complete
06:38:25,9.13e-05,commencing linear algebra multiplication to compute upgrade
06:38:25,1.05e-05,S info: rows = 1: cols = 1: size = 1: nonzeros = 1Vt info: rows = 1: cols = 1: size = 1: nonzeros = 1
06:38:25,9.8e-06,U info: rows = 1: cols = 1: size = 1: nonzeros = 1
06:38:25,8.9e-06,jac info: rows = 135: cols = 1: size = 135: nonzeros = 131
06:38:25,3.95e-05,linear algebra multiplication to compute upgrade complete
06:38:25,1.45e-05,commencing check of parameter bounds
06:38:25,9e-06,limiting out of bounds pars
06:38:25,1.12e-05,change limit/bound enforcement for lambda 1: , scaling factor: 1
06:38:25,7.6e-06,checking for denormal floating point values
06:38:25,7.6e-06,transforming upgrade pars to model pars
06:38:25,7.6e-06,writing upgrade vector to csv file
06:38:25,0.0009269,beginning upgrade vector calculations, lambda = 10
06:38:25,0.0001159,commencing calculation of upgrade vector
06:38:25,0.0002628,forming JtQJ matrix
06:38:25,2.22e-05,commencing to scale JtQJ matrix- first SVD...
06:38:25,7.2e-06,starting REDSVD
06:38:25,1.37e-05,retrieving REDSVD components
06:38:25,8.5e-06,trimming REDSVD components to 2elements
06:38:25,6.8e-06,done REDSVD
06:38:25,1.05e-05,S info: rows = 2: cols = 2: size = 4: nonzeros = 2
06:38:25,5.8e-06,JS
06:38:25,8.7e-06,JS.transpose() * q_mat * JS + lambda * S.transpose() * S
06:38:25,1.98e-05,S info: rows = 2: cols = 2: size = 4: nonzeros = 2
06:38:25,6.3e-06,commencing SVD factorization of lambda-scaled JtQJ
06:38:25,5.7e-06,starting REDSVD
06:38:25,1.11e-05,retrieving REDSVD components
06:38:25,7.6e-06,trimming REDSVD components to 2elements
06:38:25,6.3e-06,done REDSVD
06:38:25,5.8e-06,SVD factorization complete
06:38:25,7.68e-05,commencing linear algebra multiplication to compute upgrade
06:38:25,7.9e-06,S info: rows = 2: cols = 2: size = 4: nonzeros = 2Vt info: rows = 2: cols = 2: size = 4: nonzeros = 4
06:38:25,7.3e-06,U info: rows = 2: cols = 2: size = 4: nonzeros = 4
06:38:25,7.2e-06,jac info: rows = 135: cols = 2: size = 270: nonzeros = 262
06:38:25,3.85e-05,linear algebra multiplication to compute upgrade complete
06:38:25,1.29e-05,commencing check of parameter bounds and gradients
06:38:25,8.6e-06,commencing calculation of upgrade vector
06:38:25,0.0002715,forming JtQJ matrix
06:38:25,1.74e-05,commencing to scale JtQJ matrix- first SVD...
06:38:25,7e-06,starting REDSVD
06:38:25,1.22e-05,retrieving REDSVD components
06:38:25,8.4e-06,trimming REDSVD components to 1elements
06:38:25,6.4e-06,done REDSVD
06:38:25,9.6e-06,S info: rows = 1: cols = 1: size = 1: nonzeros = 1
06:38:25,9.4e-06,JS
06:38:25,9.5e-06,JS.transpose() * q_mat * JS + lambda * S.transpose() * S
06:38:25,1.6e-05,S info: rows = 1: cols = 1: size = 1: nonzeros = 1
06:38:25,6.2e-06,commencing SVD factorization of lambda-scaled JtQJ
06:38:25,5.8e-06,starting REDSVD
06:38:25,1.06e-05,retrieving REDSVD components
06:38:25,7.4e-06,trimming REDSVD components to 1elements
06:38:25,6.1e-06,done REDSVD
06:38:25,5.7e-06,SVD factorization complete
06:38:25,7.25e-05,commencing linear algebra multiplication to compute upgrade
06:38:25,7.5e-06,S info: rows = 1: cols = 1: size = 1: nonzeros = 1Vt info: rows = 1: cols = 1: size = 1: nonzeros = 1
06:38:25,7.1e-06,U info: rows = 1: cols = 1: size = 1: nonzeros = 1
06:38:25,1.2e-05,jac info: rows = 135: cols = 1: size = 135: nonzeros = 131
06:38:25,5.5e-05,linear algebra multiplication to compute upgrade complete
06:38:25,2.26e-05,commencing check of parameter bounds
06:38:25,1.43e-05,limiting out of bounds pars
06:38:25,1.77e-05,change limit/bound enforcement for lambda 10: , scaling factor: 1
06:38:25,1.12e-05,checking for denormal floating point values
06:38:25,1.12e-05,transforming upgrade pars to model pars
06:38:25,1.1e-05,writing upgrade vector to csv file
06:38:25,0.000811,beginning upgrade vector calculations, lambda = 100
06:38:25,9.64e-05,commencing calculation of upgrade vector
06:38:25,0.0003729,forming JtQJ matrix
06:38:25,2.94e-05,commencing to scale JtQJ matrix- first SVD...
06:38:25,7.3e-06,starting REDSVD
06:38:25,1.11e-05,retrieving REDSVD components
06:38:25,6.9e-06,trimming REDSVD components to 2elements
06:38:25,5.5e-06,done REDSVD
06:38:25,8.4e-06,S info: rows = 2: cols = 2: size = 4: nonzeros = 2
06:38:25,4.6e-06,JS
06:38:25,7.5e-06,JS.transpose() * q_mat * JS + lambda * S.transpose() * S
06:38:25,1.52e-05,S info: rows = 2: cols = 2: size = 4: nonzeros = 2
06:38:25,4.8e-06,commencing SVD factorization of lambda-scaled JtQJ
06:38:25,4.5e-06,starting REDSVD
06:38:25,8.9e-06,retrieving REDSVD components
06:38:25,5.8e-06,trimming REDSVD components to 2elements
06:38:25,5e-06,done REDSVD
06:38:25,4.8e-06,SVD factorization complete
06:38:25,8.69e-05,commencing linear algebra multiplication to compute upgrade
06:38:25,8e-06,S info: rows = 2: cols = 2: size = 4: nonzeros = 2Vt info: rows = 2: cols = 2: size = 4: nonzeros = 4
06:38:25,6.6e-06,U info: rows = 2: cols = 2: size = 4: nonzeros = 4
06:38:25,5.9e-06,jac info: rows = 135: cols = 2: size = 270: nonzeros = 262
06:38:25,2.98e-05,linear algebra multiplication to compute upgrade complete
06:38:25,1.08e-05,commencing check of parameter bounds and gradients
06:38:25,7.1e-06,commencing calculation of upgrade vector
06:38:25,0.0003243,forming JtQJ matrix
06:38:25,2.72e-05,commencing to scale JtQJ matrix- first SVD...
06:38:25,1.4e-05,starting REDSVD
06:38:25,1.86e-05,retrieving REDSVD components
06:38:25,1.58e-05,trimming REDSVD components to 1elements
06:38:25,1.2e-05,done REDSVD
06:38:25,1.68e-05,S info: rows = 1: cols = 1: size = 1: nonzeros = 1
06:38:25,1.12e-05,JS
06:38:25,1.31e-05,JS.transpose() * q_mat * JS + lambda * S.transpose() * S
06:38:25,2.46e-05,S info: rows = 1: cols = 1: size = 1: nonzeros = 1
06:38:25,1.22e-05,commencing SVD factorization of lambda-scaled JtQJ
06:38:25,1.04e-05,starting REDSVD
06:38:25,1.6e-05,retrieving REDSVD components
06:38:25,1.36e-05,trimming REDSVD components to 1elements
06:38:25,1.14e-05,done REDSVD
06:38:25,1.08e-05,SVD factorization complete
06:38:25,0.0001194,commencing linear algebra multiplication to compute upgrade
06:38:25,1.44e-05,S info: rows = 1: cols = 1: size = 1: nonzeros = 1Vt info: rows = 1: cols = 1: size = 1: nonzeros = 1
06:38:25,1.37e-05,U info: rows = 1: cols = 1: size = 1: nonzeros = 1
06:38:25,1.33e-05,jac info: rows = 135: cols = 1: size = 135: nonzeros = 131
06:38:25,4.57e-05,linear algebra multiplication to compute upgrade complete
06:38:25,2.09e-05,commencing check of parameter bounds
06:38:25,1.41e-05,limiting out of bounds pars
06:38:25,1.73e-05,change limit/bound enforcement for lambda 100: , scaling factor: 1
06:38:25,1.61e-05,checking for denormal floating point values
06:38:25,1.37e-05,transforming upgrade pars to model pars
06:38:25,1.24e-05,writing upgrade vector to csv file
06:38:25,0.0006842,beginning upgrade vector calculations, lambda = 1000
06:38:25,9.01e-05,commencing calculation of upgrade vector
06:38:25,0.0003719,forming JtQJ matrix
06:38:25,6.1e-05,commencing to scale JtQJ matrix- first SVD...
06:38:25,1.79e-05,starting REDSVD
06:38:25,2.27e-05,retrieving REDSVD components
06:38:25,1.86e-05,trimming REDSVD components to 2elements
06:38:25,1.57e-05,done REDSVD
06:38:25,2.11e-05,S info: rows = 2: cols = 2: size = 4: nonzeros = 2
06:38:25,1.36e-05,JS
06:38:25,1.86e-05,JS.transpose() * q_mat * JS + lambda * S.transpose() * S
06:38:25,3.55e-05,S info: rows = 2: cols = 2: size = 4: nonzeros = 2
06:38:25,1.45e-05,commencing SVD factorization of lambda-scaled JtQJ
06:38:25,1.32e-05,starting REDSVD
06:38:25,2.08e-05,retrieving REDSVD components
06:38:25,1.75e-05,trimming REDSVD components to 2elements
06:38:25,1.5e-05,done REDSVD
06:38:25,1.34e-05,SVD factorization complete
06:38:25,0.0001347,commencing linear algebra multiplication to compute upgrade
06:38:25,1.42e-05,S info: rows = 2: cols = 2: size = 4: nonzeros = 2Vt info: rows = 2: cols = 2: size = 4: nonzeros = 4
06:38:25,1.38e-05,U info: rows = 2: cols = 2: size = 4: nonzeros = 4
06:38:25,1.33e-05,jac info: rows = 135: cols = 2: size = 270: nonzeros = 262
06:38:25,6.52e-05,linear algebra multiplication to compute upgrade complete
06:38:25,2.27e-05,commencing check of parameter bounds and gradients
06:38:25,1.52e-05,commencing calculation of upgrade vector
06:38:25,0.0003616,forming JtQJ matrix
06:38:25,2.65e-05,commencing to scale JtQJ matrix- first SVD...
06:38:25,1.39e-05,starting REDSVD
06:38:25,1.84e-05,retrieving REDSVD components
06:38:25,1.6e-05,trimming REDSVD components to 1elements
06:38:25,1.23e-05,done REDSVD
06:38:25,1.66e-05,S info: rows = 1: cols = 1: size = 1: nonzeros = 1
06:38:25,1.14e-05,JS
06:38:25,1.36e-05,JS.transpose() * q_mat * JS + lambda * S.transpose() * S
06:38:25,2.46e-05,S info: rows = 1: cols = 1: size = 1: nonzeros = 1
06:38:25,1.17e-05,commencing SVD factorization of lambda-scaled JtQJ
06:38:25,1.07e-05,starting REDSVD
06:38:25,1.61e-05,retrieving REDSVD components
06:38:25,1.33e-05,trimming REDSVD components to 1elements
06:38:25,1.17e-05,done REDSVD
06:38:25,1.12e-05,SVD factorization complete
06:38:25,0.0001204,commencing linear algebra multiplication to compute upgrade
06:38:25,1.37e-05,S info: rows = 1: cols = 1: size = 1: nonzeros = 1Vt info: rows = 1: cols = 1: size = 1: nonzeros = 1
06:38:25,1.31e-05,U info: rows = 1: cols = 1: size = 1: nonzeros = 1
06:38:25,1.31e-05,jac info: rows = 135: cols = 1: size = 135: nonzeros = 131
06:38:25,5.76e-05,linear algebra multiplication to compute upgrade complete
06:38:25,2.25e-05,commencing check of parameter bounds
06:38:25,1.41e-05,limiting out of bounds pars
06:38:25,1.68e-05,change limit/bound enforcement for lambda 1000: , scaling factor: 1
06:38:25,1.14e-05,checking for denormal floating point values
06:38:25,1.09e-05,transforming upgrade pars to model pars
06:38:25,1.12e-05,writing upgrade vector to csv file
06:38:25,0.0012931,LinearAnalysis::glm_iter_fosm
06:38:25,0.0001197,starting FOSM uncertainty analyses for iteration 3
06:38:25,0.002661,loading obscov
06:38:25,5.03e-05,loading parcov
06:38:25,2.68e-05,set_predictions
06:38:25,3.65e-05,parameter fosm calcs
06:38:25,6.4e-06,LinearAnalysis::calc_posterior
06:38:25,5.4e-06,LinearAnalysis::align
06:38:25,0.0001603,LinearAnalysis::prior_prediction_variance()::invert obscov
06:38:25,1.46e-05,inverting diagonal matrix in place
06:38:25,1.78e-05,LinearAnalysis::calc_posterior() form JtQJ
06:38:25,5e-05,LinearAnalysis::calc_posterior() invert prior parcov
06:38:25,2.05e-05,LinearAnalysis::calc_posterior() form posterior parcov
06:38:25,1.26e-05,LinearAnalysis::calc_posterior() invert posterior parcov
06:38:25,8.2e-06,inverting non-diagonal matrix in place
06:56:29,1084.41,completed iteration 4
06:56:30,0.0217252,FOSM-based posterior unc calcs
06:56:30,0.0003556,starting FOSM uncertainty analyses for iteration -999
06:56:30,0.0021843,loading obscov
06:56:30,4.88e-05,loading parcov
06:56:30,0.0004148,set_predictions
06:56:30,0.0003219,parameter fosm calcs
06:56:30,2.17e-05,LinearAnalysis::calc_posterior
06:56:30,1.05e-05,LinearAnalysis::align
06:56:30,0.0003553,LinearAnalysis::prior_prediction_variance()::invert obscov
06:56:30,2.16e-05,inverting diagonal matrix in place
06:56:30,2.19e-05,LinearAnalysis::calc_posterior() form JtQJ
06:56:30,7.88e-05,LinearAnalysis::calc_posterior() invert prior parcov
06:56:30,3.46e-05,LinearAnalysis::calc_posterior() form posterior parcov
06:56:30,1.53e-05,LinearAnalysis::calc_posterior() invert posterior parcov
06:56:30,8.8e-06,inverting non-diagonal matrix in place
